2011-05-30-15:06:55: 134 151
2011-05-30-15:06:55: 134 151
2011-05-30-15:06:56: 134 151
2011-05-30-15:06:57: 134 151
2011-05-30-15:06:58: 133 151
2011-05-30-15:06:59: 133 151
2011-05-30-15:07:00: 133 151
2011-05-30-15:07:01: 134 151
2011-05-30-15:07:06: 134 151
2011-05-30-15:07:06: 133 151
2011-05-30-15:07:06: 134 151
2011-05-30-15:07:06: 133 151
2011-05-30-15:07:06: 133 151
2011-05-30-15:07:07: 133 151
2011-05-30-15:07:08: 133 151
2011-05-30-15:07:09: 134 151
2011-05-30-15:07:10: 133 151
2011-05-30-15:07:11: 134 151
2011-05-30-15:07:12: 133 151
2011-05-30-15:07:13: 133 151
2011-05-30-15:07:14: 133 151
2011-05-30-15:07:15: 134 151
2011-05-30-15:07:16: 133 151
2011-05-30-15:07:17: 133 151
2011-05-30-15:07:18: 133 151
2011-05-30-15:07:19: 133 151
2011-05-30-15:07:20: 134 151
2011-05-30-15:07:21: 133 151
2011-05-30-15:07:22: 133 151
2011-05-30-15:07:23: 133 151
2011-05-30-15:07:24: 133 151
2011-05-30-15:07:25: 133 151
2011-05-30-15:07:26: 133 151
2011-05-30-15:07:27: 134 151
2011-05-30-15:07:28: 133 151
2011-05-30-15:07:29: 133 151
2011-05-30-15:07:30: 134 151
2011-05-30-15:07:31: 133 151
2011-05-30-15:07:32: 133 151
2011-05-30-15:07:33: 133 151
2011-05-30-15:07:34: 133 151
2011-05-30-15:07:35: 133 151
2011-05-30-15:07:36: 133 151
2011-05-30-15:07:37: 133 151
2011-05-30-15:07:38: 133 151
2011-05-30-15:07:39: 133 151
2011-05-30-15:07:40: 133 151
2011-05-30-15:07:41: 133 151
2011-05-30-15:07:42: 133 151
2011-05-30-15:07:43: 133 151
2011-05-30-15:07:44: 133 151
2011-05-30-15:07:45: 133 151
2011-05-30-15:07:46: 133 151
2011-05-30-15:07:50: 133 151
2011-05-30-15:07:50: 133 151
2011-05-30-15:07:50: 133 151
2011-05-30-15:07:51: 133 151
2011-05-30-15:07:51: 133 151
2011-05-30-15:07:52: 133 151
2011-05-30-15:07:53: 133 151
2011-05-30-15:07:54: 133 151
2011-05-30-15:07:55: 133 151
2011-05-30-15:07:56: 133 151
2011-05-30-15:07:57: 133 151
2011-05-30-15:07:58: 133 151
2011-05-30-15:07:59: 133 151
2011-05-30-15:08:00: 133 150
2011-05-30-15:08:01: 133 150
2011-05-30-15:08:02: 133 145
2011-05-30-15:08:03: 133 150
2011-05-30-15:08:04: 133 145
2011-05-30-15:08:05: 133 150
2011-05-30-15:08:06: 133 145
2011-05-30-15:08:07: 133 149
2011-05-30-15:08:08: 132 143
2011-05-30-15:08:09: 133 149
2011-05-30-15:08:10: 133 145
2011-05-30-15:08:11: 133 149
2011-05-30-15:08:12: 133 145
2011-05-30-15:08:13: 133 148
2011-05-30-15:08:14: 133 143
2011-05-30-15:08:15: 133 148
2011-05-30-15:08:16: 133 154
2011-05-30-15:08:17: 133 149
2011-05-30-15:08:18: 133 144
2011-05-30-15:08:19: 133 148
2011-05-30-15:08:20: 133 155
2011-05-30-15:08:21: 133 149
2011-05-30-15:08:22: 133 150
2011-05-30-15:08:23: 133 150
2011-05-30-15:08:24: 133 150
2011-05-30-15:08:25: 133 149
2011-05-30-15:08:26: 133 149
2011-05-30-15:08:27: 133 149
2011-05-30-15:08:28: 133 149
2011-05-30-15:08:29: 133 149
2011-05-30-15:08:30: 133 149
2011-05-30-15:08:31: 133 149
2011-05-30-15:08:35: 133 149
2011-05-30-15:08:35: 133 147
2011-05-30-15:08:35: 133 149
2011-05-30-15:08:35: 133 146
2011-05-30-15:08:36: 133 149
2011-05-30-15:08:37: 133 146
2011-05-30-15:08:37: 133 149
2011-05-30-15:08:38: 133 148
2011-05-30-15:08:39: 133 149
2011-05-30-15:08:40: 133 148
2011-05-30-15:08:41: 133 150
2011-05-30-15:08:42: 133 149
2011-05-30-15:08:43: 133 150
2011-05-30-15:08:44: 133 149
2011-05-30-15:08:45: 133 150
2011-05-30-15:08:46: 133 152
2011-05-30-15:08:47: 133 150
2011-05-30-15:08:48: 133 150
2011-05-30-15:08:49: 133 150
2011-05-30-15:08:50: 133 150
2011-05-30-15:08:51: 133 150
2011-05-30-15:08:52: 133 150
2011-05-30-15:08:53: 133 150
2011-05-30-15:08:54: 133 150
2011-05-30-15:08:55: 133 150
2011-05-30-15:08:56: 133 150
2011-05-30-15:08:57: 133 149
2011-05-30-15:08:58: 133 150
2011-05-30-15:08:59: 133 150
2011-05-30-15:09:00: 133 150
2011-05-30-15:09:01: 133 149
2011-05-30-15:09:02: 133 150
2011-05-30-15:09:03: 133 150
2011-05-30-15:09:04: 133 150
2011-05-30-15:09:05: 133 136
2011-05-30-15:09:06: 133 150
2011-05-30-15:09:07: 133 147
2011-05-30-15:09:08: 133 150
2011-05-30-15:09:09: 133 148
2011-05-30-15:09:10: 133 149
2011-05-30-15:09:11: 133 148
2011-05-30-15:09:12: 133 149
2011-05-30-15:09:13: 133 148
2011-05-30-15:09:14: 133 150
2011-05-30-15:09:15: 133 148
2011-05-30-15:09:16: 133 150
2011-05-30-15:09:17: 133 148
2011-05-30-15:09:18: 133 149
2011-05-30-15:09:19: 133 152
2011-05-30-15:09:20: 133 150
2011-05-30-15:09:21: 133 150
2011-05-30-15:09:22: 133 150
2011-05-30-15:09:23: 133 150
2011-05-30-15:09:24: 133 150
2011-05-30-15:09:25: 133 150
2011-05-30-15:09:26: 133 150
2011-05-30-15:09:27: 133 150
2011-05-30-15:09:28: 133 149
2011-05-30-15:09:28: 133 150
2011-05-30-15:09:29: 133 150
2011-05-30-15:09:30: 133 147
2011-05-30-15:09:31: 133 149
2011-05-30-15:09:32: 133 147
2011-05-30-15:09:33: 133 149
2011-05-30-15:09:34: 133 148
2011-05-30-15:09:35: 133 150
2011-05-30-15:09:36: 133 148
2011-05-30-15:09:37: 133 149
2011-05-30-15:09:38: 133 148
2011-05-30-15:09:39: 133 149
2011-05-30-15:09:40: 133 148
2011-05-30-15:09:41: 133 149
2011-05-30-15:09:42: 133 149
2011-05-30-15:09:43: 133 149
2011-05-30-15:09:44: 133 150
2011-05-30-15:09:45: 133 149
2011-05-30-15:09:46: 133 150
2011-05-30-15:09:47: 133 149
2011-05-30-15:09:48: 133 150
2011-05-30-15:09:49: 133 149
2011-05-30-15:09:50: 133 150
2011-05-30-15:09:51: 133 150
2011-05-30-15:09:52: 133 150
2011-05-30-15:09:53: 133 149
2011-05-30-15:09:54: 133 150
2011-05-30-15:09:55: 133 150
2011-05-30-15:09:56: 133 150
2011-05-30-15:09:57: 133 149
2011-05-30-15:09:58: 133 149
2011-05-30-15:09:59: 133 149
2011-05-30-15:10:00: 133 149
2011-05-30-15:10:01: 133 149
2011-05-30-15:10:02: 133 149
2011-05-30-15:10:03: 133 149
2011-05-30-15:10:04: 133 149
2011-05-30-15:10:05: 133 149
2011-05-30-15:10:06: 133 149
2011-05-30-15:10:07: 133 148
2011-05-30-15:10:08: 132 149
2011-05-30-15:10:09: 133 148
2011-05-30-15:10:10: 133 149
2011-05-30-15:10:11: 133 148
2011-05-30-15:10:12: 133 149
2011-05-30-15:10:13: 133 148
2011-05-30-15:10:14: 133 149
2011-05-30-15:10:15: 133 152
2011-05-30-15:10:16: 133 149
2011-05-30-15:10:17: 132 150
2011-05-30-15:10:18: 133 149
2011-05-30-15:10:19: 132 150
2011-05-30-15:10:19: 133 149
2011-05-30-15:10:20: 133 150
2011-05-30-15:10:21: 133 149
2011-05-30-15:10:22: 132 150
2011-05-30-15:10:23: 133 149
2011-05-30-15:10:24: 132 149
2011-05-30-15:10:25: 133 149
2011-05-30-15:10:26: 132 149
2011-05-30-15:10:27: 133 149
2011-05-30-15:10:28: 132 149
2011-05-30-15:10:29: 132 149
2011-05-30-15:10:30: 133 149
2011-05-30-15:10:31: 133 149
2011-05-30-15:10:32: 133 149
2011-05-30-15:10:33: 133 148
2011-05-30-15:10:34: 133 149
2011-05-30-15:10:35: 133 149
2011-05-30-15:10:36: 133 149
2011-05-30-15:10:37: 132 148
2011-05-30-15:10:38: 132 149
2011-05-30-15:10:39: 132 148
2011-05-30-15:10:40: 133 149
2011-05-30-15:10:41: 132 153
2011-05-30-15:10:42: 132 149
2011-05-30-15:10:43: 132 164
2011-05-30-15:10:44: 132 148
2011-05-30-15:10:45: 132 145
2011-05-30-15:10:46: 132 148
2011-05-30-15:10:47: 132 144
2011-05-30-15:10:48: 132 148
2011-05-30-15:10:49: 132 160
2011-05-30-15:10:50: 132 148
2011-05-30-15:10:51: 132 153
2011-05-30-15:10:52: 132 148
2011-05-30-15:10:53: 132 150
2011-05-30-15:10:54: 132 148
2011-05-30-15:10:55: 132 149
2011-05-30-15:10:56: 132 148
2011-05-30-15:10:57: 132 148
2011-05-30-15:10:58: 132 148
2011-05-30-15:10:59: 132 148
2011-05-30-15:11:00: 132 148
2011-05-30-15:11:01: 132 148
2011-05-30-15:11:02: 132 129
2011-05-30-15:11:03: 132 148
2011-05-30-15:11:04: 132 144
2011-05-30-15:11:05: 133 148
2011-05-30-15:11:06: 132 144
2011-05-30-15:11:07: 132 148
2011-05-30-15:11:08: 132 144
2011-05-30-15:11:09: 132 148
2011-05-30-15:11:10: 132 145
2011-05-30-15:11:11: 132 148
2011-05-30-15:11:12: 132 144
2011-05-30-15:11:13: 132 148
2011-05-30-15:11:14: 132 145
2011-05-30-15:11:15: 132 148
2011-05-30-15:11:16: 132 144
2011-05-30-15:11:17: 132 148
2011-05-30-15:11:18: 132 144
2011-05-30-15:11:19: 133 148
2011-05-30-15:11:20: 132 144
2011-05-30-15:11:21: 132 148
2011-05-30-15:11:22: 132 152
2011-05-30-15:11:23: 132 148
2011-05-30-15:11:24: 132 150
2011-05-30-15:11:25: 132 148
2011-05-30-15:11:26: 132 148
2011-05-30-15:11:27: 132 148
2011-05-30-15:11:28: 132 148
2011-05-30-15:11:29: 132 147
2011-05-30-15:11:30: 132 148
2011-05-30-15:11:31: 132 148
2011-05-30-15:11:32: 132 148
2011-05-30-15:11:33: 132 148
2011-05-30-15:11:34: 132 148
2011-05-30-15:11:35: 132 148
2011-05-30-15:11:36: 132 148
2011-05-30-15:11:37: 132 148
2011-05-30-15:11:38: 132 148
2011-05-30-15:11:39: 132 149
2011-05-30-15:11:40: 132 148
2011-05-30-15:11:41: 132 142
2011-05-30-15:11:42: 132 147
2011-05-30-15:11:43: 132 144
2011-05-30-15:11:44: 132 147
2011-05-30-15:11:45: 132 144
2011-05-30-15:11:46: 132 147
2011-05-30-15:11:47: 132 144
2011-05-30-15:11:48: 132 147
2011-05-30-15:11:49: 132 144
2011-05-30-15:11:50: 132 147
2011-05-30-15:11:51: 132 143
2011-05-30-15:11:52: 132 147
2011-05-30-15:11:53: 132 143
2011-05-30-15:11:54: 132 147
2011-05-30-15:11:55: 132 151
2011-05-30-15:11:56: 132 147
2011-05-30-15:11:57: 132 149
2011-05-30-15:11:58: 132 147
2011-05-30-15:11:59: 132 148
2011-05-30-15:12:00: 132 147
2011-05-30-15:12:01: 132 147
2011-05-30-15:12:02: 132 147
2011-05-30-15:12:02: 132 147
2011-05-30-15:12:03: 132 147
2011-05-30-15:12:04: 132 147
2011-05-30-15:12:05: 132 147
2011-05-30-15:12:06: 132 147
2011-05-30-15:12:07: 132 143
2011-05-30-15:12:08: 132 147
2011-05-30-15:12:09: 132 143
2011-05-30-15:12:10: 132 147
2011-05-30-15:12:11: 132 143
2011-05-30-15:12:12: 132 147
2011-05-30-15:12:13: 132 144
2011-05-30-15:12:14: 132 147
2011-05-30-15:12:15: 132 144
2011-05-30-15:12:16: 132 147
2011-05-30-15:12:17: 132 145
2011-05-30-15:12:18: 132 147
2011-05-30-15:12:19: 132 145
2011-05-30-15:12:20: 132 147
2011-05-30-15:12:21: 132 143
2011-05-30-15:12:22: 132 147
2011-05-30-15:12:23: 132 143
2011-05-30-15:12:24: 132 146
2011-05-30-15:12:25: 132 142
2011-05-30-15:12:26: 132 146
2011-05-30-15:12:27: 132 151
2011-05-30-15:12:28: 132 146
2011-05-30-15:12:29: 132 148
2011-05-30-15:12:30: 132 146
2011-05-30-15:12:31: 132 148
2011-05-30-15:12:32: 132 146
2011-05-30-15:12:33: 132 147
2011-05-30-15:12:34: 132 147
2011-05-30-15:12:35: 132 147
2011-05-30-15:12:36: 132 147
2011-05-30-15:12:37: 132 147
2011-05-30-15:12:38: 132 147
2011-05-30-15:12:39: 132 146
2011-05-30-15:12:40: 132 139
2011-05-30-15:12:41: 132 146
2011-05-30-15:12:42: 132 141
2011-05-30-15:12:43: 132 146
2011-05-30-15:12:44: 132 141
2011-05-30-15:12:45: 132 145
2011-05-30-15:12:46: 132 142
2011-05-30-15:12:47: 132 146
2011-05-30-15:12:48: 132 143
2011-05-30-15:12:49: 132 146
2011-05-30-15:12:50: 132 144
2011-05-30-15:12:51: 132 146
2011-05-30-15:12:52: 132 143
2011-05-30-15:12:53: 132 146
2011-05-30-15:12:53: 132 144
2011-05-30-15:12:54: 132 146
2011-05-30-15:12:55: 132 144
2011-05-30-15:12:56: 132 146
2011-05-30-15:12:57: 132 150
2011-05-30-15:12:58: 132 146
2011-05-30-15:12:59: 132 149
2011-05-30-15:13:00: 132 146
2011-05-30-15:13:01: 132 147
2011-05-30-15:13:02: 132 147
2011-05-30-15:13:03: 132 147
2011-05-30-15:13:04: 132 147
2011-05-30-15:13:05: 132 147
2011-05-30-15:13:06: 132 147
2011-05-30-15:13:07: 132 147
2011-05-30-15:13:08: 132 147
2011-05-30-15:13:09: 132 147
2011-05-30-15:13:10: 132 147
2011-05-30-15:13:11: 132 147
2011-05-30-15:13:12: 132 147
2011-05-30-15:13:13: 132 147
2011-05-30-15:13:14: 132 147
2011-05-30-15:13:15: 132 147
2011-05-30-15:13:16: 132 147
2011-05-30-15:13:17: 132 147
2011-05-30-15:13:18: 132 147
2011-05-30-15:13:19: 132 147
2011-05-30-15:13:20: 132 147
2011-05-30-15:13:21: 132 147
2011-05-30-15:13:22: 132 147
2011-05-30-15:13:23: 132 147
2011-05-30-15:13:24: 132 147
2011-05-30-15:13:25: 132 147
2011-05-30-15:13:26: 132 147
2011-05-30-15:13:27: 132 147
2011-05-30-15:13:28: 132 147
2011-05-30-15:13:29: 132 147
2011-05-30-15:13:30: 132 147
2011-05-30-15:13:31: 132 147
2011-05-30-15:13:32: 132 147
2011-05-30-15:13:33: 132 147
2011-05-30-15:13:34: 132 147
2011-05-30-15:13:35: 132 147
2011-05-30-15:13:36: 132 147
2011-05-30-15:13:37: 132 147
2011-05-30-15:13:38: 132 147
2011-05-30-15:13:39: 132 147
2011-05-30-15:13:40: 132 147
2011-05-30-15:13:41: 132 147
2011-05-30-15:13:42: 132 147
2011-05-30-15:13:43: 132 147
2011-05-30-15:13:44: 132 147
2011-05-30-15:13:44: 132 147
2011-05-30-15:13:45: 132 147
2011-05-30-15:13:46: 132 140
2011-05-30-15:13:47: 132 147
2011-05-30-15:13:48: 132 143
2011-05-30-15:13:49: 132 147
2011-05-30-15:13:50: 132 143
2011-05-30-15:13:51: 132 146
2011-05-30-15:13:52: 131 142
2011-05-30-15:13:53: 132 146
2011-05-30-15:13:54: 132 141
2011-05-30-15:13:55: 132 146
2011-05-30-15:13:56: 132 143
2011-05-30-15:13:57: 132 146
2011-05-30-15:13:58: 132 143
2011-05-30-15:13:59: 132 146
2011-05-30-15:14:00: 132 142
2011-05-30-15:14:01: 132 146
2011-05-30-15:14:02: 132 141
2011-05-30-15:14:03: 132 146
2011-05-30-15:14:04: 132 151
2011-05-30-15:14:05: 132 146
2011-05-30-15:14:06: 132 146
2011-05-30-15:14:07: 132 147
2011-05-30-15:14:08: 132 147
2011-05-30-15:14:09: 132 147
2011-05-30-15:14:10: 132 147
2011-05-30-15:14:11: 132 147
2011-05-30-15:14:12: 132 147
2011-05-30-15:14:13: 132 147
2011-05-30-15:14:14: 132 147
2011-05-30-15:14:15: 132 147
2011-05-30-15:14:16: 132 147
2011-05-30-15:14:17: 132 147
2011-05-30-15:14:18: 132 147
2011-05-30-15:14:19: 132 147
2011-05-30-15:14:20: 132 147
2011-05-30-15:14:21: 132 147
2011-05-30-15:14:22: 132 147
2011-05-30-15:14:23: 132 142
2011-05-30-15:14:24: 132 146
2011-05-30-15:14:25: 132 143
2011-05-30-15:14:26: 132 146
2011-05-30-15:14:27: 132 146
2011-05-30-15:14:28: 132 147
2011-05-30-15:14:29: 132 146
2011-05-30-15:14:30: 132 146
2011-05-30-15:14:31: 132 141
2011-05-30-15:14:32: 131 146
2011-05-30-15:14:33: 132 141
2011-05-30-15:14:34: 132 145
2011-05-30-15:14:35: 131 152
2011-05-30-15:14:36: 132 145
2011-05-30-15:14:37: 132 151
2011-05-30-15:14:38: 132 145
2011-05-30-15:14:39: 131 147
2011-05-30-15:14:40: 132 146
2011-05-30-15:14:41: 132 146
2011-05-30-15:14:42: 132 146
2011-05-30-15:14:43: 131 146
2011-05-30-15:14:44: 132 146
2011-05-30-15:14:45: 131 146
2011-05-30-15:14:46: 132 146
2011-05-30-15:14:47: 132 146
2011-05-30-15:14:48: 132 138
2011-05-30-15:14:49: 132 146
2011-05-30-15:14:50: 132 142
2011-05-30-15:14:51: 132 146
2011-05-30-15:14:52: 132 146
2011-05-30-15:14:53: 132 147
2011-05-30-15:14:54: 132 147
2011-05-30-15:14:55: 132 147
2011-05-30-15:14:56: 132 147
2011-05-30-15:14:57: 132 147
2011-05-30-15:14:58: 132 147
2011-05-30-15:14:59: 132 147
2011-05-30-15:15:00: 131 147
2011-05-30-15:15:01: 132 147
2011-05-30-15:15:02: 132 147
2011-05-30-15:15:03: 132 147
2011-05-30-15:15:04: 132 147
2011-05-30-15:15:05: 132 147
2011-05-30-15:15:06: 132 147
2011-05-30-15:15:07: 131 147
2011-05-30-15:15:08: 131 147
2011-05-30-15:15:09: 132 147
2011-05-30-15:15:10: 132 147
2011-05-30-15:15:11: 131 147
2011-05-30-15:15:12: 132 147
2011-05-30-15:15:13: 131 147
2011-05-30-15:15:14: 132 147
2011-05-30-15:15:15: 131 147
2011-05-30-15:15:16: 132 147
2011-05-30-15:15:17: 131 147
2011-05-30-15:15:18: 132 147
2011-05-30-15:15:19: 131 147
2011-05-30-15:15:20: 131 147
2011-05-30-15:15:21: 132 147
2011-05-30-15:15:22: 131 147
2011-05-30-15:15:23: 131 147
2011-05-30-15:15:24: 132 147
2011-05-30-15:15:25: 132 147
2011-05-30-15:15:26: 131 147
2011-05-30-15:15:27: 131 147
2011-05-30-15:15:27: 131 147
2011-05-30-15:15:28: 131 147
2011-05-30-15:15:29: 131 147
2011-05-30-15:15:30: 131 147
2011-05-30-15:15:31: 131 147
2011-05-30-15:15:32: 131 147
2011-05-30-15:15:33: 131 147
2011-05-30-15:15:34: 131 144
2011-05-30-15:15:35: 131 146
2011-05-30-15:15:36: 131 143
2011-05-30-15:15:37: 131 147
2011-05-30-15:15:38: 131 142
2011-05-30-15:15:39: 131 145
2011-05-30-15:15:40: 131 147
2011-05-30-15:15:41: 131 145
2011-05-30-15:15:42: 131 148
2011-05-30-15:15:43: 131 145
2011-05-30-15:15:44: 131 147
2011-05-30-15:15:45: 131 145
2011-05-30-15:15:46: 131 146
2011-05-30-15:15:47: 131 146
2011-05-30-15:15:48: 131 146
2011-05-30-15:15:49: 131 146
2011-05-30-15:15:50: 131 146
2011-05-30-15:15:51: 131 146
2011-05-30-15:15:52: 131 146
2011-05-30-15:15:53: 131 146
2011-05-30-15:15:54: 131 146
2011-05-30-15:15:55: 131 144
2011-05-30-15:15:56: 131 146
2011-05-30-15:15:57: 131 146
2011-05-30-15:15:58: 131 146
2011-05-30-15:15:59: 131 139
2011-05-30-15:16:00: 131 144
2011-05-30-15:16:01: 131 142
2011-05-30-15:16:02: 130 146
2011-05-30-15:16:03: 131 146
2011-05-30-15:16:04: 131 146
2011-05-30-15:16:05: 131 146
2011-05-30-15:16:06: 131 146
2011-05-30-15:16:07: 131 146
2011-05-30-15:16:08: 131 146
2011-05-30-15:16:09: 131 146
2011-05-30-15:16:10: 131 146
2011-05-30-15:16:11: 131 146
2011-05-30-15:16:12: 131 146
2011-05-30-15:16:13: 131 146
2011-05-30-15:16:14: 131 146
2011-05-30-15:16:15: 131 146
2011-05-30-15:16:16: 131 146
2011-05-30-15:16:17: 130 146
2011-05-30-15:16:18: 131 147
2011-05-30-15:16:18: 131 146
2011-05-30-15:16:19: 131 147
2011-05-30-15:16:20: 131 147
2011-05-30-15:16:21: 131 147
2011-05-30-15:16:22: 131 147
2011-05-30-15:16:23: 131 147
2011-05-30-15:16:24: 131 147
2011-05-30-15:16:25: 131 147
2011-05-30-15:16:26: 131 147
2011-05-30-15:16:27: 131 147
2011-05-30-15:16:28: 131 147
2011-05-30-15:16:29: 131 147
2011-05-30-15:16:30: 131 147
2011-05-30-15:16:31: 131 147
2011-05-30-15:16:32: 131 147
2011-05-30-15:16:33: 131 147
2011-05-30-15:16:34: 131 147
2011-05-30-15:16:35: 131 147
2011-05-30-15:16:36: 131 147
2011-05-30-15:16:37: 131 147
2011-05-30-15:16:38: 131 147
2011-05-30-15:16:39: 131 147
2011-05-30-15:16:40: 131 147
2011-05-30-15:16:41: 131 147
2011-05-30-15:16:42: 131 147
2011-05-30-15:16:43: 131 147
2011-05-30-15:16:44: 131 147
2011-05-30-15:16:45: 131 147
2011-05-30-15:16:46: 131 147
2011-05-30-15:16:47: 131 147
2011-05-30-15:16:48: 131 147
2011-05-30-15:16:49: 131 147
2011-05-30-15:16:50: 131 147
2011-05-30-15:16:51: 131 147
2011-05-30-15:16:52: 131 147
2011-05-30-15:16:53: 131 147
2011-05-30-15:16:54: 131 147
2011-05-30-15:16:55: 131 147
2011-05-30-15:16:56: 131 147
2011-05-30-15:16:57: 131 147
2011-05-30-15:16:58: 131 147
2011-05-30-15:16:59: 131 147
2011-05-30-15:17:00: 131 147
2011-05-30-15:17:01: 131 147
2011-05-30-15:17:03: 131 147
2011-05-30-15:17:03: 131 147
2011-05-30-15:17:04: 131 147
2011-05-30-15:17:05: 131 147
2011-05-30-15:17:06: 131 147
2011-05-30-15:17:07: 131 147
2011-05-30-15:17:08: 131 147
2011-05-30-15:17:09: 131 147
2011-05-30-15:17:10: 131 147
2011-05-30-15:17:11: 131 147
2011-05-30-15:17:12: 131 147
2011-05-30-15:17:13: 131 147
2011-05-30-15:17:14: 131 147
2011-05-30-15:17:15: 131 147
2011-05-30-15:17:16: 131 147
2011-05-30-15:17:17: 131 147
2011-05-30-15:17:18: 131 147
2011-05-30-15:17:19: 131 147
2011-05-30-15:17:20: 131 147
2011-05-30-15:17:20: 131 147
2011-05-30-15:17:21: 131 147
2011-05-30-15:17:22: 131 147
2011-05-30-15:17:23: 131 147
2011-05-30-15:17:25: 131 147
2011-05-30-15:17:26: 131 147
2011-05-30-15:17:27: 131 147
2011-05-30-15:17:28: 131 147
2011-05-30-15:17:29: 131 147
2011-05-30-15:17:30: 131 147
2011-05-30-15:17:31: 131 147
2011-05-30-15:17:32: 131 147
2011-05-30-15:17:33: 131 147
2011-05-30-15:17:34: 131 147
2011-05-30-15:17:35: 131 146
2011-05-30-15:17:36: 131 147
2011-05-30-15:17:37: 131 146
2011-05-30-15:17:38: 131 147
2011-05-30-15:17:39: 131 146
2011-05-30-15:17:40: 131 147
2011-05-30-15:17:41: 131 145
2011-05-30-15:17:42: 131 147
2011-05-30-15:17:43: 131 145
2011-05-30-15:17:44: 131 147
2011-05-30-15:17:45: 130 149
2011-05-30-15:17:46: 131 147
2011-05-30-15:17:47: 131 147
2011-05-30-15:17:48: 131 147
2011-05-30-15:17:49: 131 147
2011-05-30-15:17:50: 131 147
2011-05-30-15:17:51: 131 147
2011-05-30-15:17:52: 130 147
2011-05-30-15:17:53: 131 147
2011-05-30-15:17:54: 131 147
2011-05-30-15:17:55: 131 147
2011-05-30-15:17:56: 131 147
2011-05-30-15:17:57: 131 147
2011-05-30-15:17:58: 131 147
2011-05-30-15:17:59: 131 147
2011-05-30-15:18:00: 131 147
2011-05-30-15:18:01: 131 147
2011-05-30-15:18:01: 131 147
2011-05-30-15:18:02: 131 147
2011-05-30-15:18:03: 131 147
2011-05-30-15:18:04: 131 147
2011-05-30-15:18:05: 131 147
2011-05-30-15:18:06: 131 147
2011-05-30-15:18:07: 131 143
2011-05-30-15:18:08: 131 147
2011-05-30-15:18:09: 131 147
2011-05-30-15:18:10: 131 147
2011-05-30-15:18:11: 131 145
2011-05-30-15:18:12: 131 147
2011-05-30-15:18:13: 130 145
2011-05-30-15:18:14: 130 147
2011-05-30-15:18:15: 131 143
2011-05-30-15:18:16: 130 145
2011-05-30-15:18:17: 130 140
2011-05-30-15:18:18: 130 145
2011-05-30-15:18:19: 131 142
2011-05-30-15:18:20: 130 145
2011-05-30-15:18:21: 130 151
2011-05-30-15:18:22: 130 146
2011-05-30-15:18:23: 131 146
2011-05-30-15:18:24: 131 146
2011-05-30-15:18:25: 131 146
2011-05-30-15:18:26: 131 145
2011-05-30-15:18:27: 130 146
2011-05-30-15:18:28: 130 146
2011-05-30-15:18:29: 131 146
2011-05-30-15:18:30: 130 146
2011-05-30-15:18:31: 131 146
2011-05-30-15:18:32: 130 146
2011-05-30-15:18:33: 130 146
2011-05-30-15:18:34: 130 146
2011-05-30-15:18:35: 131 147
2011-05-30-15:18:36: 131 147
2011-05-30-15:18:37: 131 147
2011-05-30-15:18:38: 130 147
2011-05-30-15:18:39: 131 147
2011-05-30-15:18:40: 131 147
2011-05-30-15:18:41: 131 147
2011-05-30-15:18:42: 131 147
2011-05-30-15:18:43: 131 147
2011-05-30-15:18:44: 131 147
2011-05-30-15:18:45: 131 147
2011-05-30-15:18:46: 131 147
2011-05-30-15:18:47: 131 147
2011-05-30-15:18:48: 131 147
2011-05-30-15:18:49: 131 147
2011-05-30-15:18:50: 130 147
2011-05-30-15:18:51: 131 147
2011-05-30-15:18:52: 131 147
2011-05-30-15:18:52: 131 147
2011-05-30-15:18:53: 131 147
2011-05-30-15:18:54: 131 147
2011-05-30-15:18:55: 131 147
2011-05-30-15:18:56: 131 147
2011-05-30-15:18:57: 131 147
2011-05-30-15:18:58: 131 147
2011-05-30-15:18:59: 131 147
2011-05-30-15:19:00: 131 147
2011-05-30-15:19:01: 131 147
2011-05-30-15:19:02: 131 147
2011-05-30-15:19:04: 131 147
2011-05-30-15:19:05: 131 147
2011-05-30-15:19:05: 130 147
2011-05-30-15:19:06: 131 147
2011-05-30-15:19:07: 131 147
2011-05-30-15:19:08: 131 147
2011-05-30-15:19:09: 131 147
2011-05-30-15:19:10: 131 147
2011-05-30-15:19:11: 131 147
2011-05-30-15:19:12: 131 147
2011-05-30-15:19:13: 131 147
2011-05-30-15:19:14: 131 147
2011-05-30-15:19:15: 130 147
2011-05-30-15:19:16: 130 147
2011-05-30-15:19:17: 131 147
2011-05-30-15:19:18: 131 147
2011-05-30-15:19:19: 131 147
2011-05-30-15:19:20: 131 147
2011-05-30-15:19:21: 131 147
2011-05-30-15:19:22: 131 147
2011-05-30-15:19:23: 131 147
2011-05-30-15:19:24: 130 147
2011-05-30-15:19:25: 131 147
2011-05-30-15:19:26: 131 147
2011-05-30-15:19:27: 131 147
2011-05-30-15:19:28: 131 147
2011-05-30-15:19:29: 131 147
2011-05-30-15:19:30: 131 147
2011-05-30-15:19:31: 130 147
2011-05-30-15:19:32: 130 147
2011-05-30-15:19:33: 131 147
2011-05-30-15:19:34: 130 147
2011-05-30-15:19:35: 130 147
2011-05-30-15:19:36: 130 147
2011-05-30-15:19:37: 130 147
2011-05-30-15:19:38: 130 147
2011-05-30-15:19:39: 130 147
2011-05-30-15:19:40: 130 147
2011-05-30-15:19:41: 130 147
2011-05-30-15:19:42: 131 147
2011-05-30-15:19:43: 130 147
2011-05-30-15:19:43: 130 147
2011-05-30-15:19:44: 130 147
2011-05-30-15:19:45: 130 147
2011-05-30-15:19:46: 130 147
2011-05-30-15:19:48: 131 147
2011-05-30-15:19:48: 131 147
2011-05-30-15:19:49: 131 147
2011-05-30-15:19:50: 130 147
2011-05-30-15:19:51: 130 147
2011-05-30-15:19:52: 130 147
2011-05-30-15:19:53: 130 147
2011-05-30-15:19:54: 130 147
2011-05-30-15:19:55: 130 147
2011-05-30-15:19:56: 130 147
2011-05-30-15:19:57: 130 147
2011-05-30-15:19:58: 130 147
2011-05-30-15:19:59: 130 147
2011-05-30-15:20:00: 130 147
2011-05-30-15:20:01: 130 147
2011-05-30-15:20:02: 130 147
2011-05-30-15:20:03: 130 147
2011-05-30-15:20:04: 130 147
2011-05-30-15:20:05: 130 147
2011-05-30-15:20:06: 130 147
2011-05-30-15:20:07: 130 147
2011-05-30-15:20:08: 130 147
2011-05-30-15:20:11: 130 147
2011-05-30-15:20:12: 130 147
2011-05-30-15:20:12: 130 147
2011-05-30-15:20:12: 130 147
2011-05-30-15:20:13: 130 147
2011-05-30-15:20:14: 130 147
2011-05-30-15:20:15: 130 147
2011-05-30-15:20:16: 130 147
2011-05-30-15:20:17: 130 147
2011-05-30-15:20:18: 130 147
2011-05-30-15:20:19: 130 147
2011-05-30-15:20:20: 130 147
2011-05-30-15:20:21: 130 147
2011-05-30-15:20:22: 130 147
2011-05-30-15:20:23: 130 147
2011-05-30-15:20:29: 130 147
2011-05-30-15:20:29: 130 147
2011-05-30-15:20:29: 130 147
2011-05-30-15:20:29: 130 147
2011-05-30-15:20:29: 130 147
2011-05-30-15:20:29: 130 147
2011-05-30-15:20:30: 130 147
2011-05-30-15:20:31: 130 147
2011-05-30-15:20:32: 130 147
2011-05-30-15:20:33: 130 147
2011-05-30-15:20:34: 130 147
2011-05-30-15:20:35: 130 147
2011-05-30-15:20:36: 130 147
2011-05-30-15:20:37: 130 147
2011-05-30-15:20:38: 130 147
2011-05-30-15:20:39: 130 147
2011-05-30-15:20:40: 130 147
2011-05-30-15:20:41: 130 147
2011-05-30-15:20:42: 130 147
2011-05-30-15:20:43: 130 147
2011-05-30-15:20:44: 130 147
2011-05-30-15:20:45: 130 147
2011-05-30-15:20:46: 130 147
2011-05-30-15:20:47: 130 147
2011-05-30-15:20:48: 130 147
2011-05-30-15:20:49: 130 147
2011-05-30-15:20:50: 130 147
2011-05-30-15:20:51: 130 147
2011-05-30-15:20:52: 130 147
2011-05-30-15:20:53: 130 147
2011-05-30-15:20:54: 130 147
2011-05-30-15:20:55: 130 147
2011-05-30-15:20:56: 130 147
2011-05-30-15:20:57: 130 147
2011-05-30-15:20:58: 130 147
2011-05-30-15:20:59: 130 147
2011-05-30-15:21:00: 130 147
2011-05-30-15:21:01: 130 147
2011-05-30-15:21:02: 130 147
2011-05-30-15:21:03: 130 147
2011-05-30-15:21:04: 130 147
2011-05-30-15:21:05: 130 147
2011-05-30-15:21:06: 130 147
2011-05-30-15:21:07: 130 147
2011-05-30-15:21:08: 130 147
2011-05-30-15:21:09: 130 147
2011-05-30-15:21:13: 130 148
2011-05-30-15:21:14: 130 136
2011-05-30-15:21:14: 130 146
2011-05-30-15:21:14: 130 140
2011-05-30-15:21:14: 130 145
2011-05-30-15:21:15: 130 142
2011-05-30-15:21:16: 130 146
2011-05-30-15:21:17: 130 141
2011-05-30-15:21:18: 130 145
2011-05-30-15:21:19: 130 140
2011-05-30-15:21:20: 130 145
2011-05-30-15:21:21: 130 141
2011-05-30-15:21:22: 130 145
2011-05-30-15:21:23: 130 141
2011-05-30-15:21:24: 130 145
2011-05-30-15:21:25: 130 142
2011-05-30-15:21:26: 130 145
2011-05-30-15:21:26: 130 141
2011-05-30-15:21:27: 130 145
2011-05-30-15:21:28: 130 141
2011-05-30-15:21:29: 130 145
2011-05-30-15:21:30: 130 139
2011-05-30-15:21:31: 130 145
2011-05-30-15:21:32: 130 150
2011-05-30-15:21:33: 130 145
2011-05-30-15:21:34: 130 147
2011-05-30-15:21:35: 130 145
2011-05-30-15:21:36: 130 146
2011-05-30-15:21:37: 130 146
2011-05-30-15:21:38: 130 146
2011-05-30-15:21:39: 130 146
2011-05-30-15:21:40: 130 146
2011-05-30-15:21:41: 130 146
2011-05-30-15:21:42: 130 146
2011-05-30-15:21:43: 130 146
2011-05-30-15:21:44: 130 146
2011-05-30-15:21:45: 130 146
2011-05-30-15:21:46: 130 146
2011-05-30-15:21:47: 130 146
2011-05-30-15:21:48: 130 146
2011-05-30-15:21:49: 130 146
2011-05-30-15:21:50: 130 146
2011-05-30-15:21:51: 130 146
2011-05-30-15:21:52: 130 146
2011-05-30-15:21:53: 130 146
2011-05-30-15:21:54: 130 146
2011-05-30-15:21:56: 130 146
2011-05-30-15:21:56: 130 146
2011-05-30-15:21:57: 130 146
2011-05-30-15:21:58: 130 146
2011-05-30-15:21:59: 130 146
2011-05-30-15:22:00: 130 146
2011-05-30-15:22:01: 130 146
2011-05-30-15:22:02: 130 146
2011-05-30-15:22:03: 130 146
2011-05-30-15:22:04: 130 146
2011-05-30-15:22:05: 130 146
2011-05-30-15:22:06: 130 146
2011-05-30-15:22:07: 130 146
2011-05-30-15:22:08: 130 146
2011-05-30-15:22:09: 130 146
2011-05-30-15:22:10: 130 146
2011-05-30-15:22:11: 130 146
2011-05-30-15:22:12: 130 146
2011-05-30-15:22:13: 130 146
2011-05-30-15:22:14: 130 146
2011-05-30-15:22:15: 130 146
2011-05-30-15:22:16: 130 146
2011-05-30-15:22:17: 130 146
2011-05-30-15:22:17: 130 146
2011-05-30-15:22:18: 130 146
2011-05-30-15:22:19: 130 146
2011-05-30-15:22:20: 130 146
2011-05-30-15:22:21: 130 146
2011-05-30-15:22:22: 130 146
2011-05-30-15:22:23: 130 146
2011-05-30-15:22:24: 130 146
2011-05-30-15:22:25: 130 146
2011-05-30-15:22:26: 130 146
2011-05-30-15:22:27: 130 146
2011-05-30-15:22:28: 130 146
2011-05-30-15:22:29: 130 146
2011-05-30-15:22:30: 130 146
2011-05-30-15:22:31: 130 146
2011-05-30-15:22:32: 130 146
2011-05-30-15:22:33: 130 146
2011-05-30-15:22:34: 130 146
2011-05-30-15:22:35: 130 146
2011-05-30-15:22:36: 130 146
2011-05-30-15:22:37: 130 147
2011-05-30-15:22:38: 130 146
2011-05-30-15:22:39: 130 147
2011-05-30-15:22:40: 130 147
2011-05-30-15:22:41: 130 146
2011-05-30-15:22:42: 130 147
2011-05-30-15:22:43: 130 147
2011-05-30-15:22:44: 130 147
2011-05-30-15:22:45: 130 147
2011-05-30-15:22:46: 130 146
2011-05-30-15:22:47: 130 146
2011-05-30-15:22:48: 130 147
2011-05-30-15:22:49: 130 146
2011-05-30-15:22:50: 130 147
2011-05-30-15:22:51: 130 147
2011-05-30-15:22:52: 130 147
2011-05-30-15:22:53: 130 147
2011-05-30-15:22:54: 130 146
2011-05-30-15:22:55: 130 147
2011-05-30-15:22:56: 130 147
2011-05-30-15:22:57: 130 147
2011-05-30-15:22:58: 130 147
2011-05-30-15:22:59: 130 147
2011-05-30-15:23:00: 130 147
2011-05-30-15:23:01: 130 147
2011-05-30-15:23:02: 130 146
2011-05-30-15:23:03: 130 147
2011-05-30-15:23:04: 130 147
2011-05-30-15:23:05: 130 147
2011-05-30-15:23:06: 130 147
2011-05-30-15:23:07: 130 147
2011-05-30-15:23:08: 130 147
2011-05-30-15:23:08: 130 147
2011-05-30-15:23:09: 130 147
2011-05-30-15:23:10: 130 147
2011-05-30-15:23:11: 130 147
2011-05-30-15:23:12: 130 147
2011-05-30-15:23:13: 130 147
2011-05-30-15:23:14: 130 147
2011-05-30-15:23:15: 130 147
2011-05-30-15:23:16: 130 147
2011-05-30-15:23:17: 130 147
2011-05-30-15:23:18: 130 147
2011-05-30-15:23:19: 130 147
2011-05-30-15:23:20: 129 147
2011-05-30-15:23:21: 130 147
2011-05-30-15:23:22: 130 147
2011-05-30-15:23:23: 130 147
2011-05-30-15:23:24: 130 147
2011-05-30-15:23:25: 129 147
2011-05-30-15:23:26: 129 147
2011-05-30-15:23:27: 130 147
2011-05-30-15:23:28: 130 147
2011-05-30-15:23:29: 130 147
2011-05-30-15:23:30: 130 147
2011-05-30-15:23:31: 130 147
2011-05-30-15:23:32: 130 147
2011-05-30-15:23:33: 130 147
2011-05-30-15:23:34: 130 147
2011-05-30-15:23:35: 130 147
2011-05-30-15:23:36: 130 147
2011-05-30-15:23:37: 130 147
2011-05-30-15:23:38: 130 147
2011-05-30-15:23:39: 129 147
2011-05-30-15:23:40: 129 147
2011-05-30-15:23:41: 130 147
2011-05-30-15:23:42: 130 147
2011-05-30-15:23:43: 129 147
2011-05-30-15:23:44: 130 147
2011-05-30-15:23:45: 129 147
2011-05-30-15:23:46: 130 147
2011-05-30-15:23:47: 129 147
2011-05-30-15:23:48: 130 147
2011-05-30-15:23:49: 129 147
2011-05-30-15:23:50: 129 147
2011-05-30-15:23:51: 129 147
2011-05-30-15:23:52: 130 147
2011-05-30-15:23:53: 130 147
2011-05-30-15:23:54: 129 147
2011-05-30-15:23:55: 129 147
2011-05-30-15:23:56: 130 147
2011-05-30-15:23:57: 129 147
2011-05-30-15:23:58: 129 147
2011-05-30-15:23:59: 129 147
2011-05-30-15:23:59: 129 147
2011-05-30-15:24:00: 129 147
2011-05-30-15:24:02: 129 147
2011-05-30-15:24:03: 130 147
2011-05-30-15:24:04: 129 147
2011-05-30-15:24:05: 129 147
2011-05-30-15:24:06: 130 147
2011-05-30-15:24:07: 129 147
2011-05-30-15:24:07: 129 147
2011-05-30-15:24:09: 129 147
2011-05-30-15:24:10: 129 147
2011-05-30-15:24:11: 129 147
2011-05-30-15:24:12: 129 147
2011-05-30-15:24:13: 129 147
2011-05-30-15:24:14: 129 147
2011-05-30-15:24:15: 129 147
2011-05-30-15:24:16: 129 147
2011-05-30-15:24:17: 129 147
2011-05-30-15:24:18: 130 147
2011-05-30-15:24:19: 129 147
2011-05-30-15:24:20: 129 147
2011-05-30-15:24:21: 129 147
2011-05-30-15:24:22: 129 147
2011-05-30-15:24:23: 129 147
2011-05-30-15:24:24: 129 147
2011-05-30-15:24:25: 129 147
2011-05-30-15:24:26: 129 147
2011-05-30-15:24:27: 129 147
2011-05-30-15:24:28: 129 147
2011-05-30-15:24:29: 129 147
2011-05-30-15:24:30: 129 147
2011-05-30-15:24:31: 129 147
2011-05-30-15:24:32: 129 147
2011-05-30-15:24:33: 129 147
2011-05-30-15:24:34: 129 147
2011-05-30-15:24:35: 129 147
2011-05-30-15:24:36: 129 147
2011-05-30-15:24:37: 129 147
2011-05-30-15:24:38: 129 147
2011-05-30-15:24:39: 129 147
2011-05-30-15:24:40: 129 147
2011-05-30-15:24:41: 129 147
2011-05-30-15:24:42: 129 140
2011-05-30-15:24:43: 129 145
2011-05-30-15:24:44: 129 156
2011-05-30-15:24:45: 129 145
2011-05-30-15:24:46: 129 161
2011-05-30-15:24:47: 129 145
2011-05-30-15:24:48: 129 146
2011-05-30-15:24:49: 129 146
2011-05-30-15:24:50: 129 146
2011-05-30-15:24:51: 129 144
2011-05-30-15:24:51: 129 146
2011-05-30-15:24:52: 129 146
2011-05-30-15:24:53: 129 146
2011-05-30-15:24:54: 129 138
2011-05-30-15:24:56: 129 146
2011-05-30-15:24:57: 129 146
2011-05-30-15:24:57: 129 146
2011-05-30-15:24:58: 129 146
2011-05-30-15:24:59: 129 146
2011-05-30-15:25:00: 129 146
2011-05-30-15:25:01: 129 146
2011-05-30-15:25:02: 129 146
2011-05-30-15:25:03: 129 146
2011-05-30-15:25:04: 129 146
2011-05-30-15:25:05: 129 146
2011-05-30-15:25:06: 129 146
2011-05-30-15:25:07: 129 146
2011-05-30-15:25:08: 129 146
2011-05-30-15:25:09: 129 146
2011-05-30-15:25:10: 129 146
2011-05-30-15:25:11: 129 146
2011-05-30-15:25:12: 129 146
2011-05-30-15:25:13: 129 146
2011-05-30-15:25:14: 129 146
2011-05-30-15:25:15: 129 146
2011-05-30-15:25:16: 129 146
2011-05-30-15:25:17: 129 146
2011-05-30-15:25:18: 129 146
2011-05-30-15:25:19: 129 146
2011-05-30-15:25:20: 129 146
2011-05-30-15:25:21: 129 146
2011-05-30-15:25:22: 129 146
2011-05-30-15:25:23: 129 146
2011-05-30-15:25:24: 129 146
2011-05-30-15:25:27: 129 146
2011-05-30-15:25:27: 129 146
2011-05-30-15:25:27: 129 146
2011-05-30-15:25:28: 129 146
2011-05-30-15:25:29: 129 146
2011-05-30-15:25:30: 129 146
2011-05-30-15:25:31: 129 146
2011-05-30-15:25:32: 129 146
2011-05-30-15:25:33: 129 146
2011-05-30-15:25:34: 129 147
2011-05-30-15:25:35: 129 147
2011-05-30-15:25:36: 129 147
2011-05-30-15:25:37: 129 147
2011-05-30-15:25:38: 129 147
2011-05-30-15:25:39: 129 146
2011-05-30-15:25:40: 129 146
2011-05-30-15:25:41: 129 146
2011-05-30-15:25:42: 129 146
2011-05-30-15:25:42: 129 146
2011-05-30-15:25:43: 129 147
2011-05-30-15:25:44: 129 147
2011-05-30-15:25:45: 129 147
2011-05-30-15:25:46: 129 147
2011-05-30-15:25:47: 129 147
2011-05-30-15:25:48: 129 146
2011-05-30-15:25:49: 129 146
2011-05-30-15:25:50: 129 147
2011-05-30-15:25:51: 129 147
2011-05-30-15:25:52: 129 146
2011-05-30-15:25:53: 129 147
2011-05-30-15:25:54: 129 147
2011-05-30-15:25:56: 129 147
2011-05-30-15:25:57: 129 147
2011-05-30-15:25:57: 129 146
2011-05-30-15:25:58: 129 147
2011-05-30-15:25:59: 129 147
2011-05-30-15:26:00: 129 147
2011-05-30-15:26:01: 129 147
2011-05-30-15:26:02: 129 147
2011-05-30-15:26:03: 129 147
2011-05-30-15:26:04: 129 147
2011-05-30-15:26:05: 129 147
2011-05-30-15:26:06: 129 146
2011-05-30-15:26:07: 129 147
2011-05-30-15:26:08: 129 147
2011-05-30-15:26:09: 129 147
2011-05-30-15:26:10: 129 147
2011-05-30-15:26:11: 129 147
2011-05-30-15:26:12: 129 147
2011-05-30-15:26:13: 129 147
2011-05-30-15:26:14: 129 147
2011-05-30-15:26:15: 129 140
2011-05-30-15:26:16: 129 145
2011-05-30-15:26:17: 129 140
2011-05-30-15:26:18: 129 145
2011-05-30-15:26:19: 129 139
2011-05-30-15:26:20: 129 145
2011-05-30-15:26:21: 129 151
2011-05-30-15:26:22: 129 145
2011-05-30-15:26:23: 129 147
2011-05-30-15:26:24: 129 145
2011-05-30-15:26:26: 129 145
2011-05-30-15:26:27: 129 145
2011-05-30-15:26:27: 129 145
2011-05-30-15:26:28: 129 145
2011-05-30-15:26:29: 129 145
2011-05-30-15:26:30: 129 145
2011-05-30-15:26:31: 129 145
2011-05-30-15:26:32: 129 140
2011-05-30-15:26:33: 129 145
2011-05-30-15:26:33: 128 141
2011-05-30-15:26:34: 129 145
2011-05-30-15:26:35: 129 140
2011-05-30-15:26:36: 129 145
2011-05-30-15:26:37: 129 146
2011-05-30-15:26:38: 129 146
2011-05-30-15:26:39: 129 146
2011-05-30-15:26:40: 129 146
2011-05-30-15:26:41: 129 146
2011-05-30-15:26:42: 129 146
2011-05-30-15:26:43: 129 146
2011-05-30-15:26:44: 129 146
2011-05-30-15:26:45: 129 146
2011-05-30-15:26:46: 129 146
2011-05-30-15:26:47: 129 146
2011-05-30-15:26:48: 129 146
2011-05-30-15:26:49: 129 146
2011-05-30-15:26:50: 129 146
2011-05-30-15:26:51: 129 146
2011-05-30-15:26:52: 129 146
2011-05-30-15:26:53: 129 146
2011-05-30-15:26:54: 129 146
2011-05-30-15:26:55: 129 146
2011-05-30-15:26:56: 129 146
2011-05-30-15:26:57: 129 146
2011-05-30-15:26:58: 129 146
2011-05-30-15:26:59: 129 146
2011-05-30-15:27:00: 129 146
2011-05-30-15:27:01: 129 146
2011-05-30-15:27:02: 129 146
2011-05-30-15:27:03: 129 146
2011-05-30-15:27:04: 129 146
2011-05-30-15:27:05: 129 146
2011-05-30-15:27:06: 129 146
2011-05-30-15:27:07: 129 146
2011-05-30-15:27:08: 129 146
2011-05-30-15:27:09: 129 146
2011-05-30-15:27:12: 129 146
2011-05-30-15:27:13: 129 146
2011-05-30-15:27:13: 129 146
2011-05-30-15:27:13: 129 146
2011-05-30-15:27:14: 129 146
2011-05-30-15:27:15: 129 146
2011-05-30-15:27:16: 129 146
2011-05-30-15:27:17: 129 146
2011-05-30-15:27:18: 129 146
2011-05-30-15:27:19: 129 146
2011-05-30-15:27:20: 129 146
2011-05-30-15:27:21: 129 146
2011-05-30-15:27:22: 129 146
2011-05-30-15:27:23: 129 146
2011-05-30-15:27:24: 129 146
2011-05-30-15:27:24: 129 146
2011-05-30-15:27:25: 129 146
2011-05-30-15:27:26: 129 146
2011-05-30-15:27:27: 129 146
2011-05-30-15:27:28: 129 146
2011-05-30-15:27:29: 129 146
2011-05-30-15:27:30: 129 146
2011-05-30-15:27:31: 129 146
2011-05-30-15:27:32: 129 146
2011-05-30-15:27:33: 129 146
2011-05-30-15:27:34: 129 146
2011-05-30-15:27:35: 129 146
2011-05-30-15:27:36: 129 146
2011-05-30-15:27:37: 129 146
2011-05-30-15:27:39: 129 146
2011-05-30-15:27:39: 129 146
2011-05-30-15:27:41: 129 146
2011-05-30-15:27:42: 129 146
2011-05-30-15:27:42: 129 146
2011-05-30-15:27:43: 129 146
2011-05-30-15:27:44: 129 146
2011-05-30-15:27:45: 129 146
2011-05-30-15:27:46: 129 146
2011-05-30-15:27:47: 129 146
2011-05-30-15:27:48: 129 146
2011-05-30-15:27:49: 129 146
2011-05-30-15:27:50: 129 146
2011-05-30-15:27:51: 129 146
2011-05-30-15:27:52: 129 146
2011-05-30-15:27:53: 129 146
2011-05-30-15:27:54: 129 146
2011-05-30-15:27:56: 129 146
2011-05-30-15:27:56: 129 146
2011-05-30-15:27:57: 129 146
2011-05-30-15:27:58: 129 146
2011-05-30-15:27:59: 128 145
2011-05-30-15:28:01: 128 139
2011-05-30-15:28:02: 129 145
2011-05-30-15:28:02: 128 146
2011-05-30-15:28:04: 128 145
2011-05-30-15:28:05: 129 146
2011-05-30-15:28:05: 128 146
2011-05-30-15:28:07: 129 146
2011-05-30-15:28:08: 128 146
2011-05-30-15:28:09: 128 145
2011-05-30-15:28:10: 128 139
2011-05-30-15:28:11: 129 145
2011-05-30-15:28:12: 129 140
2011-05-30-15:28:13: 129 144
2011-05-30-15:28:14: 129 139
2011-05-30-15:28:15: 129 144
2011-05-30-15:28:16: 128 139
2011-05-30-15:28:16: 128 144
2011-05-30-15:28:17: 129 136
2011-05-30-15:28:18: 129 144
2011-05-30-15:28:19: 129 145
2011-05-30-15:28:20: 129 144
2011-05-30-15:28:21: 129 139
2011-05-30-15:28:22: 128 144
2011-05-30-15:28:23: 128 140
2011-05-30-15:28:24: 129 144
2011-05-30-15:28:25: 129 142
2011-05-30-15:28:26: 129 145
2011-05-30-15:28:27: 129 145
2011-05-30-15:28:28: 128 145
2011-05-30-15:28:29: 129 145
2011-05-30-15:28:30: 129 145
2011-05-30-15:28:31: 129 145
2011-05-30-15:28:32: 129 145
2011-05-30-15:28:33: 129 145
2011-05-30-15:28:34: 128 145
2011-05-30-15:28:35: 129 145
2011-05-30-15:28:36: 129 145
2011-05-30-15:28:37: 129 145
2011-05-30-15:28:38: 129 145
2011-05-30-15:28:39: 129 145
2011-05-30-15:28:40: 128 145
2011-05-30-15:28:41: 129 145
2011-05-30-15:28:42: 128 120
2011-05-30-15:28:43: 129 145
2011-05-30-15:28:44: 129 145
2011-05-30-15:28:45: 129 145
2011-05-30-15:28:46: 129 145
2011-05-30-15:28:47: 129 145
2011-05-30-15:28:48: 129 144
2011-05-30-15:28:49: 129 145
2011-05-30-15:28:50: 129 145
2011-05-30-15:28:51: 128 145
2011-05-30-15:28:52: 129 146
2011-05-30-15:28:53: 129 145
2011-05-30-15:28:54: 129 146
2011-05-30-15:28:55: 129 145
2011-05-30-15:28:56: 128 145
2011-05-30-15:28:57: 128 145
2011-05-30-15:28:58: 128 146
2011-05-30-15:28:59: 128 145
2011-05-30-15:29:00: 128 146
2011-05-30-15:29:01: 129 145
2011-05-30-15:29:02: 129 146
2011-05-30-15:29:03: 129 145
2011-05-30-15:29:04: 128 145
2011-05-30-15:29:05: 128 145
2011-05-30-15:29:06: 129 145
2011-05-30-15:29:07: 129 145
2011-05-30-15:29:07: 129 145
2011-05-30-15:29:08: 129 145
2011-05-30-15:29:09: 129 145
2011-05-30-15:29:10: 129 145
2011-05-30-15:29:11: 129 145
2011-05-30-15:29:12: 128 145
2011-05-30-15:29:13: 128 145
2011-05-30-15:29:14: 128 145
2011-05-30-15:29:15: 128 145
2011-05-30-15:29:16: 128 144
2011-05-30-15:29:17: 128 145
2011-05-30-15:29:18: 128 145
2011-05-30-15:29:19: 129 145
2011-05-30-15:29:20: 129 144
2011-05-30-15:29:21: 129 146
2011-05-30-15:29:22: 129 143
2011-05-30-15:29:23: 129 146
2011-05-30-15:29:24: 129 146
2011-05-30-15:29:25: 128 146
2011-05-30-15:29:26: 129 146
2011-05-30-15:29:27: 129 146
2011-05-30-15:29:28: 129 146
2011-05-30-15:29:29: 129 146
2011-05-30-15:29:30: 129 146
2011-05-30-15:29:31: 129 146
2011-05-30-15:29:32: 129 146
2011-05-30-15:29:33: 128 146
2011-05-30-15:29:34: 129 146
2011-05-30-15:29:35: 129 146
2011-05-30-15:29:36: 128 146
2011-05-30-15:29:37: 129 146
2011-05-30-15:29:38: 129 146
2011-05-30-15:29:39: 129 146
2011-05-30-15:29:40: 128 146
2011-05-30-15:29:41: 128 146
2011-05-30-15:29:42: 129 146
2011-05-30-15:29:43: 129 146
2011-05-30-15:29:44: 129 146
2011-05-30-15:29:45: 129 146
2011-05-30-15:29:46: 129 146
2011-05-30-15:29:47: 129 146
2011-05-30-15:29:48: 128 146
2011-05-30-15:29:49: 129 146
2011-05-30-15:29:50: 129 146
2011-05-30-15:29:51: 129 146
2011-05-30-15:29:52: 129 146
2011-05-30-15:29:53: 129 146
2011-05-30-15:29:54: 129 146
2011-05-30-15:29:55: 129 146
2011-05-30-15:29:56: 128 146
2011-05-30-15:29:57: 128 146
2011-05-30-15:29:58: 128 146
2011-05-30-15:29:58: 129 146
2011-05-30-15:29:59: 128 146
2011-05-30-15:30:00: 128 146
2011-05-30-15:30:01: 129 146
2011-05-30-15:30:02: 128 146
2011-05-30-15:30:03: 129 146
2011-05-30-15:30:04: 129 146
2011-05-30-15:30:05: 128 146
2011-05-30-15:30:06: 128 146
2011-05-30-15:30:07: 129 146
2011-05-30-15:30:08: 129 146
2011-05-30-15:30:09: 129 146
2011-05-30-15:30:10: 128 146
2011-05-30-15:30:11: 129 146
2011-05-30-15:30:12: 129 146
2011-05-30-15:30:13: 128 146
2011-05-30-15:30:14: 128 146
2011-05-30-15:30:15: 129 146
2011-05-30-15:30:16: 129 146
2011-05-30-15:30:17: 128 146
2011-05-30-15:30:18: 129 146
2011-05-30-15:30:19: 128 146
2011-05-30-15:30:20: 129 146
2011-05-30-15:30:21: 129 146
2011-05-30-15:30:22: 129 146
2011-05-30-15:30:23: 129 146
2011-05-30-15:30:24: 129 146
2011-05-30-15:30:25: 129 146
2011-05-30-15:30:26: 129 146
2011-05-30-15:30:27: 129 146
2011-05-30-15:30:28: 129 146
2011-05-30-15:30:29: 129 146
2011-05-30-15:30:30: 129 146
2011-05-30-15:30:31: 129 146
2011-05-30-15:30:32: 129 146
2011-05-30-15:30:33: 129 146
2011-05-30-15:30:34: 129 146
2011-05-30-15:30:35: 129 146
2011-05-30-15:30:36: 129 146
2011-05-30-15:30:37: 129 146
2011-05-30-15:30:38: 129 146
2011-05-30-15:30:39: 129 146
2011-05-30-15:30:40: 129 146
2011-05-30-15:30:41: 129 146
2011-05-30-15:30:42: 129 146
2011-05-30-15:30:43: 129 146
2011-05-30-15:30:44: 128 146
2011-05-30-15:30:45: 128 146
2011-05-30-15:30:46: 128 146
2011-05-30-15:30:47: 128 146
2011-05-30-15:30:48: 129 146
2011-05-30-15:30:49: 129 146
2011-05-30-15:30:49: 129 146
2011-05-30-15:30:50: 128 146
2011-05-30-15:30:51: 129 146
2011-05-30-15:30:52: 128 146
2011-05-30-15:30:53: 129 146
2011-05-30-15:30:54: 128 146
2011-05-30-15:30:55: 128 146
2011-05-30-15:30:56: 129 146
2011-05-30-15:30:57: 128 146
2011-05-30-15:30:58: 128 146
2011-05-30-15:30:59: 129 146
2011-05-30-15:31:00: 129 146
2011-05-30-15:31:01: 129 146
2011-05-30-15:31:02: 129 146
2011-05-30-15:31:03: 128 146
2011-05-30-15:31:04: 129 146
2011-05-30-15:31:05: 128 146
2011-05-30-15:31:06: 129 146
2011-05-30-15:31:07: 129 146
2011-05-30-15:31:08: 129 146
2011-05-30-15:31:09: 129 146
2011-05-30-15:31:10: 129 146
2011-05-30-15:31:11: 129 146
2011-05-30-15:31:12: 128 146
2011-05-30-15:31:13: 129 146
2011-05-30-15:31:14: 129 146
2011-05-30-15:31:15: 129 146
2011-05-30-15:31:16: 129 146
2011-05-30-15:31:17: 129 146
2011-05-30-15:31:18: 129 146
2011-05-30-15:31:19: 129 146
2011-05-30-15:31:20: 129 146
2011-05-30-15:31:21: 129 146
2011-05-30-15:31:22: 129 146
2011-05-30-15:31:23: 129 146
2011-05-30-15:31:24: 129 146
2011-05-30-15:31:25: 129 146
2011-05-30-15:31:26: 129 146
2011-05-30-15:31:27: 129 146
2011-05-30-15:31:28: 129 146
2011-05-30-15:31:29: 129 146
2011-05-30-15:31:31: 129 146
2011-05-30-15:31:31: 129 146
2011-05-30-15:31:33: 128 146
2011-05-30-15:31:33: 129 146
2011-05-30-15:31:35: 128 146
2011-05-30-15:31:36: 129 146
2011-05-30-15:31:37: 128 146
2011-05-30-15:31:38: 128 146
2011-05-30-15:31:39: 128 146
2011-05-30-15:31:40: 129 146
2011-05-30-15:31:41: 128 146
2011-05-30-15:31:41: 129 146
2011-05-30-15:31:42: 128 146
2011-05-30-15:31:43: 129 146
2011-05-30-15:31:44: 128 146
2011-05-30-15:31:45: 128 146
2011-05-30-15:31:46: 129 146
2011-05-30-15:31:47: 128 146
2011-05-30-15:31:48: 129 146
2011-05-30-15:31:49: 129 146
2011-05-30-15:31:50: 128 146
2011-05-30-15:31:51: 128 146
2011-05-30-15:31:52: 129 146
2011-05-30-15:31:53: 128 146
2011-05-30-15:31:54: 128 146
2011-05-30-15:31:55: 129 146
2011-05-30-15:31:56: 129 146
2011-05-30-15:31:57: 128 146
2011-05-30-15:31:58: 129 146
2011-05-30-15:31:59: 128 146
2011-05-30-15:32:00: 129 146
2011-05-30-15:32:01: 128 146
2011-05-30-15:32:02: 128 146
2011-05-30-15:32:03: 129 146
2011-05-30-15:32:04: 129 146
2011-05-30-15:32:05: 129 146
2011-05-30-15:32:06: 129 146
2011-05-30-15:32:07: 129 146
2011-05-30-15:32:08: 129 146
2011-05-30-15:32:09: 129 146
2011-05-30-15:32:10: 128 146
2011-05-30-15:32:11: 128 146
2011-05-30-15:32:12: 128 146
2011-05-30-15:32:13: 129 146
2011-05-30-15:32:14: 128 146
2011-05-30-15:32:15: 128 146
2011-05-30-15:32:16: 129 146
2011-05-30-15:32:17: 129 146
2011-05-30-15:32:18: 129 146
2011-05-30-15:32:19: 129 146
2011-05-30-15:32:20: 129 146
2011-05-30-15:32:21: 129 146
2011-05-30-15:32:22: 129 146
2011-05-30-15:32:23: 128 146
2011-05-30-15:32:24: 129 146
2011-05-30-15:32:25: 129 146
2011-05-30-15:32:26: 129 146
2011-05-30-15:32:27: 128 146
2011-05-30-15:32:28: 129 146
2011-05-30-15:32:29: 129 146
2011-05-30-15:32:30: 129 146
2011-05-30-15:32:31: 128 146
2011-05-30-15:32:32: 128 146
2011-05-30-15:32:32: 128 146
2011-05-30-15:32:33: 129 146
2011-05-30-15:32:34: 128 146
2011-05-30-15:32:35: 128 146
2011-05-30-15:32:36: 129 146
2011-05-30-15:32:37: 128 146
2011-05-30-15:32:38: 128 146
2011-05-30-15:32:39: 128 146
2011-05-30-15:32:40: 128 146
2011-05-30-15:32:41: 129 146
2011-05-30-15:32:42: 129 146
2011-05-30-15:32:43: 128 146
2011-05-30-15:32:44: 129 146
2011-05-30-15:32:45: 129 146
2011-05-30-15:32:46: 128 146
2011-05-30-15:32:47: 129 146
2011-05-30-15:32:48: 128 146
2011-05-30-15:32:49: 128 146
2011-05-30-15:32:50: 128 146
2011-05-30-15:32:51: 129 146
2011-05-30-15:32:52: 128 146
2011-05-30-15:32:53: 129 146
2011-05-30-15:32:54: 128 146
2011-05-30-15:32:55: 129 146
2011-05-30-15:32:56: 129 146
2011-05-30-15:32:57: 128 146
2011-05-30-15:32:58: 128 146
2011-05-30-15:32:59: 128 146
2011-05-30-15:33:00: 128 146
2011-05-30-15:33:01: 129 146
2011-05-30-15:33:02: 129 146
2011-05-30-15:33:03: 128 146
2011-05-30-15:33:04: 128 146
2011-05-30-15:33:05: 128 146
2011-05-30-15:33:06: 128 146
2011-05-30-15:33:07: 129 146
2011-05-30-15:33:08: 129 146
2011-05-30-15:33:09: 129 146
2011-05-30-15:33:10: 128 146
2011-05-30-15:33:11: 128 146
2011-05-30-15:33:12: 128 146
2011-05-30-15:33:13: 128 146
2011-05-30-15:33:14: 128 146
2011-05-30-15:33:15: 128 146
2011-05-30-15:33:16: 128 146
2011-05-30-15:33:17: 128 146
2011-05-30-15:33:18: 128 146
2011-05-30-15:33:19: 128 146
2011-05-30-15:33:20: 128 146
2011-05-30-15:33:21: 128 146
2011-05-30-15:33:22: 128 146
2011-05-30-15:33:23: 128 146
2011-05-30-15:33:23: 128 146
2011-05-30-15:33:24: 128 146
2011-05-30-15:33:25: 128 146
2011-05-30-15:33:26: 129 146
2011-05-30-15:33:27: 128 146
2011-05-30-15:33:28: 129 146
2011-05-30-15:33:29: 128 146
2011-05-30-15:33:30: 128 146
2011-05-30-15:33:31: 129 146
2011-05-30-15:33:32: 128 146
2011-05-30-15:33:33: 128 146
2011-05-30-15:33:34: 128 146
2011-05-30-15:33:35: 128 146
2011-05-30-15:33:36: 129 146
2011-05-30-15:33:37: 128 146
2011-05-30-15:33:38: 128 146
2011-05-30-15:33:39: 128 146
2011-05-30-15:33:40: 129 146
2011-05-30-15:33:41: 129 146
2011-05-30-15:33:42: 128 146
2011-05-30-15:33:43: 129 146
2011-05-30-15:33:44: 129 146
2011-05-30-15:33:45: 129 146
2011-05-30-15:33:46: 128 146
2011-05-30-15:33:47: 128 146
2011-05-30-15:33:48: 128 146
2011-05-30-15:33:49: 129 146
2011-05-30-15:33:50: 129 146
2011-05-30-15:33:51: 129 146
2011-05-30-15:33:52: 128 146
2011-05-30-15:33:53: 128 146
2011-05-30-15:33:54: 128 146
2011-05-30-15:33:56: 128 146
2011-05-30-15:33:56: 128 146
2011-05-30-15:33:57: 128 146
2011-05-30-15:33:58: 129 146
2011-05-30-15:33:59: 128 146
2011-05-30-15:34:00: 128 146
2011-05-30-15:34:01: 128 146
2011-05-30-15:34:02: 128 146
2011-05-30-15:34:03: 129 146
2011-05-30-15:34:04: 128 146
2011-05-30-15:34:05: 129 146
2011-05-30-15:34:06: 128 146
2011-05-30-15:34:07: 128 146
2011-05-30-15:34:08: 128 146
2011-05-30-15:34:09: 129 146
2011-05-30-15:34:10: 128 146
2011-05-30-15:34:11: 129 146
2011-05-30-15:34:12: 129 146
2011-05-30-15:34:13: 128 146
2011-05-30-15:34:14: 129 146
2011-05-30-15:34:14: 128 146
2011-05-30-15:34:15: 129 146
2011-05-30-15:34:16: 128 146
2011-05-30-15:34:17: 128 146
2011-05-30-15:34:18: 129 146
2011-05-30-15:34:19: 129 146
2011-05-30-15:34:20: 128 146
2011-05-30-15:34:21: 129 146
2011-05-30-15:34:22: 128 146
2011-05-30-15:34:23: 129 146
2011-05-30-15:34:24: 129 146
2011-05-30-15:34:25: 128 146
2011-05-30-15:34:26: 129 146
2011-05-30-15:34:27: 128 146
2011-05-30-15:34:28: 129 146
2011-05-30-15:34:29: 128 146
2011-05-30-15:34:30: 128 146
2011-05-30-15:34:31: 128 146
2011-05-30-15:34:32: 129 146
2011-05-30-15:34:33: 129 146
2011-05-30-15:34:34: 128 146
2011-05-30-15:34:35: 128 146
2011-05-30-15:34:36: 128 146
2011-05-30-15:34:37: 129 146
2011-05-30-15:34:38: 128 146
2011-05-30-15:34:39: 128 146
2011-05-30-15:34:41: 128 146
2011-05-30-15:34:41: 128 146
2011-05-30-15:34:43: 128 146
2011-05-30-15:34:43: 128 146
2011-05-30-15:34:44: 128 146
2011-05-30-15:34:46: 129 146
2011-05-30-15:34:46: 128 146
2011-05-30-15:34:47: 128 146
2011-05-30-15:34:49: 128 146
2011-05-30-15:34:49: 128 146
2011-05-30-15:34:50: 128 146
2011-05-30-15:34:52: 128 146
2011-05-30-15:34:53: 128 146
2011-05-30-15:34:53: 128 146
2011-05-30-15:34:54: 128 146
2011-05-30-15:34:55: 128 146
2011-05-30-15:34:56: 128 146
2011-05-30-15:34:58: 128 146
2011-05-30-15:34:59: 128 146
2011-05-30-15:35:00: 129 146
2011-05-30-15:35:01: 129 146
2011-05-30-15:35:02: 129 146
2011-05-30-15:35:02: 128 146
2011-05-30-15:35:03: 129 146
2011-05-30-15:35:05: 129 146
2011-05-30-15:35:06: 129 146
2011-05-30-15:35:06: 129 146
2011-05-30-15:35:07: 128 146
2011-05-30-15:35:08: 129 146
2011-05-30-15:35:09: 129 146
2011-05-30-15:35:10: 128 146
2011-05-30-15:35:11: 128 146
2011-05-30-15:35:12: 128 146
2011-05-30-15:35:13: 128 146
2011-05-30-15:35:14: 128 146
2011-05-30-15:35:15: 128 146
2011-05-30-15:35:16: 129 146
2011-05-30-15:35:17: 129 146
2011-05-30-15:35:18: 128 146
2011-05-30-15:35:19: 129 146
2011-05-30-15:35:20: 128 146
2011-05-30-15:35:21: 129 146
2011-05-30-15:35:22: 128 146
2011-05-30-15:35:23: 129 146
2011-05-30-15:35:24: 129 146
2011-05-30-15:35:25: 128 146
2011-05-30-15:35:26: 129 146
2011-05-30-15:35:27: 129 146
2011-05-30-15:35:28: 129 146
2011-05-30-15:35:29: 128 146
2011-05-30-15:35:30: 128 146
2011-05-30-15:35:31: 128 146
2011-05-30-15:35:32: 128 146
2011-05-30-15:35:33: 128 146
2011-05-30-15:35:34: 128 146
2011-05-30-15:35:35: 128 146
2011-05-30-15:35:36: 128 146
2011-05-30-15:35:37: 128 146
2011-05-30-15:35:38: 128 146
2011-05-30-15:35:39: 128 146
2011-05-30-15:35:40: 128 146
2011-05-30-15:35:41: 128 146
2011-05-30-15:35:42: 128 146
2011-05-30-15:35:43: 129 146
2011-05-30-15:35:44: 128 146
2011-05-30-15:35:45: 128 146
2011-05-30-15:35:46: 128 146
2011-05-30-15:35:47: 129 146
2011-05-30-15:35:48: 128 146
2011-05-30-15:35:49: 128 146
2011-05-30-15:35:50: 129 146
2011-05-30-15:35:51: 129 146
2011-05-30-15:35:52: 128 146
2011-05-30-15:35:53: 128 146
2011-05-30-15:35:54: 128 146
2011-05-30-15:35:55: 128 146
2011-05-30-15:35:56: 128 146
2011-05-30-15:35:57: 128 146
2011-05-30-15:35:57: 128 146
2011-05-30-15:35:58: 128 146
2011-05-30-15:35:59: 128 146
2011-05-30-15:36:00: 128 146
2011-05-30-15:36:01: 128 146
2011-05-30-15:36:02: 128 146
2011-05-30-15:36:03: 128 146
2011-05-30-15:36:04: 128 146
2011-05-30-15:36:05: 129 146
2011-05-30-15:36:06: 129 146
2011-05-30-15:36:07: 128 146
2011-05-30-15:36:08: 128 146
2011-05-30-15:36:09: 128 146
2011-05-30-15:36:10: 128 146
2011-05-30-15:36:11: 128 146
2011-05-30-15:36:12: 128 146
2011-05-30-15:36:13: 128 146
2011-05-30-15:36:14: 128 146
2011-05-30-15:36:15: 128 146
2011-05-30-15:36:16: 129 146
2011-05-30-15:36:17: 128 146
2011-05-30-15:36:18: 128 146
2011-05-30-15:36:19: 128 146
2011-05-30-15:36:20: 128 146
2011-05-30-15:36:21: 128 146
2011-05-30-15:36:22: 128 146
2011-05-30-15:36:23: 128 146
2011-05-30-15:36:24: 128 146
2011-05-30-15:36:25: 129 146
2011-05-30-15:36:26: 128 146
2011-05-30-15:36:27: 128 148
2011-05-30-15:36:28: 128 146
2011-05-30-15:36:29: 128 146
2011-05-30-15:36:30: 128 146
2011-05-30-15:36:31: 128 146
2011-05-30-15:36:32: 128 146
2011-05-30-15:36:33: 128 146
2011-05-30-15:36:34: 128 146
2011-05-30-15:36:35: 128 146
2011-05-30-15:36:36: 128 146
2011-05-30-15:36:37: 128 146
2011-05-30-15:36:38: 128 146
2011-05-30-15:36:39: 128 146
2011-05-30-15:36:40: 129 146
2011-05-30-15:36:41: 128 146
2011-05-30-15:36:42: 129 146
2011-05-30-15:36:43: 128 146
2011-05-30-15:36:44: 129 146
2011-05-30-15:36:45: 128 146
2011-05-30-15:36:46: 129 146
2011-05-30-15:36:47: 128 146
2011-05-30-15:36:48: 128 146
2011-05-30-15:36:48: 128 146
2011-05-30-15:36:49: 128 146
2011-05-30-15:36:50: 128 146
2011-05-30-15:36:51: 128 146
2011-05-30-15:36:52: 128 146
2011-05-30-15:36:53: 128 146
2011-05-30-15:36:54: 128 146
2011-05-30-15:36:55: 128 146
2011-05-30-15:36:56: 128 146
2011-05-30-15:36:57: 128 146
2011-05-30-15:36:58: 128 146
2011-05-30-15:36:59: 128 146
2011-05-30-15:37:00: 128 146
2011-05-30-15:37:01: 128 146
2011-05-30-15:37:02: 128 146
2011-05-30-15:37:03: 128 146
2011-05-30-15:37:04: 128 146
2011-05-30-15:37:05: 128 146
2011-05-30-15:37:06: 128 146
2011-05-30-15:37:07: 128 146
2011-05-30-15:37:08: 128 146
2011-05-30-15:37:09: 128 146
2011-05-30-15:37:10: 128 146
2011-05-30-15:37:11: 128 146
2011-05-30-15:37:12: 128 146
2011-05-30-15:37:13: 128 146
2011-05-30-15:37:14: 128 146
2011-05-30-15:37:15: 128 146
2011-05-30-15:37:16: 128 146
2011-05-30-15:37:17: 128 146
2011-05-30-15:37:18: 128 146
2011-05-30-15:37:19: 128 146
2011-05-30-15:37:20: 128 146
2011-05-30-15:37:21: 128 146
2011-05-30-15:37:22: 128 146
2011-05-30-15:37:23: 128 146
2011-05-30-15:37:24: 128 146
2011-05-30-15:37:25: 128 146
2011-05-30-15:37:26: 128 146
2011-05-30-15:37:27: 128 146
2011-05-30-15:37:28: 128 146
2011-05-30-15:37:29: 128 146
2011-05-30-15:37:30: 128 146
2011-05-30-15:37:31: 128 146
2011-05-30-15:37:32: 128 146
2011-05-30-15:37:33: 128 146
2011-05-30-15:37:34: 128 146
2011-05-30-15:37:35: 128 146
2011-05-30-15:37:37: 128 146
2011-05-30-15:37:37: 128 146
2011-05-30-15:37:38: 128 146
2011-05-30-15:37:39: 128 146
2011-05-30-15:37:39: 128 146
2011-05-30-15:37:40: 128 146
2011-05-30-15:37:41: 128 146
2011-05-30-15:37:42: 128 146
2011-05-30-15:37:43: 128 146
2011-05-30-15:37:44: 128 146
2011-05-30-15:37:45: 128 146
2011-05-30-15:37:46: 128 146
2011-05-30-15:37:47: 128 146
2011-05-30-15:37:48: 128 146
2011-05-30-15:37:49: 128 146
2011-05-30-15:37:50: 128 146
2011-05-30-15:37:53: 128 146
2011-05-30-15:37:53: 128 146
2011-05-30-15:37:54: 128 146
2011-05-30-15:37:54: 128 146
2011-05-30-15:37:55: 128 146
2011-05-30-15:37:56: 128 146
2011-05-30-15:37:57: 128 146
2011-05-30-15:37:58: 128 146
2011-05-30-15:37:59: 128 146
2011-05-30-15:38:00: 128 146
2011-05-30-15:38:01: 128 146
2011-05-30-15:38:02: 128 146
2011-05-30-15:38:03: 128 146
2011-05-30-15:38:05: 128 146
2011-05-30-15:38:05: 128 146
2011-05-30-15:38:07: 128 146
2011-05-30-15:38:07: 128 146
2011-05-30-15:38:08: 128 146
2011-05-30-15:38:09: 128 146
2011-05-30-15:38:10: 128 146
2011-05-30-15:38:11: 128 146
2011-05-30-15:38:12: 128 146
2011-05-30-15:38:13: 128 146
2011-05-30-15:38:14: 128 146
2011-05-30-15:38:15: 128 144
2011-05-30-15:38:16: 128 146
2011-05-30-15:38:17: 128 146
2011-05-30-15:38:18: 128 146
2011-05-30-15:38:19: 128 146
2011-05-30-15:38:20: 128 146
2011-05-30-15:38:22: 128 146
2011-05-30-15:38:23: 128 146
2011-05-30-15:38:24: 128 146
2011-05-30-15:38:25: 128 146
2011-05-30-15:38:26: 128 146
2011-05-30-15:38:27: 128 146
2011-05-30-15:38:28: 128 146
2011-05-30-15:38:29: 128 146
2011-05-30-15:38:30: 128 146
2011-05-30-15:38:31: 128 146
2011-05-30-15:38:31: 128 146
2011-05-30-15:38:32: 128 146
2011-05-30-15:38:33: 128 146
2011-05-30-15:38:34: 128 146
2011-05-30-15:38:35: 128 142
2011-05-30-15:38:36: 128 146
2011-05-30-15:38:37: 128 146
2011-05-30-15:38:38: 128 146
2011-05-30-15:38:39: 128 146
2011-05-30-15:38:40: 128 146
2011-05-30-15:38:41: 128 146
2011-05-30-15:38:42: 128 146
2011-05-30-15:38:43: 128 146
2011-05-30-15:38:44: 128 146
2011-05-30-15:38:45: 128 146
2011-05-30-15:38:46: 128 146
2011-05-30-15:38:47: 128 146
2011-05-30-15:38:48: 128 146
2011-05-30-15:38:49: 128 146
2011-05-30-15:38:50: 128 146
2011-05-30-15:38:51: 128 146
2011-05-30-15:38:52: 128 146
2011-05-30-15:38:53: 128 146
2011-05-30-15:38:54: 128 146
2011-05-30-15:38:55: 128 146
2011-05-30-15:38:56: 128 146
2011-05-30-15:38:57: 128 146
2011-05-30-15:38:58: 128 145
2011-05-30-15:38:59: 128 146
2011-05-30-15:39:00: 128 145
2011-05-30-15:39:01: 128 146
2011-05-30-15:39:02: 128 145
2011-05-30-15:39:03: 128 146
2011-05-30-15:39:04: 128 148
2011-05-30-15:39:05: 128 146
2011-05-30-15:39:06: 128 147
2011-05-30-15:39:07: 128 146
2011-05-30-15:39:08: 128 146
2011-05-30-15:39:09: 128 146
2011-05-30-15:39:10: 128 146
2011-05-30-15:39:11: 128 146
2011-05-30-15:39:12: 128 146
2011-05-30-15:39:13: 128 146
2011-05-30-15:39:14: 128 146
2011-05-30-15:39:15: 128 146
2011-05-30-15:39:16: 128 146
2011-05-30-15:39:17: 128 146
2011-05-30-15:39:18: 128 146
2011-05-30-15:39:19: 127 146
2011-05-30-15:39:20: 128 146
2011-05-30-15:39:21: 128 146
2011-05-30-15:39:22: 128 146
2011-05-30-15:39:22: 128 146
2011-05-30-15:39:23: 128 146
2011-05-30-15:39:24: 128 146
2011-05-30-15:39:25: 128 146
2011-05-30-15:39:26: 128 146
2011-05-30-15:39:27: 128 146
2011-05-30-15:39:28: 128 146
2011-05-30-15:39:29: 128 146
2011-05-30-15:39:30: 128 146
2011-05-30-15:39:31: 128 146
2011-05-30-15:39:32: 128 146
2011-05-30-15:39:33: 128 146
2011-05-30-15:39:34: 128 146
2011-05-30-15:39:35: 128 146
2011-05-30-15:39:36: 128 146
2011-05-30-15:39:37: 128 146
2011-05-30-15:39:38: 128 146
2011-05-30-15:39:39: 128 146
2011-05-30-15:39:40: 128 146
2011-05-30-15:39:41: 128 146
2011-05-30-15:39:42: 128 146
2011-05-30-15:39:43: 128 146
2011-05-30-15:39:44: 128 146
2011-05-30-15:39:45: 128 146
2011-05-30-15:39:46: 128 146
2011-05-30-15:39:47: 128 146
2011-05-30-15:39:48: 128 146
2011-05-30-15:39:49: 128 146
2011-05-30-15:39:50: 128 146
2011-05-30-15:39:51: 128 146
2011-05-30-15:39:54: 128 146
2011-05-30-15:39:54: 128 146
2011-05-30-15:39:54: 128 146
2011-05-30-15:39:55: 128 146
2011-05-30-15:39:56: 128 146
2011-05-30-15:39:57: 128 146
2011-05-30-15:39:58: 128 146
2011-05-30-15:39:59: 128 146
2011-05-30-15:40:00: 128 146
2011-05-30-15:40:01: 128 146
2011-05-30-15:40:02: 128 146
2011-05-30-15:40:03: 128 146
2011-05-30-15:40:04: 128 146
2011-05-30-15:40:05: 128 146
2011-05-30-15:40:06: 128 146
2011-05-30-15:40:07: 128 146
2011-05-30-15:40:08: 128 146
2011-05-30-15:40:09: 128 146
2011-05-30-15:40:10: 128 146
2011-05-30-15:40:11: 128 146
2011-05-30-15:40:12: 128 146
2011-05-30-15:40:13: 128 146
2011-05-30-15:40:13: 128 146
2011-05-30-15:40:14: 128 146
2011-05-30-15:40:15: 128 146
2011-05-30-15:40:16: 128 146
2011-05-30-15:40:17: 128 146
2011-05-30-15:40:18: 128 146
2011-05-30-15:40:19: 128 146
2011-05-30-15:40:20: 128 146
2011-05-30-15:40:21: 128 146
2011-05-30-15:40:22: 128 146
2011-05-30-15:40:23: 128 146
2011-05-30-15:40:24: 128 146
2011-05-30-15:40:25: 128 146
2011-05-30-15:40:26: 128 146
2011-05-30-15:40:27: 128 146
2011-05-30-15:40:28: 128 146
2011-05-30-15:40:29: 128 146
2011-05-30-15:40:30: 128 146
2011-05-30-15:40:31: 128 146
2011-05-30-15:40:32: 128 146
2011-05-30-15:40:33: 128 146
2011-05-30-15:40:34: 128 146
2011-05-30-15:40:35: 128 146
2011-05-30-15:40:36: 128 146
2011-05-30-15:40:37: 128 146
2011-05-30-15:40:38: 128 146
2011-05-30-15:40:39: 128 146
2011-05-30-15:40:40: 128 146
2011-05-30-15:40:41: 128 146
2011-05-30-15:40:42: 128 146
2011-05-30-15:40:43: 128 146
2011-05-30-15:40:44: 128 146
2011-05-30-15:40:45: 128 146
2011-05-30-15:40:46: 128 146
2011-05-30-15:40:47: 128 146
2011-05-30-15:40:48: 128 146
2011-05-30-15:40:49: 128 146
2011-05-30-15:40:50: 128 146
2011-05-30-15:40:51: 128 146
2011-05-30-15:40:52: 128 146
2011-05-30-15:40:53: 128 146
2011-05-30-15:40:54: 128 146
2011-05-30-15:40:55: 128 146
2011-05-30-15:40:56: 128 146
2011-05-30-15:40:57: 128 146
2011-05-30-15:40:58: 128 146
2011-05-30-15:40:59: 128 146
2011-05-30-15:41:00: 128 146
2011-05-30-15:41:01: 128 146
2011-05-30-15:41:02: 128 146
2011-05-30-15:41:03: 128 146
2011-05-30-15:41:04: 128 144
2011-05-30-15:41:04: 128 146
2011-05-30-15:41:05: 128 145
2011-05-30-15:41:06: 128 146
2011-05-30-15:41:08: 128 146
2011-05-30-15:41:09: 127 146
2011-05-30-15:41:10: 128 145
2011-05-30-15:41:11: 128 146
2011-05-30-15:41:12: 128 146
2011-05-30-15:41:13: 128 146
2011-05-30-15:41:14: 128 146
2011-05-30-15:41:15: 128 146
2011-05-30-15:41:16: 128 146
2011-05-30-15:41:17: 128 146
2011-05-30-15:41:18: 128 146
2011-05-30-15:41:19: 128 146
2011-05-30-15:41:20: 128 146
2011-05-30-15:41:21: 128 146
2011-05-30-15:41:23: 128 146
2011-05-30-15:41:24: 128 146
2011-05-30-15:41:24: 128 146
2011-05-30-15:41:25: 128 146
2011-05-30-15:41:26: 128 146
2011-05-30-15:41:27: 128 146
2011-05-30-15:41:28: 128 146
2011-05-30-15:41:29: 128 146
2011-05-30-15:41:30: 128 146
2011-05-30-15:41:31: 128 146
2011-05-30-15:41:32: 128 146
2011-05-30-15:41:33: 128 146
2011-05-30-15:41:34: 128 146
2011-05-30-15:41:35: 128 146
2011-05-30-15:41:36: 128 146
2011-05-30-15:41:37: 128 146
2011-05-30-15:41:39: 128 146
2011-05-30-15:41:39: 128 146
2011-05-30-15:41:40: 128 146
2011-05-30-15:41:41: 128 146
2011-05-30-15:41:42: 128 146
2011-05-30-15:41:43: 128 146
2011-05-30-15:41:44: 128 146
2011-05-30-15:41:45: 128 146
2011-05-30-15:41:46: 128 146
2011-05-30-15:41:47: 128 146
2011-05-30-15:41:48: 128 146
2011-05-30-15:41:49: 128 146
2011-05-30-15:41:50: 128 146
2011-05-30-15:41:51: 128 146
2011-05-30-15:41:54: 128 146
2011-05-30-15:41:54: 128 146
2011-05-30-15:41:54: 128 146
2011-05-30-15:41:57: 128 147
2011-05-30-15:41:57: 128 146
2011-05-30-15:41:57: 128 146
2011-05-30-15:41:57: 128 146
2011-05-30-15:41:58: 128 146
2011-05-30-15:41:59: 128 146
2011-05-30-15:42:00: 128 146
2011-05-30-15:42:01: 128 146
2011-05-30-15:42:02: 128 146
2011-05-30-15:42:03: 128 146
2011-05-30-15:42:04: 128 146
2011-05-30-15:42:05: 128 146
2011-05-30-15:42:06: 128 146
2011-05-30-15:42:09: 128 146
2011-05-30-15:42:10: 128 146
2011-05-30-15:42:10: 128 148
2011-05-30-15:42:10: 128 146
2011-05-30-15:42:11: 128 143
2011-05-30-15:42:12: 128 146
2011-05-30-15:42:13: 128 144
2011-05-30-15:42:14: 128 146
2011-05-30-15:42:15: 128 144
2011-05-30-15:42:16: 128 146
2011-05-30-15:42:17: 128 145
2011-05-30-15:42:18: 128 146
2011-05-30-15:42:19: 128 144
2011-05-30-15:42:20: 128 146
2011-05-30-15:42:21: 128 149
2011-05-30-15:42:22: 128 146
2011-05-30-15:42:23: 128 146
2011-05-30-15:42:24: 128 146
2011-05-30-15:42:25: 128 146
2011-05-30-15:42:26: 128 146
2011-05-30-15:42:27: 128 146
2011-05-30-15:42:28: 128 146
2011-05-30-15:42:29: 128 146
2011-05-30-15:42:30: 128 146
2011-05-30-15:42:31: 128 146
2011-05-30-15:42:32: 128 146
2011-05-30-15:42:33: 128 146
2011-05-30-15:42:34: 128 146
2011-05-30-15:42:35: 127 146
2011-05-30-15:42:36: 128 146
2011-05-30-15:42:37: 128 146
2011-05-30-15:42:38: 128 146
2011-05-30-15:42:39: 128 142
2011-05-30-15:42:40: 128 146
2011-05-30-15:42:41: 128 146
2011-05-30-15:42:42: 128 146
2011-05-30-15:42:43: 128 146
2011-05-30-15:42:44: 128 146
2011-05-30-15:42:45: 128 146
2011-05-30-15:42:46: 128 146
2011-05-30-15:42:47: 128 146
2011-05-30-15:42:47: 128 146
2011-05-30-15:42:48: 128 146
2011-05-30-15:42:49: 128 146
2011-05-30-15:42:50: 128 146
2011-05-30-15:42:51: 128 146
2011-05-30-15:42:52: 128 146
2011-05-30-15:42:53: 128 146
2011-05-30-15:42:54: 128 146
2011-05-30-15:42:55: 128 146
2011-05-30-15:42:56: 128 146
2011-05-30-15:42:57: 128 146
2011-05-30-15:42:58: 128 146
2011-05-30-15:42:58: 128 146
2011-05-30-15:42:58: 128 146
2011-05-30-15:42:58: 128 146
2011-05-30-15:42:58: 128 146
2011-05-30-15:42:59: 128 146
2011-05-30-15:42:59: 128 146
2011-05-30-15:42:59: 128 146
2011-05-30-15:42:59: 128 146
2011-05-30-15:42:59: 128 146
2011-05-30-15:42:59: 128 146
2011-05-30-15:42:59: 128 146
2011-05-30-15:43:00: 128 146
2011-05-30-15:43:00: 128 146
2011-05-30-15:43:00: 128 146
2011-05-30-15:43:01: 128 146
2011-05-30-15:43:02: 128 146
2011-05-30-15:43:03: 128 146
2011-05-30-15:43:04: 128 146
2011-05-30-15:43:05: 128 146
2011-05-30-15:43:06: 128 146
2011-05-30-15:43:07: 128 146
2011-05-30-15:43:08: 128 146
2011-05-30-15:43:09: 128 146
2011-05-30-15:43:10: 128 146
2011-05-30-15:43:11: 128 146
2011-05-30-15:43:12: 128 146
2011-05-30-15:43:13: 128 146
2011-05-30-15:43:14: 128 146
2011-05-30-15:43:15: 128 146
2011-05-30-15:43:16: 128 146
2011-05-30-15:43:17: 128 146
2011-05-30-15:43:18: 128 146
2011-05-30-15:43:19: 128 146
2011-05-30-15:43:20: 128 146
2011-05-30-15:43:21: 128 146
2011-05-30-15:43:22: 128 146
2011-05-30-15:43:23: 128 146
2011-05-30-15:43:24: 128 146
2011-05-30-15:43:25: 128 146
2011-05-30-15:43:26: 128 146
2011-05-30-15:43:27: 128 146
2011-05-30-15:43:28: 128 146
2011-05-30-15:43:29: 128 146
2011-05-30-15:43:30: 128 146
2011-05-30-15:43:31: 128 146
2011-05-30-15:43:32: 128 146
2011-05-30-15:43:33: 128 146
2011-05-30-15:43:34: 128 146
2011-05-30-15:43:35: 128 146
2011-05-30-15:43:36: 128 146
2011-05-30-15:43:38: 128 146
2011-05-30-15:43:38: 128 146
2011-05-30-15:43:39: 128 146
2011-05-30-15:43:40: 128 146
2011-05-30-15:43:41: 128 146
2011-05-30-15:43:42: 128 146
2011-05-30-15:43:43: 128 146
2011-05-30-15:43:44: 128 146
2011-05-30-15:43:45: 128 146
2011-05-30-15:43:46: 128 146
2011-05-30-15:43:47: 128 146
2011-05-30-15:43:48: 128 146
2011-05-30-15:43:49: 128 146
2011-05-30-15:43:50: 128 146
2011-05-30-15:43:51: 128 146
2011-05-30-15:43:52: 128 146
2011-05-30-15:43:53: 128 146
2011-05-30-15:43:54: 128 147
2011-05-30-15:43:55: 128 146
2011-05-30-15:43:56: 128 146
2011-05-30-15:43:57: 128 146
2011-05-30-15:43:58: 128 146
2011-05-30-15:43:59: 128 146
2011-05-30-15:44:00: 128 146
2011-05-30-15:44:01: 128 146
2011-05-30-15:44:02: 128 146
2011-05-30-15:44:03: 128 146
2011-05-30-15:44:04: 128 146
2011-05-30-15:44:05: 128 146
2011-05-30-15:44:06: 128 146
2011-05-30-15:44:07: 128 146
2011-05-30-15:44:08: 128 146
2011-05-30-15:44:09: 128 146
2011-05-30-15:44:10: 128 146
2011-05-30-15:44:11: 128 143
2011-05-30-15:44:12: 128 146
2011-05-30-15:44:13: 128 145
2011-05-30-15:44:14: 128 146
2011-05-30-15:44:15: 128 146
2011-05-30-15:44:16: 128 146
2011-05-30-15:44:17: 128 146
2011-05-30-15:44:18: 128 146
2011-05-30-15:44:18: 128 146
2011-05-30-15:44:19: 128 146
2011-05-30-15:44:20: 128 146
2011-05-30-15:44:21: 128 146
2011-05-30-15:44:23: 128 146
2011-05-30-15:44:23: 128 146
2011-05-30-15:44:24: 128 146
2011-05-30-15:44:25: 128 146
2011-05-30-15:44:26: 128 146
2011-05-30-15:44:27: 128 146
2011-05-30-15:44:28: 128 146
2011-05-30-15:44:29: 128 146
2011-05-30-15:44:30: 128 146
2011-05-30-15:44:31: 128 146
2011-05-30-15:44:32: 128 146
2011-05-30-15:44:33: 128 146
2011-05-30-15:44:34: 128 146
2011-05-30-15:44:35: 128 146
2011-05-30-15:44:36: 128 146
2011-05-30-15:44:37: 128 146
2011-05-30-15:44:38: 128 146
2011-05-30-15:44:39: 128 146
2011-05-30-15:44:40: 128 146
2011-05-30-15:44:41: 128 146
2011-05-30-15:44:42: 128 146
2011-05-30-15:44:43: 128 146
2011-05-30-15:44:44: 127 146
2011-05-30-15:44:45: 128 146
2011-05-30-15:44:46: 128 146
2011-05-30-15:44:47: 128 146
2011-05-30-15:44:48: 128 146
2011-05-30-15:44:49: 128 146
2011-05-30-15:44:50: 128 146
2011-05-30-15:44:51: 128 146
2011-05-30-15:44:53: 128 146
2011-05-30-15:44:54: 128 146
2011-05-30-15:44:54: 128 146
2011-05-30-15:44:55: 128 146
2011-05-30-15:44:56: 128 146
2011-05-30-15:44:57: 128 146
2011-05-30-15:44:58: 128 146
2011-05-30-15:44:59: 128 146
2011-05-30-15:45:00: 128 146
2011-05-30-15:45:01: 128 146
2011-05-30-15:45:02: 128 146
2011-05-30-15:45:03: 128 146
2011-05-30-15:45:04: 128 146
2011-05-30-15:45:05: 128 146
2011-05-30-15:45:06: 128 146
2011-05-30-15:45:07: 128 146
2011-05-30-15:45:08: 128 146
2011-05-30-15:45:09: 128 146
2011-05-30-15:45:09: 128 146
2011-05-30-15:45:10: 128 146
2011-05-30-15:45:11: 128 146
2011-05-30-15:45:12: 128 146
2011-05-30-15:45:13: 128 146
2011-05-30-15:45:14: 128 146
2011-05-30-15:45:15: 128 146
2011-05-30-15:45:16: 128 146
2011-05-30-15:45:17: 128 146
2011-05-30-15:45:18: 128 146
2011-05-30-15:45:19: 128 146
2011-05-30-15:45:20: 128 146
2011-05-30-15:45:21: 128 146
2011-05-30-15:45:22: 128 146
2011-05-30-15:45:23: 128 146
2011-05-30-15:45:24: 128 146
2011-05-30-15:45:25: 128 146
2011-05-30-15:45:26: 128 146
2011-05-30-15:45:27: 128 146
2011-05-30-15:45:28: 128 146
2011-05-30-15:45:29: 128 146
2011-05-30-15:45:30: 128 146
2011-05-30-15:45:31: 128 146
2011-05-30-15:45:32: 128 146
2011-05-30-15:45:33: 128 146
2011-05-30-15:45:34: 128 146
2011-05-30-15:45:35: 128 146
2011-05-30-15:45:36: 128 146
2011-05-30-15:45:37: 128 146
2011-05-30-15:45:38: 128 146
2011-05-30-15:45:39: 128 146
2011-05-30-15:45:40: 128 146
2011-05-30-15:45:41: 128 146
2011-05-30-15:45:42: 128 146
2011-05-30-15:45:43: 128 146
2011-05-30-15:45:44: 128 146
2011-05-30-15:45:45: 128 146
2011-05-30-15:45:46: 128 146
2011-05-30-15:45:47: 128 146
2011-05-30-15:45:48: 128 146
2011-05-30-15:45:49: 128 146
2011-05-30-15:45:50: 128 146
2011-05-30-15:45:51: 128 146
2011-05-30-15:45:52: 128 146
2011-05-30-15:45:53: 128 146
2011-05-30-15:45:54: 128 146
2011-05-30-15:45:55: 128 146
2011-05-30-15:45:56: 128 146
2011-05-30-15:45:57: 128 146
2011-05-30-15:45:58: 128 146
2011-05-30-15:45:59: 128 146
2011-05-30-15:46:00: 128 149
2011-05-30-15:46:00: 128 146
2011-05-30-15:46:01: 128 147
2011-05-30-15:46:02: 128 146
2011-05-30-15:46:03: 128 146
2011-05-30-15:46:04: 128 146
2011-05-30-15:46:05: 128 146
2011-05-30-15:46:06: 128 146
2011-05-30-15:46:07: 128 146
2011-05-30-15:46:08: 128 146
2011-05-30-15:46:09: 128 146
2011-05-30-15:46:10: 128 146
2011-05-30-15:46:11: 128 146
2011-05-30-15:46:12: 127 146
2011-05-30-15:46:13: 128 146
2011-05-30-15:46:14: 128 146
2011-05-30-15:46:15: 128 146
2011-05-30-15:46:16: 128 137
2011-05-30-15:46:17: 128 146
2011-05-30-15:46:18: 128 144
2011-05-30-15:46:19: 127 146
2011-05-30-15:46:20: 127 145
2011-05-30-15:46:21: 128 146
2011-05-30-15:46:22: 127 146
2011-05-30-15:46:23: 128 146
2011-05-30-15:46:24: 128 144
2011-05-30-15:46:25: 127 146
2011-05-30-15:46:26: 128 144
2011-05-30-15:46:27: 128 146
2011-05-30-15:46:28: 127 145
2011-05-30-15:46:29: 128 146
2011-05-30-15:46:30: 128 144
2011-05-30-15:46:31: 128 145
2011-05-30-15:46:32: 128 144
2011-05-30-15:46:33: 127 146
2011-05-30-15:46:34: 128 146
2011-05-30-15:46:35: 128 146
2011-05-30-15:46:36: 128 148
2011-05-30-15:46:37: 128 146
2011-05-30-15:46:38: 128 146
2011-05-30-15:46:39: 128 146
2011-05-30-15:46:40: 128 146
2011-05-30-15:46:41: 128 146
2011-05-30-15:46:42: 127 146
2011-05-30-15:46:43: 128 146
2011-05-30-15:46:44: 128 146
2011-05-30-15:46:45: 128 146
2011-05-30-15:46:46: 127 146
2011-05-30-15:46:47: 128 146
2011-05-30-15:46:48: 128 146
2011-05-30-15:46:49: 128 143
2011-05-30-15:46:50: 128 146
2011-05-30-15:46:51: 128 146
2011-05-30-15:46:52: 128 146
2011-05-30-15:46:53: 128 146
2011-05-30-15:46:54: 128 146
2011-05-30-15:46:55: 128 143
2011-05-30-15:46:56: 128 146
2011-05-30-15:46:57: 128 146
2011-05-30-15:46:58: 128 146
2011-05-30-15:46:59: 128 144
2011-05-30-15:47:00: 128 146
2011-05-30-15:47:01: 128 146
2011-05-30-15:47:02: 128 146
2011-05-30-15:47:03: 128 146
2011-05-30-15:47:04: 128 146
2011-05-30-15:47:05: 128 146
2011-05-30-15:47:06: 128 146
2011-05-30-15:47:07: 128 146
2011-05-30-15:47:08: 128 146
2011-05-30-15:47:09: 128 146
2011-05-30-15:47:10: 128 146
2011-05-30-15:47:11: 128 146
2011-05-30-15:47:12: 128 146
2011-05-30-15:47:13: 128 146
2011-05-30-15:47:14: 128 146
2011-05-30-15:47:15: 128 146
2011-05-30-15:47:16: 128 146
2011-05-30-15:47:17: 128 146
2011-05-30-15:47:18: 128 146
2011-05-30-15:47:19: 128 146
2011-05-30-15:47:20: 128 146
2011-05-30-15:47:21: 127 146
2011-05-30-15:47:22: 128 143
2011-05-30-15:47:23: 128 146
2011-05-30-15:47:24: 128 145
2011-05-30-15:47:25: 128 146
2011-05-30-15:47:26: 128 145
2011-05-30-15:47:27: 127 146
2011-05-30-15:47:28: 127 145
2011-05-30-15:47:29: 128 146
2011-05-30-15:47:30: 128 145
2011-05-30-15:47:31: 128 146
2011-05-30-15:47:32: 127 144
2011-05-30-15:47:33: 128 146
2011-05-30-15:47:34: 128 144
2011-05-30-15:47:35: 128 146
2011-05-30-15:47:36: 128 145
2011-05-30-15:47:37: 128 146
2011-05-30-15:47:38: 128 150
2011-05-30-15:47:39: 128 146
2011-05-30-15:47:40: 128 146
2011-05-30-15:47:41: 127 146
2011-05-30-15:47:42: 128 146
2011-05-30-15:47:43: 128 146
2011-05-30-15:47:43: 128 146
2011-05-30-15:47:44: 128 146
2011-05-30-15:47:45: 128 146
2011-05-30-15:47:46: 128 146
2011-05-30-15:47:47: 128 146
2011-05-30-15:47:48: 128 146
2011-05-30-15:47:49: 128 146
2011-05-30-15:47:50: 128 146
2011-05-30-15:47:51: 128 146
2011-05-30-15:47:52: 128 146
2011-05-30-15:47:53: 128 146
2011-05-30-15:47:54: 128 146
2011-05-30-15:47:55: 128 146
2011-05-30-15:47:56: 128 146
2011-05-30-15:47:57: 128 146
2011-05-30-15:47:58: 128 143
2011-05-30-15:47:59: 128 146
2011-05-30-15:48:00: 128 144
2011-05-30-15:48:01: 128 146
2011-05-30-15:48:02: 128 146
2011-05-30-15:48:03: 128 146
2011-05-30-15:48:04: 128 144
2011-05-30-15:48:05: 128 146
2011-05-30-15:48:06: 128 146
2011-05-30-15:48:07: 128 146
2011-05-30-15:48:08: 128 146
2011-05-30-15:48:09: 128 146
2011-05-30-15:48:10: 128 146
2011-05-30-15:48:11: 128 146
2011-05-30-15:48:12: 128 146
2011-05-30-15:48:13: 128 146
2011-05-30-15:48:14: 128 146
2011-05-30-15:48:15: 128 146
2011-05-30-15:48:16: 128 146
2011-05-30-15:48:17: 128 146
2011-05-30-15:48:18: 128 146
2011-05-30-15:48:19: 128 146
2011-05-30-15:48:20: 128 146
2011-05-30-15:48:21: 128 146
2011-05-30-15:48:22: 127 146
2011-05-30-15:48:23: 128 146
2011-05-30-15:48:24: 128 146
2011-05-30-15:48:25: 128 146
2011-05-30-15:48:26: 128 146
2011-05-30-15:48:27: 128 134
2011-05-30-15:48:28: 128 146
2011-05-30-15:48:29: 128 146
2011-05-30-15:48:30: 128 146
2011-05-30-15:48:31: 128 146
2011-05-30-15:48:32: 128 146
2011-05-30-15:48:33: 128 144
2011-05-30-15:48:34: 128 146
2011-05-30-15:48:34: 128 146
2011-05-30-15:48:35: 128 146
2011-05-30-15:48:36: 128 146
2011-05-30-15:48:37: 128 146
2011-05-30-15:48:38: 128 146
2011-05-30-15:48:39: 128 146
2011-05-30-15:48:40: 128 146
2011-05-30-15:48:41: 128 146
2011-05-30-15:48:42: 128 146
2011-05-30-15:48:43: 128 146
2011-05-30-15:48:44: 128 146
2011-05-30-15:48:45: 128 146
2011-05-30-15:48:46: 128 146
2011-05-30-15:48:47: 128 146
2011-05-30-15:48:48: 128 146
2011-05-30-15:48:49: 128 146
2011-05-30-15:48:50: 128 146
2011-05-30-15:48:51: 128 146
2011-05-30-15:48:52: 128 146
2011-05-30-15:48:53: 128 146
2011-05-30-15:48:54: 128 146
2011-05-30-15:48:55: 128 146
2011-05-30-15:48:56: 128 146
2011-05-30-15:48:57: 128 146
2011-05-30-15:48:58: 128 25
2011-05-30-15:48:59: 128 25
2011-05-30-15:49:00: 128 25
2011-05-30-15:49:01: 128 24
2011-05-30-15:49:02: 128 25
2011-05-30-15:49:03: 128 24
2011-05-30-15:49:04: 128 25
2011-05-30-15:49:05: 128 25
2011-05-30-15:49:06: 128 24
2011-05-30-15:49:07: 128 24
2011-05-30-15:49:08: 128 25
2011-05-30-15:49:09: 128 24
2011-05-30-15:49:10: 128 25
2011-05-30-15:49:11: 128 25
2011-05-30-15:49:12: 128 24
2011-05-30-15:49:13: 128 25
2011-05-30-15:49:14: 128 24
2011-05-30-15:49:15: 128 25
2011-05-30-15:49:16: 128 25
2011-05-30-15:49:17: 128 25
2011-05-30-15:49:18: 128 24
2011-05-30-15:49:19: 128 25
2011-05-30-15:49:20: 128 25
2011-05-30-15:49:21: 128 24
2011-05-30-15:49:22: 128 25
2011-05-30-15:49:23: 128 24
2011-05-30-15:49:24: 128 25
2011-05-30-15:49:25: 128 25
2011-05-30-15:49:25: 128 25
2011-05-30-15:49:26: 128 25
2011-05-30-15:49:27: 128 25
2011-05-30-15:49:28: 128 25
2011-05-30-15:49:29: 128 24
2011-05-30-15:49:30: 128 25
2011-05-30-15:49:31: 128 25
2011-05-30-15:49:32: 128 25
2011-05-30-15:49:33: 128 25
2011-05-30-15:49:34: 128 25
2011-05-30-15:49:35: 128 25
2011-05-30-15:49:36: 128 24
2011-05-30-15:49:37: 128 25
2011-05-30-15:49:38: 128 25
2011-05-30-15:49:39: 128 25
2011-05-30-15:49:40: 128 25
2011-05-30-15:49:41: 128 25
2011-05-30-15:49:42: 128 24
2011-05-30-15:49:43: 128 25
2011-05-30-15:49:44: 128 25
2011-05-30-15:49:45: 128 24
2011-05-30-15:49:46: 128 25
2011-05-30-15:49:47: 128 25
2011-05-30-15:49:48: 128 25
2011-05-30-15:49:49: 128 24
2011-05-30-15:49:50: 128 25
2011-05-30-15:49:51: 128 25
2011-05-30-15:49:52: 128 24
2011-05-30-15:49:53: 128 24
2011-05-30-15:49:54: 128 25
2011-05-30-15:49:55: 128 24
2011-05-30-15:49:56: 128 25
2011-05-30-15:49:57: 128 25
2011-05-30-15:49:58: 128 25
2011-05-30-15:49:59: 128 25
2011-05-30-15:50:00: 128 25
2011-05-30-15:50:01: 128 25
2011-05-30-15:50:02: 128 24
2011-05-30-15:50:03: 128 25
2011-05-30-15:50:04: 128 24
2011-05-30-15:50:05: 128 25
2011-05-30-15:50:06: 128 24
2011-05-30-15:50:07: 128 25
2011-05-30-15:50:08: 128 25
2011-05-30-15:50:09: 128 25
2011-05-30-15:50:10: 128 24
2011-05-30-15:50:11: 128 25
2011-05-30-15:50:12: 128 25
2011-05-30-15:50:13: 128 24
2011-05-30-15:50:14: 128 25
2011-05-30-15:50:15: 128 25
2011-05-30-15:50:16: 128 25
2011-05-30-15:50:17: 128 25
2011-05-30-15:50:18: 128 25
2011-05-30-15:50:19: 128 25
2011-05-30-15:50:20: 128 25
2011-05-30-15:50:21: 128 25
2011-05-30-15:50:22: 128 24
2011-05-30-15:50:23: 128 25
2011-05-30-15:50:24: 128 25
2011-05-30-15:50:25: 128 24
2011-05-30-15:50:26: 128 25
2011-05-30-15:50:27: 128 25
2011-05-30-15:50:28: 128 25
2011-05-30-15:50:29: 128 25
2011-05-30-15:50:30: 128 25
2011-05-30-15:50:31: 128 25
2011-05-30-15:50:32: 128 25
2011-05-30-15:50:33: 128 25
2011-05-30-15:50:34: 128 24
2011-05-30-15:50:35: 128 25
2011-05-30-15:50:36: 128 25
2011-05-30-15:50:37: 128 25
2011-05-30-15:50:38: 128 25
2011-05-30-15:50:39: 128 24
2011-05-30-15:50:40: 128 25
2011-05-30-15:50:41: 128 25
2011-05-30-15:50:42: 128 25
2011-05-30-15:50:43: 128 25
2011-05-30-15:50:44: 128 25
2011-05-30-15:50:45: 128 25
2011-05-30-15:50:46: 128 25
2011-05-30-15:50:47: 128 25
2011-05-30-15:50:48: 128 25
2011-05-30-15:50:49: 128 25
2011-05-30-15:50:50: 128 25
2011-05-30-15:50:51: 128 25
2011-05-30-15:50:52: 128 24
2011-05-30-15:50:53: 128 25
2011-05-30-15:50:54: 128 24
2011-05-30-15:50:55: 128 25
2011-05-30-15:50:56: 128 25
2011-05-30-15:50:57: 128 25
2011-05-30-15:50:58: 128 25
2011-05-30-15:50:59: 128 25
2011-05-30-15:51:00: 128 25
2011-05-30-15:51:01: 128 25
2011-05-30-15:51:02: 128 25
2011-05-30-15:51:03: 128 24
2011-05-30-15:51:04: 128 25
2011-05-30-15:51:05: 128 25
2011-05-30-15:51:06: 128 25
2011-05-30-15:51:07: 128 25
2011-05-30-15:51:08: 128 25
2011-05-30-15:51:08: 128 25
2011-05-30-15:51:09: 128 25
2011-05-30-15:51:10: 128 25
2011-05-30-15:51:11: 128 25
2011-05-30-15:51:12: 128 25
2011-05-30-15:51:13: 128 25
2011-05-30-15:51:14: 128 25
2011-05-30-15:51:15: 128 25
2011-05-30-15:51:16: 128 25
2011-05-30-15:51:17: 128 25
2011-05-30-15:51:18: 128 25
2011-05-30-15:51:19: 128 25
2011-05-30-15:51:20: 128 25
2011-05-30-15:51:21: 128 25
2011-05-30-15:51:22: 128 25
2011-05-30-15:51:23: 128 25
2011-05-30-15:51:24: 128 25
2011-05-30-15:51:25: 128 25
2011-05-30-15:51:26: 128 25
2011-05-30-15:51:27: 128 25
2011-05-30-15:51:28: 128 25
2011-05-30-15:51:29: 128 25
2011-05-30-15:51:30: 128 25
2011-05-30-15:51:31: 128 25
2011-05-30-15:51:32: 128 25
2011-05-30-15:51:33: 128 25
2011-05-30-15:51:34: 128 25
2011-05-30-15:51:35: 128 25
2011-05-30-15:51:36: 128 25
2011-05-30-15:51:37: 128 24
2011-05-30-15:51:38: 128 25
2011-05-30-15:51:39: 128 25
2011-05-30-15:51:40: 128 25
2011-05-30-15:51:41: 128 25
2011-05-30-15:51:42: 128 25
2011-05-30-15:51:43: 128 25
2011-05-30-15:51:44: 128 25
2011-05-30-15:51:45: 128 25
2011-05-30-15:51:46: 128 25
2011-05-30-15:51:47: 128 25
2011-05-30-15:51:48: 128 25
2011-05-30-15:51:49: 128 25
2011-05-30-15:51:50: 128 25
2011-05-30-15:51:51: 128 25
2011-05-30-15:51:52: 128 25
2011-05-30-15:51:53: 128 25
2011-05-30-15:51:54: 128 25
2011-05-30-15:51:55: 128 25
2011-05-30-15:51:56: 128 25
2011-05-30-15:51:57: 128 25
2011-05-30-15:51:58: 128 25
2011-05-30-15:51:59: 128 25
2011-05-30-15:51:59: 128 25
2011-05-30-15:52:00: 128 25
2011-05-30-15:52:01: 128 25
2011-05-30-15:52:02: 128 25
2011-05-30-15:52:03: 128 25
2011-05-30-15:52:04: 128 25
2011-05-30-15:52:05: 128 24
2011-05-30-15:52:06: 128 25
2011-05-30-15:52:07: 128 25
2011-05-30-15:52:08: 128 25
2011-05-30-15:52:09: 128 25
2011-05-30-15:52:10: 128 25
2011-05-30-15:52:11: 128 25
2011-05-30-15:52:12: 128 25
2011-05-30-15:52:13: 128 25
2011-05-30-15:52:14: 128 25
2011-05-30-15:52:15: 128 25
2011-05-30-15:52:16: 128 25
2011-05-30-15:52:17: 128 25
2011-05-30-15:52:18: 128 25
2011-05-30-15:52:19: 128 25
2011-05-30-15:52:20: 128 24
2011-05-30-15:52:21: 128 25
2011-05-30-15:52:22: 128 25
2011-05-30-15:52:23: 128 25
2011-05-30-15:52:24: 128 25
2011-05-30-15:52:25: 128 25
2011-05-30-15:52:26: 128 25
2011-05-30-15:52:27: 128 25
2011-05-30-15:52:28: 128 24
2011-05-30-15:52:29: 128 25
2011-05-30-15:52:30: 128 25
2011-05-30-15:52:31: 128 25
2011-05-30-15:52:32: 128 25
2011-05-30-15:52:33: 128 25
2011-05-30-15:52:34: 128 25
2011-05-30-15:52:35: 128 25
2011-05-30-15:52:36: 128 25
2011-05-30-15:52:37: 128 25
2011-05-30-15:52:38: 128 25
2011-05-30-15:52:39: 128 25
2011-05-30-15:52:40: 128 25
2011-05-30-15:52:41: 128 25
2011-05-30-15:52:42: 128 25
2011-05-30-15:52:43: 128 25
2011-05-30-15:52:44: 128 25
2011-05-30-15:52:45: 128 25
2011-05-30-15:52:46: 128 25
2011-05-30-15:52:47: 128 24
2011-05-30-15:52:48: 128 25
2011-05-30-15:52:49: 128 25
2011-05-30-15:52:50: 128 25
2011-05-30-15:52:50: 128 25
2011-05-30-15:52:51: 128 25
2011-05-30-15:52:52: 128 25
2011-05-30-15:52:53: 128 25
2011-05-30-15:52:54: 128 25
2011-05-30-15:52:55: 128 25
2011-05-30-15:52:56: 128 25
2011-05-30-15:52:57: 128 25
2011-05-30-15:52:58: 128 25
2011-05-30-15:52:59: 128 25
2011-05-30-15:53:00: 128 25
2011-05-30-15:53:01: 128 25
2011-05-30-15:53:02: 128 25
2011-05-30-15:53:03: 128 25
2011-05-30-15:53:04: 128 25
2011-05-30-15:53:05: 128 25
2011-05-30-15:53:06: 128 24
2011-05-30-15:53:07: 128 25
2011-05-30-15:53:08: 128 25
2011-05-30-15:53:09: 128 25
2011-05-30-15:53:11: 128 25
2011-05-30-15:53:11: 128 25
2011-05-30-15:53:12: 128 25
2011-05-30-15:53:13: 128 25
2011-05-30-15:53:14: 128 25
2011-05-30-15:53:15: 128 25
2011-05-30-15:53:16: 128 25
2011-05-30-15:53:17: 128 24
2011-05-30-15:53:18: 128 25
2011-05-30-15:53:19: 128 25
2011-05-30-15:53:20: 128 25
2011-05-30-15:53:21: 128 25
2011-05-30-15:53:22: 128 25
2011-05-30-15:53:23: 128 25
2011-05-30-15:53:24: 128 25
2011-05-30-15:53:25: 128 25
2011-05-30-15:53:26: 128 25
2011-05-30-15:53:27: 128 25
2011-05-30-15:53:28: 128 25
2011-05-30-15:53:29: 128 25
2011-05-30-15:53:30: 128 25
2011-05-30-15:53:31: 128 25
2011-05-30-15:53:32: 128 25
2011-05-30-15:53:33: 128 25
2011-05-30-15:53:34: 128 25
2011-05-30-15:53:35: 128 25
2011-05-30-15:53:36: 128 25
2011-05-30-15:53:37: 128 25
2011-05-30-15:53:38: 128 25
2011-05-30-15:53:39: 128 24
2011-05-30-15:53:40: 128 25
2011-05-30-15:53:41: 128 24
2011-05-30-15:53:42: 128 25
2011-05-30-15:53:43: 128 25
2011-05-30-15:53:44: 128 25
2011-05-30-15:53:45: 128 25
2011-05-30-15:53:46: 128 25
2011-05-30-15:53:47: 128 25
2011-05-30-15:53:48: 128 25
2011-05-30-15:53:49: 128 25
2011-05-30-15:53:50: 128 24
2011-05-30-15:53:51: 128 25
2011-05-30-15:53:52: 128 25
2011-05-30-15:53:53: 128 25
2011-05-30-15:53:54: 128 25
2011-05-30-15:53:55: 128 25
2011-05-30-15:53:56: 128 25
2011-05-30-15:53:57: 128 25
2011-05-30-15:53:58: 128 25
2011-05-30-15:53:59: 128 25
2011-05-30-15:54:00: 128 25
2011-05-30-15:54:01: 128 25
2011-05-30-15:54:02: 128 25
2011-05-30-15:54:03: 128 24
2011-05-30-15:54:04: 128 25
2011-05-30-15:54:05: 128 25
2011-05-30-15:54:06: 128 25
2011-05-30-15:54:07: 128 25
2011-05-30-15:54:08: 128 25
2011-05-30-15:54:09: 128 25
2011-05-30-15:54:10: 128 25
2011-05-30-15:54:11: 128 25
2011-05-30-15:54:12: 128 25
2011-05-30-15:54:13: 128 25
2011-05-30-15:54:14: 128 25
2011-05-30-15:54:15: 128 25
2011-05-30-15:54:16: 128 25
2011-05-30-15:54:17: 128 25
2011-05-30-15:54:18: 128 25
2011-05-30-15:54:19: 128 25
2011-05-30-15:54:20: 128 24
2011-05-30-15:54:21: 128 25
2011-05-30-15:54:22: 128 25
2011-05-30-15:54:23: 128 24
2011-05-30-15:54:24: 128 25
2011-05-30-15:54:25: 128 25
2011-05-30-15:54:26: 128 25
2011-05-30-15:54:27: 128 25
2011-05-30-15:54:28: 128 25
2011-05-30-15:54:29: 128 25
2011-05-30-15:54:30: 128 25
2011-05-30-15:54:31: 128 25
2011-05-30-15:54:32: 128 25
2011-05-30-15:54:33: 128 25
2011-05-30-15:54:33: 128 25
2011-05-30-15:54:34: 128 24
2011-05-30-15:54:35: 128 25
2011-05-30-15:54:36: 128 24
2011-05-30-15:54:37: 128 25
2011-05-30-15:54:38: 128 25
2011-05-30-15:54:39: 128 25
2011-05-30-15:54:40: 128 25
2011-05-30-15:54:41: 128 25
2011-05-30-15:54:42: 128 25
2011-05-30-15:54:43: 128 25
2011-05-30-15:54:44: 128 25
2011-05-30-15:54:45: 128 24
2011-05-30-15:54:46: 128 25
2011-05-30-15:54:47: 128 25
2011-05-30-15:54:48: 128 25
2011-05-30-15:54:49: 128 25
2011-05-30-15:54:50: 128 25
2011-05-30-15:54:51: 128 24
2011-05-30-15:54:52: 128 25
2011-05-30-15:54:53: 128 25
2011-05-30-15:54:54: 128 25
2011-05-30-15:54:55: 128 25
2011-05-30-15:54:56: 128 25
2011-05-30-15:54:57: 128 25
2011-05-30-15:54:58: 128 25
2011-05-30-15:54:59: 128 25
2011-05-30-15:55:00: 128 25
2011-05-30-15:55:01: 128 25
2011-05-30-15:55:02: 128 25
2011-05-30-15:55:03: 128 25
2011-05-30-15:55:04: 128 24
2011-05-30-15:55:05: 128 25
2011-05-30-15:55:06: 128 25
2011-05-30-15:55:07: 128 25
2011-05-30-15:55:08: 128 25
2011-05-30-15:55:09: 128 25
2011-05-30-15:55:10: 128 25
2011-05-30-15:55:11: 128 25
2011-05-30-15:55:12: 128 25
2011-05-30-15:55:13: 128 25
2011-05-30-15:55:14: 128 25
2011-05-30-15:55:15: 128 25
2011-05-30-15:55:16: 128 25
2011-05-30-15:55:17: 128 25
2011-05-30-15:55:18: 128 25
2011-05-30-15:55:19: 128 25
2011-05-30-15:55:20: 128 25
2011-05-30-15:55:21: 128 25
2011-05-30-15:55:22: 128 25
2011-05-30-15:55:23: 128 24
2011-05-30-15:55:24: 128 25
2011-05-30-15:55:24: 128 25
2011-05-30-15:55:25: 128 25
2011-05-30-15:55:26: 128 25
2011-05-30-15:55:27: 128 25
2011-05-30-15:55:28: 128 25
2011-05-30-15:55:29: 128 25
2011-05-30-15:55:30: 128 25
2011-05-30-15:55:31: 128 25
2011-05-30-15:55:32: 128 25
2011-05-30-15:55:33: 128 25
2011-05-30-15:55:34: 128 25
2011-05-30-15:55:35: 128 25
2011-05-30-15:55:36: 128 25
2011-05-30-15:55:37: 128 25
2011-05-30-15:55:38: 128 25
2011-05-30-15:55:39: 128 25
2011-05-30-15:55:40: 128 25
2011-05-30-15:55:41: 128 25
2011-05-30-15:55:42: 128 25
2011-05-30-15:55:43: 128 25
2011-05-30-15:55:44: 128 25
2011-05-30-15:55:45: 128 25
2011-05-30-15:55:46: 128 25
2011-05-30-15:55:47: 128 25
2011-05-30-15:55:48: 128 25
2011-05-30-15:55:49: 128 25
2011-05-30-15:55:50: 128 25
2011-05-30-15:55:51: 128 25
2011-05-30-15:55:52: 128 25
2011-05-30-15:55:53: 128 25
2011-05-30-15:55:54: 128 25
2011-05-30-15:55:55: 128 25
2011-05-30-15:55:56: 128 25
2011-05-30-15:55:57: 128 25
2011-05-30-15:55:58: 128 25
2011-05-30-15:55:59: 128 25
2011-05-30-15:56:00: 128 25
2011-05-30-15:56:01: 128 25
2011-05-30-15:56:02: 128 25
2011-05-30-15:56:03: 128 25
2011-05-30-15:56:04: 128 25
2011-05-30-15:56:05: 128 25
2011-05-30-15:56:06: 128 25
2011-05-30-15:56:07: 128 25
2011-05-30-15:56:08: 128 25
2011-05-30-15:56:09: 128 25
2011-05-30-15:56:10: 128 25
2011-05-30-15:56:11: 128 25
2011-05-30-15:56:12: 128 25
2011-05-30-15:56:13: 128 25
2011-05-30-15:56:14: 128 25
2011-05-30-15:56:15: 128 25
2011-05-30-15:56:15: 128 25
2011-05-30-15:56:16: 128 25
2011-05-30-15:56:17: 128 24
2011-05-30-15:56:18: 128 25
2011-05-30-15:56:19: 128 25
2011-05-30-15:56:20: 128 25
2011-05-30-15:56:21: 128 25
2011-05-30-15:56:22: 128 25
2011-05-30-15:56:23: 128 25
2011-05-30-15:56:24: 128 25
2011-05-30-15:56:25: 128 25
2011-05-30-15:56:26: 128 25
2011-05-30-15:56:27: 128 25
2011-05-30-15:56:28: 128 25
2011-05-30-15:56:31: 128 24
2011-05-30-15:56:31: 128 24
2011-05-30-15:56:32: 128 25
2011-05-30-15:56:32: 128 25
2011-05-30-15:56:33: 128 25
2011-05-30-15:56:34: 128 24
2011-05-30-15:56:35: 128 25
2011-05-30-15:56:36: 128 25
2011-05-30-15:56:37: 128 24
2011-05-30-15:56:38: 128 25
2011-05-30-15:56:39: 128 25
2011-05-30-15:56:40: 128 25
2011-05-30-15:56:41: 128 25
2011-05-30-15:56:42: 128 24
2011-05-30-15:56:43: 128 25
2011-05-30-15:56:45: 128 25
2011-05-30-15:56:45: 128 25
2011-05-30-15:56:46: 128 25
2011-05-30-15:56:47: 128 24
2011-05-30-15:56:48: 128 25
2011-05-30-15:56:49: 128 25
2011-05-30-15:56:50: 128 25
2011-05-30-15:56:51: 128 25
2011-05-30-15:56:52: 128 25
2011-05-30-15:56:53: 128 25
2011-05-30-15:56:54: 128 25
2011-05-30-15:56:55: 128 25
2011-05-30-15:56:56: 128 25
2011-05-30-15:56:57: 128 25
2011-05-30-15:56:58: 128 25
2011-05-30-15:57:02: 128 25
2011-05-30-15:57:02: 128 25
2011-05-30-15:57:02: 128 25
2011-05-30-15:57:02: 128 24
2011-05-30-15:57:03: 128 25
2011-05-30-15:57:04: 128 25
2011-05-30-15:57:05: 128 25
2011-05-30-15:57:06: 128 25
2011-05-30-15:57:07: 128 25
2011-05-30-15:57:08: 128 25
2011-05-30-15:57:09: 128 25
2011-05-30-15:57:11: 128 25
2011-05-30-15:57:11: 128 25
2011-05-30-15:57:12: 128 25
2011-05-30-15:57:13: 128 25
2011-05-30-15:57:13: 128 25
2011-05-30-15:57:15: 128 25
2011-05-30-15:57:16: 128 25
2011-05-30-15:57:17: 128 25
2011-05-30-15:57:18: 128 25
2011-05-30-15:57:18: 128 25
2011-05-30-15:57:19: 128 25
2011-05-30-15:57:20: 128 25
2011-05-30-15:57:22: 128 25
2011-05-30-15:57:23: 128 25
2011-05-30-15:57:24: 128 25
2011-05-30-15:57:25: 128 24
2011-05-30-15:57:26: 128 25
2011-05-30-15:57:27: 128 25
2011-05-30-15:57:28: 128 25
2011-05-30-15:57:29: 128 25
2011-05-30-15:57:30: 128 25
2011-05-30-15:57:31: 128 25
2011-05-30-15:57:34: 128 25
2011-05-30-15:57:41: 128 25
2011-05-30-15:57:41: 128 25
2011-05-30-15:57:41: 128 25
2011-05-30-15:57:41: 128 24
2011-05-30-15:57:41: 128 25
2011-05-30-15:57:41: 128 24
2011-05-30-15:57:41: 128 25
2011-05-30-15:57:41: 128 25
2011-05-30-15:57:42: 128 25
2011-05-30-15:57:42: 128 25
2011-05-30-15:57:43: 128 25
2011-05-30-15:57:44: 128 25
2011-05-30-15:57:45: 128 25
2011-05-30-15:57:46: 128 25
2011-05-30-15:57:48: 128 24
2011-05-30-15:57:48: 128 25
2011-05-30-15:57:49: 128 24
2011-05-30-15:57:50: 128 25
2011-05-30-15:57:51: 128 25
2011-05-30-15:57:52: 128 25
2011-05-30-15:57:53: 128 24
2011-05-30-15:57:54: 128 25
2011-05-30-15:57:55: 128 25
2011-05-30-15:57:56: 128 25
2011-05-30-15:57:57: 128 25
2011-05-30-15:57:58: 128 24
2011-05-30-15:57:58: 128 25
2011-05-30-15:57:59: 128 25
2011-05-30-15:58:00: 128 25
2011-05-30-15:58:02: 128 25
2011-05-30-15:58:02: 128 25
2011-05-30-15:58:03: 128 25
2011-05-30-15:58:04: 128 25
2011-05-30-15:58:05: 128 25
2011-05-30-15:58:06: 128 25
2011-05-30-15:58:07: 128 25
2011-05-30-15:58:08: 128 25
2011-05-30-15:58:09: 128 25
2011-05-30-15:58:10: 128 25
2011-05-30-15:58:11: 128 25
2011-05-30-15:58:13: 128 25
2011-05-30-15:58:14: 128 24
2011-05-30-15:58:14: 128 25
2011-05-30-15:58:15: 128 25
2011-05-30-15:58:16: 128 25
2011-05-30-15:58:17: 128 24
2011-05-30-15:58:18: 128 25
2011-05-30-15:58:19: 128 25
2011-05-30-15:58:20: 128 25
2011-05-30-15:58:21: 128 25
2011-05-30-15:58:22: 128 24
2011-05-30-15:58:23: 128 25
2011-05-30-15:58:24: 128 25
2011-05-30-15:58:25: 128 25
2011-05-30-15:58:26: 128 25
2011-05-30-15:58:27: 128 25
2011-05-30-15:58:28: 128 25
2011-05-30-15:58:29: 128 25
2011-05-30-15:58:30: 128 25
2011-05-30-15:58:31: 128 25
2011-05-30-15:58:32: 128 25
2011-05-30-15:58:33: 128 25
2011-05-30-15:58:34: 128 25
2011-05-30-15:58:35: 128 25
2011-05-30-15:58:36: 128 25
2011-05-30-15:58:37: 128 25
2011-05-30-15:58:38: 128 25
2011-05-30-15:58:39: 128 24
2011-05-30-15:58:40: 128 25
2011-05-30-15:58:41: 128 24
2011-05-30-15:58:42: 128 25
2011-05-30-15:58:43: 128 25
2011-05-30-15:58:44: 128 25
2011-05-30-15:58:45: 128 25
2011-05-30-15:58:48: 128 24
2011-05-30-15:58:48: 128 25
2011-05-30-15:58:48: 128 25
2011-05-30-15:58:49: 128 25
2011-05-30-15:58:49: 128 25
2011-05-30-15:58:50: 128 25
2011-05-30-15:58:51: 128 25
2011-05-30-15:58:52: 128 25
2011-05-30-15:58:53: 128 25
2011-05-30-15:58:54: 128 24
2011-05-30-15:58:55: 128 25
