2011-05-30-17:08:12: 128 25
2011-05-30-17:08:13: 128 25
2011-05-30-17:08:14: 128 25
2011-05-30-17:08:15: 128 25
2011-05-30-17:08:16: 128 25
2011-05-30-17:08:17: 128 25
2011-05-30-17:08:18: 128 25
2011-05-30-17:08:19: 128 25
2011-05-30-17:08:20: 128 25
2011-05-30-17:08:24: 127 25
2011-05-30-17:08:24: 128 25
2011-05-30-17:08:24: 128 25
2011-05-30-17:08:24: 128 25
2011-05-30-17:08:25: 128 25
2011-05-30-17:08:26: 128 25
2011-05-30-17:08:27: 128 25
2011-05-30-17:08:28: 128 25
2011-05-30-17:08:29: 128 25
2011-05-30-17:08:30: 128 25
2011-05-30-17:08:31: 128 25
2011-05-30-17:08:32: 128 25
2011-05-30-17:08:33: 128 25
2011-05-30-17:08:34: 128 25
2011-05-30-17:08:35: 128 25
2011-05-30-17:08:36: 128 25
2011-05-30-17:08:37: 128 25
2011-05-30-17:08:38: 128 25
2011-05-30-17:08:39: 128 25
2011-05-30-17:08:40: 128 25
2011-05-30-17:08:41: 127 25
2011-05-30-17:08:42: 128 25
2011-05-30-17:08:43: 128 25
2011-05-30-17:08:44: 127 25
2011-05-30-17:08:45: 128 25
2011-05-30-17:08:46: 127 25
2011-05-30-17:08:47: 128 25
2011-05-30-17:08:48: 128 25
2011-05-30-17:08:49: 128 25
2011-05-30-17:08:50: 128 25
2011-05-30-17:08:51: 128 25
2011-05-30-17:08:52: 127 25
2011-05-30-17:08:53: 128 25
2011-05-30-17:08:54: 128 25
2011-05-30-17:08:55: 127 25
2011-05-30-17:08:56: 128 25
2011-05-30-17:08:57: 127 25
2011-05-30-17:08:58: 128 25
2011-05-30-17:08:59: 127 25
2011-05-30-17:09:00: 127 25
2011-05-30-17:09:01: 128 25
2011-05-30-17:09:02: 127 25
2011-05-30-17:09:03: 128 25
2011-05-30-17:09:03: 127 25
2011-05-30-17:09:04: 128 25
2011-05-30-17:09:05: 128 25
2011-05-30-17:09:06: 128 25
2011-05-30-17:09:07: 128 25
2011-05-30-17:09:08: 128 25
2011-05-30-17:09:11: 127 25
2011-05-30-17:09:11: 127 25
2011-05-30-17:09:11: 127 25
2011-05-30-17:09:12: 127 25
2011-05-30-17:09:13: 128 25
2011-05-30-17:09:14: 127 25
2011-05-30-17:09:15: 127 25
2011-05-30-17:09:16: 128 25
2011-05-30-17:09:17: 128 25
2011-05-30-17:09:18: 128 25
2011-05-30-17:09:19: 127 25
2011-05-30-17:09:20: 128 25
2011-05-30-17:09:21: 128 25
2011-05-30-17:09:22: 128 25
2011-05-30-17:09:23: 128 25
2011-05-30-17:09:24: 127 25
2011-05-30-17:09:26: 128 25
2011-05-30-17:09:26: 127 25
2011-05-30-17:09:27: 127 25
2011-05-30-17:09:28: 127 25
2011-05-30-17:09:29: 127 25
2011-05-30-17:09:30: 128 25
2011-05-30-17:09:31: 128 25
2011-05-30-17:09:32: 127 25
2011-05-30-17:09:33: 128 25
2011-05-30-17:09:34: 128 25
2011-05-30-17:09:35: 128 25
2011-05-30-17:09:36: 127 25
2011-05-30-17:09:37: 128 25
2011-05-30-17:09:38: 127 25
2011-05-30-17:09:41: 127 25
2011-05-30-17:09:41: 128 25
2011-05-30-17:09:41: 128 25
2011-05-30-17:09:42: 127 25
2011-05-30-17:09:43: 127 25
2011-05-30-17:09:44: 127 25
2011-05-30-17:09:45: 127 25
2011-05-30-17:09:46: 127 25
2011-05-30-17:09:47: 128 25
2011-05-30-17:09:48: 127 25
2011-05-30-17:09:49: 128 25
2011-05-30-17:09:50: 127 25
2011-05-30-17:09:51: 127 25
2011-05-30-17:09:52: 127 25
2011-05-30-17:09:53: 127 25
2011-05-30-17:10:07: 127 25
2011-05-30-17:10:07: 127 25
2011-05-30-17:10:07: 128 25
2011-05-30-17:10:07: 127 25
2011-05-30-17:10:07: 127 25
2011-05-30-17:10:07: 127 25
2011-05-30-17:10:07: 128 25
2011-05-30-17:10:07: 128 25
2011-05-30-17:10:07: 127 25
2011-05-30-17:10:07: 127 25
2011-05-30-17:10:07: 127 25
2011-05-30-17:10:07: 127 25
2011-05-30-17:10:07: 127 25
2011-05-30-17:10:07: 127 25
2011-05-30-17:10:08: 127 25
2011-05-30-17:10:09: 127 25
2011-05-30-17:10:10: 127 25
2011-05-30-17:10:11: 127 25
2011-05-30-17:10:12: 127 25
2011-05-30-17:10:13: 127 25
2011-05-30-17:10:14: 127 25
2011-05-30-17:10:15: 127 25
2011-05-30-17:10:16: 127 25
2011-05-30-17:10:17: 127 25
2011-05-30-17:10:18: 127 25
2011-05-30-17:10:19: 127 25
2011-05-30-17:10:20: 127 25
2011-05-30-17:10:21: 127 25
2011-05-30-17:10:22: 128 25
2011-05-30-17:10:23: 127 25
2011-05-30-17:10:24: 128 25
2011-05-30-17:10:25: 127 25
2011-05-30-17:10:26: 127 25
2011-05-30-17:10:27: 127 25
2011-05-30-17:10:28: 127 25
2011-05-30-17:10:29: 127 25
2011-05-30-17:10:30: 127 25
2011-05-30-17:10:31: 127 25
2011-05-30-17:10:32: 128 25
2011-05-30-17:10:33: 127 25
2011-05-30-17:10:34: 127 25
2011-05-30-17:10:35: 127 25
2011-05-30-17:10:36: 127 25
2011-05-30-17:10:37: 127 25
2011-05-30-17:10:38: 127 25
2011-05-30-17:10:39: 127 25
2011-05-30-17:10:40: 127 25
2011-05-30-17:10:41: 127 25
2011-05-30-17:10:42: 127 25
2011-05-30-17:10:43: 127 25
2011-05-30-17:10:44: 128 25
2011-05-30-17:10:45: 127 25
2011-05-30-17:10:46: 127 25
2011-05-30-17:10:46: 127 25
2011-05-30-17:10:47: 127 25
2011-05-30-17:10:48: 127 25
2011-05-30-17:10:49: 127 25
2011-05-30-17:10:50: 127 25
2011-05-30-17:10:51: 127 25
2011-05-30-17:10:52: 127 25
2011-05-30-17:10:53: 127 25
2011-05-30-17:10:54: 127 25
2011-05-30-17:10:55: 127 25
2011-05-30-17:10:56: 127 25
2011-05-30-17:10:57: 127 25
2011-05-30-17:10:59: 127 25
2011-05-30-17:10:59: 127 25
2011-05-30-17:11:00: 127 25
2011-05-30-17:11:01: 127 25
2011-05-30-17:11:02: 127 25
2011-05-30-17:11:03: 127 25
2011-05-30-17:11:04: 127 25
2011-05-30-17:11:06: 127 25
2011-05-30-17:11:06: 127 25
2011-05-30-17:11:08: 127 25
2011-05-30-17:11:08: 127 25
2011-05-30-17:11:09: 127 25
2011-05-30-17:11:10: 127 25
2011-05-30-17:11:11: 127 25
2011-05-30-17:11:12: 127 25
2011-05-30-17:11:13: 127 25
2011-05-30-17:11:14: 127 25
2011-05-30-17:11:15: 127 25
2011-05-30-17:11:16: 127 25
2011-05-30-17:11:17: 127 25
2011-05-30-17:11:18: 127 25
2011-05-30-17:11:19: 127 25
2011-05-30-17:11:20: 127 25
2011-05-30-17:11:21: 127 25
2011-05-30-17:11:22: 127 25
2011-05-30-17:11:23: 127 25
2011-05-30-17:11:24: 127 25
2011-05-30-17:11:25: 127 25
2011-05-30-17:11:26: 128 25
2011-05-30-17:11:27: 127 25
2011-05-30-17:11:28: 127 25
2011-05-30-17:11:29: 127 25
2011-05-30-17:11:30: 128 25
2011-05-30-17:11:31: 127 25
2011-05-30-17:11:32: 127 25
2011-05-30-17:11:33: 127 25
2011-05-30-17:11:34: 127 25
2011-05-30-17:11:35: 127 25
2011-05-30-17:11:36: 127 25
2011-05-30-17:11:37: 127 25
2011-05-30-17:11:38: 127 25
2011-05-30-17:11:38: 127 25
2011-05-30-17:11:40: 127 25
2011-05-30-17:11:40: 127 25
2011-05-30-17:11:41: 128 25
2011-05-30-17:11:42: 128 25
2011-05-30-17:11:43: 127 25
2011-05-30-17:11:44: 127 25
2011-05-30-17:11:45: 127 25
