2011-05-30-18:51:47: 125 143
2011-05-30-18:51:47: 125 143
2011-05-30-18:51:48: 125 143
2011-05-30-18:51:49: 125 143
2011-05-30-18:51:50: 125 143
2011-05-30-18:51:54: 125 143
2011-05-30-18:51:54: 125 144
2011-05-30-18:51:54: 125 144
2011-05-30-18:51:54: 125 144
2011-05-30-18:51:55: 125 144
2011-05-30-18:51:56: 125 143
2011-05-30-18:51:57: 125 144
2011-05-30-18:51:58: 125 144
2011-05-30-18:51:59: 125 144
2011-05-30-18:52:00: 125 143
2011-05-30-18:52:01: 125 144
2011-05-30-18:52:02: 125 144
2011-05-30-18:52:03: 125 143
2011-05-30-18:52:04: 125 144
2011-05-30-18:52:05: 125 144
2011-05-30-18:52:08: 125 144
2011-05-30-18:52:09: 125 144
2011-05-30-18:52:09: 125 143
2011-05-30-18:52:09: 125 144
2011-05-30-18:52:10: 125 144
2011-05-30-18:52:11: 125 144
2011-05-30-18:52:12: 125 144
2011-05-30-18:52:13: 125 143
2011-05-30-18:52:14: 125 144
2011-05-30-18:52:15: 125 144
2011-05-30-18:52:16: 125 144
2011-05-30-18:52:17: 125 144
2011-05-30-18:52:18: 125 144
2011-05-30-18:52:19: 125 143
2011-05-30-18:52:20: 125 144
2011-05-30-18:52:21: 125 144
2011-05-30-18:52:22: 125 144
2011-05-30-18:52:23: 125 144
2011-05-30-18:52:24: 125 144
2011-05-30-18:52:25: 125 144
2011-05-30-18:52:26: 125 144
2011-05-30-18:52:27: 125 144
2011-05-30-18:52:28: 125 144
2011-05-30-18:52:29: 125 144
2011-05-30-18:52:30: 125 144
2011-05-30-18:52:31: 125 144
2011-05-30-18:52:32: 124 144
2011-05-30-18:52:33: 125 144
2011-05-30-18:52:34: 125 144
2011-05-30-18:52:35: 125 144
2011-05-30-18:52:38: 125 144
2011-05-30-18:52:38: 125 144
2011-05-30-18:52:38: 125 144
2011-05-30-18:52:39: 125 144
2011-05-30-18:52:40: 125 144
2011-05-30-18:52:41: 125 144
2011-05-30-18:52:42: 125 144
2011-05-30-18:52:43: 125 144
2011-05-30-18:52:44: 125 144
2011-05-30-18:52:45: 125 144
2011-05-30-18:52:46: 125 144
2011-05-30-18:52:47: 125 144
2011-05-30-18:52:48: 125 144
2011-05-30-18:52:49: 125 144
2011-05-30-18:52:50: 125 144
2011-05-30-18:52:51: 125 144
2011-05-30-18:52:52: 125 144
2011-05-30-18:52:53: 125 143
2011-05-30-18:52:54: 125 144
2011-05-30-18:52:55: 125 144
2011-05-30-18:52:56: 125 144
2011-05-30-18:52:57: 125 144
2011-05-30-18:52:58: 125 144
2011-05-30-18:52:59: 125 144
2011-05-30-18:53:00: 125 144
2011-05-30-18:53:01: 125 144
2011-05-30-18:53:02: 125 144
2011-05-30-18:53:03: 125 144
2011-05-30-18:53:04: 125 144
2011-05-30-18:53:05: 125 144
2011-05-30-18:53:06: 125 144
2011-05-30-18:53:07: 125 144
2011-05-30-18:53:08: 125 144
2011-05-30-18:53:09: 124 144
2011-05-30-18:53:10: 125 143
2011-05-30-18:53:11: 125 143
2011-05-30-18:53:12: 125 143
2011-05-30-18:53:13: 125 143
2011-05-30-18:53:14: 125 143
2011-05-30-18:53:15: 125 143
2011-05-30-18:53:16: 125 144
2011-05-30-18:53:17: 125 143
2011-05-30-18:53:18: 125 140
2011-05-30-18:53:19: 125 143
2011-05-30-18:53:20: 125 142
2011-05-30-18:53:21: 125 143
2011-05-30-18:53:22: 125 142
2011-05-30-18:53:23: 125 143
2011-05-30-18:53:24: 125 142
2011-05-30-18:53:25: 125 143
2011-05-30-18:53:26: 125 141
2011-05-30-18:53:27: 125 143
2011-05-30-18:53:28: 125 143
2011-05-30-18:53:29: 125 143
2011-05-30-18:53:29: 125 142
2011-05-30-18:53:30: 125 143
2011-05-30-18:53:31: 124 145
2011-05-30-18:53:32: 125 143
2011-05-30-18:53:33: 125 144
2011-05-30-18:53:34: 125 143
2011-05-30-18:53:35: 124 144
2011-05-30-18:53:36: 125 143
2011-05-30-18:53:37: 124 144
2011-05-30-18:53:38: 124 143
2011-05-30-18:53:39: 124 143
2011-05-30-18:53:40: 125 143
2011-05-30-18:53:41: 125 143
2011-05-30-18:53:42: 125 143
2011-05-30-18:53:43: 125 143
2011-05-30-18:53:44: 125 143
2011-05-30-18:53:45: 125 143
2011-05-30-18:53:46: 125 143
2011-05-30-18:53:47: 125 143
2011-05-30-18:53:48: 125 143
2011-05-30-18:53:49: 125 143
2011-05-30-18:53:50: 125 140
2011-05-30-18:53:51: 125 143
2011-05-30-18:53:52: 125 141
2011-05-30-18:53:53: 125 143
2011-05-30-18:53:54: 125 142
2011-05-30-18:53:55: 125 143
2011-05-30-18:53:56: 125 142
2011-05-30-18:53:57: 125 143
2011-05-30-18:53:58: 125 142
2011-05-30-18:53:59: 125 143
2011-05-30-18:54:00: 125 142
2011-05-30-18:54:01: 125 143
2011-05-30-18:54:02: 125 142
2011-05-30-18:54:03: 125 143
2011-05-30-18:54:04: 125 145
2011-05-30-18:54:05: 124 143
2011-05-30-18:54:06: 125 144
2011-05-30-18:54:07: 125 143
2011-05-30-18:54:08: 125 143
2011-05-30-18:54:09: 125 143
2011-05-30-18:54:10: 125 143
2011-05-30-18:54:11: 125 143
2011-05-30-18:54:12: 124 143
2011-05-30-18:54:13: 125 143
2011-05-30-18:54:14: 124 143
2011-05-30-18:54:15: 125 143
2011-05-30-18:54:16: 125 143
2011-05-30-18:54:17: 125 143
2011-05-30-18:54:18: 125 143
2011-05-30-18:54:19: 124 143
2011-05-30-18:54:20: 124 143
2011-05-30-18:54:20: 125 143
2011-05-30-18:54:21: 124 143
2011-05-30-18:54:22: 125 143
2011-05-30-18:54:23: 125 143
2011-05-30-18:54:24: 125 142
2011-05-30-18:54:25: 125 143
2011-05-30-18:54:26: 125 142
2011-05-30-18:54:27: 125 143
2011-05-30-18:54:28: 125 142
2011-05-30-18:54:29: 125 143
2011-05-30-18:54:30: 125 142
2011-05-30-18:54:31: 125 143
2011-05-30-18:54:32: 125 142
2011-05-30-18:54:33: 125 143
2011-05-30-18:54:34: 125 144
2011-05-30-18:54:35: 125 143
2011-05-30-18:54:36: 125 144
2011-05-30-18:54:37: 125 143
2011-05-30-18:54:38: 125 144
2011-05-30-18:54:39: 125 143
2011-05-30-18:54:40: 125 143
2011-05-30-18:54:41: 125 143
2011-05-30-18:54:42: 124 143
2011-05-30-18:54:43: 125 143
2011-05-30-18:54:44: 125 143
2011-05-30-18:54:45: 125 143
2011-05-30-18:54:46: 125 143
2011-05-30-18:54:47: 124 143
2011-05-30-18:54:48: 124 143
2011-05-30-18:54:49: 125 143
2011-05-30-18:54:50: 125 143
2011-05-30-18:54:51: 125 143
2011-05-30-18:54:52: 125 143
2011-05-30-18:54:53: 125 141
2011-05-30-18:54:54: 125 143
2011-05-30-18:54:55: 124 141
2011-05-30-18:54:56: 125 143
2011-05-30-18:54:57: 125 138
2011-05-30-18:54:58: 124 143
2011-05-30-18:54:59: 125 140
2011-05-30-18:55:00: 125 143
2011-05-30-18:55:01: 125 141
2011-05-30-18:55:02: 125 143
2011-05-30-18:55:03: 125 141
2011-05-30-18:55:04: 125 143
2011-05-30-18:55:05: 125 141
2011-05-30-18:55:06: 124 143
2011-05-30-18:55:07: 125 143
2011-05-30-18:55:08: 124 143
2011-05-30-18:55:09: 125 143
2011-05-30-18:55:10: 125 143
2011-05-30-18:55:11: 124 143
2011-05-30-18:55:11: 125 143
2011-05-30-18:55:12: 124 143
2011-05-30-18:55:13: 125 143
2011-05-30-18:55:14: 125 143
2011-05-30-18:55:15: 125 143
2011-05-30-18:55:16: 125 143
2011-05-30-18:55:17: 125 143
2011-05-30-18:55:18: 125 143
2011-05-30-18:55:19: 124 143
2011-05-30-18:55:20: 124 143
2011-05-30-18:55:21: 124 143
2011-05-30-18:55:22: 125 143
2011-05-30-18:55:23: 125 143
2011-05-30-18:55:24: 125 143
2011-05-30-18:55:25: 125 143
2011-05-30-18:55:26: 125 143
2011-05-30-18:55:27: 125 143
2011-05-30-18:55:28: 125 143
2011-05-30-18:55:29: 125 143
2011-05-30-18:55:30: 124 143
2011-05-30-18:55:31: 125 143
2011-05-30-18:55:32: 125 143
2011-05-30-18:55:33: 125 143
2011-05-30-18:55:34: 125 143
2011-05-30-18:55:35: 124 143
2011-05-30-18:55:37: 125 143
2011-05-30-18:55:37: 125 143
2011-05-30-18:55:38: 125 143
2011-05-30-18:55:39: 124 143
2011-05-30-18:55:40: 125 143
2011-05-30-18:55:41: 125 143
2011-05-30-18:55:42: 124 143
2011-05-30-18:55:43: 125 143
2011-05-30-18:55:44: 125 143
2011-05-30-18:55:45: 125 143
2011-05-30-18:55:46: 125 143
2011-05-30-18:55:47: 125 143
2011-05-30-18:55:48: 125 143
2011-05-30-18:55:49: 125 143
2011-05-30-18:55:50: 125 143
2011-05-30-18:55:52: 125 143
2011-05-30-18:55:52: 125 144
2011-05-30-18:55:53: 125 143
2011-05-30-18:55:54: 125 143
2011-05-30-18:55:55: 125 143
2011-05-30-18:55:56: 124 143
2011-05-30-18:55:57: 124 143
2011-05-30-18:55:58: 125 143
2011-05-30-18:55:59: 124 143
2011-05-30-18:56:00: 125 143
2011-05-30-18:56:01: 124 144
2011-05-30-18:56:02: 125 144
2011-05-30-18:56:03: 124 143
2011-05-30-18:56:04: 125 144
2011-05-30-18:56:05: 125 143
2011-05-30-18:56:06: 125 144
2011-05-30-18:56:07: 125 144
2011-05-30-18:56:08: 125 143
2011-05-30-18:56:09: 124 143
2011-05-30-18:56:10: 125 144
2011-05-30-18:56:11: 125 144
2011-05-30-18:56:12: 125 144
2011-05-30-18:56:13: 125 144
2011-05-30-18:56:14: 125 144
2011-05-30-18:56:15: 125 144
2011-05-30-18:56:16: 125 144
2011-05-30-18:56:17: 125 143
2011-05-30-18:56:18: 125 144
2011-05-30-18:56:19: 125 144
2011-05-30-18:56:20: 125 144
2011-05-30-18:56:21: 125 143
2011-05-30-18:56:22: 125 144
2011-05-30-18:56:23: 125 144
2011-05-30-18:56:24: 125 144
2011-05-30-18:56:25: 125 143
2011-05-30-18:56:26: 124 143
2011-05-30-18:56:27: 125 143
2011-05-30-18:56:28: 125 143
2011-05-30-18:56:29: 125 143
2011-05-30-18:56:30: 125 143
2011-05-30-18:56:31: 124 141
2011-05-30-18:56:32: 125 143
2011-05-30-18:56:33: 125 141
2011-05-30-18:56:34: 125 143
2011-05-30-18:56:35: 125 142
2011-05-30-18:56:36: 124 143
2011-05-30-18:56:37: 125 142
2011-05-30-18:56:38: 125 143
2011-05-30-18:56:39: 124 141
2011-05-30-18:56:40: 124 143
2011-05-30-18:56:41: 124 141
2011-05-30-18:56:42: 125 143
2011-05-30-18:56:43: 125 140
2011-05-30-18:56:44: 125 143
2011-05-30-18:56:45: 125 147
2011-05-30-18:56:46: 125 143
2011-05-30-18:56:47: 124 144
2011-05-30-18:56:48: 125 143
2011-05-30-18:56:49: 124 143
2011-05-30-18:56:50: 124 143
2011-05-30-18:56:51: 124 143
2011-05-30-18:56:52: 125 143
2011-05-30-18:56:53: 125 143
2011-05-30-18:56:54: 124 143
2011-05-30-18:56:54: 124 143
2011-05-30-18:56:55: 125 143
2011-05-30-18:56:56: 124 143
2011-05-30-18:56:57: 124 142
2011-05-30-18:56:58: 125 143
2011-05-30-18:56:59: 125 125
2011-05-30-18:57:00: 125 143
2011-05-30-18:57:01: 124 127
2011-05-30-18:57:02: 124 143
2011-05-30-18:57:03: 125 145
2011-05-30-18:57:04: 124 143
2011-05-30-18:57:05: 124 143
2011-05-30-18:57:06: 124 143
2011-05-30-18:57:07: 125 143
2011-05-30-18:57:08: 124 143
2011-05-30-18:57:09: 125 143
2011-05-30-18:57:10: 124 143
2011-05-30-18:57:11: 124 143
2011-05-30-18:57:12: 123 143
2011-05-30-18:57:13: 124 135
2011-05-30-18:57:14: 125 143
2011-05-30-18:57:15: 124 148
2011-05-30-18:57:16: 125 142
2011-05-30-18:57:17: 125 139
2011-05-30-18:57:18: 124 142
2011-05-30-18:57:19: 125 146
2011-05-30-18:57:20: 124 142
2011-05-30-18:57:21: 124 143
2011-05-30-18:57:22: 124 143
2011-05-30-18:57:23: 124 143
2011-05-30-18:57:24: 124 143
2011-05-30-18:57:25: 124 143
2011-05-30-18:57:26: 124 143
2011-05-30-18:57:27: 125 143
2011-05-30-18:57:28: 125 143
2011-05-30-18:57:29: 125 143
2011-05-30-18:57:30: 124 143
2011-05-30-18:57:31: 124 143
2011-05-30-18:57:32: 125 143
2011-05-30-18:57:33: 125 143
2011-05-30-18:57:34: 124 143
2011-05-30-18:57:35: 124 143
2011-05-30-18:57:36: 125 143
2011-05-30-18:57:37: 125 143
2011-05-30-18:57:38: 125 143
2011-05-30-18:57:39: 125 143
2011-05-30-18:57:40: 125 143
2011-05-30-18:57:41: 125 143
2011-05-30-18:57:42: 124 143
2011-05-30-18:57:43: 125 143
2011-05-30-18:57:44: 124 139
2011-05-30-18:57:45: 124 141
2011-05-30-18:57:45: 124 135
2011-05-30-18:57:46: 125 141
2011-05-30-18:57:47: 124 134
2011-05-30-18:57:48: 125 140
2011-05-30-18:57:49: 125 135
2011-05-30-18:57:50: 124 140
2011-05-30-18:57:51: 124 145
2011-05-30-18:57:52: 124 142
2011-05-30-18:57:53: 124 142
2011-05-30-18:57:54: 124 142
2011-05-30-18:57:55: 125 142
2011-05-30-18:57:56: 125 142
2011-05-30-18:57:57: 124 142
2011-05-30-18:57:58: 125 142
2011-05-30-18:57:59: 124 142
2011-05-30-18:58:00: 124 142
2011-05-30-18:58:01: 124 142
2011-05-30-18:58:02: 124 142
2011-05-30-18:58:03: 125 142
2011-05-30-18:58:04: 124 132
2011-05-30-18:58:05: 124 142
2011-05-30-18:58:06: 124 140
2011-05-30-18:58:07: 124 142
2011-05-30-18:58:08: 124 139
2011-05-30-18:58:09: 125 142
2011-05-30-18:58:10: 124 140
2011-05-30-18:58:11: 124 142
2011-05-30-18:58:12: 124 139
2011-05-30-18:58:13: 124 142
2011-05-30-18:58:14: 125 140
2011-05-30-18:58:15: 125 142
2011-05-30-18:58:16: 124 140
2011-05-30-18:58:17: 124 142
2011-05-30-18:58:18: 124 140
2011-05-30-18:58:19: 124 142
2011-05-30-18:58:20: 124 144
2011-05-30-18:58:21: 125 142
2011-05-30-18:58:22: 124 143
2011-05-30-18:58:23: 124 142
2011-05-30-18:58:24: 124 143
2011-05-30-18:58:25: 124 142
2011-05-30-18:58:26: 124 143
2011-05-30-18:58:27: 124 142
2011-05-30-18:58:28: 124 142
2011-05-30-18:58:29: 124 142
2011-05-30-18:58:30: 124 142
2011-05-30-18:58:31: 125 143
2011-05-30-18:58:32: 124 143
2011-05-30-18:58:33: 124 142
2011-05-30-18:58:34: 124 143
2011-05-30-18:58:35: 125 143
2011-05-30-18:58:36: 125 143
2011-05-30-18:58:37: 125 143
2011-05-30-18:58:37: 125 143
2011-05-30-18:58:38: 124 143
2011-05-30-18:58:39: 124 143
2011-05-30-18:58:40: 125 143
2011-05-30-18:58:41: 124 143
2011-05-30-18:58:42: 124 143
2011-05-30-18:58:43: 125 143
2011-05-30-18:58:44: 124 143
2011-05-30-18:58:45: 124 143
2011-05-30-18:58:46: 124 143
2011-05-30-18:58:47: 124 143
2011-05-30-18:58:48: 124 143
2011-05-30-18:58:49: 124 133
2011-05-30-18:58:50: 124 137
2011-05-30-18:58:52: 124 142
2011-05-30-18:58:52: 124 145
2011-05-30-18:58:53: 125 142
2011-05-30-18:58:54: 124 143
2011-05-30-18:58:55: 125 142
2011-05-30-18:58:56: 124 143
2011-05-30-18:58:57: 123 142
2011-05-30-18:58:58: 125 143
2011-05-30-18:58:59: 125 142
2011-05-30-18:59:00: 125 142
2011-05-30-18:59:01: 124 142
2011-05-30-18:59:02: 124 142
2011-05-30-18:59:03: 124 142
2011-05-30-18:59:04: 125 143
2011-05-30-18:59:05: 124 143
2011-05-30-18:59:07: 124 143
2011-05-30-18:59:07: 124 143
2011-05-30-18:59:08: 125 143
2011-05-30-18:59:09: 124 143
2011-05-30-18:59:10: 124 143
2011-05-30-18:59:11: 124 143
2011-05-30-18:59:12: 124 143
2011-05-30-18:59:13: 124 143
2011-05-30-18:59:14: 124 143
2011-05-30-18:59:15: 125 143
2011-05-30-18:59:16: 124 143
2011-05-30-18:59:17: 124 143
2011-05-30-18:59:18: 125 143
2011-05-30-18:59:19: 124 143
2011-05-30-18:59:20: 124 143
2011-05-30-18:59:21: 124 143
2011-05-30-18:59:22: 125 143
2011-05-30-18:59:23: 124 143
2011-05-30-18:59:24: 125 143
2011-05-30-18:59:25: 124 143
2011-05-30-18:59:26: 125 142
2011-05-30-18:59:27: 124 143
2011-05-30-18:59:28: 124 143
2011-05-30-18:59:29: 124 143
2011-05-30-18:59:30: 125 143
2011-05-30-18:59:31: 124 143
2011-05-30-18:59:32: 124 143
2011-05-30-18:59:33: 124 143
2011-05-30-18:59:34: 125 142
2011-05-30-18:59:35: 124 143
2011-05-30-18:59:36: 124 142
2011-05-30-18:59:37: 124 143
2011-05-30-18:59:38: 125 142
2011-05-30-18:59:39: 124 143
2011-05-30-18:59:40: 124 142
2011-05-30-18:59:41: 124 143
2011-05-30-18:59:42: 124 143
2011-05-30-18:59:43: 125 143
2011-05-30-18:59:44: 124 143
2011-05-30-18:59:45: 124 143
2011-05-30-18:59:46: 124 143
2011-05-30-18:59:47: 124 142
2011-05-30-18:59:48: 124 136
2011-05-30-18:59:49: 124 142
2011-05-30-18:59:50: 124 133
2011-05-30-18:59:51: 124 141
2011-05-30-18:59:52: 124 140
2011-05-30-18:59:53: 124 142
2011-05-30-18:59:54: 125 140
2011-05-30-18:59:55: 124 142
2011-05-30-18:59:56: 125 143
2011-05-30-18:59:57: 124 143
2011-05-30-18:59:58: 124 143
2011-05-30-18:59:59: 125 143
2011-05-30-19:00:00: 124 143
2011-05-30-19:00:01: 125 143
2011-05-30-19:00:02: 125 143
2011-05-30-19:00:03: 125 143
2011-05-30-19:00:04: 124 143
2011-05-30-19:00:05: 125 143
2011-05-30-19:00:06: 125 143
2011-05-30-19:00:07: 124 143
2011-05-30-19:00:08: 125 143
2011-05-30-19:00:09: 125 143
2011-05-30-19:00:10: 124 142
2011-05-30-19:00:11: 125 143
2011-05-30-19:00:12: 125 143
2011-05-30-19:00:13: 125 143
2011-05-30-19:00:14: 125 143
2011-05-30-19:00:15: 125 143
2011-05-30-19:00:16: 125 143
2011-05-30-19:00:17: 125 143
2011-05-30-19:00:18: 124 143
2011-05-30-19:00:19: 125 143
2011-05-30-19:00:19: 125 143
2011-05-30-19:00:20: 124 143
2011-05-30-19:00:21: 124 143
2011-05-30-19:00:22: 124 143
2011-05-30-19:00:23: 125 143
2011-05-30-19:00:24: 123 143
2011-05-30-19:00:25: 124 143
2011-05-30-19:00:26: 124 143
2011-05-30-19:00:27: 124 143
2011-05-30-19:00:28: 124 143
2011-05-30-19:00:29: 124 143
2011-05-30-19:00:30: 124 143
2011-05-30-19:00:31: 124 143
2011-05-30-19:00:32: 124 143
2011-05-30-19:00:33: 124 143
2011-05-30-19:00:34: 124 143
2011-05-30-19:00:35: 124 143
2011-05-30-19:00:36: 124 143
2011-05-30-19:00:37: 124 143
2011-05-30-19:00:38: 124 143
2011-05-30-19:00:39: 124 143
2011-05-30-19:00:40: 124 143
2011-05-30-19:00:41: 124 143
2011-05-30-19:00:42: 124 142
2011-05-30-19:00:43: 124 143
2011-05-30-19:00:44: 125 143
2011-05-30-19:00:45: 125 143
2011-05-30-19:00:46: 124 143
2011-05-30-19:00:47: 124 143
2011-05-30-19:00:48: 125 143
2011-05-30-19:00:49: 124 143
2011-05-30-19:00:50: 124 143
2011-05-30-19:00:51: 124 143
2011-05-30-19:00:52: 124 143
2011-05-30-19:00:53: 124 141
2011-05-30-19:00:54: 124 143
2011-05-30-19:00:55: 124 141
2011-05-30-19:00:56: 124 143
2011-05-30-19:00:57: 124 141
2011-05-30-19:00:58: 125 143
2011-05-30-19:00:59: 124 143
2011-05-30-19:01:00: 125 143
2011-05-30-19:01:01: 124 144
2011-05-30-19:01:02: 124 143
2011-05-30-19:01:03: 124 143
2011-05-30-19:01:04: 124 143
2011-05-30-19:01:05: 124 143
2011-05-30-19:01:06: 124 143
2011-05-30-19:01:07: 124 144
2011-05-30-19:01:08: 124 143
2011-05-30-19:01:09: 124 143
2011-05-30-19:01:10: 124 142
2011-05-30-19:01:10: 124 143
2011-05-30-19:01:11: 124 134
2011-05-30-19:01:12: 124 143
2011-05-30-19:01:13: 124 131
2011-05-30-19:01:14: 124 141
2011-05-30-19:01:15: 124 142
2011-05-30-19:01:16: 124 142
2011-05-30-19:01:17: 124 132
2011-05-30-19:01:18: 124 142
2011-05-30-19:01:19: 124 142
2011-05-30-19:01:20: 124 142
2011-05-30-19:01:21: 124 141
2011-05-30-19:01:22: 124 142
2011-05-30-19:01:23: 124 140
2011-05-30-19:01:24: 124 142
2011-05-30-19:01:25: 124 140
2011-05-30-19:01:26: 124 142
2011-05-30-19:01:27: 124 140
2011-05-30-19:01:28: 123 142
2011-05-30-19:01:29: 124 140
2011-05-30-19:01:30: 125 142
2011-05-30-19:01:31: 124 141
2011-05-30-19:01:32: 124 142
2011-05-30-19:01:33: 124 142
2011-05-30-19:01:34: 124 142
2011-05-30-19:01:35: 124 141
2011-05-30-19:01:36: 124 142
2011-05-30-19:01:37: 125 142
2011-05-30-19:01:38: 125 142
2011-05-30-19:01:39: 124 142
2011-05-30-19:01:40: 124 142
2011-05-30-19:01:41: 124 142
2011-05-30-19:01:42: 124 142
2011-05-30-19:01:43: 124 142
2011-05-30-19:01:44: 125 142
2011-05-30-19:01:45: 124 142
2011-05-30-19:01:46: 124 142
2011-05-30-19:01:47: 124 143
2011-05-30-19:01:48: 124 142
2011-05-30-19:01:49: 124 143
2011-05-30-19:01:50: 124 143
2011-05-30-19:01:51: 124 143
2011-05-30-19:01:52: 124 143
2011-05-30-19:01:53: 124 143
2011-05-30-19:01:54: 124 143
2011-05-30-19:01:55: 124 143
2011-05-30-19:01:56: 124 143
2011-05-30-19:01:57: 124 143
2011-05-30-19:01:58: 124 143
2011-05-30-19:01:59: 124 143
2011-05-30-19:02:00: 124 143
2011-05-30-19:02:01: 124 143
2011-05-30-19:02:01: 124 143
2011-05-30-19:02:02: 124 146
2011-05-30-19:02:03: 125 142
2011-05-30-19:02:04: 124 143
2011-05-30-19:02:05: 124 142
2011-05-30-19:02:06: 124 143
2011-05-30-19:02:07: 124 142
2011-05-30-19:02:08: 124 142
2011-05-30-19:02:09: 124 142
2011-05-30-19:02:10: 124 142
2011-05-30-19:02:11: 124 142
2011-05-30-19:02:12: 124 142
2011-05-30-19:02:13: 124 136
2011-05-30-19:02:14: 124 142
2011-05-30-19:02:15: 124 143
2011-05-30-19:02:16: 124 142
2011-05-30-19:02:17: 124 140
2011-05-30-19:02:18: 124 142
2011-05-30-19:02:19: 124 139
2011-05-30-19:02:20: 124 142
2011-05-30-19:02:22: 124 140
2011-05-30-19:02:22: 124 142
2011-05-30-19:02:23: 124 140
2011-05-30-19:02:24: 124 143
2011-05-30-19:02:25: 124 144
2011-05-30-19:02:26: 124 143
2011-05-30-19:02:27: 125 143
2011-05-30-19:02:28: 124 142
2011-05-30-19:02:29: 124 142
2011-05-30-19:02:30: 124 142
2011-05-30-19:02:31: 124 142
2011-05-30-19:02:32: 124 142
2011-05-30-19:02:33: 124 143
2011-05-30-19:02:34: 124 143
2011-05-30-19:02:35: 124 143
2011-05-30-19:02:36: 124 143
2011-05-30-19:02:37: 124 143
2011-05-30-19:02:38: 124 142
2011-05-30-19:02:39: 124 143
2011-05-30-19:02:40: 124 143
2011-05-30-19:02:41: 124 143
2011-05-30-19:02:42: 124 141
2011-05-30-19:02:43: 124 143
2011-05-30-19:02:44: 124 144
2011-05-30-19:02:45: 124 143
2011-05-30-19:02:46: 124 142
2011-05-30-19:02:47: 124 143
2011-05-30-19:02:48: 124 142
2011-05-30-19:02:49: 124 143
2011-05-30-19:02:50: 124 142
2011-05-30-19:02:51: 124 143
2011-05-30-19:02:52: 124 142
2011-05-30-19:02:53: 124 143
2011-05-30-19:02:54: 124 142
2011-05-30-19:02:55: 124 143
2011-05-30-19:02:56: 124 142
2011-05-30-19:02:57: 124 143
2011-05-30-19:02:58: 124 142
2011-05-30-19:02:59: 124 143
2011-05-30-19:03:00: 124 143
2011-05-30-19:03:01: 124 143
2011-05-30-19:03:02: 124 143
2011-05-30-19:03:03: 124 143
2011-05-30-19:03:04: 124 143
2011-05-30-19:03:05: 124 143
2011-05-30-19:03:06: 124 143
2011-05-30-19:03:07: 124 143
2011-05-30-19:03:08: 124 143
2011-05-30-19:03:09: 124 143
2011-05-30-19:03:10: 124 143
2011-05-30-19:03:11: 124 143
2011-05-30-19:03:12: 124 143
2011-05-30-19:03:13: 124 143
2011-05-30-19:03:14: 124 143
2011-05-30-19:03:15: 124 143
2011-05-30-19:03:16: 124 143
2011-05-30-19:03:17: 123 143
2011-05-30-19:03:18: 124 143
2011-05-30-19:03:19: 124 143
2011-05-30-19:03:20: 124 143
2011-05-30-19:03:21: 124 143
2011-05-30-19:03:22: 124 143
2011-05-30-19:03:23: 124 143
2011-05-30-19:03:24: 124 143
2011-05-30-19:03:25: 124 143
2011-05-30-19:03:26: 123 143
2011-05-30-19:03:27: 124 143
2011-05-30-19:03:28: 124 143
2011-05-30-19:03:29: 124 143
2011-05-30-19:03:30: 124 143
2011-05-30-19:03:31: 124 143
2011-05-30-19:03:32: 124 143
2011-05-30-19:03:33: 124 143
2011-05-30-19:03:34: 124 143
2011-05-30-19:03:35: 124 143
2011-05-30-19:03:36: 124 143
2011-05-30-19:03:37: 124 143
2011-05-30-19:03:38: 124 143
2011-05-30-19:03:39: 124 143
2011-05-30-19:03:40: 124 143
2011-05-30-19:03:41: 124 143
2011-05-30-19:03:42: 124 143
2011-05-30-19:03:43: 124 143
2011-05-30-19:03:44: 124 143
2011-05-30-19:03:44: 124 143
2011-05-30-19:03:45: 124 143
2011-05-30-19:03:46: 124 143
2011-05-30-19:03:47: 124 143
2011-05-30-19:03:48: 124 143
2011-05-30-19:03:49: 124 143
2011-05-30-19:03:50: 124 143
2011-05-30-19:03:51: 124 143
2011-05-30-19:03:52: 124 143
2011-05-30-19:03:53: 124 142
2011-05-30-19:03:54: 124 143
2011-05-30-19:03:55: 124 141
2011-05-30-19:03:56: 124 143
2011-05-30-19:03:57: 124 141
2011-05-30-19:03:58: 123 143
2011-05-30-19:03:59: 124 141
2011-05-30-19:04:00: 124 143
2011-05-30-19:04:01: 124 141
2011-05-30-19:04:02: 124 143
2011-05-30-19:04:03: 124 141
2011-05-30-19:04:04: 124 143
2011-05-30-19:04:05: 124 149
2011-05-30-19:04:06: 124 143
2011-05-30-19:04:07: 124 143
2011-05-30-19:04:08: 124 143
2011-05-30-19:04:09: 124 143
2011-05-30-19:04:10: 124 143
2011-05-30-19:04:11: 124 143
2011-05-30-19:04:12: 124 143
2011-05-30-19:04:13: 124 143
2011-05-30-19:04:14: 124 143
2011-05-30-19:04:15: 124 143
2011-05-30-19:04:16: 124 143
2011-05-30-19:04:17: 124 143
2011-05-30-19:04:18: 124 143
2011-05-30-19:04:19: 124 143
2011-05-30-19:04:20: 124 143
2011-05-30-19:04:21: 124 143
2011-05-30-19:04:22: 124 143
2011-05-30-19:04:23: 124 143
2011-05-30-19:04:24: 124 141
2011-05-30-19:04:25: 124 143
2011-05-30-19:04:26: 124 142
2011-05-30-19:04:27: 124 143
2011-05-30-19:04:28: 124 141
2011-05-30-19:04:29: 124 143
2011-05-30-19:04:30: 124 141
2011-05-30-19:04:31: 124 143
2011-05-30-19:04:32: 124 141
2011-05-30-19:04:33: 124 143
2011-05-30-19:04:34: 124 141
2011-05-30-19:04:35: 124 142
2011-05-30-19:04:35: 124 141
2011-05-30-19:04:36: 124 143
2011-05-30-19:04:37: 124 145
2011-05-30-19:04:38: 124 142
2011-05-30-19:04:39: 124 145
2011-05-30-19:04:40: 124 142
2011-05-30-19:04:41: 124 143
2011-05-30-19:04:42: 124 143
2011-05-30-19:04:43: 124 143
2011-05-30-19:04:44: 124 141
2011-05-30-19:04:45: 123 142
2011-05-30-19:04:46: 124 143
2011-05-30-19:04:47: 124 143
2011-05-30-19:04:48: 124 143
2011-05-30-19:04:49: 124 143
2011-05-30-19:04:50: 124 143
2011-05-30-19:04:51: 124 143
2011-05-30-19:04:52: 124 143
2011-05-30-19:04:53: 124 143
2011-05-30-19:04:54: 124 143
2011-05-30-19:04:55: 124 143
2011-05-30-19:04:56: 124 143
2011-05-30-19:04:57: 124 143
2011-05-30-19:04:58: 124 143
2011-05-30-19:04:59: 124 143
2011-05-30-19:05:00: 124 143
2011-05-30-19:05:01: 124 143
2011-05-30-19:05:02: 124 143
2011-05-30-19:05:03: 124 143
2011-05-30-19:05:04: 124 143
2011-05-30-19:05:05: 124 143
2011-05-30-19:05:06: 124 143
2011-05-30-19:05:07: 124 143
2011-05-30-19:05:08: 124 143
2011-05-30-19:05:09: 124 143
2011-05-30-19:05:10: 124 138
2011-05-30-19:05:11: 124 143
2011-05-30-19:05:12: 124 142
2011-05-30-19:05:13: 124 143
2011-05-30-19:05:14: 124 143
2011-05-30-19:05:15: 124 143
2011-05-30-19:05:16: 124 143
2011-05-30-19:05:17: 124 138
2011-05-30-19:05:18: 124 143
2011-05-30-19:05:19: 124 143
2011-05-30-19:05:20: 124 143
2011-05-30-19:05:21: 124 143
2011-05-30-19:05:22: 124 143
2011-05-30-19:05:23: 124 143
2011-05-30-19:05:24: 124 143
2011-05-30-19:05:25: 124 143
2011-05-30-19:05:26: 124 143
2011-05-30-19:05:26: 124 128
2011-05-30-19:05:27: 124 143
2011-05-30-19:05:28: 124 140
2011-05-30-19:05:29: 124 142
2011-05-30-19:05:30: 124 141
2011-05-30-19:05:31: 124 143
2011-05-30-19:05:32: 124 141
2011-05-30-19:05:33: 124 143
2011-05-30-19:05:34: 124 141
2011-05-30-19:05:35: 124 142
2011-05-30-19:05:36: 124 141
2011-05-30-19:05:37: 124 142
2011-05-30-19:05:38: 124 141
2011-05-30-19:05:39: 124 143
2011-05-30-19:05:40: 124 147
2011-05-30-19:05:41: 124 143
2011-05-30-19:05:42: 124 144
2011-05-30-19:05:43: 124 143
2011-05-30-19:05:44: 124 143
2011-05-30-19:05:45: 124 142
2011-05-30-19:05:46: 124 143
2011-05-30-19:05:47: 124 142
2011-05-30-19:05:48: 124 143
2011-05-30-19:05:49: 124 142
2011-05-30-19:05:50: 124 143
2011-05-30-19:05:51: 124 143
2011-05-30-19:05:52: 124 143
2011-05-30-19:05:53: 124 143
2011-05-30-19:05:54: 124 143
2011-05-30-19:05:55: 124 142
2011-05-30-19:05:56: 124 143
2011-05-30-19:05:57: 124 143
2011-05-30-19:05:58: 124 142
2011-05-30-19:05:59: 124 142
2011-05-30-19:06:00: 124 143
2011-05-30-19:06:01: 124 140
2011-05-30-19:06:02: 124 143
2011-05-30-19:06:03: 124 143
2011-05-30-19:06:04: 124 143
2011-05-30-19:06:05: 124 143
2011-05-30-19:06:06: 124 143
2011-05-30-19:06:07: 124 143
2011-05-30-19:06:08: 124 143
2011-05-30-19:06:09: 124 143
2011-05-30-19:06:10: 124 143
2011-05-30-19:06:11: 124 143
2011-05-30-19:06:12: 124 143
2011-05-30-19:06:13: 124 143
2011-05-30-19:06:14: 124 143
2011-05-30-19:06:15: 124 143
2011-05-30-19:06:16: 124 143
2011-05-30-19:06:17: 124 143
2011-05-30-19:06:18: 124 143
2011-05-30-19:06:19: 124 143
2011-05-30-19:06:20: 124 143
2011-05-30-19:06:21: 124 143
2011-05-30-19:06:22: 124 143
2011-05-30-19:06:23: 124 143
2011-05-30-19:06:24: 124 143
2011-05-30-19:06:25: 124 143
2011-05-30-19:06:26: 124 143
2011-05-30-19:06:27: 124 143
2011-05-30-19:06:28: 124 143
2011-05-30-19:06:29: 124 143
2011-05-30-19:06:30: 124 140
2011-05-30-19:06:31: 124 143
2011-05-30-19:06:32: 124 141
2011-05-30-19:06:33: 124 143
2011-05-30-19:06:34: 124 141
2011-05-30-19:06:35: 124 143
2011-05-30-19:06:36: 124 139
2011-05-30-19:06:37: 124 143
2011-05-30-19:06:38: 124 141
2011-05-30-19:06:39: 124 143
2011-05-30-19:06:40: 124 141
2011-05-30-19:06:41: 124 143
2011-05-30-19:06:42: 124 141
2011-05-30-19:06:43: 124 143
2011-05-30-19:06:44: 124 131
2011-05-30-19:06:45: 124 141
2011-05-30-19:06:46: 124 142
2011-05-30-19:06:47: 123 142
2011-05-30-19:06:48: 124 143
2011-05-30-19:06:49: 124 143
2011-05-30-19:06:50: 124 143
2011-05-30-19:06:51: 123 143
2011-05-30-19:06:52: 124 143
2011-05-30-19:06:53: 124 143
2011-05-30-19:06:54: 124 143
2011-05-30-19:06:55: 123 143
2011-05-30-19:06:56: 124 143
2011-05-30-19:06:57: 124 143
2011-05-30-19:06:58: 124 143
2011-05-30-19:06:59: 124 143
2011-05-30-19:07:00: 124 143
2011-05-30-19:07:01: 124 143
2011-05-30-19:07:02: 124 143
2011-05-30-19:07:03: 124 143
2011-05-30-19:07:04: 124 143
2011-05-30-19:07:05: 124 143
2011-05-30-19:07:06: 124 143
2011-05-30-19:07:07: 124 143
2011-05-30-19:07:08: 124 142
2011-05-30-19:07:09: 124 143
2011-05-30-19:07:09: 124 143
2011-05-30-19:07:10: 124 143
2011-05-30-19:07:11: 124 135
2011-05-30-19:07:12: 124 142
2011-05-30-19:07:13: 124 143
2011-05-30-19:07:14: 124 143
2011-05-30-19:07:15: 124 143
2011-05-30-19:07:16: 124 142
2011-05-30-19:07:17: 124 143
2011-05-30-19:07:18: 124 143
2011-05-30-19:07:19: 124 143
2011-05-30-19:07:20: 124 143
2011-05-30-19:07:21: 124 143
2011-05-30-19:07:22: 124 143
2011-05-30-19:07:23: 124 142
2011-05-30-19:07:24: 124 143
2011-05-30-19:07:25: 124 142
2011-05-30-19:07:26: 124 143
2011-05-30-19:07:27: 124 142
2011-05-30-19:07:28: 124 143
2011-05-30-19:07:29: 124 144
2011-05-30-19:07:30: 124 143
2011-05-30-19:07:31: 124 144
2011-05-30-19:07:32: 124 143
2011-05-30-19:07:33: 124 143
2011-05-30-19:07:34: 124 143
2011-05-30-19:07:35: 124 143
2011-05-30-19:07:36: 124 143
2011-05-30-19:07:37: 124 143
2011-05-30-19:07:38: 124 143
2011-05-30-19:07:39: 124 143
2011-05-30-19:07:40: 124 143
2011-05-30-19:07:41: 124 143
2011-05-30-19:07:42: 124 143
2011-05-30-19:07:43: 124 143
2011-05-30-19:07:44: 123 143
2011-05-30-19:07:45: 124 143
2011-05-30-19:07:46: 124 143
2011-05-30-19:07:47: 124 143
2011-05-30-19:07:48: 124 143
2011-05-30-19:07:49: 124 143
2011-05-30-19:07:50: 124 143
2011-05-30-19:07:51: 124 143
2011-05-30-19:07:52: 124 143
2011-05-30-19:07:53: 124 143
2011-05-30-19:07:54: 124 142
2011-05-30-19:07:55: 124 143
2011-05-30-19:07:56: 124 142
2011-05-30-19:07:57: 124 143
2011-05-30-19:07:58: 124 142
2011-05-30-19:07:59: 124 143
2011-05-30-19:08:00: 124 142
2011-05-30-19:08:00: 124 143
2011-05-30-19:08:01: 124 143
2011-05-30-19:08:02: 124 143
2011-05-30-19:08:03: 124 143
2011-05-30-19:08:04: 124 143
2011-05-30-19:08:05: 124 143
2011-05-30-19:08:06: 124 143
2011-05-30-19:08:07: 124 143
2011-05-30-19:08:08: 123 143
2011-05-30-19:08:09: 124 143
2011-05-30-19:08:10: 124 143
2011-05-30-19:08:11: 124 143
2011-05-30-19:08:12: 124 143
2011-05-30-19:08:13: 124 143
2011-05-30-19:08:14: 124 143
2011-05-30-19:08:15: 124 143
2011-05-30-19:08:16: 124 143
2011-05-30-19:08:17: 124 143
2011-05-30-19:08:18: 124 143
2011-05-30-19:08:19: 124 143
2011-05-30-19:08:20: 124 143
2011-05-30-19:08:21: 124 143
2011-05-30-19:08:22: 124 143
2011-05-30-19:08:23: 124 143
2011-05-30-19:08:24: 124 143
2011-05-30-19:08:25: 124 143
2011-05-30-19:08:26: 124 143
2011-05-30-19:08:27: 123 143
2011-05-30-19:08:28: 124 143
2011-05-30-19:08:29: 124 143
2011-05-30-19:08:30: 124 143
2011-05-30-19:08:31: 124 143
2011-05-30-19:08:32: 124 143
2011-05-30-19:08:33: 124 143
2011-05-30-19:08:34: 124 143
2011-05-30-19:08:35: 124 143
2011-05-30-19:08:36: 124 143
2011-05-30-19:08:37: 124 143
2011-05-30-19:08:38: 124 143
2011-05-30-19:08:39: 124 143
2011-05-30-19:08:40: 124 143
2011-05-30-19:08:41: 124 143
2011-05-30-19:08:42: 124 143
2011-05-30-19:08:43: 124 143
2011-05-30-19:08:44: 124 143
2011-05-30-19:08:45: 124 143
2011-05-30-19:08:46: 124 143
2011-05-30-19:08:47: 124 143
2011-05-30-19:08:48: 124 143
2011-05-30-19:08:49: 124 143
2011-05-30-19:08:50: 124 143
2011-05-30-19:08:51: 124 143
2011-05-30-19:08:51: 124 143
2011-05-30-19:08:52: 124 143
2011-05-30-19:08:53: 124 143
2011-05-30-19:08:54: 124 143
2011-05-30-19:08:55: 124 143
2011-05-30-19:08:56: 124 143
2011-05-30-19:08:57: 124 143
2011-05-30-19:08:58: 124 143
2011-05-30-19:08:59: 124 143
2011-05-30-19:09:00: 124 143
2011-05-30-19:09:01: 124 142
2011-05-30-19:09:02: 124 141
2011-05-30-19:09:03: 123 143
2011-05-30-19:09:04: 124 141
2011-05-30-19:09:05: 124 142
2011-05-30-19:09:06: 124 139
2011-05-30-19:09:07: 124 143
2011-05-30-19:09:08: 124 143
2011-05-30-19:09:09: 124 143
2011-05-30-19:09:10: 124 143
2011-05-30-19:09:11: 124 143
2011-05-30-19:09:12: 124 143
2011-05-30-19:09:13: 124 142
2011-05-30-19:09:14: 124 143
2011-05-30-19:09:15: 124 143
2011-05-30-19:09:16: 124 143
2011-05-30-19:09:17: 124 143
2011-05-30-19:09:18: 124 143
2011-05-30-19:09:19: 124 142
2011-05-30-19:09:20: 124 143
2011-05-30-19:09:21: 124 134
2011-05-30-19:09:22: 124 143
2011-05-30-19:09:23: 124 139
2011-05-30-19:09:24: 124 143
2011-05-30-19:09:25: 124 141
2011-05-30-19:09:26: 124 143
2011-05-30-19:09:27: 124 140
2011-05-30-19:09:28: 124 142
2011-05-30-19:09:29: 124 140
2011-05-30-19:09:30: 124 142
2011-05-30-19:09:31: 124 141
2011-05-30-19:09:32: 124 143
2011-05-30-19:09:33: 124 140
2011-05-30-19:09:34: 124 142
2011-05-30-19:09:35: 124 147
2011-05-30-19:09:36: 124 143
2011-05-30-19:09:37: 124 143
2011-05-30-19:09:38: 124 143
2011-05-30-19:09:39: 124 143
2011-05-30-19:09:40: 124 143
2011-05-30-19:09:41: 124 143
2011-05-30-19:09:42: 124 143
2011-05-30-19:09:43: 124 143
2011-05-30-19:09:44: 124 143
2011-05-30-19:09:45: 124 143
2011-05-30-19:09:46: 124 143
2011-05-30-19:09:47: 124 143
2011-05-30-19:09:48: 124 143
2011-05-30-19:09:49: 124 143
2011-05-30-19:09:50: 124 143
2011-05-30-19:09:51: 124 143
2011-05-30-19:09:52: 124 143
2011-05-30-19:09:53: 124 143
2011-05-30-19:09:54: 124 143
2011-05-30-19:09:55: 124 143
2011-05-30-19:09:56: 124 143
2011-05-30-19:09:57: 124 143
2011-05-30-19:09:58: 124 143
2011-05-30-19:09:59: 124 143
2011-05-30-19:10:00: 124 143
2011-05-30-19:10:01: 124 143
2011-05-30-19:10:02: 124 143
2011-05-30-19:10:03: 124 143
2011-05-30-19:10:04: 124 143
2011-05-30-19:10:05: 124 143
2011-05-30-19:10:06: 124 143
2011-05-30-19:10:07: 124 143
2011-05-30-19:10:08: 124 143
2011-05-30-19:10:09: 124 143
2011-05-30-19:10:10: 124 143
2011-05-30-19:10:11: 124 143
2011-05-30-19:10:12: 124 143
2011-05-30-19:10:13: 124 143
2011-05-30-19:10:14: 124 143
2011-05-30-19:10:15: 124 143
2011-05-30-19:10:16: 124 143
2011-05-30-19:10:17: 124 143
2011-05-30-19:10:18: 124 143
2011-05-30-19:10:19: 124 143
2011-05-30-19:10:20: 124 143
2011-05-30-19:10:21: 124 143
2011-05-30-19:10:22: 124 143
2011-05-30-19:10:23: 124 143
2011-05-30-19:10:24: 124 143
2011-05-30-19:10:25: 124 143
2011-05-30-19:10:26: 124 143
2011-05-30-19:10:27: 124 143
2011-05-30-19:10:28: 124 143
2011-05-30-19:10:29: 124 143
2011-05-30-19:10:30: 124 143
2011-05-30-19:10:31: 124 143
2011-05-30-19:10:32: 124 143
2011-05-30-19:10:33: 124 143
2011-05-30-19:10:34: 124 143
2011-05-30-19:10:34: 124 143
2011-05-30-19:10:35: 124 143
2011-05-30-19:10:36: 124 143
2011-05-30-19:10:37: 124 143
2011-05-30-19:10:38: 124 143
2011-05-30-19:10:39: 124 143
2011-05-30-19:10:40: 124 143
2011-05-30-19:10:41: 124 143
2011-05-30-19:10:42: 124 143
2011-05-30-19:10:43: 124 143
2011-05-30-19:10:44: 124 143
2011-05-30-19:10:45: 124 143
2011-05-30-19:10:46: 124 143
2011-05-30-19:10:47: 124 143
2011-05-30-19:10:48: 124 143
2011-05-30-19:10:49: 124 143
2011-05-30-19:10:50: 124 143
2011-05-30-19:10:51: 124 143
2011-05-30-19:10:52: 124 143
2011-05-30-19:10:53: 124 143
2011-05-30-19:10:54: 124 143
2011-05-30-19:10:55: 124 143
2011-05-30-19:10:56: 124 143
2011-05-30-19:10:57: 124 143
2011-05-30-19:10:58: 124 143
2011-05-30-19:10:59: 124 143
2011-05-30-19:11:00: 124 143
2011-05-30-19:11:01: 124 143
2011-05-30-19:11:02: 124 143
2011-05-30-19:11:03: 124 143
2011-05-30-19:11:04: 124 143
2011-05-30-19:11:05: 124 143
2011-05-30-19:11:06: 124 143
2011-05-30-19:11:07: 124 143
2011-05-30-19:11:08: 124 143
2011-05-30-19:11:09: 124 143
2011-05-30-19:11:10: 124 143
2011-05-30-19:11:11: 124 143
2011-05-30-19:11:12: 124 143
2011-05-30-19:11:13: 124 143
2011-05-30-19:11:14: 124 143
2011-05-30-19:11:15: 124 143
2011-05-30-19:11:16: 124 143
2011-05-30-19:11:17: 124 143
2011-05-30-19:11:18: 124 143
2011-05-30-19:11:19: 124 143
2011-05-30-19:11:20: 124 143
2011-05-30-19:11:21: 124 143
2011-05-30-19:11:22: 124 143
2011-05-30-19:11:23: 124 143
2011-05-30-19:11:24: 124 143
2011-05-30-19:11:25: 124 143
2011-05-30-19:11:25: 124 143
2011-05-30-19:11:26: 124 143
2011-05-30-19:11:27: 124 143
2011-05-30-19:11:28: 124 143
2011-05-30-19:11:29: 124 143
2011-05-30-19:11:30: 124 143
2011-05-30-19:11:31: 124 143
2011-05-30-19:11:32: 124 143
2011-05-30-19:11:33: 124 143
2011-05-30-19:11:34: 124 143
2011-05-30-19:11:35: 124 143
2011-05-30-19:11:36: 124 143
2011-05-30-19:11:37: 124 143
2011-05-30-19:11:38: 124 143
2011-05-30-19:11:39: 124 143
2011-05-30-19:11:40: 124 143
2011-05-30-19:11:41: 124 143
2011-05-30-19:11:42: 124 143
2011-05-30-19:11:43: 124 143
2011-05-30-19:11:44: 124 143
2011-05-30-19:11:45: 124 143
2011-05-30-19:11:46: 124 143
2011-05-30-19:11:47: 124 143
2011-05-30-19:11:48: 124 143
2011-05-30-19:11:49: 124 143
2011-05-30-19:11:50: 124 143
2011-05-30-19:11:51: 124 143
2011-05-30-19:11:52: 124 143
2011-05-30-19:11:53: 124 143
2011-05-30-19:11:54: 124 143
2011-05-30-19:11:55: 124 143
2011-05-30-19:11:56: 124 143
2011-05-30-19:11:57: 124 143
2011-05-30-19:11:58: 124 143
2011-05-30-19:11:59: 124 143
2011-05-30-19:12:00: 124 143
2011-05-30-19:12:01: 124 143
2011-05-30-19:12:02: 124 143
2011-05-30-19:12:03: 124 143
2011-05-30-19:12:04: 124 143
2011-05-30-19:12:05: 124 143
2011-05-30-19:12:06: 124 143
2011-05-30-19:12:07: 124 143
2011-05-30-19:12:08: 124 143
2011-05-30-19:12:09: 124 143
2011-05-30-19:12:10: 124 143
2011-05-30-19:12:11: 124 143
2011-05-30-19:12:12: 124 143
2011-05-30-19:12:13: 124 143
2011-05-30-19:12:14: 124 143
2011-05-30-19:12:15: 124 143
2011-05-30-19:12:16: 124 143
2011-05-30-19:12:16: 124 143
2011-05-30-19:12:17: 124 143
2011-05-30-19:12:18: 124 143
2011-05-30-19:12:19: 124 143
2011-05-30-19:12:20: 124 143
2011-05-30-19:12:21: 124 143
2011-05-30-19:12:22: 124 143
2011-05-30-19:12:23: 124 143
2011-05-30-19:12:24: 124 143
2011-05-30-19:12:25: 124 143
2011-05-30-19:12:26: 124 143
2011-05-30-19:12:27: 124 143
2011-05-30-19:12:28: 124 143
2011-05-30-19:12:29: 124 143
2011-05-30-19:12:30: 124 143
2011-05-30-19:12:31: 124 143
2011-05-30-19:12:32: 124 143
2011-05-30-19:12:33: 124 143
2011-05-30-19:12:34: 124 143
2011-05-30-19:12:35: 124 143
2011-05-30-19:12:36: 124 143
2011-05-30-19:12:37: 124 143
2011-05-30-19:12:38: 124 143
2011-05-30-19:12:39: 124 143
2011-05-30-19:12:40: 124 143
2011-05-30-19:12:41: 124 143
2011-05-30-19:12:42: 124 143
2011-05-30-19:12:43: 124 143
2011-05-30-19:12:44: 124 143
2011-05-30-19:12:45: 124 143
2011-05-30-19:12:46: 124 143
2011-05-30-19:12:47: 124 143
2011-05-30-19:12:48: 124 143
2011-05-30-19:12:49: 124 143
2011-05-30-19:12:50: 124 143
2011-05-30-19:12:51: 124 143
2011-05-30-19:12:52: 124 143
2011-05-30-19:12:53: 124 143
2011-05-30-19:12:54: 124 143
2011-05-30-19:12:55: 124 143
2011-05-30-19:12:56: 124 143
2011-05-30-19:12:57: 124 143
2011-05-30-19:12:58: 124 143
2011-05-30-19:12:59: 124 143
2011-05-30-19:13:00: 124 143
2011-05-30-19:13:01: 124 143
2011-05-30-19:13:02: 124 143
2011-05-30-19:13:03: 124 143
2011-05-30-19:13:04: 124 143
2011-05-30-19:13:05: 124 143
2011-05-30-19:13:06: 124 143
2011-05-30-19:13:07: 124 143
2011-05-30-19:13:08: 124 143
2011-05-30-19:13:09: 124 143
2011-05-30-19:13:10: 124 143
2011-05-30-19:13:11: 124 143
2011-05-30-19:13:17: 124 143
2011-05-30-19:13:17: 124 143
2011-05-30-19:13:17: 124 143
