2011-05-30-18:29:11: 126 25
2011-05-30-18:29:12: 126 25
2011-05-30-18:29:13: 126 25
2011-05-30-18:29:14: 126 25
2011-05-30-18:29:15: 126 25
2011-05-30-18:29:16: 126 25
2011-05-30-18:29:17: 126 25
2011-05-30-18:29:18: 126 25
2011-05-30-18:29:22: 126 25
2011-05-30-18:29:22: 126 25
2011-05-30-18:29:22: 126 25
2011-05-30-18:29:22: 126 25
2011-05-30-18:29:23: 126 25
2011-05-30-18:29:24: 126 25
2011-05-30-18:29:25: 126 25
2011-05-30-18:29:26: 126 25
2011-05-30-18:29:27: 126 25
2011-05-30-18:29:28: 126 25
2011-05-30-18:29:29: 126 25
2011-05-30-18:29:30: 126 25
2011-05-30-18:29:31: 126 25
2011-05-30-18:29:32: 126 25
2011-05-30-18:29:33: 126 25
2011-05-30-18:29:34: 126 25
2011-05-30-18:29:35: 126 25
2011-05-30-18:29:36: 126 25
2011-05-30-18:29:37: 126 25
2011-05-30-18:29:38: 126 25
2011-05-30-18:29:39: 126 25
2011-05-30-18:29:40: 126 25
2011-05-30-18:29:41: 126 25
2011-05-30-18:29:42: 126 25
2011-05-30-18:29:43: 126 25
2011-05-30-18:29:44: 126 25
2011-05-30-18:29:45: 126 25
2011-05-30-18:29:46: 126 25
2011-05-30-18:29:47: 126 25
2011-05-30-18:29:48: 126 25
2011-05-30-18:29:49: 126 25
2011-05-30-18:29:50: 126 25
2011-05-30-18:29:51: 126 25
2011-05-30-18:29:52: 126 25
2011-05-30-18:29:53: 126 25
2011-05-30-18:29:54: 126 25
2011-05-30-18:29:55: 126 25
2011-05-30-18:29:56: 126 147
2011-05-30-18:29:57: 126 147
2011-05-30-18:29:58: 126 147
2011-05-30-18:29:59: 126 147
2011-05-30-18:30:00: 126 147
2011-05-30-18:30:01: 126 147
2011-05-30-18:30:02: 126 147
2011-05-30-18:30:02: 126 147
2011-05-30-18:30:03: 126 147
2011-05-30-18:30:04: 126 147
2011-05-30-18:30:05: 126 147
2011-05-30-18:30:06: 126 147
2011-05-30-18:30:07: 126 147
2011-05-30-18:30:08: 125 147
2011-05-30-18:30:09: 126 147
2011-05-30-18:30:10: 126 147
2011-05-30-18:30:11: 126 147
2011-05-30-18:30:12: 126 147
2011-05-30-18:30:13: 126 147
2011-05-30-18:30:14: 126 147
2011-05-30-18:30:15: 126 147
2011-05-30-18:30:16: 126 147
2011-05-30-18:30:17: 126 148
2011-05-30-18:30:18: 126 147
2011-05-30-18:30:19: 126 147
2011-05-30-18:30:20: 125 147
2011-05-30-18:30:21: 126 147
2011-05-30-18:30:22: 126 147
2011-05-30-18:30:23: 126 147
2011-05-30-18:30:24: 126 147
2011-05-30-18:30:25: 126 147
2011-05-30-18:30:26: 126 146
2011-05-30-18:30:27: 126 147
2011-05-30-18:30:28: 126 147
2011-05-30-18:30:29: 126 146
2011-05-30-18:30:30: 126 136
2011-05-30-18:30:31: 126 146
2011-05-30-18:30:32: 126 144
2011-05-30-18:30:33: 126 146
2011-05-30-18:30:34: 126 145
2011-05-30-18:30:35: 126 146
2011-05-30-18:30:36: 126 146
2011-05-30-18:30:37: 126 146
2011-05-30-18:30:38: 126 145
2011-05-30-18:30:39: 125 146
2011-05-30-18:30:40: 125 150
2011-05-30-18:30:41: 125 146
2011-05-30-18:30:42: 126 147
2011-05-30-18:30:43: 126 146
2011-05-30-18:30:44: 125 146
2011-05-30-18:30:45: 126 146
2011-05-30-18:30:46: 126 146
2011-05-30-18:30:47: 126 146
2011-05-30-18:30:48: 126 147
2011-05-30-18:30:49: 126 146
2011-05-30-18:30:50: 125 146
2011-05-30-18:30:51: 126 146
2011-05-30-18:30:52: 126 146
2011-05-30-18:30:53: 126 146
2011-05-30-18:30:53: 126 146
2011-05-30-18:30:54: 126 146
2011-05-30-18:30:55: 126 146
2011-05-30-18:30:56: 126 146
2011-05-30-18:30:57: 126 146
2011-05-30-18:30:58: 126 146
2011-05-30-18:30:59: 126 146
2011-05-30-18:31:00: 126 146
2011-05-30-18:31:01: 126 146
2011-05-30-18:31:02: 126 142
2011-05-30-18:31:03: 126 146
2011-05-30-18:31:04: 125 144
2011-05-30-18:31:05: 126 146
2011-05-30-18:31:06: 126 145
2011-05-30-18:31:07: 126 146
2011-05-30-18:31:08: 126 145
2011-05-30-18:31:09: 126 146
2011-05-30-18:31:10: 126 146
2011-05-30-18:31:11: 126 146
2011-05-30-18:31:12: 126 147
2011-05-30-18:31:13: 126 146
2011-05-30-18:31:14: 126 146
2011-05-30-18:31:15: 126 146
2011-05-30-18:31:16: 126 147
2011-05-30-18:31:17: 126 146
2011-05-30-18:31:18: 126 147
2011-05-30-18:31:19: 126 146
2011-05-30-18:31:20: 126 146
2011-05-30-18:31:21: 126 146
2011-05-30-18:31:22: 126 146
2011-05-30-18:31:23: 126 146
2011-05-30-18:31:24: 126 146
2011-05-30-18:31:25: 126 146
2011-05-30-18:31:26: 126 146
2011-05-30-18:31:27: 126 146
2011-05-30-18:31:28: 126 146
2011-05-30-18:31:29: 126 146
2011-05-30-18:31:30: 126 146
2011-05-30-18:31:31: 126 146
2011-05-30-18:31:32: 126 146
2011-05-30-18:31:33: 126 146
2011-05-30-18:31:34: 126 146
2011-05-30-18:31:35: 126 146
2011-05-30-18:31:36: 126 146
2011-05-30-18:31:37: 126 146
2011-05-30-18:31:38: 126 146
2011-05-30-18:31:39: 126 146
2011-05-30-18:31:40: 126 146
2011-05-30-18:31:41: 126 146
2011-05-30-18:31:42: 126 146
2011-05-30-18:31:43: 126 146
2011-05-30-18:31:44: 126 146
2011-05-30-18:31:44: 126 147
2011-05-30-18:31:45: 126 146
2011-05-30-18:31:46: 126 146
2011-05-30-18:31:47: 126 146
2011-05-30-18:31:49: 126 146
2011-05-30-18:31:49: 126 147
2011-05-30-18:31:50: 126 146
2011-05-30-18:31:51: 126 146
2011-05-30-18:31:52: 126 146
2011-05-30-18:31:53: 126 146
2011-05-30-18:31:54: 126 146
2011-05-30-18:31:55: 126 146
2011-05-30-18:31:56: 126 146
2011-05-30-18:31:57: 126 146
2011-05-30-18:31:58: 126 146
2011-05-30-18:31:59: 126 147
2011-05-30-18:32:00: 126 146
2011-05-30-18:32:01: 126 146
2011-05-30-18:32:02: 126 146
2011-05-30-18:32:04: 126 147
2011-05-30-18:32:05: 126 146
2011-05-30-18:32:05: 126 146
2011-05-30-18:32:06: 126 147
2011-05-30-18:32:07: 126 146
2011-05-30-18:32:08: 126 147
2011-05-30-18:32:09: 125 146
2011-05-30-18:32:10: 125 146
2011-05-30-18:32:11: 126 146
2011-05-30-18:32:12: 126 146
2011-05-30-18:32:13: 126 146
2011-05-30-18:32:14: 126 147
2011-05-30-18:32:15: 126 146
2011-05-30-18:32:16: 126 147
2011-05-30-18:32:17: 126 147
2011-05-30-18:32:19: 126 147
2011-05-30-18:32:19: 126 146
2011-05-30-18:32:20: 126 146
2011-05-30-18:32:21: 126 146
2011-05-30-18:32:22: 126 147
2011-05-30-18:32:23: 126 146
2011-05-30-18:32:24: 126 147
2011-05-30-18:32:25: 126 147
2011-05-30-18:32:26: 126 146
2011-05-30-18:32:27: 126 147
2011-05-30-18:32:28: 126 146
2011-05-30-18:32:29: 126 146
2011-05-30-18:32:30: 126 146
2011-05-30-18:32:31: 126 146
2011-05-30-18:32:32: 126 146
2011-05-30-18:32:33: 125 146
2011-05-30-18:32:34: 126 147
2011-05-30-18:32:35: 126 147
2011-05-30-18:32:36: 126 147
2011-05-30-18:32:37: 126 146
2011-05-30-18:32:38: 126 147
2011-05-30-18:32:39: 126 146
2011-05-30-18:32:40: 126 147
2011-05-30-18:32:41: 126 146
2011-05-30-18:32:42: 126 147
2011-05-30-18:32:43: 126 146
2011-05-30-18:32:44: 125 146
2011-05-30-18:32:45: 126 147
2011-05-30-18:32:46: 126 147
2011-05-30-18:32:47: 126 146
2011-05-30-18:32:48: 125 147
2011-05-30-18:32:49: 126 146
2011-05-30-18:32:50: 126 146
2011-05-30-18:32:51: 126 147
2011-05-30-18:32:52: 126 147
2011-05-30-18:32:53: 126 147
2011-05-30-18:32:54: 126 146
2011-05-30-18:32:55: 126 147
2011-05-30-18:32:56: 125 146
2011-05-30-18:32:57: 126 146
2011-05-30-18:32:58: 126 146
2011-05-30-18:32:59: 126 146
2011-05-30-18:33:00: 126 146
2011-05-30-18:33:01: 126 147
2011-05-30-18:33:02: 126 146
2011-05-30-18:33:03: 126 147
2011-05-30-18:33:04: 126 147
2011-05-30-18:33:05: 126 147
2011-05-30-18:33:06: 125 146
2011-05-30-18:33:07: 126 147
2011-05-30-18:33:08: 126 146
2011-05-30-18:33:09: 125 146
2011-05-30-18:33:10: 126 147
2011-05-30-18:33:11: 126 147
2011-05-30-18:33:12: 126 147
2011-05-30-18:33:13: 126 147
2011-05-30-18:33:14: 126 147
2011-05-30-18:33:15: 125 146
2011-05-30-18:33:16: 125 146
2011-05-30-18:33:17: 126 146
2011-05-30-18:33:18: 125 146
2011-05-30-18:33:19: 126 147
2011-05-30-18:33:20: 126 147
2011-05-30-18:33:21: 126 147
2011-05-30-18:33:22: 126 146
2011-05-30-18:33:23: 126 147
2011-05-30-18:33:24: 125 146
2011-05-30-18:33:25: 126 147
2011-05-30-18:33:26: 126 147
2011-05-30-18:33:27: 126 147
2011-05-30-18:33:27: 125 146
2011-05-30-18:33:28: 125 146
2011-05-30-18:33:29: 125 146
2011-05-30-18:33:30: 125 146
2011-05-30-18:33:31: 125 146
2011-05-30-18:33:32: 125 146
2011-05-30-18:33:33: 125 146
2011-05-30-18:33:34: 125 146
2011-05-30-18:33:35: 126 146
2011-05-30-18:33:36: 125 146
2011-05-30-18:33:37: 126 146
2011-05-30-18:33:38: 125 146
2011-05-30-18:33:39: 126 146
2011-05-30-18:33:40: 126 147
2011-05-30-18:33:41: 126 146
2011-05-30-18:33:42: 125 146
2011-05-30-18:33:43: 125 146
2011-05-30-18:33:44: 126 147
2011-05-30-18:33:45: 126 147
2011-05-30-18:33:46: 125 146
2011-05-30-18:33:47: 126 146
2011-05-30-18:33:48: 125 146
2011-05-30-18:33:49: 126 146
2011-05-30-18:33:50: 126 147
2011-05-30-18:33:51: 126 147
2011-05-30-18:33:52: 126 147
2011-05-30-18:33:53: 126 147
2011-05-30-18:33:54: 126 147
2011-05-30-18:33:55: 126 144
2011-05-30-18:33:56: 126 146
2011-05-30-18:33:57: 125 146
2011-05-30-18:33:58: 125 146
2011-05-30-18:33:59: 126 150
2011-05-30-18:34:00: 125 146
2011-05-30-18:34:01: 125 146
2011-05-30-18:34:02: 125 146
2011-05-30-18:34:03: 125 146
2011-05-30-18:34:04: 125 146
2011-05-30-18:34:05: 125 146
2011-05-30-18:34:06: 125 146
2011-05-30-18:34:07: 125 146
2011-05-30-18:34:08: 126 146
2011-05-30-18:34:09: 125 146
2011-05-30-18:34:10: 125 146
2011-05-30-18:34:11: 125 146
2011-05-30-18:34:12: 125 139
2011-05-30-18:34:13: 126 146
2011-05-30-18:34:14: 125 143
2011-05-30-18:34:15: 125 146
2011-05-30-18:34:16: 125 140
2011-05-30-18:34:17: 125 145
2011-05-30-18:34:18: 125 138
2011-05-30-18:34:18: 125 145
2011-05-30-18:34:19: 125 141
2011-05-30-18:34:20: 126 144
2011-05-30-18:34:21: 125 139
2011-05-30-18:34:22: 125 144
2011-05-30-18:34:23: 125 139
2011-05-30-18:34:24: 125 144
2011-05-30-18:34:25: 125 140
2011-05-30-18:34:26: 125 144
2011-05-30-18:34:27: 125 140
2011-05-30-18:34:28: 125 143
2011-05-30-18:34:29: 126 147
2011-05-30-18:34:30: 125 145
2011-05-30-18:34:31: 126 145
2011-05-30-18:34:32: 125 145
2011-05-30-18:34:33: 126 145
2011-05-30-18:34:34: 125 145
2011-05-30-18:34:35: 126 145
2011-05-30-18:34:36: 126 145
2011-05-30-18:34:37: 126 145
2011-05-30-18:34:38: 125 145
2011-05-30-18:34:39: 125 145
2011-05-30-18:34:40: 126 141
2011-05-30-18:34:41: 125 145
2011-05-30-18:34:42: 126 145
2011-05-30-18:34:43: 125 145
2011-05-30-18:34:44: 126 136
2011-05-30-18:34:45: 125 145
2011-05-30-18:34:46: 126 145
2011-05-30-18:34:47: 126 145
2011-05-30-18:34:48: 126 145
2011-05-30-18:34:49: 126 145
2011-05-30-18:34:50: 125 145
2011-05-30-18:34:51: 126 146
2011-05-30-18:34:52: 126 146
2011-05-30-18:34:53: 126 145
2011-05-30-18:34:54: 125 145
2011-05-30-18:34:55: 126 146
2011-05-30-18:34:56: 126 146
2011-05-30-18:34:57: 125 146
2011-05-30-18:34:58: 126 146
2011-05-30-18:34:59: 126 146
2011-05-30-18:35:00: 126 146
2011-05-30-18:35:01: 126 146
2011-05-30-18:35:02: 126 146
2011-05-30-18:35:03: 126 146
2011-05-30-18:35:04: 126 146
2011-05-30-18:35:05: 126 146
2011-05-30-18:35:06: 126 146
2011-05-30-18:35:07: 126 146
2011-05-30-18:35:08: 125 146
2011-05-30-18:35:09: 125 146
2011-05-30-18:35:09: 125 146
2011-05-30-18:35:10: 126 146
2011-05-30-18:35:11: 126 146
2011-05-30-18:35:12: 126 146
2011-05-30-18:35:13: 125 146
2011-05-30-18:35:14: 126 146
2011-05-30-18:35:15: 125 146
2011-05-30-18:35:16: 125 146
2011-05-30-18:35:17: 126 146
2011-05-30-18:35:18: 125 146
2011-05-30-18:35:19: 125 146
2011-05-30-18:35:20: 126 146
2011-05-30-18:35:21: 126 146
2011-05-30-18:35:22: 126 146
2011-05-30-18:35:23: 125 146
2011-05-30-18:35:24: 126 146
2011-05-30-18:35:25: 126 146
2011-05-30-18:35:26: 125 146
2011-05-30-18:35:27: 126 146
2011-05-30-18:35:28: 126 146
2011-05-30-18:35:29: 125 146
2011-05-30-18:35:30: 125 146
2011-05-30-18:35:31: 125 146
2011-05-30-18:35:32: 125 146
2011-05-30-18:35:33: 126 146
2011-05-30-18:35:34: 125 146
2011-05-30-18:35:35: 126 146
2011-05-30-18:35:36: 126 146
2011-05-30-18:35:37: 125 146
2011-05-30-18:35:39: 125 146
2011-05-30-18:35:39: 126 146
2011-05-30-18:35:40: 125 146
2011-05-30-18:35:41: 125 146
2011-05-30-18:35:42: 126 146
2011-05-30-18:35:43: 125 146
2011-05-30-18:35:44: 126 146
2011-05-30-18:35:45: 126 146
2011-05-30-18:35:46: 125 146
2011-05-30-18:35:47: 125 146
2011-05-30-18:35:48: 125 146
2011-05-30-18:35:49: 125 146
2011-05-30-18:35:50: 126 146
2011-05-30-18:35:51: 126 146
2011-05-30-18:35:52: 125 146
2011-05-30-18:35:53: 126 146
2011-05-30-18:35:54: 126 146
2011-05-30-18:35:55: 126 146
2011-05-30-18:35:56: 126 146
2011-05-30-18:35:57: 126 146
2011-05-30-18:35:59: 125 146
2011-05-30-18:36:00: 125 146
2011-05-30-18:36:01: 126 146
2011-05-30-18:36:01: 125 146
2011-05-30-18:36:02: 125 146
