2011-05-30-18:36:26: 125 146
2011-05-30-18:36:27: 125 146
2011-05-30-18:36:28: 125 146
2011-05-30-18:36:29: 125 146
2011-05-30-18:36:30: 126 146
2011-05-30-18:36:31: 125 146
2011-05-30-18:36:32: 125 146
2011-05-30-18:36:33: 125 146
2011-05-30-18:36:36: 125 146
2011-05-30-18:36:36: 125 146
2011-05-30-18:36:36: 125 146
2011-05-30-18:36:37: 125 146
2011-05-30-18:36:38: 125 146
2011-05-30-18:36:39: 126 146
2011-05-30-18:36:40: 125 146
2011-05-30-18:36:41: 125 146
2011-05-30-18:36:42: 125 146
2011-05-30-18:36:43: 125 146
2011-05-30-18:36:44: 126 146
2011-05-30-18:36:45: 125 146
2011-05-30-18:36:46: 125 146
2011-05-30-18:36:47: 125 146
2011-05-30-18:36:48: 125 146
2011-05-30-18:36:54: 125 146
2011-05-30-18:36:54: 125 146
2011-05-30-18:36:54: 125 146
2011-05-30-18:36:55: 125 146
2011-05-30-18:36:55: 126 146
2011-05-30-18:36:55: 125 146
2011-05-30-18:36:55: 125 146
2011-05-30-18:36:56: 125 146
2011-05-30-18:36:57: 125 146
2011-05-30-18:36:58: 125 146
2011-05-30-18:36:59: 125 146
2011-05-30-18:37:00: 125 146
2011-05-30-18:37:01: 125 146
2011-05-30-18:37:02: 125 146
2011-05-30-18:37:03: 125 146
2011-05-30-18:37:06: 125 146
2011-05-30-18:37:07: 125 146
2011-05-30-18:37:07: 125 146
2011-05-30-18:37:07: 125 146
2011-05-30-18:37:08: 125 146
2011-05-30-18:37:09: 125 146
2011-05-30-18:37:10: 126 146
2011-05-30-18:37:11: 125 146
2011-05-30-18:37:12: 125 146
2011-05-30-18:37:13: 125 146
2011-05-30-18:37:14: 126 146
2011-05-30-18:37:15: 126 146
2011-05-30-18:37:16: 125 146
2011-05-30-18:37:17: 126 146
2011-05-30-18:37:17: 125 146
2011-05-30-18:37:18: 125 146
2011-05-30-18:37:19: 126 146
2011-05-30-18:37:20: 126 146
2011-05-30-18:37:21: 126 146
2011-05-30-18:37:22: 125 146
2011-05-30-18:37:23: 125 146
2011-05-30-18:37:24: 125 146
2011-05-30-18:37:25: 125 146
2011-05-30-18:37:26: 125 146
2011-05-30-18:37:27: 125 146
2011-05-30-18:37:28: 125 146
2011-05-30-18:37:29: 125 146
2011-05-30-18:37:30: 125 146
2011-05-30-18:37:31: 126 146
2011-05-30-18:37:32: 125 146
2011-05-30-18:37:33: 125 146
2011-05-30-18:37:35: 125 146
2011-05-30-18:37:35: 125 146
2011-05-30-18:37:36: 125 146
2011-05-30-18:37:37: 126 146
2011-05-30-18:37:38: 125 146
2011-05-30-18:37:39: 126 146
2011-05-30-18:37:40: 125 146
2011-05-30-18:37:41: 125 146
2011-05-30-18:37:42: 125 146
2011-05-30-18:37:43: 125 146
2011-05-30-18:37:44: 125 146
2011-05-30-18:37:45: 125 146
2011-05-30-18:37:46: 125 146
2011-05-30-18:37:47: 125 146
2011-05-30-18:37:48: 125 146
2011-05-30-18:37:49: 125 146
2011-05-30-18:37:50: 125 146
2011-05-30-18:37:51: 125 146
2011-05-30-18:37:52: 125 146
2011-05-30-18:37:53: 125 146
2011-05-30-18:37:54: 125 146
2011-05-30-18:37:55: 125 146
2011-05-30-18:37:56: 125 146
2011-05-30-18:37:57: 125 146
2011-05-30-18:37:58: 125 146
2011-05-30-18:37:59: 125 146
2011-05-30-18:38:00: 125 146
2011-05-30-18:38:01: 125 146
2011-05-30-18:38:02: 125 146
2011-05-30-18:38:03: 125 145
2011-05-30-18:38:04: 125 146
2011-05-30-18:38:05: 125 145
2011-05-30-18:38:06: 125 146
2011-05-30-18:38:07: 125 145
2011-05-30-18:38:08: 125 146
2011-05-30-18:38:09: 125 145
2011-05-30-18:38:10: 125 146
2011-05-30-18:38:11: 126 145
2011-05-30-18:38:12: 125 146
2011-05-30-18:38:13: 125 147
2011-05-30-18:38:14: 125 146
2011-05-30-18:38:15: 125 146
2011-05-30-18:38:16: 125 146
2011-05-30-18:38:17: 125 146
2011-05-30-18:38:18: 125 146
2011-05-30-18:38:19: 125 146
2011-05-30-18:38:20: 125 146
2011-05-30-18:38:21: 125 146
2011-05-30-18:38:22: 125 146
2011-05-30-18:38:23: 125 146
2011-05-30-18:38:24: 125 146
2011-05-30-18:38:25: 125 146
2011-05-30-18:38:26: 125 146
2011-05-30-18:38:27: 125 146
2011-05-30-18:38:28: 125 137
2011-05-30-18:38:29: 125 146
2011-05-30-18:38:30: 125 146
2011-05-30-18:38:31: 125 146
2011-05-30-18:38:32: 125 145
2011-05-30-18:38:33: 125 146
2011-05-30-18:38:34: 125 145
2011-05-30-18:38:35: 125 146
2011-05-30-18:38:36: 125 145
2011-05-30-18:38:37: 125 146
2011-05-30-18:38:38: 125 145
2011-05-30-18:38:39: 125 146
2011-05-30-18:38:40: 124 145
2011-05-30-18:38:41: 125 146
2011-05-30-18:38:42: 125 147
2011-05-30-18:38:43: 125 146
2011-05-30-18:38:44: 124 146
2011-05-30-18:38:45: 124 146
2011-05-30-18:38:46: 125 146
2011-05-30-18:38:47: 125 145
2011-05-30-18:38:48: 125 145
2011-05-30-18:38:49: 125 146
2011-05-30-18:38:50: 125 146
2011-05-30-18:38:51: 125 146
2011-05-30-18:38:52: 125 146
2011-05-30-18:38:53: 125 146
2011-05-30-18:38:54: 125 146
2011-05-30-18:38:55: 125 146
2011-05-30-18:38:56: 125 146
2011-05-30-18:38:57: 125 146
2011-05-30-18:38:58: 125 146
2011-05-30-18:38:59: 125 146
2011-05-30-18:39:00: 125 146
2011-05-30-18:39:00: 125 146
2011-05-30-18:39:01: 125 146
2011-05-30-18:39:02: 125 146
2011-05-30-18:39:03: 125 146
2011-05-30-18:39:04: 125 146
2011-05-30-18:39:05: 125 146
2011-05-30-18:39:06: 125 146
2011-05-30-18:39:07: 125 146
2011-05-30-18:39:08: 125 146
2011-05-30-18:39:09: 125 146
2011-05-30-18:39:10: 125 146
2011-05-30-18:39:11: 125 146
2011-05-30-18:39:12: 125 146
2011-05-30-18:39:13: 125 146
2011-05-30-18:39:14: 125 146
2011-05-30-18:39:15: 125 146
2011-05-30-18:39:16: 125 146
2011-05-30-18:39:17: 125 146
2011-05-30-18:39:18: 125 146
2011-05-30-18:39:19: 124 146
2011-05-30-18:39:20: 125 146
2011-05-30-18:39:21: 125 146
2011-05-30-18:39:22: 125 146
2011-05-30-18:39:23: 125 146
2011-05-30-18:39:24: 125 146
2011-05-30-18:39:25: 125 146
2011-05-30-18:39:26: 125 146
2011-05-30-18:39:27: 125 146
2011-05-30-18:39:28: 125 146
2011-05-30-18:39:29: 125 146
2011-05-30-18:39:30: 125 146
2011-05-30-18:39:31: 125 146
2011-05-30-18:39:32: 125 146
2011-05-30-18:39:33: 125 146
2011-05-30-18:39:34: 125 146
2011-05-30-18:39:35: 125 146
2011-05-30-18:39:36: 125 146
2011-05-30-18:39:37: 125 146
2011-05-30-18:39:38: 125 146
2011-05-30-18:39:42: 125 146
2011-05-30-18:39:42: 125 146
2011-05-30-18:39:43: 125 146
2011-05-30-18:39:43: 125 146
2011-05-30-18:39:43: 125 146
2011-05-30-18:39:44: 125 146
2011-05-30-18:39:45: 125 146
2011-05-30-18:39:46: 125 146
2011-05-30-18:39:47: 125 146
2011-05-30-18:39:48: 125 146
2011-05-30-18:39:49: 125 146
2011-05-30-18:39:50: 125 146
2011-05-30-18:39:51: 125 146
2011-05-30-18:39:51: 125 146
2011-05-30-18:39:52: 125 146
2011-05-30-18:39:53: 125 146
2011-05-30-18:39:54: 125 146
2011-05-30-18:39:55: 125 146
2011-05-30-18:39:56: 125 146
2011-05-30-18:39:57: 125 146
2011-05-30-18:39:58: 125 146
2011-05-30-18:39:59: 125 146
2011-05-30-18:40:00: 125 146
2011-05-30-18:40:01: 125 146
2011-05-30-18:40:02: 125 146
2011-05-30-18:40:03: 125 146
2011-05-30-18:40:04: 125 146
2011-05-30-18:40:05: 125 146
2011-05-30-18:40:06: 125 146
2011-05-30-18:40:07: 125 146
2011-05-30-18:40:08: 125 146
2011-05-30-18:40:09: 125 146
2011-05-30-18:40:10: 125 146
2011-05-30-18:40:11: 125 146
2011-05-30-18:40:12: 125 146
2011-05-30-18:40:13: 125 146
2011-05-30-18:40:15: 125 146
2011-05-30-18:40:15: 125 146
2011-05-30-18:40:19: 125 146
2011-05-30-18:40:19: 125 146
2011-05-30-18:40:19: 125 146
2011-05-30-18:40:19: 125 146
2011-05-30-18:40:20: 125 146
2011-05-30-18:40:21: 125 146
2011-05-30-18:40:22: 125 146
2011-05-30-18:40:23: 125 146
2011-05-30-18:40:24: 125 146
2011-05-30-18:40:25: 125 146
2011-05-30-18:40:26: 125 146
2011-05-30-18:40:27: 125 146
2011-05-30-18:40:28: 125 146
2011-05-30-18:40:30: 125 146
2011-05-30-18:40:30: 125 146
2011-05-30-18:40:31: 125 146
2011-05-30-18:40:32: 125 146
2011-05-30-18:40:33: 125 146
2011-05-30-18:40:34: 125 146
2011-05-30-18:40:35: 125 146
2011-05-30-18:40:36: 125 146
2011-05-30-18:40:37: 125 146
2011-05-30-18:40:38: 125 146
2011-05-30-18:40:39: 125 146
2011-05-30-18:40:40: 125 146
2011-05-30-18:40:41: 125 146
2011-05-30-18:40:42: 125 146
2011-05-30-18:40:42: 125 146
2011-05-30-18:40:43: 125 146
2011-05-30-18:40:44: 125 146
2011-05-30-18:40:45: 125 146
2011-05-30-18:40:46: 125 146
2011-05-30-18:40:47: 125 146
2011-05-30-18:40:48: 125 146
2011-05-30-18:40:49: 125 146
2011-05-30-18:40:50: 125 146
2011-05-30-18:40:51: 125 146
2011-05-30-18:40:52: 125 146
2011-05-30-18:40:53: 125 146
2011-05-30-18:40:54: 125 146
2011-05-30-18:40:55: 125 146
2011-05-30-18:40:56: 125 146
2011-05-30-18:40:57: 125 146
2011-05-30-18:40:58: 125 146
2011-05-30-18:40:59: 125 147
2011-05-30-18:41:00: 125 145
2011-05-30-18:41:01: 125 145
2011-05-30-18:41:02: 125 145
2011-05-30-18:41:03: 125 145
2011-05-30-18:41:04: 125 146
2011-05-30-18:41:05: 125 146
2011-05-30-18:41:06: 125 146
2011-05-30-18:41:07: 125 146
2011-05-30-18:41:08: 125 146
2011-05-30-18:41:09: 125 146
2011-05-30-18:41:10: 125 144
2011-05-30-18:41:11: 125 145
2011-05-30-18:41:12: 125 144
2011-05-30-18:41:13: 125 145
2011-05-30-18:41:14: 125 144
2011-05-30-18:41:15: 125 145
2011-05-30-18:41:16: 125 144
2011-05-30-18:41:17: 125 145
2011-05-30-18:41:18: 125 140
2011-05-30-18:41:19: 125 146
2011-05-30-18:41:20: 125 146
2011-05-30-18:41:21: 125 146
2011-05-30-18:41:22: 125 146
2011-05-30-18:41:23: 125 144
2011-05-30-18:41:24: 125 157
2011-05-30-18:41:25: 125 144
2011-05-30-18:41:26: 125 149
2011-05-30-18:41:27: 125 144
2011-05-30-18:41:28: 125 147
2011-05-30-18:41:29: 125 144
2011-05-30-18:41:30: 125 145
2011-05-30-18:41:31: 125 130
2011-05-30-18:41:32: 125 145
2011-05-30-18:41:33: 125 144
2011-05-30-18:41:34: 125 144
2011-05-30-18:41:35: 125 144
2011-05-30-18:41:36: 125 144
2011-05-30-18:41:37: 125 132
2011-05-30-18:41:38: 125 144
2011-05-30-18:41:39: 125 138
2011-05-30-18:41:40: 125 144
2011-05-30-18:41:41: 125 139
2011-05-30-18:41:42: 125 144
2011-05-30-18:41:43: 125 139
2011-05-30-18:41:44: 125 144
2011-05-30-18:41:45: 125 140
2011-05-30-18:41:46: 125 144
2011-05-30-18:41:47: 125 140
2011-05-30-18:41:48: 125 143
2011-05-30-18:41:49: 125 139
2011-05-30-18:41:50: 125 143
2011-05-30-18:41:51: 125 140
2011-05-30-18:41:52: 125 143
2011-05-30-18:41:53: 125 139
2011-05-30-18:41:54: 125 143
2011-05-30-18:41:55: 125 140
2011-05-30-18:41:56: 125 143
2011-05-30-18:41:57: 125 139
2011-05-30-18:41:58: 125 143
2011-05-30-18:41:59: 125 149
2011-05-30-18:42:00: 125 143
2011-05-30-18:42:01: 125 145
2011-05-30-18:42:02: 125 143
2011-05-30-18:42:03: 125 144
2011-05-30-18:42:04: 125 143
2011-05-30-18:42:05: 125 144
2011-05-30-18:42:06: 125 143
2011-05-30-18:42:07: 125 143
2011-05-30-18:42:08: 125 143
2011-05-30-18:42:09: 125 143
2011-05-30-18:42:10: 125 136
2011-05-30-18:42:11: 125 143
2011-05-30-18:42:12: 125 138
2011-05-30-18:42:13: 125 143
2011-05-30-18:42:14: 125 140
2011-05-30-18:42:15: 125 143
2011-05-30-18:42:16: 125 139
2011-05-30-18:42:17: 125 143
2011-05-30-18:42:18: 125 140
2011-05-30-18:42:19: 125 143
2011-05-30-18:42:20: 125 138
2011-05-30-18:42:21: 125 143
2011-05-30-18:42:22: 125 140
2011-05-30-18:42:23: 125 143
2011-05-30-18:42:24: 125 137
2011-05-30-18:42:25: 125 144
2011-05-30-18:42:25: 125 144
2011-05-30-18:42:26: 125 144
2011-05-30-18:42:27: 125 144
2011-05-30-18:42:28: 125 144
2011-05-30-18:42:29: 125 138
2011-05-30-18:42:30: 124 143
2011-05-30-18:42:31: 125 149
2011-05-30-18:42:32: 125 143
2011-05-30-18:42:33: 125 145
2011-05-30-18:42:34: 125 143
2011-05-30-18:42:35: 125 144
2011-05-30-18:42:36: 125 142
2011-05-30-18:42:37: 125 143
2011-05-30-18:42:38: 125 142
2011-05-30-18:42:39: 125 143
2011-05-30-18:42:40: 125 132
2011-05-30-18:42:41: 124 142
2011-05-30-18:42:42: 125 135
2011-05-30-18:42:43: 125 142
2011-05-30-18:42:44: 125 136
2011-05-30-18:42:45: 125 142
2011-05-30-18:42:46: 125 137
2011-05-30-18:42:47: 125 142
2011-05-30-18:42:48: 125 136
2011-05-30-18:42:49: 125 142
2011-05-30-18:42:50: 125 137
2011-05-30-18:42:51: 125 142
2011-05-30-18:42:52: 125 138
2011-05-30-18:42:53: 125 142
2011-05-30-18:42:54: 125 136
2011-05-30-18:42:55: 125 142
2011-05-30-18:42:56: 125 138
2011-05-30-18:42:57: 125 142
2011-05-30-18:42:58: 125 139
2011-05-30-18:42:59: 125 142
2011-05-30-18:43:00: 125 147
2011-05-30-18:43:01: 125 142
2011-05-30-18:43:02: 125 148
2011-05-30-18:43:03: 125 142
2011-05-30-18:43:04: 125 144
2011-05-30-18:43:05: 125 142
2011-05-30-18:43:06: 125 144
2011-05-30-18:43:07: 125 142
2011-05-30-18:43:08: 125 143
2011-05-30-18:43:09: 125 142
2011-05-30-18:43:10: 125 143
2011-05-30-18:43:11: 125 142
2011-05-30-18:43:12: 125 143
2011-05-30-18:43:13: 125 138
2011-05-30-18:43:14: 125 143
2011-05-30-18:43:15: 125 138
2011-05-30-18:43:16: 125 143
2011-05-30-18:43:16: 125 140
2011-05-30-18:43:17: 125 143
2011-05-30-18:43:18: 125 141
2011-05-30-18:43:19: 125 143
2011-05-30-18:43:20: 125 141
2011-05-30-18:43:21: 125 143
2011-05-30-18:43:22: 125 141
2011-05-30-18:43:23: 125 143
2011-05-30-18:43:24: 124 141
2011-05-30-18:43:25: 125 143
2011-05-30-18:43:26: 125 141
2011-05-30-18:43:27: 125 143
2011-05-30-18:43:28: 125 141
2011-05-30-18:43:29: 125 143
2011-05-30-18:43:30: 125 143
2011-05-30-18:43:31: 125 143
2011-05-30-18:43:32: 125 143
2011-05-30-18:43:33: 125 143
2011-05-30-18:43:34: 125 143
2011-05-30-18:43:35: 125 143
2011-05-30-18:43:36: 125 143
2011-05-30-18:43:37: 125 143
2011-05-30-18:43:38: 125 143
2011-05-30-18:43:39: 125 143
2011-05-30-18:43:40: 125 143
2011-05-30-18:43:41: 125 143
2011-05-30-18:43:42: 125 143
2011-05-30-18:43:43: 125 143
2011-05-30-18:43:44: 125 143
2011-05-30-18:43:45: 125 143
2011-05-30-18:43:46: 125 143
2011-05-30-18:43:47: 125 143
2011-05-30-18:43:48: 125 143
2011-05-30-18:43:49: 125 139
2011-05-30-18:43:50: 125 143
2011-05-30-18:43:51: 125 142
2011-05-30-18:43:52: 125 143
2011-05-30-18:43:53: 125 142
2011-05-30-18:43:54: 125 143
2011-05-30-18:43:55: 125 141
2011-05-30-18:43:56: 125 143
2011-05-30-18:43:57: 125 141
2011-05-30-18:43:58: 125 143
2011-05-30-18:43:59: 125 141
2011-05-30-18:44:00: 125 143
2011-05-30-18:44:01: 125 141
2011-05-30-18:44:02: 125 143
2011-05-30-18:44:03: 125 145
2011-05-30-18:44:04: 125 143
2011-05-30-18:44:05: 125 144
2011-05-30-18:44:06: 125 143
2011-05-30-18:44:07: 125 143
2011-05-30-18:44:07: 125 143
2011-05-30-18:44:08: 125 144
2011-05-30-18:44:09: 125 143
2011-05-30-18:44:10: 125 143
2011-05-30-18:44:11: 125 143
2011-05-30-18:44:12: 125 143
2011-05-30-18:44:13: 125 143
2011-05-30-18:44:14: 125 143
2011-05-30-18:44:15: 125 124
2011-05-30-18:44:16: 125 146
2011-05-30-18:44:17: 125 142
2011-05-30-18:44:18: 125 143
2011-05-30-18:44:19: 125 143
2011-05-30-18:44:20: 125 143
2011-05-30-18:44:21: 125 143
2011-05-30-18:44:22: 125 143
2011-05-30-18:44:23: 125 143
2011-05-30-18:44:24: 125 143
2011-05-30-18:44:25: 125 143
2011-05-30-18:44:26: 125 143
2011-05-30-18:44:27: 125 143
2011-05-30-18:44:28: 125 143
2011-05-30-18:44:29: 125 144
2011-05-30-18:44:30: 125 143
2011-05-30-18:44:31: 125 144
2011-05-30-18:44:32: 125 143
2011-05-30-18:44:33: 125 143
2011-05-30-18:44:34: 125 143
2011-05-30-18:44:35: 125 143
2011-05-30-18:44:36: 125 141
2011-05-30-18:44:37: 125 143
2011-05-30-18:44:38: 125 143
2011-05-30-18:44:39: 125 143
2011-05-30-18:44:40: 125 143
2011-05-30-18:44:41: 125 143
2011-05-30-18:44:42: 125 143
2011-05-30-18:44:43: 125 143
2011-05-30-18:44:44: 125 143
2011-05-30-18:44:45: 125 143
2011-05-30-18:44:46: 125 143
2011-05-30-18:44:47: 125 143
2011-05-30-18:44:48: 125 143
2011-05-30-18:44:49: 125 143
2011-05-30-18:44:50: 125 143
2011-05-30-18:44:51: 125 143
2011-05-30-18:44:52: 125 143
2011-05-30-18:44:53: 125 143
2011-05-30-18:44:54: 124 143
2011-05-30-18:44:55: 125 143
2011-05-30-18:44:56: 125 138
2011-05-30-18:44:57: 125 143
2011-05-30-18:44:58: 124 143
2011-05-30-18:44:59: 125 143
2011-05-30-18:45:00: 125 143
2011-05-30-18:45:01: 125 143
2011-05-30-18:45:02: 125 142
2011-05-30-18:45:03: 125 143
2011-05-30-18:45:04: 125 142
2011-05-30-18:45:05: 125 143
2011-05-30-18:45:06: 125 143
2011-05-30-18:45:07: 125 143
2011-05-30-18:45:08: 125 144
2011-05-30-18:45:09: 125 143
2011-05-30-18:45:10: 125 143
2011-05-30-18:45:11: 125 143
2011-05-30-18:45:12: 125 143
2011-05-30-18:45:13: 125 143
2011-05-30-18:45:14: 125 143
2011-05-30-18:45:15: 125 143
2011-05-30-18:45:16: 125 143
2011-05-30-18:45:17: 125 143
2011-05-30-18:45:18: 125 143
2011-05-30-18:45:19: 125 143
2011-05-30-18:45:20: 125 143
2011-05-30-18:45:21: 125 143
2011-05-30-18:45:22: 125 143
2011-05-30-18:45:23: 125 143
2011-05-30-18:45:24: 125 143
2011-05-30-18:45:25: 125 131
2011-05-30-18:45:26: 125 143
2011-05-30-18:45:27: 125 143
2011-05-30-18:45:28: 125 143
2011-05-30-18:45:29: 125 142
2011-05-30-18:45:30: 125 143
2011-05-30-18:45:31: 124 142
2011-05-30-18:45:32: 125 143
2011-05-30-18:45:33: 125 142
2011-05-30-18:45:34: 125 143
2011-05-30-18:45:35: 125 142
2011-05-30-18:45:36: 125 143
2011-05-30-18:45:37: 125 142
2011-05-30-18:45:38: 125 143
2011-05-30-18:45:39: 125 145
2011-05-30-18:45:40: 124 143
2011-05-30-18:45:41: 125 143
2011-05-30-18:45:42: 125 144
2011-05-30-18:45:43: 125 144
2011-05-30-18:45:44: 125 144
2011-05-30-18:45:45: 125 144
2011-05-30-18:45:46: 125 144
2011-05-30-18:45:47: 125 144
2011-05-30-18:45:48: 125 144
2011-05-30-18:45:49: 125 144
2011-05-30-18:45:50: 125 144
2011-05-30-18:45:50: 125 144
2011-05-30-18:45:51: 125 143
2011-05-30-18:45:52: 125 144
2011-05-30-18:45:53: 125 144
2011-05-30-18:45:54: 125 144
2011-05-30-18:45:55: 125 144
2011-05-30-18:45:56: 125 144
2011-05-30-18:45:57: 125 144
2011-05-30-18:45:58: 125 144
2011-05-30-18:45:59: 125 144
2011-05-30-18:46:00: 125 144
2011-05-30-18:46:01: 125 144
2011-05-30-18:46:02: 125 144
2011-05-30-18:46:03: 124 139
2011-05-30-18:46:04: 125 144
2011-05-30-18:46:05: 125 142
2011-05-30-18:46:06: 125 143
2011-05-30-18:46:07: 125 140
2011-05-30-18:46:08: 125 143
2011-05-30-18:46:09: 125 140
2011-05-30-18:46:10: 125 143
2011-05-30-18:46:11: 125 139
2011-05-30-18:46:12: 125 143
2011-05-30-18:46:13: 125 148
2011-05-30-18:46:14: 125 143
2011-05-30-18:46:15: 125 146
2011-05-30-18:46:16: 125 142
2011-05-30-18:46:17: 125 145
2011-05-30-18:46:18: 125 142
2011-05-30-18:46:19: 125 143
2011-05-30-18:46:20: 125 143
2011-05-30-18:46:21: 125 143
2011-05-30-18:46:22: 125 136
2011-05-30-18:46:23: 125 143
2011-05-30-18:46:24: 125 143
2011-05-30-18:46:25: 125 143
2011-05-30-18:46:26: 125 134
2011-05-30-18:46:27: 125 143
2011-05-30-18:46:28: 125 137
2011-05-30-18:46:29: 125 143
2011-05-30-18:46:30: 125 139
2011-05-30-18:46:31: 125 143
2011-05-30-18:46:32: 125 140
2011-05-30-18:46:33: 125 142
2011-05-30-18:46:34: 125 140
2011-05-30-18:46:35: 125 142
2011-05-30-18:46:36: 125 139
2011-05-30-18:46:37: 125 142
2011-05-30-18:46:38: 125 139
2011-05-30-18:46:39: 125 142
2011-05-30-18:46:40: 125 139
2011-05-30-18:46:41: 125 142
2011-05-30-18:46:41: 125 139
2011-05-30-18:46:42: 125 142
2011-05-30-18:46:43: 125 138
2011-05-30-18:46:44: 125 142
2011-05-30-18:46:45: 125 143
2011-05-30-18:46:46: 125 142
2011-05-30-18:46:47: 125 144
2011-05-30-18:46:48: 125 142
2011-05-30-18:46:49: 125 143
2011-05-30-18:46:50: 125 142
2011-05-30-18:46:51: 125 142
2011-05-30-18:46:52: 125 142
2011-05-30-18:46:53: 125 142
2011-05-30-18:46:54: 125 142
2011-05-30-18:46:55: 125 142
2011-05-30-18:46:56: 125 142
2011-05-30-18:46:57: 125 142
2011-05-30-18:46:58: 125 136
2011-05-30-18:47:00: 125 142
2011-05-30-18:47:00: 125 140
2011-05-30-18:47:01: 125 142
2011-05-30-18:47:02: 125 139
2011-05-30-18:47:03: 125 142
2011-05-30-18:47:04: 125 140
2011-05-30-18:47:05: 125 142
2011-05-30-18:47:06: 125 138
2011-05-30-18:47:07: 125 142
2011-05-30-18:47:08: 125 139
2011-05-30-18:47:09: 125 142
2011-05-30-18:47:10: 125 137
2011-05-30-18:47:11: 125 142
2011-05-30-18:47:12: 125 138
2011-05-30-18:47:13: 125 142
2011-05-30-18:47:14: 125 139
2011-05-30-18:47:15: 125 142
2011-05-30-18:47:16: 125 137
2011-05-30-18:47:17: 125 141
2011-05-30-18:47:18: 125 152
2011-05-30-18:47:19: 125 141
2011-05-30-18:47:20: 125 156
2011-05-30-18:47:21: 125 141
2011-05-30-18:47:22: 125 143
2011-05-30-18:47:23: 125 142
2011-05-30-18:47:24: 125 142
2011-05-30-18:47:25: 125 142
2011-05-30-18:47:26: 125 142
2011-05-30-18:47:27: 125 142
2011-05-30-18:47:28: 125 142
2011-05-30-18:47:29: 125 137
2011-05-30-18:47:30: 125 142
2011-05-30-18:47:31: 125 136
2011-05-30-18:47:32: 125 142
2011-05-30-18:47:32: 125 139
2011-05-30-18:47:33: 124 142
2011-05-30-18:47:34: 125 138
2011-05-30-18:47:35: 125 142
2011-05-30-18:47:36: 125 139
2011-05-30-18:47:37: 125 142
2011-05-30-18:47:38: 125 138
2011-05-30-18:47:39: 125 142
2011-05-30-18:47:40: 125 139
2011-05-30-18:47:41: 125 142
2011-05-30-18:47:42: 125 142
2011-05-30-18:47:43: 125 142
2011-05-30-18:47:44: 125 144
2011-05-30-18:47:45: 125 142
2011-05-30-18:47:46: 125 145
2011-05-30-18:47:47: 125 143
2011-05-30-18:47:48: 125 143
2011-05-30-18:47:49: 125 142
2011-05-30-18:47:50: 125 142
2011-05-30-18:47:51: 125 143
2011-05-30-18:47:52: 125 143
2011-05-30-18:47:53: 125 143
2011-05-30-18:47:54: 125 143
2011-05-30-18:47:55: 125 143
2011-05-30-18:47:56: 125 143
2011-05-30-18:47:57: 125 143
2011-05-30-18:47:58: 125 143
2011-05-30-18:47:59: 125 142
2011-05-30-18:48:00: 125 143
2011-05-30-18:48:01: 125 142
2011-05-30-18:48:02: 125 143
2011-05-30-18:48:03: 125 142
2011-05-30-18:48:04: 125 143
2011-05-30-18:48:05: 125 142
2011-05-30-18:48:06: 125 143
2011-05-30-18:48:07: 125 143
2011-05-30-18:48:08: 125 143
2011-05-30-18:48:09: 125 143
2011-05-30-18:48:10: 125 143
2011-05-30-18:48:11: 125 143
2011-05-30-18:48:12: 125 143
2011-05-30-18:48:13: 125 140
2011-05-30-18:48:14: 124 143
2011-05-30-18:48:15: 125 143
2011-05-30-18:48:16: 125 143
2011-05-30-18:48:17: 125 143
2011-05-30-18:48:18: 125 143
2011-05-30-18:48:19: 125 143
2011-05-30-18:48:20: 125 143
2011-05-30-18:48:21: 125 143
2011-05-30-18:48:22: 125 143
2011-05-30-18:48:23: 124 143
2011-05-30-18:48:24: 125 143
2011-05-30-18:48:25: 125 143
2011-05-30-18:48:26: 125 143
2011-05-30-18:48:27: 125 143
2011-05-30-18:48:28: 125 143
2011-05-30-18:48:29: 125 143
2011-05-30-18:48:30: 125 143
2011-05-30-18:48:31: 124 143
2011-05-30-18:48:32: 125 143
2011-05-30-18:48:33: 125 143
2011-05-30-18:48:34: 125 143
2011-05-30-18:48:35: 125 143
2011-05-30-18:48:36: 125 142
2011-05-30-18:48:37: 125 143
2011-05-30-18:48:38: 124 142
2011-05-30-18:48:39: 125 143
2011-05-30-18:48:40: 125 141
2011-05-30-18:48:41: 125 143
2011-05-30-18:48:42: 125 142
2011-05-30-18:48:43: 125 143
2011-05-30-18:48:44: 125 150
2011-05-30-18:48:45: 125 143
2011-05-30-18:48:46: 125 141
2011-05-30-18:48:47: 125 143
2011-05-30-18:48:48: 125 141
2011-05-30-18:48:49: 125 142
2011-05-30-18:48:50: 125 144
2011-05-30-18:48:51: 125 143
2011-05-30-18:48:52: 125 144
2011-05-30-18:48:53: 125 143
2011-05-30-18:48:54: 125 143
2011-05-30-18:48:55: 125 141
2011-05-30-18:48:56: 125 143
2011-05-30-18:48:57: 125 142
2011-05-30-18:48:58: 125 143
2011-05-30-18:48:59: 125 141
2011-05-30-18:49:00: 125 143
2011-05-30-18:49:01: 125 142
2011-05-30-18:49:02: 125 143
2011-05-30-18:49:03: 125 141
2011-05-30-18:49:04: 125 143
2011-05-30-18:49:05: 125 142
2011-05-30-18:49:06: 125 143
2011-05-30-18:49:07: 125 142
2011-05-30-18:49:08: 125 143
2011-05-30-18:49:09: 125 141
2011-05-30-18:49:10: 125 142
2011-05-30-18:49:11: 125 142
2011-05-30-18:49:12: 125 143
2011-05-30-18:49:13: 125 141
2011-05-30-18:49:14: 125 143
2011-05-30-18:49:15: 125 141
2011-05-30-18:49:15: 125 143
2011-05-30-18:49:16: 125 141
2011-05-30-18:49:17: 125 142
2011-05-30-18:49:18: 125 144
2011-05-30-18:49:19: 125 142
2011-05-30-18:49:20: 125 141
2011-05-30-18:49:21: 125 142
2011-05-30-18:49:22: 125 148
2011-05-30-18:49:23: 125 142
2011-05-30-18:49:24: 125 143
2011-05-30-18:49:25: 125 143
2011-05-30-18:49:26: 125 143
2011-05-30-18:49:27: 125 143
2011-05-30-18:49:28: 125 143
2011-05-30-18:49:29: 125 143
2011-05-30-18:49:30: 125 142
2011-05-30-18:49:31: 125 143
2011-05-30-18:49:32: 125 143
2011-05-30-18:49:33: 125 143
2011-05-30-18:49:34: 125 143
2011-05-30-18:49:35: 125 143
2011-05-30-18:49:36: 125 143
2011-05-30-18:49:37: 125 143
2011-05-30-18:49:38: 125 143
2011-05-30-18:49:39: 125 143
2011-05-30-18:49:40: 125 143
2011-05-30-18:49:41: 125 143
2011-05-30-18:49:42: 125 143
2011-05-30-18:49:43: 125 143
2011-05-30-18:49:44: 125 143
2011-05-30-18:49:45: 125 143
2011-05-30-18:49:46: 125 143
2011-05-30-18:49:47: 125 144
2011-05-30-18:49:48: 125 143
2011-05-30-18:49:49: 125 143
2011-05-30-18:49:50: 125 143
2011-05-30-18:49:51: 125 143
2011-05-30-18:49:52: 125 143
2011-05-30-18:49:53: 125 143
2011-05-30-18:49:54: 125 143
2011-05-30-18:49:55: 125 143
2011-05-30-18:49:56: 124 143
2011-05-30-18:49:57: 125 143
2011-05-30-18:49:58: 125 143
2011-05-30-18:49:59: 125 143
2011-05-30-18:50:00: 125 143
2011-05-30-18:50:01: 125 143
2011-05-30-18:50:02: 125 129
2011-05-30-18:50:03: 125 143
2011-05-30-18:50:04: 125 142
2011-05-30-18:50:05: 125 143
2011-05-30-18:50:06: 125 142
2011-05-30-18:50:06: 125 143
2011-05-30-18:50:07: 124 142
2011-05-30-18:50:08: 125 143
2011-05-30-18:50:09: 125 142
2011-05-30-18:50:10: 125 143
2011-05-30-18:50:11: 125 140
2011-05-30-18:50:12: 125 143
2011-05-30-18:50:13: 125 141
2011-05-30-18:50:14: 124 142
2011-05-30-18:50:15: 125 141
2011-05-30-18:50:16: 125 143
2011-05-30-18:50:17: 125 142
2011-05-30-18:50:18: 125 142
2011-05-30-18:50:19: 124 140
2011-05-30-18:50:20: 125 143
2011-05-30-18:50:21: 125 144
2011-05-30-18:50:22: 125 143
2011-05-30-18:50:23: 124 143
2011-05-30-18:50:24: 125 143
2011-05-30-18:50:25: 125 143
2011-05-30-18:50:26: 125 143
2011-05-30-18:50:27: 125 143
2011-05-30-18:50:28: 125 143
2011-05-30-18:50:29: 125 143
2011-05-30-18:50:30: 125 143
2011-05-30-18:50:31: 125 143
2011-05-30-18:50:32: 125 143
2011-05-30-18:50:33: 125 143
2011-05-30-18:50:34: 125 143
2011-05-30-18:50:35: 125 143
2011-05-30-18:50:36: 125 143
2011-05-30-18:50:37: 125 143
2011-05-30-18:50:38: 125 143
2011-05-30-18:50:39: 125 143
2011-05-30-18:50:40: 125 143
2011-05-30-18:50:41: 125 143
2011-05-30-18:50:42: 125 143
2011-05-30-18:50:43: 125 143
2011-05-30-18:50:44: 125 143
2011-05-30-18:50:45: 125 143
2011-05-30-18:50:46: 125 143
2011-05-30-18:50:47: 125 143
2011-05-30-18:50:48: 125 143
2011-05-30-18:50:49: 125 143
2011-05-30-18:50:50: 125 143
2011-05-30-18:50:51: 125 143
2011-05-30-18:50:52: 125 143
2011-05-30-18:50:53: 125 143
2011-05-30-18:50:54: 125 143
2011-05-30-18:50:55: 125 143
2011-05-30-18:50:56: 125 143
2011-05-30-18:50:57: 125 143
2011-05-30-18:50:57: 125 143
2011-05-30-18:50:58: 125 143
2011-05-30-18:51:00: 125 143
2011-05-30-18:51:00: 125 143
2011-05-30-18:51:01: 125 143
2011-05-30-18:51:02: 125 143
2011-05-30-18:51:03: 125 143
2011-05-30-18:51:04: 125 143
2011-05-30-18:51:05: 125 143
2011-05-30-18:51:06: 125 143
2011-05-30-18:51:07: 125 143
2011-05-30-18:51:08: 125 143
2011-05-30-18:51:09: 125 143
2011-05-30-18:51:10: 125 143
2011-05-30-18:51:11: 125 143
2011-05-30-18:51:13: 125 143
2011-05-30-18:51:13: 125 143
