2011-05-19-09:15:23: 140 25
2011-05-19-09:15:24: 140 25
2011-05-19-09:15:25: 140 25
2011-05-19-09:15:30: 140 25
2011-05-19-09:15:30: 140 25
2011-05-19-09:15:30: 140 25
2011-05-19-09:15:30: 140 25
2011-05-19-09:15:30: 140 25
2011-05-19-09:15:31: 140 25
2011-05-19-09:15:32: 140 25
2011-05-19-09:15:33: 140 25
2011-05-19-09:15:34: 140 25
2011-05-19-09:15:35: 140 25
2011-05-19-09:15:36: 140 25
2011-05-19-09:15:37: 140 25
2011-05-19-09:15:38: 140 25
2011-05-19-09:15:39: 140 25
2011-05-19-09:15:40: 140 25
2011-05-19-09:15:41: 140 25
2011-05-19-09:15:42: 140 25
2011-05-19-09:15:43: 140 25
2011-05-19-09:15:44: 140 25
2011-05-19-09:15:45: 140 25
2011-05-19-09:15:46: 140 25
2011-05-19-09:15:47: 140 25
2011-05-19-09:15:48: 140 25
2011-05-19-09:15:49: 140 25
2011-05-19-09:15:50: 140 25
2011-05-19-09:15:51: 140 25
2011-05-19-09:15:52: 140 25
2011-05-19-09:15:53: 140 25
2011-05-19-09:15:54: 140 25
2011-05-19-09:15:55: 140 25
2011-05-19-09:15:57: 140 25
2011-05-19-09:15:57: 140 25
2011-05-19-09:15:58: 140 25
2011-05-19-09:15:59: 140 25
2011-05-19-09:16:00: 140 25
2011-05-19-09:16:01: 140 25
2011-05-19-09:16:02: 140 25
2011-05-19-09:16:03: 140 25
2011-05-19-09:16:04: 140 25
2011-05-19-09:16:05: 140 25
2011-05-19-09:16:06: 140 25
2011-05-19-09:16:07: 140 25
2011-05-19-09:16:08: 140 25
2011-05-19-09:16:09: 139 25
2011-05-19-09:16:10: 140 25
2011-05-19-09:16:11: 140 25
2011-05-19-09:16:12: 139 25
2011-05-19-09:16:13: 140 25
2011-05-19-09:16:14: 140 25
2011-05-19-09:16:14: 140 25
2011-05-19-09:16:15: 140 25
2011-05-19-09:16:16: 140 25
2011-05-19-09:16:17: 140 25
2011-05-19-09:16:18: 140 25
2011-05-19-09:16:19: 139 25
2011-05-19-09:16:20: 139 25
2011-05-19-09:16:21: 140 25
2011-05-19-09:16:22: 139 25
2011-05-19-09:16:23: 140 25
2011-05-19-09:16:24: 139 25
2011-05-19-09:16:25: 139 25
2011-05-19-09:16:26: 139 25
2011-05-19-09:16:27: 139 25
2011-05-19-09:16:28: 139 25
2011-05-19-09:16:29: 139 25
2011-05-19-09:16:30: 139 25
2011-05-19-09:16:31: 139 25
2011-05-19-09:16:32: 139 25
2011-05-19-09:16:33: 139 25
2011-05-19-09:16:34: 139 25
2011-05-19-09:16:35: 139 25
2011-05-19-09:16:36: 139 25
2011-05-19-09:16:37: 139 25
2011-05-19-09:16:38: 139 25
2011-05-19-09:16:39: 139 25
2011-05-19-09:16:40: 139 25
2011-05-19-09:16:41: 139 25
2011-05-19-09:16:42: 139 25
2011-05-19-09:16:43: 139 25
2011-05-19-09:16:44: 140 25
2011-05-19-09:16:45: 139 25
2011-05-19-09:16:46: 139 25
2011-05-19-09:16:47: 139 25
2011-05-19-09:16:48: 139 25
2011-05-19-09:16:49: 139 25
2011-05-19-09:16:50: 139 25
2011-05-19-09:16:51: 139 25
2011-05-19-09:16:52: 139 25
2011-05-19-09:16:53: 139 25
2011-05-19-09:16:54: 139 25
2011-05-19-09:16:55: 139 25
2011-05-19-09:16:56: 139 25
2011-05-19-09:16:57: 139 25
2011-05-19-09:16:58: 139 25
2011-05-19-09:16:59: 139 25
2011-05-19-09:17:00: 139 25
2011-05-19-09:17:01: 139 25
2011-05-19-09:17:02: 139 25
2011-05-19-09:17:03: 139 25
2011-05-19-09:17:04: 139 25
2011-05-19-09:17:05: 139 25
2011-05-19-09:17:05: 139 25
2011-05-19-09:17:06: 139 25
2011-05-19-09:17:07: 139 25
2011-05-19-09:17:08: 139 25
2011-05-19-09:17:09: 139 25
2011-05-19-09:17:10: 139 25
2011-05-19-09:17:11: 139 25
2011-05-19-09:17:12: 139 25
2011-05-19-09:17:13: 139 25
2011-05-19-09:17:14: 139 25
2011-05-19-09:17:15: 139 25
2011-05-19-09:17:16: 139 25
2011-05-19-09:17:17: 139 25
2011-05-19-09:17:18: 139 25
2011-05-19-09:17:19: 139 25
2011-05-19-09:17:20: 139 25
2011-05-19-09:17:21: 139 25
2011-05-19-09:17:22: 139 25
2011-05-19-09:17:23: 139 25
2011-05-19-09:17:24: 139 25
2011-05-19-09:17:25: 139 25
2011-05-19-09:17:26: 139 25
2011-05-19-09:17:27: 139 25
2011-05-19-09:17:28: 139 25
2011-05-19-09:17:29: 139 25
2011-05-19-09:17:30: 139 25
2011-05-19-09:17:31: 139 25
2011-05-19-09:17:32: 139 25
2011-05-19-09:17:33: 139 25
2011-05-19-09:17:34: 139 25
2011-05-19-09:17:35: 139 25
2011-05-19-09:17:36: 139 25
2011-05-19-09:17:37: 139 25
2011-05-19-09:17:38: 139 25
2011-05-19-09:17:39: 139 25
2011-05-19-09:17:40: 139 25
2011-05-19-09:17:41: 139 25
2011-05-19-09:17:42: 139 25
2011-05-19-09:17:43: 139 25
2011-05-19-09:17:44: 139 25
2011-05-19-09:17:45: 139 25
2011-05-19-09:17:46: 139 25
2011-05-19-09:17:47: 139 25
2011-05-19-09:17:48: 139 25
2011-05-19-09:17:49: 139 25
2011-05-19-09:17:50: 139 25
2011-05-19-09:17:51: 139 25
2011-05-19-09:17:52: 139 25
2011-05-19-09:17:53: 139 25
2011-05-19-09:17:54: 139 25
2011-05-19-09:17:55: 139 25
2011-05-19-09:17:56: 139 25
2011-05-19-09:17:56: 139 25
2011-05-19-09:17:57: 139 25
2011-05-19-09:17:58: 139 25
2011-05-19-09:17:59: 139 25
2011-05-19-09:18:00: 139 25
2011-05-19-09:18:01: 139 25
2011-05-19-09:18:02: 139 25
2011-05-19-09:18:03: 139 25
2011-05-19-09:18:04: 139 25
2011-05-19-09:18:05: 139 25
2011-05-19-09:18:06: 139 25
2011-05-19-09:18:07: 139 25
2011-05-19-09:18:08: 139 25
2011-05-19-09:18:09: 139 25
2011-05-19-09:18:10: 139 25
2011-05-19-09:18:11: 139 25
2011-05-19-09:18:12: 139 25
2011-05-19-09:18:13: 139 25
2011-05-19-09:18:14: 139 25
2011-05-19-09:18:15: 139 25
2011-05-19-09:18:16: 139 25
2011-05-19-09:18:17: 139 25
2011-05-19-09:18:18: 139 25
2011-05-19-09:18:19: 139 25
2011-05-19-09:18:20: 139 25
2011-05-19-09:18:21: 139 25
2011-05-19-09:18:22: 139 25
2011-05-19-09:18:23: 139 25
2011-05-19-09:18:24: 139 25
2011-05-19-09:18:25: 138 25
2011-05-19-09:18:26: 138 25
2011-05-19-09:18:27: 138 25
2011-05-19-09:18:28: 138 25
2011-05-19-09:18:29: 138 25
2011-05-19-09:18:30: 139 25
2011-05-19-09:18:31: 139 25
2011-05-19-09:18:32: 138 25
2011-05-19-09:18:33: 139 25
2011-05-19-09:18:34: 138 25
2011-05-19-09:18:35: 138 25
2011-05-19-09:18:36: 138 25
2011-05-19-09:18:38: 138 25
2011-05-19-09:18:38: 138 25
2011-05-19-09:18:39: 138 25
2011-05-19-09:18:40: 138 25
2011-05-19-09:18:41: 138 25
2011-05-19-09:18:42: 138 25
2011-05-19-09:18:43: 138 25
2011-05-19-09:18:44: 138 25
2011-05-19-09:18:45: 138 25
2011-05-19-09:18:46: 138 25
2011-05-19-09:18:48: 138 25
2011-05-19-09:18:48: 138 25
2011-05-19-09:18:49: 138 25
2011-05-19-09:18:50: 138 25
2011-05-19-09:18:51: 138 25
2011-05-19-09:18:52: 138 25
2011-05-19-09:18:53: 138 25
2011-05-19-09:18:54: 138 25
2011-05-19-09:18:55: 138 25
2011-05-19-09:18:56: 138 25
2011-05-19-09:18:57: 138 25
2011-05-19-09:18:58: 138 25
2011-05-19-09:18:59: 138 25
2011-05-19-09:19:00: 138 25
2011-05-19-09:19:01: 138 25
2011-05-19-09:19:02: 138 25
2011-05-19-09:19:03: 138 25
2011-05-19-09:19:04: 138 25
2011-05-19-09:19:05: 138 25
2011-05-19-09:19:06: 138 25
2011-05-19-09:19:07: 138 25
2011-05-19-09:19:08: 138 25
2011-05-19-09:19:09: 138 25
2011-05-19-09:19:10: 138 25
2011-05-19-09:19:11: 138 25
2011-05-19-09:19:12: 138 25
2011-05-19-09:19:13: 138 25
2011-05-19-09:19:14: 138 25
2011-05-19-09:19:15: 138 25
2011-05-19-09:19:16: 138 25
2011-05-19-09:19:17: 138 25
2011-05-19-09:19:18: 138 25
2011-05-19-09:19:19: 138 25
2011-05-19-09:19:20: 138 25
2011-05-19-09:19:21: 138 25
2011-05-19-09:19:22: 138 25
2011-05-19-09:19:23: 138 25
2011-05-19-09:19:24: 138 25
2011-05-19-09:19:25: 138 25
2011-05-19-09:19:26: 138 25
2011-05-19-09:19:27: 138 25
2011-05-19-09:19:28: 138 25
2011-05-19-09:19:29: 138 25
2011-05-19-09:19:30: 138 25
2011-05-19-09:19:31: 138 25
2011-05-19-09:19:32: 138 25
2011-05-19-09:19:33: 138 25
2011-05-19-09:19:34: 138 25
2011-05-19-09:19:35: 138 25
2011-05-19-09:19:36: 137 25
2011-05-19-09:19:37: 138 25
2011-05-19-09:19:38: 138 25
2011-05-19-09:19:39: 138 25
2011-05-19-09:19:39: 138 25
2011-05-19-09:19:40: 138 25
2011-05-19-09:19:41: 138 25
2011-05-19-09:19:42: 138 25
2011-05-19-09:19:43: 138 25
2011-05-19-09:19:44: 138 25
2011-05-19-09:19:45: 138 25
2011-05-19-09:19:46: 138 25
2011-05-19-09:19:47: 138 25
2011-05-19-09:19:48: 138 25
2011-05-19-09:19:49: 138 25
2011-05-19-09:19:50: 138 25
2011-05-19-09:19:51: 138 25
2011-05-19-09:19:52: 138 25
2011-05-19-09:19:53: 138 25
2011-05-19-09:19:54: 137 25
2011-05-19-09:19:55: 138 25
2011-05-19-09:19:56: 138 25
2011-05-19-09:19:57: 138 25
2011-05-19-09:19:58: 138 25
2011-05-19-09:19:59: 138 25
2011-05-19-09:20:00: 138 25
2011-05-19-09:20:01: 138 25
2011-05-19-09:20:02: 138 25
2011-05-19-09:20:03: 138 25
2011-05-19-09:20:04: 138 25
2011-05-19-09:20:05: 138 25
2011-05-19-09:20:06: 138 25
2011-05-19-09:20:07: 138 25
2011-05-19-09:20:08: 138 25
2011-05-19-09:20:09: 138 25
2011-05-19-09:20:10: 138 25
2011-05-19-09:20:11: 138 25
2011-05-19-09:20:12: 138 25
2011-05-19-09:20:13: 138 25
2011-05-19-09:20:14: 138 25
2011-05-19-09:20:15: 137 25
2011-05-19-09:20:16: 137 25
2011-05-19-09:20:17: 138 25
2011-05-19-09:20:18: 138 25
2011-05-19-09:20:19: 138 25
2011-05-19-09:20:20: 138 25
2011-05-19-09:20:21: 138 25
2011-05-19-09:20:22: 138 25
2011-05-19-09:20:23: 138 25
2011-05-19-09:20:24: 138 25
2011-05-19-09:20:25: 138 25
2011-05-19-09:20:26: 138 25
2011-05-19-09:20:27: 138 25
2011-05-19-09:20:28: 138 25
2011-05-19-09:20:29: 137 25
2011-05-19-09:20:30: 138 25
2011-05-19-09:20:30: 138 25
2011-05-19-09:20:31: 138 25
2011-05-19-09:20:32: 137 25
2011-05-19-09:20:33: 138 25
2011-05-19-09:20:34: 137 25
2011-05-19-09:20:35: 138 25
2011-05-19-09:20:36: 138 25
2011-05-19-09:20:37: 138 25
2011-05-19-09:20:38: 138 25
2011-05-19-09:20:39: 137 25
2011-05-19-09:20:40: 137 25
2011-05-19-09:20:41: 137 25
2011-05-19-09:20:42: 137 25
2011-05-19-09:20:43: 138 25
2011-05-19-09:20:44: 137 25
2011-05-19-09:20:45: 137 25
2011-05-19-09:20:46: 137 25
2011-05-19-09:20:47: 137 25
2011-05-19-09:20:48: 137 25
2011-05-19-09:20:49: 137 25
2011-05-19-09:20:50: 137 25
2011-05-19-09:20:51: 138 25
2011-05-19-09:20:52: 137 25
2011-05-19-09:20:53: 137 25
2011-05-19-09:20:54: 137 25
2011-05-19-09:20:55: 137 25
2011-05-19-09:20:56: 137 25
2011-05-19-09:20:57: 137 25
2011-05-19-09:20:58: 137 25
2011-05-19-09:20:59: 137 25
2011-05-19-09:21:00: 137 25
2011-05-19-09:21:01: 137 25
2011-05-19-09:21:02: 137 25
2011-05-19-09:21:03: 137 25
2011-05-19-09:21:04: 137 25
2011-05-19-09:21:05: 137 25
2011-05-19-09:21:06: 137 25
2011-05-19-09:21:07: 137 25
2011-05-19-09:21:08: 137 25
2011-05-19-09:21:09: 137 25
2011-05-19-09:21:10: 137 25
2011-05-19-09:21:11: 137 25
2011-05-19-09:21:12: 137 25
2011-05-19-09:21:13: 137 25
2011-05-19-09:21:14: 137 25
2011-05-19-09:21:15: 137 25
2011-05-19-09:21:16: 137 25
2011-05-19-09:21:17: 137 25
2011-05-19-09:21:18: 137 25
2011-05-19-09:21:19: 137 25
2011-05-19-09:21:20: 137 25
2011-05-19-09:21:21: 137 25
2011-05-19-09:21:21: 137 25
2011-05-19-09:21:22: 137 25
2011-05-19-09:21:23: 137 25
2011-05-19-09:21:24: 137 25
2011-05-19-09:21:25: 137 25
2011-05-19-09:21:26: 137 25
2011-05-19-09:21:27: 137 25
2011-05-19-09:21:28: 137 25
2011-05-19-09:21:29: 137 25
2011-05-19-09:21:30: 137 25
2011-05-19-09:21:31: 137 25
2011-05-19-09:21:32: 137 25
2011-05-19-09:21:33: 137 25
2011-05-19-09:21:34: 137 25
2011-05-19-09:21:35: 137 25
2011-05-19-09:21:36: 137 25
2011-05-19-09:21:37: 137 25
2011-05-19-09:21:38: 137 25
2011-05-19-09:21:39: 137 25
2011-05-19-09:21:40: 137 25
2011-05-19-09:21:41: 137 25
2011-05-19-09:21:42: 137 25
2011-05-19-09:21:43: 137 25
2011-05-19-09:21:44: 137 25
2011-05-19-09:21:45: 137 25
2011-05-19-09:21:46: 136 25
2011-05-19-09:21:47: 137 25
2011-05-19-09:21:48: 137 25
2011-05-19-09:21:49: 137 25
2011-05-19-09:21:50: 137 25
2011-05-19-09:21:51: 137 154
2011-05-19-09:21:52: 137 154
2011-05-19-09:21:53: 137 154
2011-05-19-09:21:54: 137 154
2011-05-19-09:21:55: 137 154
2011-05-19-09:21:56: 137 154
2011-05-19-09:21:57: 137 154
2011-05-19-09:21:58: 137 154
2011-05-19-09:21:59: 137 154
2011-05-19-09:22:00: 137 154
2011-05-19-09:22:01: 137 154
2011-05-19-09:22:02: 137 154
2011-05-19-09:22:03: 137 154
2011-05-19-09:22:04: 137 154
2011-05-19-09:22:05: 137 154
2011-05-19-09:22:06: 137 154
2011-05-19-09:22:07: 137 154
2011-05-19-09:22:08: 136 154
2011-05-19-09:22:09: 137 154
2011-05-19-09:22:10: 137 159
2011-05-19-09:22:11: 137 154
2011-05-19-09:22:12: 137 154
2011-05-19-09:22:13: 137 154
2011-05-19-09:22:14: 137 155
2011-05-19-09:22:15: 136 154
2011-05-19-09:22:16: 137 154
2011-05-19-09:22:17: 137 154
2011-05-19-09:22:18: 137 154
2011-05-19-09:22:19: 136 154
2011-05-19-09:22:20: 137 154
2011-05-19-09:22:21: 137 154
2011-05-19-09:22:22: 137 154
2011-05-19-09:22:23: 137 154
2011-05-19-09:22:24: 137 154
2011-05-19-09:22:25: 137 154
2011-05-19-09:22:26: 137 154
2011-05-19-09:22:27: 137 154
2011-05-19-09:22:28: 137 154
2011-05-19-09:22:29: 137 154
2011-05-19-09:22:30: 137 154
2011-05-19-09:22:31: 137 154
2011-05-19-09:22:32: 137 154
2011-05-19-09:22:33: 136 154
2011-05-19-09:22:34: 137 154
2011-05-19-09:22:35: 137 154
2011-05-19-09:22:36: 137 154
2011-05-19-09:22:37: 137 154
2011-05-19-09:22:38: 137 154
2011-05-19-09:22:39: 137 154
2011-05-19-09:22:40: 137 154
2011-05-19-09:22:41: 137 154
2011-05-19-09:22:42: 136 154
2011-05-19-09:22:43: 137 154
2011-05-19-09:22:44: 136 154
2011-05-19-09:22:45: 137 154
2011-05-19-09:22:46: 136 154
2011-05-19-09:22:47: 137 154
2011-05-19-09:22:48: 136 154
2011-05-19-09:22:49: 137 154
2011-05-19-09:22:50: 137 154
2011-05-19-09:22:51: 137 154
2011-05-19-09:22:52: 136 154
2011-05-19-09:22:53: 135 154
2011-05-19-09:22:54: 136 154
2011-05-19-09:22:55: 136 153
2011-05-19-09:22:56: 136 154
2011-05-19-09:22:57: 136 153
2011-05-19-09:22:58: 136 153
2011-05-19-09:22:59: 136 138
2011-05-19-09:23:00: 136 153
2011-05-19-09:23:01: 136 153
2011-05-19-09:23:02: 136 154
2011-05-19-09:23:03: 136 154
2011-05-19-09:23:04: 136 154
2011-05-19-09:23:04: 136 154
2011-05-19-09:23:05: 136 154
2011-05-19-09:23:06: 136 154
2011-05-19-09:23:07: 136 154
2011-05-19-09:23:08: 136 154
2011-05-19-09:23:09: 136 154
2011-05-19-09:23:10: 136 154
2011-05-19-09:23:11: 136 154
2011-05-19-09:23:12: 136 154
2011-05-19-09:23:13: 136 152
2011-05-19-09:23:14: 136 154
2011-05-19-09:23:15: 136 154
2011-05-19-09:23:16: 136 154
2011-05-19-09:23:17: 136 154
2011-05-19-09:23:18: 136 154
2011-05-19-09:23:19: 136 154
2011-05-19-09:23:20: 136 153
2011-05-19-09:23:21: 136 151
2011-05-19-09:23:22: 136 153
2011-05-19-09:23:23: 136 151
2011-05-19-09:23:24: 136 153
2011-05-19-09:23:25: 136 151
2011-05-19-09:23:26: 136 153
2011-05-19-09:23:27: 136 152
2011-05-19-09:23:28: 136 153
2011-05-19-09:23:29: 136 152
2011-05-19-09:23:30: 136 153
2011-05-19-09:23:31: 136 154
2011-05-19-09:23:32: 136 153
2011-05-19-09:23:33: 136 154
2011-05-19-09:23:34: 136 153
2011-05-19-09:23:35: 136 153
2011-05-19-09:23:36: 136 153
2011-05-19-09:23:37: 136 154
2011-05-19-09:23:38: 136 153
2011-05-19-09:23:39: 135 159
2011-05-19-09:23:40: 135 142
2011-05-19-09:23:41: 136 152
2011-05-19-09:23:42: 135 153
2011-05-19-09:23:43: 136 153
2011-05-19-09:23:44: 136 153
2011-05-19-09:23:45: 136 153
2011-05-19-09:23:46: 136 153
2011-05-19-09:23:47: 136 153
2011-05-19-09:23:48: 136 153
2011-05-19-09:23:49: 136 153
2011-05-19-09:23:50: 136 153
2011-05-19-09:23:51: 136 153
2011-05-19-09:23:52: 135 152
2011-05-19-09:23:53: 135 152
2011-05-19-09:23:54: 135 142
2011-05-19-09:23:55: 135 151
2011-05-19-09:23:55: 136 152
2011-05-19-09:23:56: 136 152
2011-05-19-09:23:57: 136 152
2011-05-19-09:23:58: 135 152
2011-05-19-09:23:59: 136 153
2011-05-19-09:24:00: 136 152
2011-05-19-09:24:01: 136 156
2011-05-19-09:24:02: 136 153
2011-05-19-09:24:03: 136 153
2011-05-19-09:24:04: 136 153
2011-05-19-09:24:05: 136 153
2011-05-19-09:24:06: 136 153
2011-05-19-09:24:07: 136 153
2011-05-19-09:24:08: 136 153
2011-05-19-09:24:09: 136 153
2011-05-19-09:24:10: 136 153
2011-05-19-09:24:11: 136 153
2011-05-19-09:24:12: 135 152
2011-05-19-09:24:13: 136 153
2011-05-19-09:24:14: 136 151
2011-05-19-09:24:15: 136 153
2011-05-19-09:24:16: 136 152
2011-05-19-09:24:17: 136 153
2011-05-19-09:24:18: 136 153
2011-05-19-09:24:19: 136 153
2011-05-19-09:24:20: 136 153
2011-05-19-09:24:21: 135 153
2011-05-19-09:24:22: 136 153
2011-05-19-09:24:23: 136 153
2011-05-19-09:24:24: 136 153
2011-05-19-09:24:25: 135 153
2011-05-19-09:24:26: 136 153
2011-05-19-09:24:27: 136 153
2011-05-19-09:24:28: 136 153
2011-05-19-09:24:29: 135 153
2011-05-19-09:24:30: 136 153
2011-05-19-09:24:31: 136 153
2011-05-19-09:24:32: 136 153
2011-05-19-09:24:33: 136 153
2011-05-19-09:24:34: 135 153
2011-05-19-09:24:35: 136 153
2011-05-19-09:24:36: 135 153
2011-05-19-09:24:37: 135 153
2011-05-19-09:24:38: 136 153
2011-05-19-09:24:39: 135 153
2011-05-19-09:24:40: 135 153
2011-05-19-09:24:41: 136 153
2011-05-19-09:24:42: 135 153
2011-05-19-09:24:43: 135 153
2011-05-19-09:24:44: 135 153
2011-05-19-09:24:45: 136 153
2011-05-19-09:24:46: 135 153
2011-05-19-09:24:46: 135 153
2011-05-19-09:24:47: 135 153
2011-05-19-09:24:48: 135 153
2011-05-19-09:24:49: 135 153
2011-05-19-09:24:50: 135 153
2011-05-19-09:24:51: 135 153
2011-05-19-09:24:52: 135 153
2011-05-19-09:24:53: 136 153
2011-05-19-09:24:54: 135 153
2011-05-19-09:24:55: 136 153
2011-05-19-09:24:56: 135 153
2011-05-19-09:24:57: 135 153
2011-05-19-09:24:58: 135 153
2011-05-19-09:24:59: 135 153
2011-05-19-09:25:00: 136 153
2011-05-19-09:25:01: 135 153
2011-05-19-09:25:02: 135 153
2011-05-19-09:25:03: 135 153
2011-05-19-09:25:04: 135 153
2011-05-19-09:25:05: 135 153
2011-05-19-09:25:06: 135 153
2011-05-19-09:25:07: 135 153
2011-05-19-09:25:08: 135 153
2011-05-19-09:25:09: 135 153
2011-05-19-09:25:10: 135 153
2011-05-19-09:25:11: 135 153
2011-05-19-09:25:12: 135 153
2011-05-19-09:25:13: 135 147
2011-05-19-09:25:14: 135 153
2011-05-19-09:25:15: 135 150
2011-05-19-09:25:16: 135 153
2011-05-19-09:25:17: 135 152
2011-05-19-09:25:18: 135 153
2011-05-19-09:25:19: 135 152
2011-05-19-09:25:20: 135 153
2011-05-19-09:25:21: 135 152
2011-05-19-09:25:22: 135 153
2011-05-19-09:25:23: 135 151
2011-05-19-09:25:24: 135 153
2011-05-19-09:25:25: 135 151
2011-05-19-09:25:26: 134 151
2011-05-19-09:25:27: 134 142
2011-05-19-09:25:28: 135 152
2011-05-19-09:25:29: 135 152
2011-05-19-09:25:30: 135 152
2011-05-19-09:25:31: 135 152
2011-05-19-09:25:32: 135 152
2011-05-19-09:25:33: 135 153
2011-05-19-09:25:34: 135 152
2011-05-19-09:25:35: 135 152
2011-05-19-09:25:36: 135 152
2011-05-19-09:25:37: 135 152
2011-05-19-09:25:38: 135 152
2011-05-19-09:25:39: 135 153
2011-05-19-09:25:40: 135 152
2011-05-19-09:25:41: 135 153
2011-05-19-09:25:42: 135 153
2011-05-19-09:25:43: 135 153
2011-05-19-09:25:44: 135 152
2011-05-19-09:25:45: 135 153
2011-05-19-09:25:46: 135 153
2011-05-19-09:25:47: 135 153
2011-05-19-09:25:48: 135 153
2011-05-19-09:25:49: 135 153
2011-05-19-09:25:50: 135 153
2011-05-19-09:25:51: 135 152
2011-05-19-09:25:52: 135 147
2011-05-19-09:25:53: 135 153
2011-05-19-09:25:54: 135 152
2011-05-19-09:25:55: 135 152
2011-05-19-09:25:56: 135 150
2011-05-19-09:25:57: 135 152
2011-05-19-09:25:58: 135 152
2011-05-19-09:25:59: 135 152
2011-05-19-09:26:00: 135 150
2011-05-19-09:26:01: 135 152
2011-05-19-09:26:02: 135 150
2011-05-19-09:26:03: 135 152
2011-05-19-09:26:04: 135 151
2011-05-19-09:26:05: 135 152
2011-05-19-09:26:06: 135 150
2011-05-19-09:26:07: 135 152
2011-05-19-09:26:08: 135 150
2011-05-19-09:26:09: 135 152
2011-05-19-09:26:10: 135 154
2011-05-19-09:26:11: 135 152
2011-05-19-09:26:12: 135 153
2011-05-19-09:26:13: 135 151
2011-05-19-09:26:14: 135 154
2011-05-19-09:26:15: 134 151
2011-05-19-09:26:16: 135 152
2011-05-19-09:26:17: 135 152
2011-05-19-09:26:18: 135 152
2011-05-19-09:26:19: 135 152
2011-05-19-09:26:20: 135 152
2011-05-19-09:26:21: 135 152
2011-05-19-09:26:22: 135 152
2011-05-19-09:26:23: 135 152
2011-05-19-09:26:24: 134 152
2011-05-19-09:26:25: 134 152
2011-05-19-09:26:26: 135 152
2011-05-19-09:26:27: 135 154
2011-05-19-09:26:28: 135 152
2011-05-19-09:26:29: 135 149
2011-05-19-09:26:29: 135 152
2011-05-19-09:26:30: 134 149
2011-05-19-09:26:31: 134 152
2011-05-19-09:26:32: 134 152
2011-05-19-09:26:33: 135 152
2011-05-19-09:26:34: 135 152
2011-05-19-09:26:35: 134 152
2011-05-19-09:26:36: 134 152
2011-05-19-09:26:37: 134 152
2011-05-19-09:26:38: 134 152
2011-05-19-09:26:39: 135 152
2011-05-19-09:26:40: 134 152
2011-05-19-09:26:41: 135 152
2011-05-19-09:26:42: 134 152
2011-05-19-09:26:43: 135 152
2011-05-19-09:26:44: 134 152
2011-05-19-09:26:45: 134 152
2011-05-19-09:26:46: 134 152
2011-05-19-09:26:47: 134 152
2011-05-19-09:26:48: 134 152
2011-05-19-09:26:49: 135 152
2011-05-19-09:26:50: 134 152
2011-05-19-09:26:51: 134 152
2011-05-19-09:26:52: 134 152
2011-05-19-09:26:53: 134 152
2011-05-19-09:26:54: 134 152
2011-05-19-09:26:55: 134 152
2011-05-19-09:26:56: 134 152
2011-05-19-09:26:57: 134 152
2011-05-19-09:26:58: 134 152
2011-05-19-09:26:59: 134 152
2011-05-19-09:27:00: 134 152
2011-05-19-09:27:01: 134 150
2011-05-19-09:27:02: 134 152
2011-05-19-09:27:03: 134 149
2011-05-19-09:27:04: 134 152
2011-05-19-09:27:05: 134 153
2011-05-19-09:27:06: 134 152
2011-05-19-09:27:07: 134 153
2011-05-19-09:27:08: 134 152
2011-05-19-09:27:09: 134 153
2011-05-19-09:27:10: 134 152
2011-05-19-09:27:11: 134 152
2011-05-19-09:27:12: 134 152
2011-05-19-09:27:13: 134 152
2011-05-19-09:27:14: 134 152
2011-05-19-09:27:15: 134 152
2011-05-19-09:27:16: 134 152
2011-05-19-09:27:17: 134 153
2011-05-19-09:27:18: 134 152
2011-05-19-09:27:19: 134 153
2011-05-19-09:27:20: 134 152
2011-05-19-09:27:20: 134 152
2011-05-19-09:27:21: 134 152
2011-05-19-09:27:22: 134 153
2011-05-19-09:27:23: 134 152
2011-05-19-09:27:24: 134 152
2011-05-19-09:27:25: 134 152
2011-05-19-09:27:26: 134 152
2011-05-19-09:27:27: 134 152
2011-05-19-09:27:28: 134 152
2011-05-19-09:27:29: 134 152
2011-05-19-09:27:30: 134 152
2011-05-19-09:27:31: 134 153
2011-05-19-09:27:32: 134 152
2011-05-19-09:27:33: 134 152
2011-05-19-09:27:34: 133 152
2011-05-19-09:27:35: 134 152
2011-05-19-09:27:36: 134 152
2011-05-19-09:27:37: 134 152
2011-05-19-09:27:38: 134 152
2011-05-19-09:27:39: 134 152
2011-05-19-09:27:40: 134 152
2011-05-19-09:27:41: 134 152
2011-05-19-09:27:42: 134 152
2011-05-19-09:27:43: 134 152
2011-05-19-09:27:44: 134 152
2011-05-19-09:27:45: 134 153
2011-05-19-09:27:46: 134 153
2011-05-19-09:27:47: 134 152
2011-05-19-09:27:48: 134 152
2011-05-19-09:27:49: 134 152
2011-05-19-09:27:50: 134 152
2011-05-19-09:27:51: 134 152
2011-05-19-09:27:52: 134 153
2011-05-19-09:27:53: 134 153
2011-05-19-09:27:54: 134 152
2011-05-19-09:27:55: 134 152
2011-05-19-09:27:56: 134 152
2011-05-19-09:27:57: 134 152
2011-05-19-09:27:58: 134 153
2011-05-19-09:27:59: 134 152
2011-05-19-09:28:00: 134 153
2011-05-19-09:28:01: 134 153
2011-05-19-09:28:02: 134 153
2011-05-19-09:28:03: 134 153
2011-05-19-09:28:04: 134 153
2011-05-19-09:28:05: 134 153
2011-05-19-09:28:06: 134 152
2011-05-19-09:28:07: 134 153
2011-05-19-09:28:08: 134 151
2011-05-19-09:28:09: 134 153
2011-05-19-09:28:10: 134 153
2011-05-19-09:28:11: 134 153
2011-05-19-09:28:11: 134 153
2011-05-19-09:28:12: 134 153
2011-05-19-09:28:13: 134 151
2011-05-19-09:28:14: 134 152
2011-05-19-09:28:15: 134 151
2011-05-19-09:28:16: 134 152
2011-05-19-09:28:17: 134 151
2011-05-19-09:28:18: 134 152
2011-05-19-09:28:19: 134 150
2011-05-19-09:28:20: 134 152
2011-05-19-09:28:21: 133 154
2011-05-19-09:28:22: 134 151
2011-05-19-09:28:23: 132 136
2011-05-19-09:28:24: 133 151
2011-05-19-09:28:25: 133 152
2011-05-19-09:28:26: 133 152
2011-05-19-09:28:27: 133 152
2011-05-19-09:28:28: 133 152
2011-05-19-09:28:29: 133 152
2011-05-19-09:28:30: 134 152
2011-05-19-09:28:31: 133 152
2011-05-19-09:28:32: 133 152
2011-05-19-09:28:33: 133 152
2011-05-19-09:28:34: 134 152
2011-05-19-09:28:35: 133 152
2011-05-19-09:28:36: 134 152
2011-05-19-09:28:37: 133 152
2011-05-19-09:28:38: 134 150
2011-05-19-09:28:39: 134 152
2011-05-19-09:28:40: 133 148
2011-05-19-09:28:41: 134 152
2011-05-19-09:28:42: 133 152
2011-05-19-09:28:43: 133 152
2011-05-19-09:28:44: 134 153
2011-05-19-09:28:45: 134 152
2011-05-19-09:28:46: 134 152
2011-05-19-09:28:47: 133 141
2011-05-19-09:28:48: 134 152
2011-05-19-09:28:49: 133 152
2011-05-19-09:28:50: 133 151
2011-05-19-09:28:51: 133 152
2011-05-19-09:28:52: 133 154
2011-05-19-09:28:53: 134 152
2011-05-19-09:28:54: 134 152
2011-05-19-09:28:55: 133 151
2011-05-19-09:28:56: 133 152
2011-05-19-09:28:57: 133 152
2011-05-19-09:28:58: 134 152
2011-05-19-09:28:59: 134 152
2011-05-19-09:29:00: 133 152
2011-05-19-09:29:01: 133 152
2011-05-19-09:29:02: 134 152
2011-05-19-09:29:03: 133 152
2011-05-19-09:29:04: 133 152
2011-05-19-09:29:05: 133 152
2011-05-19-09:29:06: 133 152
2011-05-19-09:29:07: 133 144
2011-05-19-09:29:08: 133 151
2011-05-19-09:29:09: 133 147
2011-05-19-09:29:10: 133 152
2011-05-19-09:29:11: 133 151
2011-05-19-09:29:12: 133 152
2011-05-19-09:29:13: 133 151
2011-05-19-09:29:14: 133 152
2011-05-19-09:29:15: 133 150
2011-05-19-09:29:16: 133 152
2011-05-19-09:29:17: 133 151
2011-05-19-09:29:18: 133 152
2011-05-19-09:29:19: 133 153
2011-05-19-09:29:20: 133 152
2011-05-19-09:29:21: 133 152
2011-05-19-09:29:22: 133 152
2011-05-19-09:29:23: 133 152
2011-05-19-09:29:24: 133 152
2011-05-19-09:29:25: 133 152
2011-05-19-09:29:26: 133 152
2011-05-19-09:29:27: 133 152
2011-05-19-09:29:28: 133 152
2011-05-19-09:29:29: 133 152
2011-05-19-09:29:30: 133 152
2011-05-19-09:29:31: 133 152
2011-05-19-09:29:32: 133 150
2011-05-19-09:29:33: 133 152
2011-05-19-09:29:34: 133 139
2011-05-19-09:29:35: 133 152
2011-05-19-09:29:36: 133 154
2011-05-19-09:29:37: 133 152
2011-05-19-09:29:38: 133 152
2011-05-19-09:29:39: 133 152
2011-05-19-09:29:40: 133 151
2011-05-19-09:29:41: 133 152
2011-05-19-09:29:42: 133 151
2011-05-19-09:29:43: 133 152
2011-05-19-09:29:44: 133 151
2011-05-19-09:29:45: 133 152
2011-05-19-09:29:46: 133 150
2011-05-19-09:29:47: 133 152
2011-05-19-09:29:48: 133 150
2011-05-19-09:29:49: 133 152
2011-05-19-09:29:50: 133 150
2011-05-19-09:29:51: 133 151
2011-05-19-09:29:52: 133 153
2011-05-19-09:29:53: 133 151
2011-05-19-09:29:54: 133 155
2011-05-19-09:29:54: 133 151
2011-05-19-09:29:55: 133 152
2011-05-19-09:29:56: 133 151
2011-05-19-09:29:57: 133 152
2011-05-19-09:29:58: 133 151
2011-05-19-09:29:59: 133 152
2011-05-19-09:30:00: 133 151
2011-05-19-09:30:01: 133 151
2011-05-19-09:30:02: 133 151
2011-05-19-09:30:03: 133 151
2011-05-19-09:30:04: 133 138
2011-05-19-09:30:05: 133 151
2011-05-19-09:30:06: 133 147
2011-05-19-09:30:07: 133 151
2011-05-19-09:30:08: 133 148
2011-05-19-09:30:09: 133 151
2011-05-19-09:30:10: 133 151
2011-05-19-09:30:11: 133 150
2011-05-19-09:30:12: 133 151
2011-05-19-09:30:13: 133 151
2011-05-19-09:30:14: 133 151
2011-05-19-09:30:15: 133 151
2011-05-19-09:30:16: 133 151
2011-05-19-09:30:17: 133 151
2011-05-19-09:30:18: 133 151
2011-05-19-09:30:19: 133 151
2011-05-19-09:30:20: 133 151
2011-05-19-09:30:21: 133 151
2011-05-19-09:30:22: 133 151
2011-05-19-09:30:23: 133 151
2011-05-19-09:30:24: 133 151
2011-05-19-09:30:25: 133 151
2011-05-19-09:30:26: 133 152
2011-05-19-09:30:27: 133 151
2011-05-19-09:30:28: 133 151
2011-05-19-09:30:29: 133 151
2011-05-19-09:30:30: 133 152
2011-05-19-09:30:31: 132 152
2011-05-19-09:30:32: 133 152
2011-05-19-09:30:33: 133 151
2011-05-19-09:30:34: 133 151
2011-05-19-09:30:35: 133 152
2011-05-19-09:30:36: 133 151
2011-05-19-09:30:37: 133 151
2011-05-19-09:30:38: 133 151
2011-05-19-09:30:39: 133 151
2011-05-19-09:30:40: 133 152
2011-05-19-09:30:41: 133 152
2011-05-19-09:30:42: 133 151
2011-05-19-09:30:43: 133 152
2011-05-19-09:30:44: 133 143
2011-05-19-09:30:45: 133 152
2011-05-19-09:30:45: 133 152
2011-05-19-09:30:46: 133 152
2011-05-19-09:30:47: 133 151
2011-05-19-09:30:48: 133 152
2011-05-19-09:30:49: 133 151
2011-05-19-09:30:50: 133 152
2011-05-19-09:30:51: 132 153
2011-05-19-09:30:52: 133 152
2011-05-19-09:30:53: 133 152
2011-05-19-09:30:54: 133 152
2011-05-19-09:30:55: 133 152
2011-05-19-09:30:56: 132 151
2011-05-19-09:30:57: 133 151
2011-05-19-09:30:58: 133 152
2011-05-19-09:30:59: 132 152
2011-05-19-09:31:00: 132 151
2011-05-19-09:31:01: 132 151
2011-05-19-09:31:02: 132 151
2011-05-19-09:31:03: 133 151
2011-05-19-09:31:04: 133 151
2011-05-19-09:31:05: 133 151
2011-05-19-09:31:06: 133 151
2011-05-19-09:31:07: 133 152
2011-05-19-09:31:08: 133 151
2011-05-19-09:31:09: 132 151
2011-05-19-09:31:10: 133 151
2011-05-19-09:31:11: 133 152
2011-05-19-09:31:12: 133 152
2011-05-19-09:31:13: 133 151
2011-05-19-09:31:14: 132 147
2011-05-19-09:31:15: 132 151
2011-05-19-09:31:16: 132 147
2011-05-19-09:31:17: 133 151
2011-05-19-09:31:18: 132 151
2011-05-19-09:31:19: 133 151
2011-05-19-09:31:20: 133 151
2011-05-19-09:31:21: 132 151
2011-05-19-09:31:22: 132 151
2011-05-19-09:31:23: 133 151
2011-05-19-09:31:24: 132 152
2011-05-19-09:31:25: 132 151
2011-05-19-09:31:26: 132 151
2011-05-19-09:31:27: 132 151
2011-05-19-09:31:28: 133 152
2011-05-19-09:31:29: 133 152
2011-05-19-09:31:30: 133 152
2011-05-19-09:31:31: 133 152
2011-05-19-09:31:32: 132 152
2011-05-19-09:31:33: 133 152
2011-05-19-09:31:34: 132 152
2011-05-19-09:31:35: 133 152
2011-05-19-09:31:36: 132 152
2011-05-19-09:31:36: 133 152
2011-05-19-09:31:37: 132 152
2011-05-19-09:31:38: 132 152
2011-05-19-09:31:39: 132 152
2011-05-19-09:31:40: 132 152
2011-05-19-09:31:41: 133 152
2011-05-19-09:31:42: 133 157
2011-05-19-09:31:43: 132 152
2011-05-19-09:31:44: 133 152
2011-05-19-09:31:45: 132 152
2011-05-19-09:31:46: 131 152
2011-05-19-09:31:47: 132 151
2011-05-19-09:31:48: 132 149
2011-05-19-09:31:49: 132 151
2011-05-19-09:31:50: 132 150
2011-05-19-09:31:51: 132 151
2011-05-19-09:31:52: 132 150
2011-05-19-09:31:53: 132 151
2011-05-19-09:31:54: 132 149
2011-05-19-09:31:55: 132 151
2011-05-19-09:31:56: 132 151
2011-05-19-09:31:57: 132 151
2011-05-19-09:31:58: 132 151
2011-05-19-09:31:59: 132 151
2011-05-19-09:32:00: 132 150
2011-05-19-09:32:01: 132 151
2011-05-19-09:32:02: 132 155
2011-05-19-09:32:03: 132 151
2011-05-19-09:32:04: 132 151
2011-05-19-09:32:05: 132 151
2011-05-19-09:32:06: 132 151
2011-05-19-09:32:07: 132 150
2011-05-19-09:32:08: 132 151
2011-05-19-09:32:09: 132 151
2011-05-19-09:32:10: 132 151
2011-05-19-09:32:11: 132 152
2011-05-19-09:32:12: 132 151
2011-05-19-09:32:13: 132 151
2011-05-19-09:32:14: 132 151
2011-05-19-09:32:15: 132 150
2011-05-19-09:32:16: 132 151
2011-05-19-09:32:17: 132 150
2011-05-19-09:32:19: 132 151
2011-05-19-09:32:19: 132 150
2011-05-19-09:32:20: 131 151
2011-05-19-09:32:21: 132 150
2011-05-19-09:32:22: 132 151
2011-05-19-09:32:23: 132 150
2011-05-19-09:32:24: 132 151
2011-05-19-09:32:25: 132 150
2011-05-19-09:32:26: 132 151
2011-05-19-09:32:27: 132 150
2011-05-19-09:32:27: 132 151
2011-05-19-09:32:28: 132 150
2011-05-19-09:32:29: 132 151
2011-05-19-09:32:30: 132 152
2011-05-19-09:32:31: 132 151
2011-05-19-09:32:32: 132 155
2011-05-19-09:32:33: 132 151
2011-05-19-09:32:34: 132 151
2011-05-19-09:32:35: 132 151
2011-05-19-09:32:36: 132 151
2011-05-19-09:32:37: 132 151
2011-05-19-09:32:38: 132 151
2011-05-19-09:32:39: 132 151
2011-05-19-09:32:40: 131 151
2011-05-19-09:32:41: 132 152
2011-05-19-09:32:42: 132 151
2011-05-19-09:32:43: 132 149
2011-05-19-09:32:44: 132 151
2011-05-19-09:32:45: 132 149
2011-05-19-09:32:46: 131 151
2011-05-19-09:32:47: 132 149
2011-05-19-09:32:48: 132 150
2011-05-19-09:32:49: 132 147
2011-05-19-09:32:50: 132 150
2011-05-19-09:32:51: 131 148
2011-05-19-09:32:52: 132 150
2011-05-19-09:32:53: 131 148
2011-05-19-09:32:54: 132 151
2011-05-19-09:32:55: 132 151
2011-05-19-09:32:56: 132 151
2011-05-19-09:32:57: 132 151
2011-05-19-09:32:58: 132 151
2011-05-19-09:32:59: 132 151
2011-05-19-09:33:00: 132 151
2011-05-19-09:33:01: 132 151
2011-05-19-09:33:02: 132 151
2011-05-19-09:33:04: 132 151
2011-05-19-09:33:04: 132 151
2011-05-19-09:33:05: 132 151
2011-05-19-09:33:06: 132 151
2011-05-19-09:33:07: 132 151
2011-05-19-09:33:08: 132 151
2011-05-19-09:33:09: 132 151
2011-05-19-09:33:10: 132 151
2011-05-19-09:33:11: 132 151
2011-05-19-09:33:12: 132 151
2011-05-19-09:33:13: 132 151
2011-05-19-09:33:14: 132 151
2011-05-19-09:33:15: 132 151
2011-05-19-09:33:16: 132 151
2011-05-19-09:33:17: 132 151
2011-05-19-09:33:18: 132 151
2011-05-19-09:33:19: 132 151
2011-05-19-09:33:20: 132 151
2011-05-19-09:33:21: 132 151
2011-05-19-09:33:22: 132 151
2011-05-19-09:33:23: 132 151
2011-05-19-09:33:24: 132 151
2011-05-19-09:33:25: 132 151
2011-05-19-09:33:27: 132 151
2011-05-19-09:33:27: 132 151
2011-05-19-09:33:28: 132 151
2011-05-19-09:33:30: 132 151
2011-05-19-09:33:30: 132 151
2011-05-19-09:33:31: 132 151
2011-05-19-09:33:32: 132 151
2011-05-19-09:33:33: 132 151
2011-05-19-09:33:34: 132 151
2011-05-19-09:33:35: 132 151
2011-05-19-09:33:36: 132 151
2011-05-19-09:33:37: 132 151
2011-05-19-09:33:38: 132 151
2011-05-19-09:33:39: 132 151
2011-05-19-09:33:40: 131 151
2011-05-19-09:33:41: 132 151
2011-05-19-09:33:42: 132 151
2011-05-19-09:33:43: 132 151
2011-05-19-09:33:44: 132 151
2011-05-19-09:33:45: 131 151
2011-05-19-09:33:46: 131 151
2011-05-19-09:33:47: 132 151
2011-05-19-09:33:49: 132 151
2011-05-19-09:33:50: 132 151
2011-05-19-09:33:52: 132 151
2011-05-19-09:33:52: 132 151
2011-05-19-09:33:52: 132 151
2011-05-19-09:33:53: 132 151
2011-05-19-09:33:54: 131 151
2011-05-19-09:33:55: 131 151
2011-05-19-09:33:56: 132 151
2011-05-19-09:33:57: 132 151
2011-05-19-09:33:59: 132 151
2011-05-19-09:33:59: 131 151
2011-05-19-09:34:00: 131 151
2011-05-19-09:34:01: 131 151
2011-05-19-09:34:02: 132 151
2011-05-19-09:34:03: 131 151
2011-05-19-09:34:04: 131 151
2011-05-19-09:34:05: 132 151
2011-05-19-09:34:06: 131 151
2011-05-19-09:34:07: 131 151
2011-05-19-09:34:08: 132 151
2011-05-19-09:34:09: 131 151
2011-05-19-09:34:10: 131 151
2011-05-19-09:34:10: 132 151
2011-05-19-09:34:11: 131 151
2011-05-19-09:34:12: 132 151
2011-05-19-09:34:14: 132 151
2011-05-19-09:34:14: 132 151
2011-05-19-09:34:15: 131 151
2011-05-19-09:34:16: 132 151
2011-05-19-09:34:17: 132 151
2011-05-19-09:34:18: 131 151
2011-05-19-09:34:19: 132 151
2011-05-19-09:34:20: 131 151
2011-05-19-09:34:21: 132 151
2011-05-19-09:34:22: 132 151
2011-05-19-09:34:23: 131 151
2011-05-19-09:34:24: 132 151
2011-05-19-09:34:25: 132 151
2011-05-19-09:34:26: 131 151
2011-05-19-09:34:27: 131 151
2011-05-19-09:34:28: 131 151
2011-05-19-09:34:29: 132 151
2011-05-19-09:34:30: 132 151
2011-05-19-09:34:31: 132 151
2011-05-19-09:34:32: 131 151
2011-05-19-09:34:35: 131 151
2011-05-19-09:34:35: 131 151
2011-05-19-09:34:35: 131 151
2011-05-19-09:34:36: 131 151
2011-05-19-09:34:37: 131 151
2011-05-19-09:34:38: 131 151
2011-05-19-09:34:39: 131 139
2011-05-19-09:34:40: 131 25
2011-05-19-09:34:41: 131 25
2011-05-19-09:34:42: 131 25
2011-05-19-09:34:43: 131 25
2011-05-19-09:34:44: 132 25
