2011-05-30-19:13:30: 124 143
2011-05-30-19:13:31: 124 143
2011-05-30-19:13:32: 124 143
2011-05-30-19:13:33: 124 143
2011-05-30-19:13:34: 124 143
2011-05-30-19:13:35: 124 143
2011-05-30-19:13:36: 124 143
2011-05-30-19:13:37: 124 143
2011-05-30-19:13:38: 124 143
2011-05-30-19:13:39: 124 143
2011-05-30-19:13:40: 124 143
2011-05-30-19:13:41: 124 143
2011-05-30-19:13:42: 124 143
2011-05-30-19:13:43: 124 143
2011-05-30-19:13:44: 124 143
2011-05-30-19:13:45: 124 143
2011-05-30-19:13:46: 124 143
2011-05-30-19:13:47: 124 143
2011-05-30-19:13:48: 124 143
2011-05-30-19:13:49: 124 143
2011-05-30-19:13:50: 124 143
2011-05-30-19:13:51: 124 143
2011-05-30-19:13:52: 124 143
2011-05-30-19:13:53: 124 143
2011-05-30-19:13:54: 124 143
2011-05-30-19:13:55: 124 143
2011-05-30-19:13:56: 124 143
2011-05-30-19:14:06: 124 143
2011-05-30-19:14:07: 124 143
2011-05-30-19:14:07: 124 143
2011-05-30-19:14:07: 124 143
2011-05-30-19:14:07: 124 143
2011-05-30-19:14:07: 124 143
2011-05-30-19:14:07: 124 143
2011-05-30-19:14:07: 124 143
2011-05-30-19:14:07: 124 143
2011-05-30-19:14:08: 124 143
2011-05-30-19:14:08: 124 143
2011-05-30-19:14:08: 124 143
2011-05-30-19:14:09: 124 143
2011-05-30-19:14:10: 124 143
2011-05-30-19:14:11: 124 143
2011-05-30-19:14:12: 124 143
2011-05-30-19:14:13: 124 143
2011-05-30-19:14:14: 124 143
2011-05-30-19:14:15: 124 143
2011-05-30-19:14:16: 124 143
2011-05-30-19:14:17: 124 143
2011-05-30-19:14:18: 124 143
2011-05-30-19:14:19: 124 143
2011-05-30-19:14:20: 124 143
2011-05-30-19:14:21: 124 143
2011-05-30-19:14:21: 124 144
2011-05-30-19:14:22: 124 143
2011-05-30-19:14:23: 124 143
2011-05-30-19:14:24: 124 143
2011-05-30-19:14:25: 124 143
2011-05-30-19:14:26: 124 143
2011-05-30-19:14:27: 124 143
2011-05-30-19:14:28: 124 144
2011-05-30-19:14:29: 124 143
2011-05-30-19:14:30: 124 143
2011-05-30-19:14:31: 124 144
2011-05-30-19:14:32: 124 143
2011-05-30-19:14:33: 124 143
2011-05-30-19:14:34: 124 143
2011-05-30-19:14:35: 124 143
2011-05-30-19:14:36: 124 143
2011-05-30-19:14:37: 124 144
2011-05-30-19:14:38: 124 143
2011-05-30-19:14:39: 124 143
2011-05-30-19:14:40: 124 144
2011-05-30-19:14:41: 124 143
2011-05-30-19:14:42: 124 143
2011-05-30-19:14:43: 124 143
2011-05-30-19:14:44: 124 143
2011-05-30-19:14:45: 124 143
2011-05-30-19:14:46: 124 143
2011-05-30-19:14:47: 124 143
2011-05-30-19:14:48: 124 144
2011-05-30-19:14:49: 124 143
2011-05-30-19:14:50: 124 143
2011-05-30-19:14:51: 124 143
2011-05-30-19:14:52: 124 143
2011-05-30-19:14:53: 124 143
2011-05-30-19:14:54: 124 143
2011-05-30-19:14:55: 124 143
2011-05-30-19:14:56: 124 143
2011-05-30-19:14:57: 124 144
2011-05-30-19:14:58: 124 143
2011-05-30-19:14:59: 124 144
2011-05-30-19:15:00: 124 143
2011-05-30-19:15:01: 124 143
2011-05-30-19:15:02: 124 143
2011-05-30-19:15:03: 124 143
2011-05-30-19:15:04: 124 143
2011-05-30-19:15:05: 124 143
2011-05-30-19:15:06: 124 143
2011-05-30-19:15:07: 124 143
2011-05-30-19:15:08: 124 143
2011-05-30-19:15:09: 124 143
2011-05-30-19:15:10: 124 143
2011-05-30-19:15:11: 124 143
2011-05-30-19:15:12: 124 143
2011-05-30-19:15:12: 124 143
2011-05-30-19:15:13: 124 143
2011-05-30-19:15:14: 124 143
2011-05-30-19:15:15: 124 139
2011-05-30-19:15:16: 124 143
2011-05-30-19:15:17: 124 143
2011-05-30-19:15:18: 124 143
2011-05-30-19:15:19: 124 143
2011-05-30-19:15:20: 124 143
2011-05-30-19:15:21: 124 143
2011-05-30-19:15:22: 124 143
2011-05-30-19:15:23: 124 143
2011-05-30-19:15:24: 124 143
2011-05-30-19:15:25: 124 143
2011-05-30-19:15:26: 124 143
2011-05-30-19:15:27: 124 143
2011-05-30-19:15:28: 124 143
2011-05-30-19:15:29: 124 143
2011-05-30-19:15:30: 124 143
2011-05-30-19:15:31: 124 143
2011-05-30-19:15:32: 124 143
2011-05-30-19:15:33: 124 143
2011-05-30-19:15:34: 124 143
2011-05-30-19:15:35: 124 143
2011-05-30-19:15:36: 124 143
2011-05-30-19:15:37: 124 143
2011-05-30-19:15:38: 124 143
2011-05-30-19:15:39: 124 143
2011-05-30-19:15:40: 124 143
2011-05-30-19:15:41: 124 143
2011-05-30-19:15:42: 124 143
2011-05-30-19:15:43: 124 143
2011-05-30-19:15:44: 124 143
2011-05-30-19:15:45: 124 144
2011-05-30-19:15:46: 124 143
2011-05-30-19:15:47: 124 143
2011-05-30-19:15:48: 124 143
2011-05-30-19:15:49: 124 143
2011-05-30-19:15:50: 124 143
2011-05-30-19:15:51: 124 143
2011-05-30-19:15:52: 124 143
2011-05-30-19:15:53: 124 143
2011-05-30-19:15:54: 124 143
2011-05-30-19:15:55: 124 143
2011-05-30-19:15:56: 124 144
2011-05-30-19:15:57: 124 143
2011-05-30-19:15:58: 124 144
2011-05-30-19:15:59: 124 143
2011-05-30-19:16:00: 124 143
2011-05-30-19:16:01: 124 143
2011-05-30-19:16:02: 124 143
2011-05-30-19:16:03: 124 143
2011-05-30-19:16:03: 124 144
2011-05-30-19:16:04: 124 144
2011-05-30-19:16:05: 124 144
2011-05-30-19:16:06: 124 144
2011-05-30-19:16:07: 124 143
2011-05-30-19:16:08: 124 144
2011-05-30-19:16:09: 124 144
2011-05-30-19:16:10: 124 144
2011-05-30-19:16:11: 124 144
2011-05-30-19:16:12: 124 143
2011-05-30-19:16:13: 124 144
2011-05-30-19:16:14: 124 143
2011-05-30-19:16:15: 123 142
2011-05-30-19:16:16: 123 134
2011-05-30-19:16:17: 123 141
2011-05-30-19:16:18: 122 134
2011-05-30-19:16:19: 123 141
2011-05-30-19:16:20: 124 142
2011-05-30-19:16:21: 124 142
2011-05-30-19:16:22: 124 141
2011-05-30-19:16:23: 124 142
2011-05-30-19:16:24: 123 140
2011-05-30-19:16:25: 124 142
2011-05-30-19:16:26: 124 141
2011-05-30-19:16:27: 124 143
2011-05-30-19:16:28: 124 141
2011-05-30-19:16:29: 124 143
2011-05-30-19:16:30: 124 141
2011-05-30-19:16:31: 124 142
2011-05-30-19:16:32: 124 141
2011-05-30-19:16:33: 124 142
2011-05-30-19:16:34: 124 145
2011-05-30-19:16:35: 124 143
2011-05-30-19:16:36: 124 144
2011-05-30-19:16:37: 124 143
2011-05-30-19:16:38: 124 143
2011-05-30-19:16:39: 124 143
2011-05-30-19:16:40: 124 143
2011-05-30-19:16:41: 124 142
2011-05-30-19:16:42: 124 143
2011-05-30-19:16:43: 124 142
2011-05-30-19:16:44: 124 143
2011-05-30-19:16:45: 124 142
2011-05-30-19:16:46: 124 143
2011-05-30-19:16:47: 124 142
2011-05-30-19:16:48: 124 143
2011-05-30-19:16:49: 124 142
2011-05-30-19:16:50: 124 142
2011-05-30-19:16:51: 124 138
2011-05-30-19:16:52: 124 142
2011-05-30-19:16:53: 124 140
2011-05-30-19:16:54: 124 142
2011-05-30-19:16:55: 124 140
2011-05-30-19:16:56: 124 142
2011-05-30-19:16:57: 124 140
2011-05-30-19:16:58: 124 142
2011-05-30-19:16:59: 124 140
2011-05-30-19:17:00: 124 142
2011-05-30-19:17:01: 124 140
2011-05-30-19:17:02: 124 142
2011-05-30-19:17:03: 124 140
2011-05-30-19:17:04: 124 142
2011-05-30-19:17:05: 124 140
2011-05-30-19:17:06: 124 142
2011-05-30-19:17:07: 124 146
2011-05-30-19:17:08: 124 142
2011-05-30-19:17:09: 124 144
2011-05-30-19:17:10: 124 142
2011-05-30-19:17:11: 124 143
2011-05-30-19:17:12: 124 142
2011-05-30-19:17:13: 124 143
2011-05-30-19:17:14: 124 141
2011-05-30-19:17:15: 124 153
2011-05-30-19:17:16: 124 127
2011-05-30-19:17:17: 124 149
2011-05-30-19:17:18: 124 137
2011-05-30-19:17:19: 124 141
2011-05-30-19:17:20: 124 129
2011-05-30-19:17:21: 124 141
2011-05-30-19:17:22: 124 140
2011-05-30-19:17:23: 124 142
2011-05-30-19:17:24: 124 141
2011-05-30-19:17:25: 124 141
2011-05-30-19:17:26: 124 139
2011-05-30-19:17:27: 124 141
2011-05-30-19:17:28: 124 131
2011-05-30-19:17:29: 124 141
2011-05-30-19:17:30: 124 142
2011-05-30-19:17:31: 124 142
2011-05-30-19:17:32: 124 142
2011-05-30-19:17:33: 124 142
2011-05-30-19:17:34: 124 142
2011-05-30-19:17:35: 124 142
2011-05-30-19:17:36: 124 142
2011-05-30-19:17:37: 124 142
2011-05-30-19:17:38: 124 142
2011-05-30-19:17:39: 124 142
2011-05-30-19:17:40: 124 142
2011-05-30-19:17:41: 124 142
2011-05-30-19:17:42: 123 142
2011-05-30-19:17:43: 124 142
2011-05-30-19:17:44: 124 142
2011-05-30-19:17:45: 124 142
2011-05-30-19:17:46: 124 142
2011-05-30-19:17:46: 124 142
2011-05-30-19:17:47: 124 142
2011-05-30-19:17:48: 124 142
2011-05-30-19:17:49: 124 142
2011-05-30-19:17:50: 124 142
2011-05-30-19:17:51: 124 142
2011-05-30-19:17:52: 124 142
2011-05-30-19:17:53: 124 142
2011-05-30-19:17:54: 124 131
2011-05-30-19:17:55: 124 142
2011-05-30-19:17:56: 124 140
2011-05-30-19:17:57: 124 142
2011-05-30-19:17:58: 124 140
2011-05-30-19:17:59: 124 142
2011-05-30-19:18:00: 124 135
2011-05-30-19:18:01: 124 142
2011-05-30-19:18:02: 124 142
2011-05-30-19:18:03: 124 142
2011-05-30-19:18:04: 124 142
2011-05-30-19:18:05: 124 142
2011-05-30-19:18:06: 124 142
2011-05-30-19:18:07: 124 142
2011-05-30-19:18:08: 124 142
2011-05-30-19:18:09: 124 142
2011-05-30-19:18:10: 124 142
2011-05-30-19:18:11: 124 142
2011-05-30-19:18:12: 124 142
2011-05-30-19:18:13: 124 142
2011-05-30-19:18:14: 124 142
2011-05-30-19:18:15: 124 142
2011-05-30-19:18:16: 124 142
2011-05-30-19:18:17: 124 142
2011-05-30-19:18:18: 124 142
2011-05-30-19:18:19: 124 142
2011-05-30-19:18:20: 124 142
2011-05-30-19:18:21: 124 142
2011-05-30-19:18:22: 124 142
2011-05-30-19:18:23: 124 143
2011-05-30-19:18:24: 124 142
2011-05-30-19:18:25: 124 142
2011-05-30-19:18:26: 124 143
2011-05-30-19:18:27: 124 143
2011-05-30-19:18:28: 124 142
2011-05-30-19:18:29: 124 143
2011-05-30-19:18:30: 124 142
2011-05-30-19:18:31: 124 143
2011-05-30-19:18:32: 124 143
2011-05-30-19:18:33: 124 142
2011-05-30-19:18:34: 124 143
2011-05-30-19:18:35: 124 143
2011-05-30-19:18:36: 124 143
2011-05-30-19:18:37: 124 143
2011-05-30-19:18:37: 124 143
2011-05-30-19:18:38: 124 143
2011-05-30-19:18:39: 124 143
2011-05-30-19:18:40: 124 143
2011-05-30-19:18:41: 124 143
2011-05-30-19:18:42: 124 143
2011-05-30-19:18:43: 124 143
2011-05-30-19:18:44: 124 143
2011-05-30-19:18:45: 124 143
2011-05-30-19:18:46: 124 143
2011-05-30-19:18:47: 124 143
2011-05-30-19:18:48: 124 143
2011-05-30-19:18:49: 124 143
2011-05-30-19:18:50: 124 143
2011-05-30-19:18:51: 124 143
2011-05-30-19:18:52: 124 143
2011-05-30-19:18:53: 124 143
2011-05-30-19:18:54: 124 143
2011-05-30-19:18:55: 124 143
2011-05-30-19:18:56: 124 143
2011-05-30-19:18:57: 124 143
2011-05-30-19:18:58: 124 143
2011-05-30-19:18:59: 124 143
2011-05-30-19:19:00: 124 143
2011-05-30-19:19:01: 124 143
2011-05-30-19:19:02: 124 143
2011-05-30-19:19:03: 124 143
2011-05-30-19:19:04: 124 143
2011-05-30-19:19:05: 124 143
2011-05-30-19:19:06: 124 143
2011-05-30-19:19:07: 124 143
2011-05-30-19:19:08: 124 143
2011-05-30-19:19:09: 124 143
2011-05-30-19:19:10: 124 143
2011-05-30-19:19:11: 124 143
2011-05-30-19:19:12: 124 143
2011-05-30-19:19:13: 124 143
2011-05-30-19:19:14: 124 143
2011-05-30-19:19:15: 124 143
2011-05-30-19:19:16: 124 143
2011-05-30-19:19:17: 124 143
2011-05-30-19:19:18: 124 143
2011-05-30-19:19:19: 124 143
2011-05-30-19:19:20: 124 143
2011-05-30-19:19:21: 124 143
2011-05-30-19:19:22: 124 143
2011-05-30-19:19:23: 123 143
2011-05-30-19:19:24: 124 142
2011-05-30-19:19:25: 124 142
2011-05-30-19:19:26: 124 142
2011-05-30-19:19:27: 124 142
2011-05-30-19:19:28: 123 139
2011-05-30-19:19:28: 124 142
2011-05-30-19:19:29: 124 140
2011-05-30-19:19:30: 124 142
2011-05-30-19:19:31: 124 139
2011-05-30-19:19:32: 124 142
2011-05-30-19:19:33: 124 140
2011-05-30-19:19:34: 124 142
2011-05-30-19:19:35: 124 140
2011-05-30-19:19:36: 124 142
2011-05-30-19:19:37: 124 140
2011-05-30-19:19:38: 124 142
2011-05-30-19:19:39: 124 139
2011-05-30-19:19:40: 124 142
2011-05-30-19:19:41: 124 140
2011-05-30-19:19:42: 124 142
2011-05-30-19:19:43: 124 140
2011-05-30-19:19:44: 124 142
2011-05-30-19:19:45: 124 141
2011-05-30-19:19:46: 124 142
2011-05-30-19:19:47: 124 140
2011-05-30-19:19:48: 124 142
2011-05-30-19:19:49: 124 143
2011-05-30-19:19:50: 124 142
2011-05-30-19:19:51: 123 143
2011-05-30-19:19:52: 124 142
2011-05-30-19:19:53: 123 142
2011-05-30-19:19:54: 124 142
2011-05-30-19:19:55: 124 142
2011-05-30-19:19:56: 124 142
2011-05-30-19:19:57: 124 142
2011-05-30-19:19:58: 124 142
2011-05-30-19:19:59: 124 142
2011-05-30-19:20:00: 124 142
2011-05-30-19:20:01: 124 142
2011-05-30-19:20:02: 124 132
2011-05-30-19:20:03: 124 142
2011-05-30-19:20:04: 124 145
2011-05-30-19:20:05: 124 142
2011-05-30-19:20:06: 124 141
2011-05-30-19:20:07: 124 142
2011-05-30-19:20:08: 124 142
2011-05-30-19:20:09: 124 142
2011-05-30-19:20:10: 124 142
2011-05-30-19:20:11: 124 142
2011-05-30-19:20:12: 124 143
2011-05-30-19:20:13: 124 142
2011-05-30-19:20:14: 124 143
2011-05-30-19:20:15: 124 143
2011-05-30-19:20:16: 123 143
2011-05-30-19:20:17: 124 143
2011-05-30-19:20:18: 124 143
2011-05-30-19:20:19: 124 143
2011-05-30-19:20:20: 124 143
2011-05-30-19:20:21: 124 143
2011-05-30-19:20:22: 124 143
2011-05-30-19:20:23: 124 143
2011-05-30-19:20:24: 124 143
2011-05-30-19:20:25: 124 143
2011-05-30-19:20:26: 124 143
2011-05-30-19:20:27: 124 143
2011-05-30-19:20:28: 124 143
2011-05-30-19:20:29: 124 143
2011-05-30-19:20:30: 124 143
2011-05-30-19:20:31: 124 143
2011-05-30-19:20:32: 124 143
2011-05-30-19:20:33: 124 143
2011-05-30-19:20:34: 124 143
2011-05-30-19:20:35: 124 143
2011-05-30-19:20:36: 124 143
2011-05-30-19:20:37: 124 143
2011-05-30-19:20:38: 124 143
2011-05-30-19:20:39: 124 143
2011-05-30-19:20:40: 124 143
2011-05-30-19:20:41: 124 143
2011-05-30-19:20:42: 124 143
2011-05-30-19:20:43: 124 143
2011-05-30-19:20:44: 124 143
2011-05-30-19:20:45: 124 143
2011-05-30-19:20:46: 124 143
2011-05-30-19:20:47: 124 143
2011-05-30-19:20:48: 124 143
2011-05-30-19:20:49: 124 143
2011-05-30-19:20:50: 124 143
2011-05-30-19:20:51: 124 143
2011-05-30-19:20:52: 124 143
2011-05-30-19:20:53: 124 143
2011-05-30-19:20:54: 124 143
2011-05-30-19:20:55: 124 143
2011-05-30-19:20:56: 124 143
2011-05-30-19:20:57: 124 143
2011-05-30-19:20:58: 124 143
2011-05-30-19:20:59: 124 143
2011-05-30-19:21:00: 124 143
2011-05-30-19:21:01: 124 143
2011-05-30-19:21:02: 124 143
2011-05-30-19:21:03: 124 143
2011-05-30-19:21:04: 124 143
2011-05-30-19:21:05: 124 143
2011-05-30-19:21:06: 124 143
2011-05-30-19:21:07: 124 143
2011-05-30-19:21:08: 124 143
2011-05-30-19:21:09: 124 143
2011-05-30-19:21:10: 124 143
2011-05-30-19:21:11: 124 143
2011-05-30-19:21:11: 124 143
2011-05-30-19:21:12: 124 143
2011-05-30-19:21:13: 124 143
2011-05-30-19:21:14: 124 143
2011-05-30-19:21:15: 124 143
2011-05-30-19:21:16: 124 143
2011-05-30-19:21:17: 124 143
2011-05-30-19:21:18: 124 143
2011-05-30-19:21:19: 124 143
2011-05-30-19:21:20: 124 143
2011-05-30-19:21:21: 124 143
2011-05-30-19:21:22: 124 143
2011-05-30-19:21:23: 124 143
2011-05-30-19:21:24: 124 143
2011-05-30-19:21:25: 124 143
2011-05-30-19:21:26: 124 143
2011-05-30-19:21:27: 124 143
2011-05-30-19:21:28: 124 143
2011-05-30-19:21:29: 124 143
2011-05-30-19:21:30: 124 143
2011-05-30-19:21:31: 124 143
2011-05-30-19:21:32: 124 143
2011-05-30-19:21:33: 124 143
2011-05-30-19:21:34: 124 143
2011-05-30-19:21:35: 124 143
2011-05-30-19:21:36: 124 143
2011-05-30-19:21:37: 124 143
2011-05-30-19:21:38: 124 143
2011-05-30-19:21:39: 124 143
2011-05-30-19:21:40: 124 143
2011-05-30-19:21:41: 124 143
2011-05-30-19:21:42: 124 143
2011-05-30-19:21:43: 124 143
2011-05-30-19:21:44: 124 143
2011-05-30-19:21:45: 124 143
2011-05-30-19:21:46: 124 143
2011-05-30-19:21:47: 124 143
2011-05-30-19:21:48: 124 143
2011-05-30-19:21:49: 124 143
2011-05-30-19:21:50: 124 143
2011-05-30-19:21:51: 124 143
2011-05-30-19:21:52: 124 143
2011-05-30-19:21:53: 124 143
2011-05-30-19:21:54: 124 143
2011-05-30-19:21:55: 124 143
2011-05-30-19:21:56: 124 143
2011-05-30-19:21:57: 124 143
2011-05-30-19:21:58: 124 143
2011-05-30-19:21:59: 124 143
2011-05-30-19:22:00: 124 143
2011-05-30-19:22:01: 124 143
2011-05-30-19:22:02: 124 143
2011-05-30-19:22:02: 124 143
2011-05-30-19:22:03: 124 143
2011-05-30-19:22:04: 124 143
2011-05-30-19:22:05: 124 143
2011-05-30-19:22:06: 124 143
2011-05-30-19:22:07: 124 143
2011-05-30-19:22:08: 124 143
2011-05-30-19:22:09: 124 143
2011-05-30-19:22:10: 124 143
2011-05-30-19:22:11: 124 143
2011-05-30-19:22:12: 124 143
