2011-05-30-19:24:42: 124 143
2011-05-30-19:24:43: 123 143
2011-05-30-19:24:44: 124 143
2011-05-30-19:24:45: 123 143
2011-05-30-19:24:46: 124 143
2011-05-30-19:24:47: 123 143
2011-05-30-19:24:50: 124 143
2011-05-30-19:24:50: 123 143
2011-05-30-19:24:50: 123 143
2011-05-30-19:24:51: 123 143
2011-05-30-19:24:52: 123 143
2011-05-30-19:24:53: 124 143
2011-05-30-19:24:54: 123 143
2011-05-30-19:24:55: 124 143
2011-05-30-19:24:56: 124 143
2011-05-30-19:24:57: 124 143
2011-05-30-19:24:58: 123 143
2011-05-30-19:24:59: 123 143
2011-05-30-19:25:00: 123 143
2011-05-30-19:25:01: 123 143
2011-05-30-19:25:02: 123 143
2011-05-30-19:25:13: 124 143
2011-05-30-19:25:13: 124 143
2011-05-30-19:25:13: 124 143
2011-05-30-19:25:13: 123 143
2011-05-30-19:25:13: 124 143
2011-05-30-19:25:13: 124 143
2011-05-30-19:25:13: 123 143
2011-05-30-19:25:13: 124 143
2011-05-30-19:25:13: 123 143
2011-05-30-19:25:13: 123 143
2011-05-30-19:25:13: 123 143
2011-05-30-19:25:14: 123 143
2011-05-30-19:25:15: 124 143
2011-05-30-19:25:16: 124 143
2011-05-30-19:25:17: 124 143
2011-05-30-19:25:18: 124 143
2011-05-30-19:25:19: 124 143
2011-05-30-19:25:20: 124 143
2011-05-30-19:25:21: 124 143
2011-05-30-19:25:22: 124 143
2011-05-30-19:25:23: 123 143
2011-05-30-19:25:24: 124 143
2011-05-30-19:25:25: 124 143
2011-05-30-19:25:26: 124 143
2011-05-30-19:25:27: 124 143
2011-05-30-19:25:28: 124 143
2011-05-30-19:25:29: 124 143
2011-05-30-19:25:30: 124 143
2011-05-30-19:25:31: 123 143
2011-05-30-19:25:32: 123 143
2011-05-30-19:25:33: 124 143
2011-05-30-19:25:33: 123 143
2011-05-30-19:25:34: 123 143
2011-05-30-19:25:35: 123 143
2011-05-30-19:25:36: 124 143
2011-05-30-19:25:37: 123 143
2011-05-30-19:25:38: 123 143
2011-05-30-19:25:39: 123 143
2011-05-30-19:25:40: 123 143
2011-05-30-19:25:41: 123 143
2011-05-30-19:25:42: 124 143
2011-05-30-19:25:44: 123 143
2011-05-30-19:25:44: 123 143
2011-05-30-19:25:45: 123 143
2011-05-30-19:25:46: 124 143
2011-05-30-19:25:47: 123 143
2011-05-30-19:25:48: 123 143
2011-05-30-19:25:49: 123 143
2011-05-30-19:25:50: 123 143
2011-05-30-19:25:51: 123 143
2011-05-30-19:25:52: 123 143
2011-05-30-19:25:53: 123 143
2011-05-30-19:25:54: 124 143
2011-05-30-19:25:55: 123 143
2011-05-30-19:25:56: 124 143
2011-05-30-19:25:57: 123 143
2011-05-30-19:25:58: 123 143
2011-05-30-19:25:59: 123 143
2011-05-30-19:26:00: 124 143
2011-05-30-19:26:01: 124 143
2011-05-30-19:26:02: 123 143
2011-05-30-19:26:03: 123 143
2011-05-30-19:26:04: 123 143
2011-05-30-19:26:05: 123 143
2011-05-30-19:26:06: 123 143
2011-05-30-19:26:07: 123 143
2011-05-30-19:26:08: 124 143
2011-05-30-19:26:09: 124 143
2011-05-30-19:26:10: 123 143
2011-05-30-19:26:11: 124 143
2011-05-30-19:26:12: 123 143
2011-05-30-19:26:13: 124 143
2011-05-30-19:26:14: 123 143
2011-05-30-19:26:15: 124 143
2011-05-30-19:26:16: 123 143
2011-05-30-19:26:17: 123 143
2011-05-30-19:26:18: 123 143
2011-05-30-19:26:19: 124 143
2011-05-30-19:26:20: 123 143
2011-05-30-19:26:21: 123 143
2011-05-30-19:26:22: 123 143
2011-05-30-19:26:23: 123 143
2011-05-30-19:26:24: 123 143
2011-05-30-19:26:24: 124 143
2011-05-30-19:26:25: 123 143
2011-05-30-19:26:26: 124 143
2011-05-30-19:26:27: 123 143
2011-05-30-19:26:28: 124 143
2011-05-30-19:26:29: 123 143
2011-05-30-19:26:30: 123 143
2011-05-30-19:26:31: 124 143
2011-05-30-19:26:32: 124 143
2011-05-30-19:26:33: 123 143
2011-05-30-19:26:34: 124 143
2011-05-30-19:26:35: 123 143
2011-05-30-19:26:36: 124 143
2011-05-30-19:26:37: 123 143
2011-05-30-19:26:38: 123 143
2011-05-30-19:26:39: 123 143
2011-05-30-19:26:40: 124 143
2011-05-30-19:26:41: 123 143
2011-05-30-19:26:42: 124 143
2011-05-30-19:26:43: 123 143
2011-05-30-19:26:44: 124 143
2011-05-30-19:26:45: 123 143
2011-05-30-19:26:46: 124 143
2011-05-30-19:26:47: 123 143
2011-05-30-19:26:48: 123 143
2011-05-30-19:26:49: 123 143
2011-05-30-19:26:50: 123 143
2011-05-30-19:26:52: 124 143
2011-05-30-19:26:52: 123 143
2011-05-30-19:26:53: 123 143
2011-05-30-19:26:54: 123 143
2011-05-30-19:26:55: 123 143
2011-05-30-19:26:56: 123 143
2011-05-30-19:26:57: 123 143
2011-05-30-19:26:58: 123 143
2011-05-30-19:26:59: 123 143
2011-05-30-19:27:00: 123 143
2011-05-30-19:27:01: 123 143
2011-05-30-19:27:02: 123 143
2011-05-30-19:27:03: 123 143
2011-05-30-19:27:04: 124 143
2011-05-30-19:27:05: 123 143
2011-05-30-19:27:06: 123 143
2011-05-30-19:27:07: 123 143
2011-05-30-19:27:08: 124 143
2011-05-30-19:27:09: 123 143
2011-05-30-19:27:10: 124 143
2011-05-30-19:27:11: 124 143
2011-05-30-19:27:12: 124 143
2011-05-30-19:27:13: 124 143
2011-05-30-19:27:14: 124 143
2011-05-30-19:27:15: 123 143
2011-05-30-19:27:15: 124 143
2011-05-30-19:27:16: 123 143
2011-05-30-19:27:17: 124 143
2011-05-30-19:27:18: 123 143
2011-05-30-19:27:19: 123 143
2011-05-30-19:27:20: 123 143
2011-05-30-19:27:21: 123 143
2011-05-30-19:27:22: 123 143
2011-05-30-19:27:23: 124 143
2011-05-30-19:27:24: 123 143
2011-05-30-19:27:25: 123 143
2011-05-30-19:27:26: 123 143
2011-05-30-19:27:27: 123 143
2011-05-30-19:27:28: 123 143
2011-05-30-19:27:29: 123 143
2011-05-30-19:27:31: 123 143
2011-05-30-19:27:31: 123 143
2011-05-30-19:27:32: 123 143
2011-05-30-19:27:33: 123 143
2011-05-30-19:27:34: 123 143
2011-05-30-19:27:35: 123 143
2011-05-30-19:27:36: 123 143
2011-05-30-19:27:37: 123 143
2011-05-30-19:27:38: 123 143
2011-05-30-19:27:39: 123 143
2011-05-30-19:27:40: 123 143
2011-05-30-19:27:41: 123 143
2011-05-30-19:27:42: 123 143
2011-05-30-19:27:43: 123 143
2011-05-30-19:27:44: 123 143
2011-05-30-19:27:45: 123 143
2011-05-30-19:27:46: 123 143
2011-05-30-19:27:47: 123 143
2011-05-30-19:27:48: 123 143
2011-05-30-19:27:49: 123 143
2011-05-30-19:27:51: 123 143
2011-05-30-19:27:51: 123 143
