2011-05-30-19:28:49: 123 143
2011-05-30-19:28:50: 123 143
2011-05-30-19:28:51: 123 143
2011-05-30-19:28:52: 123 143
2011-05-30-19:28:53: 123 143
2011-05-30-19:28:54: 123 143
2011-05-30-19:28:55: 123 143
2011-05-30-19:28:58: 123 143
2011-05-30-19:28:58: 123 143
2011-05-30-19:28:58: 123 143
2011-05-30-19:28:59: 124 143
2011-05-30-19:29:00: 124 143
2011-05-30-19:29:01: 123 143
2011-05-30-19:29:02: 123 144
2011-05-30-19:29:03: 124 143
2011-05-30-19:29:04: 123 143
2011-05-30-19:29:05: 123 143
2011-05-30-19:29:06: 123 144
2011-05-30-19:29:07: 123 143
2011-05-30-19:29:08: 123 144
2011-05-30-19:29:09: 123 143
2011-05-30-19:29:10: 123 143
2011-05-30-19:29:11: 123 143
2011-05-30-19:29:12: 123 145
2011-05-30-19:29:13: 123 143
2011-05-30-19:29:14: 123 142
2011-05-30-19:29:15: 123 143
2011-05-30-19:29:16: 123 144
2011-05-30-19:29:17: 123 143
2011-05-30-19:29:18: 123 148
2011-05-30-19:29:19: 123 143
2011-05-30-19:29:20: 123 144
2011-05-30-19:29:21: 123 143
2011-05-30-19:29:22: 123 143
2011-05-30-19:29:23: 123 143
2011-05-30-19:29:24: 123 143
2011-05-30-19:29:25: 123 143
2011-05-30-19:29:28: 123 143
2011-05-30-19:29:36: 123 143
2011-05-30-19:29:36: 123 143
2011-05-30-19:29:36: 123 143
2011-05-30-19:29:36: 123 143
2011-05-30-19:29:36: 123 143
2011-05-30-19:29:36: 123 143
2011-05-30-19:29:36: 123 143
2011-05-30-19:29:37: 123 143
2011-05-30-19:29:37: 123 143
2011-05-30-19:29:37: 123 143
2011-05-30-19:29:37: 123 143
2011-05-30-19:29:38: 123 143
2011-05-30-19:29:39: 123 143
2011-05-30-19:29:40: 123 143
2011-05-30-19:29:40: 123 143
2011-05-30-19:29:41: 123 143
2011-05-30-19:29:42: 123 141
2011-05-30-19:29:43: 123 143
2011-05-30-19:29:44: 123 143
2011-05-30-19:29:45: 123 143
2011-05-30-19:29:46: 123 143
2011-05-30-19:29:47: 123 143
2011-05-30-19:29:48: 123 143
2011-05-30-19:29:49: 123 143
2011-05-30-19:29:50: 123 143
2011-05-30-19:29:51: 123 143
2011-05-30-19:29:52: 123 139
2011-05-30-19:29:53: 123 143
2011-05-30-19:29:54: 123 144
2011-05-30-19:29:55: 123 143
2011-05-30-19:29:56: 123 143
2011-05-30-19:29:57: 123 143
2011-05-30-19:29:58: 123 143
2011-05-30-19:29:59: 123 143
2011-05-30-19:30:00: 123 143
2011-05-30-19:30:01: 123 143
2011-05-30-19:30:02: 123 143
2011-05-30-19:30:03: 123 143
2011-05-30-19:30:04: 123 143
2011-05-30-19:30:05: 123 143
2011-05-30-19:30:06: 123 143
2011-05-30-19:30:07: 123 143
2011-05-30-19:30:08: 123 143
2011-05-30-19:30:09: 123 143
2011-05-30-19:30:10: 123 143
2011-05-30-19:30:11: 123 136
2011-05-30-19:30:12: 123 143
2011-05-30-19:30:13: 123 137
2011-05-30-19:30:14: 123 143
2011-05-30-19:30:15: 123 142
2011-05-30-19:30:16: 123 143
2011-05-30-19:30:17: 123 142
2011-05-30-19:30:18: 123 143
2011-05-30-19:30:19: 123 141
2011-05-30-19:30:20: 123 143
2011-05-30-19:30:21: 123 143
2011-05-30-19:30:22: 123 143
2011-05-30-19:30:23: 123 143
2011-05-30-19:30:24: 123 143
2011-05-30-19:30:25: 123 144
2011-05-30-19:30:26: 123 143
2011-05-30-19:30:27: 123 143
2011-05-30-19:30:28: 123 143
2011-05-30-19:30:29: 123 143
2011-05-30-19:30:30: 123 143
2011-05-30-19:30:31: 123 143
2011-05-30-19:30:32: 123 143
2011-05-30-19:30:33: 123 143
2011-05-30-19:30:34: 123 143
2011-05-30-19:30:35: 123 143
2011-05-30-19:30:36: 123 143
2011-05-30-19:30:37: 123 143
2011-05-30-19:30:38: 123 143
2011-05-30-19:30:39: 123 143
2011-05-30-19:30:40: 123 143
2011-05-30-19:30:43: 123 143
2011-05-30-19:30:43: 123 143
2011-05-30-19:30:43: 123 143
2011-05-30-19:30:44: 123 143
2011-05-30-19:30:45: 123 143
2011-05-30-19:30:46: 123 143
2011-05-30-19:30:47: 123 143
2011-05-30-19:30:48: 123 143
2011-05-30-19:30:49: 123 143
2011-05-30-19:30:50: 123 143
2011-05-30-19:30:51: 123 143
2011-05-30-19:30:52: 123 143
2011-05-30-19:30:53: 123 143
2011-05-30-19:30:54: 123 143
2011-05-30-19:30:55: 123 143
2011-05-30-19:30:56: 123 143
2011-05-30-19:30:57: 123 143
2011-05-30-19:30:58: 123 143
2011-05-30-19:30:59: 123 143
2011-05-30-19:31:00: 123 143
2011-05-30-19:31:01: 123 143
2011-05-30-19:31:02: 123 143
2011-05-30-19:31:03: 123 143
2011-05-30-19:31:04: 123 143
2011-05-30-19:31:05: 123 143
2011-05-30-19:31:06: 123 143
2011-05-30-19:31:07: 123 143
2011-05-30-19:31:08: 123 143
2011-05-30-19:31:09: 123 143
2011-05-30-19:31:10: 123 143
2011-05-30-19:31:11: 123 143
2011-05-30-19:31:12: 123 143
2011-05-30-19:31:13: 123 143
2011-05-30-19:31:14: 123 143
2011-05-30-19:31:15: 123 143
2011-05-30-19:31:16: 123 143
2011-05-30-19:31:17: 123 143
2011-05-30-19:31:18: 123 143
2011-05-30-19:31:19: 123 143
2011-05-30-19:31:20: 123 143
2011-05-30-19:31:21: 123 143
2011-05-30-19:31:22: 123 143
2011-05-30-19:31:23: 123 143
2011-05-30-19:31:23: 123 143
2011-05-30-19:31:24: 123 143
2011-05-30-19:31:25: 123 143
2011-05-30-19:31:27: 123 142
2011-05-30-19:31:28: 123 143
2011-05-30-19:31:28: 123 146
2011-05-30-19:31:29: 123 143
2011-05-30-19:31:30: 123 144
2011-05-30-19:31:31: 123 143
2011-05-30-19:31:32: 123 143
2011-05-30-19:31:33: 123 143
2011-05-30-19:31:34: 123 143
2011-05-30-19:31:35: 123 143
2011-05-30-19:31:36: 123 143
2011-05-30-19:31:37: 123 143
2011-05-30-19:31:38: 123 143
2011-05-30-19:31:39: 123 143
2011-05-30-19:31:40: 123 143
2011-05-30-19:31:41: 123 143
2011-05-30-19:31:42: 123 143
2011-05-30-19:31:43: 123 143
2011-05-30-19:31:44: 123 143
2011-05-30-19:31:45: 123 143
2011-05-30-19:31:46: 123 143
2011-05-30-19:31:47: 123 128
2011-05-30-19:31:48: 123 143
2011-05-30-19:31:49: 122 139
2011-05-30-19:31:50: 123 142
2011-05-30-19:31:51: 123 143
2011-05-30-19:31:52: 123 143
2011-05-30-19:31:53: 123 147
2011-05-30-19:31:54: 123 143
2011-05-30-19:31:55: 123 141
2011-05-30-19:31:56: 122 142
2011-05-30-19:31:57: 123 143
2011-05-30-19:31:58: 123 143
2011-05-30-19:31:59: 123 141
2011-05-30-19:32:00: 122 143
2011-05-30-19:32:01: 123 140
2011-05-30-19:32:02: 123 143
2011-05-30-19:32:03: 122 143
2011-05-30-19:32:04: 123 143
2011-05-30-19:32:05: 123 143
2011-05-30-19:32:06: 123 143
2011-05-30-19:32:07: 123 144
2011-05-30-19:32:08: 123 143
2011-05-30-19:32:09: 123 143
2011-05-30-19:32:10: 123 143
2011-05-30-19:32:11: 123 143
2011-05-30-19:32:12: 123 143
2011-05-30-19:32:13: 123 143
2011-05-30-19:32:14: 123 143
2011-05-30-19:32:14: 123 143
2011-05-30-19:32:15: 123 143
2011-05-30-19:32:16: 123 143
2011-05-30-19:32:17: 123 143
2011-05-30-19:32:18: 123 143
2011-05-30-19:32:19: 123 126
2011-05-30-19:32:20: 123 143
2011-05-30-19:32:21: 123 142
2011-05-30-19:32:22: 123 143
2011-05-30-19:32:23: 123 142
2011-05-30-19:32:24: 123 143
2011-05-30-19:32:25: 123 131
2011-05-30-19:32:26: 123 140
2011-05-30-19:32:27: 123 142
2011-05-30-19:32:28: 123 143
2011-05-30-19:32:29: 123 142
2011-05-30-19:32:30: 123 143
2011-05-30-19:32:31: 123 138
2011-05-30-19:32:32: 123 142
2011-05-30-19:32:33: 123 144
2011-05-30-19:32:34: 123 143
2011-05-30-19:32:35: 123 143
2011-05-30-19:32:36: 123 143
2011-05-30-19:32:37: 123 143
2011-05-30-19:32:38: 123 143
2011-05-30-19:32:39: 123 143
2011-05-30-19:32:40: 123 143
2011-05-30-19:32:41: 123 143
2011-05-30-19:32:42: 123 143
2011-05-30-19:32:43: 123 143
2011-05-30-19:32:44: 123 143
2011-05-30-19:32:45: 123 143
2011-05-30-19:32:46: 123 143
2011-05-30-19:32:47: 123 143
2011-05-30-19:32:48: 123 143
2011-05-30-19:32:49: 123 143
2011-05-30-19:32:50: 123 143
2011-05-30-19:32:51: 123 143
2011-05-30-19:32:52: 123 143
2011-05-30-19:32:53: 123 143
2011-05-30-19:32:54: 123 142
2011-05-30-19:32:55: 123 143
2011-05-30-19:32:57: 123 142
2011-05-30-19:32:58: 123 143
2011-05-30-19:32:58: 123 143
2011-05-30-19:32:59: 123 143
2011-05-30-19:33:00: 122 143
2011-05-30-19:33:01: 123 142
2011-05-30-19:33:02: 123 142
2011-05-30-19:33:03: 123 142
2011-05-30-19:33:04: 123 143
2011-05-30-19:33:05: 123 143
2011-05-30-19:33:05: 122 143
2011-05-30-19:33:06: 123 143
2011-05-30-19:33:07: 123 143
2011-05-30-19:33:08: 123 143
2011-05-30-19:33:09: 123 144
2011-05-30-19:33:10: 123 143
2011-05-30-19:33:11: 123 143
2011-05-30-19:33:12: 123 143
2011-05-30-19:33:13: 123 143
2011-05-30-19:33:14: 123 142
2011-05-30-19:33:15: 123 143
2011-05-30-19:33:16: 123 143
2011-05-30-19:33:17: 123 143
2011-05-30-19:33:18: 123 141
2011-05-30-19:33:19: 123 142
2011-05-30-19:33:20: 123 141
2011-05-30-19:33:21: 123 142
2011-05-30-19:33:22: 123 141
2011-05-30-19:33:23: 123 142
2011-05-30-19:33:24: 123 141
2011-05-30-19:33:25: 123 142
2011-05-30-19:33:26: 123 141
2011-05-30-19:33:27: 123 142
2011-05-30-19:33:28: 123 141
2011-05-30-19:33:29: 123 142
2011-05-30-19:33:30: 123 142
2011-05-30-19:33:31: 123 142
2011-05-30-19:33:32: 123 141
2011-05-30-19:33:33: 123 142
2011-05-30-19:33:34: 123 142
2011-05-30-19:33:35: 123 142
2011-05-30-19:33:36: 123 143
2011-05-30-19:33:37: 123 143
2011-05-30-19:33:38: 123 143
2011-05-30-19:33:39: 123 143
2011-05-30-19:33:40: 123 143
2011-05-30-19:33:42: 123 143
2011-05-30-19:33:42: 123 142
2011-05-30-19:33:43: 123 143
2011-05-30-19:33:44: 123 143
2011-05-30-19:33:45: 123 143
2011-05-30-19:33:46: 123 143
2011-05-30-19:33:47: 123 143
2011-05-30-19:33:48: 123 143
2011-05-30-19:33:49: 123 143
2011-05-30-19:33:50: 123 143
2011-05-30-19:33:51: 123 143
2011-05-30-19:33:52: 123 132
2011-05-30-19:33:53: 122 143
2011-05-30-19:33:54: 122 143
2011-05-30-19:33:55: 123 138
2011-05-30-19:33:56: 123 142
2011-05-30-19:33:57: 123 141
2011-05-30-19:33:58: 123 143
2011-05-30-19:33:59: 123 141
2011-05-30-19:34:00: 123 142
2011-05-30-19:34:01: 123 141
2011-05-30-19:34:02: 123 142
2011-05-30-19:34:03: 123 141
2011-05-30-19:34:04: 123 143
2011-05-30-19:34:05: 123 139
2011-05-30-19:34:06: 123 142
2011-05-30-19:34:07: 123 141
2011-05-30-19:34:08: 123 141
2011-05-30-19:34:09: 123 137
2011-05-30-19:34:10: 123 140
2011-05-30-19:34:11: 123 142
2011-05-30-19:34:12: 122 142
2011-05-30-19:34:13: 122 142
2011-05-30-19:34:14: 123 142
2011-05-30-19:34:15: 123 142
2011-05-30-19:34:16: 123 142
2011-05-30-19:34:17: 123 142
2011-05-30-19:34:18: 123 143
2011-05-30-19:34:19: 123 142
2011-05-30-19:34:20: 123 143
2011-05-30-19:34:21: 123 143
2011-05-30-19:34:22: 123 143
2011-05-30-19:34:23: 123 143
2011-05-30-19:34:24: 123 143
2011-05-30-19:34:25: 123 143
2011-05-30-19:34:26: 123 143
2011-05-30-19:34:27: 123 143
2011-05-30-19:34:28: 123 143
2011-05-30-19:34:29: 123 143
2011-05-30-19:34:30: 123 143
2011-05-30-19:34:31: 123 143
2011-05-30-19:34:32: 123 143
2011-05-30-19:34:33: 123 143
2011-05-30-19:34:34: 123 143
2011-05-30-19:34:35: 123 142
2011-05-30-19:34:36: 123 141
2011-05-30-19:34:37: 123 143
2011-05-30-19:34:38: 123 144
2011-05-30-19:34:39: 123 143
2011-05-30-19:34:40: 123 146
2011-05-30-19:34:41: 123 142
2011-05-30-19:34:42: 123 143
2011-05-30-19:34:43: 123 142
2011-05-30-19:34:44: 123 143
2011-05-30-19:34:45: 123 143
2011-05-30-19:34:46: 123 143
2011-05-30-19:34:47: 123 143
2011-05-30-19:34:48: 123 143
2011-05-30-19:34:48: 123 143
2011-05-30-19:34:49: 123 143
2011-05-30-19:34:50: 123 143
2011-05-30-19:34:51: 123 143
2011-05-30-19:34:52: 123 143
2011-05-30-19:34:53: 123 143
2011-05-30-19:34:54: 123 143
2011-05-30-19:34:55: 123 143
2011-05-30-19:34:56: 123 143
2011-05-30-19:34:57: 123 143
2011-05-30-19:34:58: 123 143
2011-05-30-19:34:59: 123 143
2011-05-30-19:35:00: 123 143
2011-05-30-19:35:01: 123 141
2011-05-30-19:35:02: 123 143
2011-05-30-19:35:03: 123 143
2011-05-30-19:35:04: 123 141
2011-05-30-19:35:05: 123 142
2011-05-30-19:35:06: 123 135
2011-05-30-19:35:07: 123 140
2011-05-30-19:35:08: 122 128
2011-05-30-19:35:09: 123 142
2011-05-30-19:35:10: 123 141
2011-05-30-19:35:11: 123 142
2011-05-30-19:35:12: 123 142
2011-05-30-19:35:13: 123 142
2011-05-30-19:35:14: 123 143
2011-05-30-19:35:15: 123 141
2011-05-30-19:35:16: 123 141
2011-05-30-19:35:17: 123 142
2011-05-30-19:35:18: 123 142
2011-05-30-19:35:19: 123 142
2011-05-30-19:35:20: 123 142
2011-05-30-19:35:21: 123 142
2011-05-30-19:35:22: 123 142
2011-05-30-19:35:23: 123 142
2011-05-30-19:35:24: 123 142
2011-05-30-19:35:25: 123 142
2011-05-30-19:35:27: 123 142
2011-05-30-19:35:27: 123 142
2011-05-30-19:35:28: 123 142
2011-05-30-19:35:29: 123 143
2011-05-30-19:35:30: 123 143
2011-05-30-19:35:31: 123 143
2011-05-30-19:35:32: 123 142
2011-05-30-19:35:33: 123 143
2011-05-30-19:35:34: 123 143
2011-05-30-19:35:35: 123 143
2011-05-30-19:35:36: 123 143
2011-05-30-19:35:37: 123 143
2011-05-30-19:35:38: 123 143
2011-05-30-19:35:39: 123 143
2011-05-30-19:35:39: 123 143
2011-05-30-19:35:40: 123 143
2011-05-30-19:35:41: 123 143
2011-05-30-19:35:42: 123 143
2011-05-30-19:35:43: 123 143
2011-05-30-19:35:44: 123 143
2011-05-30-19:35:45: 123 143
2011-05-30-19:35:46: 123 143
2011-05-30-19:35:47: 123 143
2011-05-30-19:35:48: 123 143
2011-05-30-19:35:49: 123 143
2011-05-30-19:35:50: 123 143
2011-05-30-19:35:51: 123 143
2011-05-30-19:35:52: 123 143
2011-05-30-19:35:53: 123 143
2011-05-30-19:35:54: 123 143
2011-05-30-19:35:55: 123 143
2011-05-30-19:35:56: 123 143
2011-05-30-19:35:57: 122 143
2011-05-30-19:35:58: 123 143
2011-05-30-19:35:59: 123 143
2011-05-30-19:36:00: 123 143
2011-05-30-19:36:01: 123 143
2011-05-30-19:36:02: 122 143
2011-05-30-19:36:03: 123 143
2011-05-30-19:36:04: 123 143
2011-05-30-19:36:05: 123 143
2011-05-30-19:36:06: 123 143
2011-05-30-19:36:07: 123 143
2011-05-30-19:36:09: 123 143
2011-05-30-19:36:10: 123 143
2011-05-30-19:36:10: 123 143
2011-05-30-19:36:11: 123 143
2011-05-30-19:36:12: 123 143
2011-05-30-19:36:14: 123 143
2011-05-30-19:36:14: 123 143
