2011-05-30-19:36:46: 123 143
2011-05-30-19:36:46: 123 143
2011-05-30-19:36:47: 123 143
2011-05-30-19:36:48: 123 143
2011-05-30-19:36:49: 123 143
2011-05-30-19:36:50: 123 143
2011-05-30-19:36:51: 123 143
2011-05-30-19:36:52: 123 143
2011-05-30-19:36:57: 123 143
2011-05-30-19:36:57: 123 143
2011-05-30-19:36:57: 123 143
2011-05-30-19:36:57: 123 143
2011-05-30-19:36:57: 123 143
2011-05-30-19:36:58: 123 143
2011-05-30-19:36:59: 123 143
2011-05-30-19:37:00: 123 143
2011-05-30-19:37:01: 123 143
2011-05-30-19:37:02: 123 143
2011-05-30-19:37:03: 123 143
2011-05-30-19:37:04: 122 143
2011-05-30-19:37:05: 123 143
2011-05-30-19:37:06: 122 143
2011-05-30-19:37:07: 123 143
2011-05-30-19:37:19: 123 143
2011-05-30-19:37:19: 123 143
2011-05-30-19:37:19: 123 143
2011-05-30-19:37:19: 123 143
2011-05-30-19:37:19: 123 143
2011-05-30-19:37:19: 123 143
2011-05-30-19:37:19: 123 143
2011-05-30-19:37:19: 123 143
2011-05-30-19:37:20: 123 143
2011-05-30-19:37:20: 123 143
2011-05-30-19:37:20: 123 143
2011-05-30-19:37:20: 123 143
2011-05-30-19:37:21: 123 143
2011-05-30-19:37:22: 123 143
2011-05-30-19:37:23: 123 143
2011-05-30-19:37:23: 123 143
2011-05-30-19:37:24: 123 143
2011-05-30-19:37:25: 123 143
2011-05-30-19:37:26: 123 143
2011-05-30-19:37:27: 123 143
2011-05-30-19:37:28: 123 143
2011-05-30-19:37:29: 123 143
2011-05-30-19:37:30: 123 143
2011-05-30-19:37:31: 123 143
2011-05-30-19:37:32: 123 143
2011-05-30-19:37:33: 122 143
2011-05-30-19:37:34: 123 143
2011-05-30-19:37:35: 123 143
2011-05-30-19:37:36: 123 143
2011-05-30-19:37:37: 122 143
2011-05-30-19:37:38: 122 143
2011-05-30-19:37:39: 123 143
2011-05-30-19:37:40: 122 143
2011-05-30-19:37:41: 123 143
2011-05-30-19:37:42: 123 143
2011-05-30-19:37:43: 123 143
2011-05-30-19:37:44: 123 143
2011-05-30-19:37:45: 123 143
2011-05-30-19:37:46: 123 143
2011-05-30-19:37:47: 123 143
2011-05-30-19:37:48: 123 143
2011-05-30-19:37:49: 123 143
2011-05-30-19:37:50: 123 143
2011-05-30-19:37:51: 123 143
2011-05-30-19:37:52: 123 143
2011-05-30-19:37:53: 123 143
2011-05-30-19:37:54: 123 143
2011-05-30-19:37:55: 123 143
2011-05-30-19:37:56: 123 143
2011-05-30-19:37:57: 122 143
2011-05-30-19:37:58: 123 143
2011-05-30-19:37:59: 123 143
2011-05-30-19:38:00: 123 143
2011-05-30-19:38:01: 123 143
2011-05-30-19:38:02: 123 143
2011-05-30-19:38:03: 123 143
2011-05-30-19:38:04: 123 143
2011-05-30-19:38:05: 123 143
2011-05-30-19:38:06: 123 143
2011-05-30-19:38:07: 123 143
2011-05-30-19:38:08: 123 143
2011-05-30-19:38:09: 123 143
2011-05-30-19:38:10: 123 143
2011-05-30-19:38:11: 123 143
2011-05-30-19:38:12: 123 143
2011-05-30-19:38:13: 123 143
2011-05-30-19:38:14: 123 143
2011-05-30-19:38:15: 123 143
2011-05-30-19:38:16: 123 143
2011-05-30-19:38:17: 123 143
2011-05-30-19:38:18: 123 143
2011-05-30-19:38:19: 123 143
2011-05-30-19:38:20: 123 143
2011-05-30-19:38:21: 123 143
2011-05-30-19:38:22: 123 143
2011-05-30-19:38:23: 122 143
2011-05-30-19:38:24: 123 143
2011-05-30-19:38:25: 123 143
2011-05-30-19:38:26: 123 143
2011-05-30-19:38:27: 123 143
2011-05-30-19:38:28: 122 143
2011-05-30-19:38:28: 122 143
2011-05-30-19:38:29: 123 143
2011-05-30-19:38:30: 122 143
2011-05-30-19:38:31: 123 143
2011-05-30-19:38:32: 123 143
2011-05-30-19:38:33: 123 143
2011-05-30-19:38:34: 122 143
2011-05-30-19:38:35: 123 143
2011-05-30-19:38:36: 123 143
2011-05-30-19:38:37: 123 143
2011-05-30-19:38:38: 122 143
2011-05-30-19:38:39: 123 143
2011-05-30-19:38:40: 122 143
2011-05-30-19:38:41: 123 143
2011-05-30-19:38:42: 123 143
2011-05-30-19:38:43: 122 143
2011-05-30-19:38:44: 123 143
2011-05-30-19:38:45: 122 143
2011-05-30-19:38:46: 123 143
2011-05-30-19:38:47: 122 143
2011-05-30-19:38:48: 123 143
2011-05-30-19:38:49: 122 143
2011-05-30-19:38:50: 123 143
2011-05-30-19:38:51: 122 143
2011-05-30-19:38:52: 123 143
2011-05-30-19:38:53: 123 143
2011-05-30-19:38:54: 123 143
2011-05-30-19:38:55: 123 143
2011-05-30-19:38:56: 123 143
2011-05-30-19:38:57: 122 143
2011-05-30-19:38:58: 122 143
2011-05-30-19:38:59: 122 143
2011-05-30-19:39:00: 123 143
2011-05-30-19:39:01: 123 143
2011-05-30-19:39:02: 123 143
2011-05-30-19:39:03: 122 143
2011-05-30-19:39:04: 122 143
2011-05-30-19:39:05: 123 143
2011-05-30-19:39:06: 123 143
2011-05-30-19:39:07: 122 143
2011-05-30-19:39:08: 123 143
2011-05-30-19:39:10: 122 143
2011-05-30-19:39:10: 122 143
2011-05-30-19:39:11: 123 143
2011-05-30-19:39:12: 122 143
2011-05-30-19:39:13: 122 143
2011-05-30-19:39:14: 123 143
2011-05-30-19:39:15: 122 143
2011-05-30-19:39:16: 122 143
2011-05-30-19:39:17: 123 143
2011-05-30-19:39:18: 122 143
2011-05-30-19:39:19: 123 143
2011-05-30-19:39:19: 123 143
2011-05-30-19:39:20: 123 143
2011-05-30-19:39:21: 123 143
2011-05-30-19:39:22: 123 143
2011-05-30-19:39:23: 123 143
2011-05-30-19:39:24: 123 143
2011-05-30-19:39:25: 122 143
2011-05-30-19:39:26: 123 143
2011-05-30-19:39:27: 123 143
2011-05-30-19:39:28: 122 143
2011-05-30-19:39:29: 122 143
2011-05-30-19:39:30: 123 143
2011-05-30-19:39:31: 123 143
2011-05-30-19:39:32: 123 143
2011-05-30-19:39:33: 123 143
2011-05-30-19:39:34: 122 143
2011-05-30-19:39:35: 123 143
2011-05-30-19:39:36: 122 143
2011-05-30-19:39:37: 122 143
2011-05-30-19:39:38: 123 143
2011-05-30-19:39:39: 122 143
2011-05-30-19:39:40: 122 143
2011-05-30-19:39:41: 123 143
2011-05-30-19:39:42: 123 143
2011-05-30-19:39:43: 123 143
2011-05-30-19:39:44: 122 143
2011-05-30-19:39:45: 122 143
2011-05-30-19:39:46: 122 143
2011-05-30-19:39:47: 122 143
2011-05-30-19:39:48: 122 143
2011-05-30-19:39:49: 123 143
2011-05-30-19:39:50: 123 143
2011-05-30-19:39:51: 122 143
2011-05-30-19:39:52: 122 143
2011-05-30-19:39:53: 123 143
2011-05-30-19:39:54: 122 143
2011-05-30-19:39:55: 122 143
2011-05-30-19:39:56: 123 143
2011-05-30-19:39:57: 122 143
2011-05-30-19:39:58: 123 143
2011-05-30-19:39:59: 122 143
2011-05-30-19:40:00: 123 143
2011-05-30-19:40:01: 122 143
2011-05-30-19:40:02: 122 143
2011-05-30-19:40:03: 122 143
2011-05-30-19:40:04: 123 143
2011-05-30-19:40:05: 123 143
2011-05-30-19:40:06: 122 143
2011-05-30-19:40:07: 122 143
2011-05-30-19:40:08: 123 143
2011-05-30-19:40:09: 123 143
2011-05-30-19:40:10: 123 143
2011-05-30-19:40:10: 123 143
2011-05-30-19:40:11: 123 143
2011-05-30-19:40:12: 122 143
2011-05-30-19:40:13: 122 143
2011-05-30-19:40:14: 122 143
2011-05-30-19:40:15: 123 143
2011-05-30-19:40:16: 122 143
2011-05-30-19:40:17: 123 143
2011-05-30-19:40:18: 123 143
2011-05-30-19:40:19: 123 143
2011-05-30-19:40:20: 122 143
2011-05-30-19:40:21: 122 143
2011-05-30-19:40:22: 122 143
2011-05-30-19:40:23: 122 143
2011-05-30-19:40:24: 123 143
2011-05-30-19:40:25: 123 143
2011-05-30-19:40:26: 122 143
2011-05-30-19:40:27: 122 143
2011-05-30-19:40:28: 122 143
2011-05-30-19:40:29: 122 143
2011-05-30-19:40:30: 123 143
2011-05-30-19:40:31: 122 143
2011-05-30-19:40:32: 122 143
2011-05-30-19:40:33: 122 143
2011-05-30-19:40:34: 122 143
2011-05-30-19:40:35: 123 143
2011-05-30-19:40:36: 123 143
2011-05-30-19:40:37: 123 143
2011-05-30-19:40:39: 123 143
2011-05-30-19:40:39: 122 143
2011-05-30-19:40:40: 122 143
2011-05-30-19:40:41: 122 143
2011-05-30-19:40:42: 123 143
2011-05-30-19:40:43: 123 143
2011-05-30-19:40:44: 123 143
2011-05-30-19:40:45: 123 143
2011-05-30-19:40:46: 123 143
2011-05-30-19:40:47: 122 143
2011-05-30-19:40:48: 123 143
2011-05-30-19:40:49: 122 143
2011-05-30-19:40:50: 123 143
2011-05-30-19:40:51: 122 143
2011-05-30-19:40:52: 122 143
2011-05-30-19:40:53: 123 143
2011-05-30-19:40:54: 123 143
2011-05-30-19:40:55: 123 143
2011-05-30-19:40:56: 123 143
2011-05-30-19:40:57: 123 143
2011-05-30-19:40:58: 123 143
2011-05-30-19:40:59: 122 143
2011-05-30-19:41:00: 122 143
2011-05-30-19:41:01: 122 143
2011-05-30-19:41:02: 123 143
2011-05-30-19:41:03: 122 143
2011-05-30-19:41:04: 122 143
2011-05-30-19:41:05: 122 143
2011-05-30-19:41:06: 122 143
2011-05-30-19:41:07: 122 143
2011-05-30-19:41:08: 122 143
2011-05-30-19:41:09: 122 143
2011-05-30-19:41:10: 122 143
2011-05-30-19:41:11: 122 143
2011-05-30-19:41:12: 122 143
2011-05-30-19:41:13: 122 143
2011-05-30-19:41:14: 122 143
2011-05-30-19:41:15: 123 143
2011-05-30-19:41:16: 123 143
2011-05-30-19:41:17: 122 143
2011-05-30-19:41:18: 122 143
2011-05-30-19:41:19: 122 143
2011-05-30-19:41:20: 122 143
2011-05-30-19:41:21: 122 143
2011-05-30-19:41:22: 123 143
2011-05-30-19:41:23: 122 143
2011-05-30-19:41:24: 122 143
2011-05-30-19:41:25: 123 143
2011-05-30-19:41:26: 123 143
2011-05-30-19:41:27: 122 143
2011-05-30-19:41:28: 122 143
2011-05-30-19:41:29: 122 143
2011-05-30-19:41:30: 123 143
2011-05-30-19:41:31: 122 143
2011-05-30-19:41:32: 123 143
2011-05-30-19:41:33: 123 143
2011-05-30-19:41:34: 123 143
2011-05-30-19:41:35: 122 143
2011-05-30-19:41:36: 122 143
2011-05-30-19:41:37: 122 143
2011-05-30-19:41:38: 123 143
2011-05-30-19:41:39: 123 143
2011-05-30-19:41:40: 122 143
2011-05-30-19:41:41: 122 143
2011-05-30-19:41:42: 123 143
2011-05-30-19:41:43: 123 143
2011-05-30-19:41:44: 122 143
2011-05-30-19:41:45: 122 143
2011-05-30-19:41:46: 123 143
2011-05-30-19:41:47: 122 143
2011-05-30-19:41:48: 123 143
2011-05-30-19:41:49: 122 143
2011-05-30-19:41:50: 122 143
2011-05-30-19:41:51: 122 143
2011-05-30-19:41:52: 122 143
2011-05-30-19:41:53: 122 143
2011-05-30-19:41:53: 122 143
2011-05-30-19:41:56: 123 143
2011-05-30-19:41:56: 122 143
2011-05-30-19:41:56: 122 143
2011-05-30-19:41:57: 122 143
2011-05-30-19:41:58: 122 143
2011-05-30-19:41:59: 122 143
2011-05-30-19:42:00: 122 143
2011-05-30-19:42:01: 122 143
2011-05-30-19:42:02: 122 143
2011-05-30-19:42:03: 122 143
2011-05-30-19:42:04: 122 143
2011-05-30-19:42:05: 122 143
2011-05-30-19:42:06: 122 143
2011-05-30-19:42:07: 122 143
2011-05-30-19:42:08: 122 143
2011-05-30-19:42:09: 122 143
2011-05-30-19:42:10: 122 143
2011-05-30-19:42:11: 123 143
2011-05-30-19:42:12: 122 143
2011-05-30-19:42:13: 122 143
2011-05-30-19:42:14: 122 143
2011-05-30-19:42:15: 122 143
2011-05-30-19:42:16: 122 143
2011-05-30-19:42:17: 122 143
2011-05-30-19:42:18: 122 143
2011-05-30-19:42:19: 122 143
2011-05-30-19:42:20: 123 143
2011-05-30-19:42:21: 122 143
2011-05-30-19:42:22: 122 143
2011-05-30-19:42:23: 123 143
2011-05-30-19:42:24: 122 143
2011-05-30-19:42:25: 122 143
2011-05-30-19:42:26: 122 143
2011-05-30-19:42:27: 122 143
2011-05-30-19:42:28: 122 143
2011-05-30-19:42:29: 122 143
2011-05-30-19:42:30: 122 143
2011-05-30-19:42:31: 122 143
2011-05-30-19:42:32: 122 143
2011-05-30-19:42:33: 122 143
2011-05-30-19:42:34: 122 143
2011-05-30-19:42:35: 123 143
2011-05-30-19:42:36: 122 143
2011-05-30-19:42:37: 123 143
2011-05-30-19:42:38: 122 143
2011-05-30-19:42:39: 123 143
2011-05-30-19:42:40: 122 143
2011-05-30-19:42:41: 122 143
2011-05-30-19:42:42: 122 143
2011-05-30-19:42:43: 123 143
2011-05-30-19:42:44: 122 143
2011-05-30-19:42:44: 122 143
2011-05-30-19:42:45: 123 143
2011-05-30-19:42:46: 122 143
2011-05-30-19:42:47: 123 143
2011-05-30-19:42:48: 123 143
2011-05-30-19:42:49: 122 143
2011-05-30-19:42:50: 122 143
2011-05-30-19:42:51: 122 143
2011-05-30-19:42:52: 122 143
2011-05-30-19:42:53: 122 143
2011-05-30-19:42:54: 122 143
2011-05-30-19:42:55: 122 143
2011-05-30-19:42:56: 122 143
2011-05-30-19:42:57: 122 143
2011-05-30-19:42:58: 122 143
2011-05-30-19:42:59: 122 143
2011-05-30-19:43:00: 122 143
2011-05-30-19:43:01: 122 143
2011-05-30-19:43:02: 122 143
2011-05-30-19:43:03: 122 143
2011-05-30-19:43:04: 122 143
2011-05-30-19:43:05: 122 143
2011-05-30-19:43:06: 122 143
2011-05-30-19:43:07: 122 143
2011-05-30-19:43:08: 122 143
2011-05-30-19:43:09: 122 143
2011-05-30-19:43:10: 122 143
2011-05-30-19:43:11: 122 143
2011-05-30-19:43:12: 122 143
2011-05-30-19:43:13: 122 143
2011-05-30-19:43:14: 122 143
2011-05-30-19:43:15: 122 143
2011-05-30-19:43:16: 122 143
2011-05-30-19:43:17: 122 143
2011-05-30-19:43:19: 122 143
2011-05-30-19:43:19: 122 143
2011-05-30-19:43:20: 122 143
2011-05-30-19:43:21: 122 143
2011-05-30-19:43:22: 122 143
2011-05-30-19:43:23: 122 143
2011-05-30-19:43:24: 122 143
2011-05-30-19:43:25: 122 143
2011-05-30-19:43:26: 122 143
2011-05-30-19:43:27: 122 143
2011-05-30-19:43:28: 122 143
2011-05-30-19:43:29: 122 143
2011-05-30-19:43:30: 122 143
2011-05-30-19:43:31: 122 143
2011-05-30-19:43:32: 122 143
2011-05-30-19:43:34: 122 143
2011-05-30-19:43:34: 122 143
2011-05-30-19:43:35: 122 143
2011-05-30-19:43:35: 122 143
2011-05-30-19:43:36: 122 143
2011-05-30-19:43:37: 122 143
2011-05-30-19:43:38: 122 143
2011-05-30-19:43:39: 122 143
2011-05-30-19:43:40: 122 143
2011-05-30-19:43:41: 122 143
2011-05-30-19:43:42: 122 143
2011-05-30-19:43:43: 122 143
2011-05-30-19:43:44: 122 143
2011-05-30-19:43:45: 122 143
2011-05-30-19:43:46: 122 143
2011-05-30-19:43:47: 122 143
2011-05-30-19:43:49: 122 143
2011-05-30-19:43:49: 122 143
2011-05-30-19:43:50: 122 143
2011-05-30-19:43:51: 122 143
2011-05-30-19:43:52: 122 143
2011-05-30-19:43:53: 122 143
2011-05-30-19:43:54: 122 143
2011-05-30-19:43:55: 122 143
2011-05-30-19:43:56: 122 143
2011-05-30-19:43:57: 122 143
2011-05-30-19:43:58: 122 143
2011-05-30-19:43:59: 122 143
2011-05-30-19:44:00: 122 143
2011-05-30-19:44:01: 122 143
2011-05-30-19:44:02: 122 143
2011-05-30-19:44:04: 122 143
2011-05-30-19:44:04: 122 143
2011-05-30-19:44:05: 122 143
2011-05-30-19:44:06: 122 143
2011-05-30-19:44:07: 122 143
2011-05-30-19:44:08: 122 143
2011-05-30-19:44:09: 122 143
2011-05-30-19:44:10: 122 143
2011-05-30-19:44:11: 122 143
2011-05-30-19:44:12: 122 143
2011-05-30-19:44:13: 122 143
2011-05-30-19:44:14: 122 143
2011-05-30-19:44:15: 122 143
2011-05-30-19:44:16: 122 143
2011-05-30-19:44:17: 122 143
2011-05-30-19:44:18: 122 143
2011-05-30-19:44:19: 122 143
2011-05-30-19:44:20: 122 143
2011-05-30-19:44:21: 122 143
2011-05-30-19:44:22: 122 143
2011-05-30-19:44:23: 122 143
2011-05-30-19:44:24: 122 143
2011-05-30-19:44:25: 122 143
2011-05-30-19:44:26: 122 143
2011-05-30-19:44:27: 122 143
2011-05-30-19:44:28: 122 143
2011-05-30-19:44:29: 122 143
2011-05-30-19:44:30: 122 143
2011-05-30-19:44:31: 122 143
2011-05-30-19:44:32: 122 143
2011-05-30-19:44:33: 122 143
2011-05-30-19:44:34: 122 143
2011-05-30-19:44:35: 122 143
2011-05-30-19:44:36: 122 143
2011-05-30-19:44:37: 122 143
2011-05-30-19:44:38: 122 143
2011-05-30-19:44:39: 122 143
2011-05-30-19:44:40: 122 143
2011-05-30-19:44:41: 122 143
2011-05-30-19:44:42: 122 143
2011-05-30-19:44:43: 122 143
2011-05-30-19:44:44: 122 143
2011-05-30-19:44:45: 122 143
2011-05-30-19:44:46: 122 143
2011-05-30-19:44:47: 122 143
2011-05-30-19:44:48: 122 143
2011-05-30-19:44:49: 122 143
2011-05-30-19:44:50: 122 143
2011-05-30-19:44:51: 122 143
2011-05-30-19:44:52: 122 143
2011-05-30-19:44:53: 122 143
2011-05-30-19:44:54: 122 143
2011-05-30-19:44:55: 122 143
2011-05-30-19:44:56: 122 143
2011-05-30-19:44:57: 122 143
2011-05-30-19:44:58: 122 143
2011-05-30-19:44:59: 122 143
2011-05-30-19:45:00: 122 143
2011-05-30-19:45:01: 122 143
2011-05-30-19:45:02: 122 143
2011-05-30-19:45:03: 122 143
2011-05-30-19:45:04: 122 143
2011-05-30-19:45:05: 122 143
2011-05-30-19:45:06: 122 143
2011-05-30-19:45:07: 122 143
2011-05-30-19:45:08: 122 143
2011-05-30-19:45:09: 122 143
2011-05-30-19:45:10: 122 143
2011-05-30-19:45:11: 122 143
2011-05-30-19:45:12: 122 143
2011-05-30-19:45:13: 122 143
2011-05-30-19:45:14: 122 143
2011-05-30-19:45:15: 122 143
2011-05-30-19:45:16: 122 143
2011-05-30-19:45:17: 122 143
2011-05-30-19:45:18: 122 143
2011-05-30-19:45:18: 122 143
2011-05-30-19:45:19: 122 143
2011-05-30-19:45:20: 122 143
2011-05-30-19:45:21: 122 143
2011-05-30-19:45:22: 122 143
2011-05-30-19:45:23: 122 143
2011-05-30-19:45:24: 122 143
2011-05-30-19:45:25: 122 143
2011-05-30-19:45:26: 122 143
2011-05-30-19:45:27: 122 143
2011-05-30-19:45:28: 122 143
2011-05-30-19:45:29: 122 143
2011-05-30-19:45:30: 122 143
2011-05-30-19:45:31: 122 143
2011-05-30-19:45:32: 122 143
2011-05-30-19:45:33: 122 143
2011-05-30-19:45:34: 122 143
2011-05-30-19:45:35: 122 143
2011-05-30-19:45:36: 122 143
2011-05-30-19:45:37: 122 143
2011-05-30-19:45:38: 122 143
2011-05-30-19:45:39: 122 143
2011-05-30-19:45:40: 122 143
2011-05-30-19:45:41: 122 143
2011-05-30-19:45:42: 122 143
2011-05-30-19:45:43: 122 143
2011-05-30-19:45:44: 122 143
2011-05-30-19:45:45: 122 143
2011-05-30-19:45:46: 122 143
2011-05-30-19:45:47: 122 143
2011-05-30-19:45:48: 122 143
2011-05-30-19:45:49: 122 143
2011-05-30-19:45:50: 122 143
2011-05-30-19:45:51: 122 143
2011-05-30-19:45:52: 122 143
2011-05-30-19:45:53: 122 143
2011-05-30-19:45:54: 122 143
2011-05-30-19:45:55: 122 143
2011-05-30-19:45:56: 122 143
2011-05-30-19:45:57: 122 143
2011-05-30-19:45:58: 122 143
2011-05-30-19:45:59: 122 143
2011-05-30-19:46:00: 122 143
2011-05-30-19:46:01: 122 143
2011-05-30-19:46:02: 122 143
2011-05-30-19:46:03: 122 143
2011-05-30-19:46:04: 122 143
2011-05-30-19:46:05: 122 143
2011-05-30-19:46:06: 122 143
2011-05-30-19:46:07: 122 143
2011-05-30-19:46:08: 122 143
2011-05-30-19:46:09: 122 143
2011-05-30-19:46:09: 122 143
2011-05-30-19:46:10: 122 143
2011-05-30-19:46:11: 122 143
2011-05-30-19:46:12: 122 143
2011-05-30-19:46:13: 122 143
2011-05-30-19:46:14: 122 143
2011-05-30-19:46:15: 122 143
2011-05-30-19:46:16: 122 143
2011-05-30-19:46:17: 122 143
2011-05-30-19:46:18: 122 143
2011-05-30-19:46:19: 122 143
2011-05-30-19:46:20: 122 143
2011-05-30-19:46:21: 122 143
2011-05-30-19:46:22: 122 143
2011-05-30-19:46:23: 122 143
2011-05-30-19:46:24: 122 143
2011-05-30-19:46:25: 122 143
2011-05-30-19:46:26: 122 140
2011-05-30-19:46:27: 121 143
2011-05-30-19:46:28: 122 143
2011-05-30-19:46:29: 121 143
2011-05-30-19:46:30: 122 143
2011-05-30-19:46:31: 122 143
2011-05-30-19:46:32: 122 143
2011-05-30-19:46:33: 122 143
2011-05-30-19:46:34: 122 143
2011-05-30-19:46:35: 122 143
2011-05-30-19:46:36: 122 143
2011-05-30-19:46:37: 122 143
2011-05-30-19:46:38: 121 143
2011-05-30-19:46:39: 122 143
2011-05-30-19:46:40: 122 143
2011-05-30-19:46:41: 122 143
2011-05-30-19:46:42: 122 143
2011-05-30-19:46:43: 122 143
2011-05-30-19:46:44: 122 143
2011-05-30-19:46:45: 122 143
2011-05-30-19:46:46: 122 143
2011-05-30-19:46:47: 122 143
2011-05-30-19:46:48: 122 143
2011-05-30-19:46:49: 122 143
2011-05-30-19:46:50: 122 143
2011-05-30-19:46:51: 122 142
2011-05-30-19:46:52: 122 143
2011-05-30-19:46:53: 122 142
2011-05-30-19:46:54: 122 143
2011-05-30-19:46:55: 122 146
2011-05-30-19:46:56: 122 143
2011-05-30-19:46:57: 122 144
2011-05-30-19:46:58: 121 142
2011-05-30-19:46:59: 121 132
2011-05-30-19:47:00: 122 141
2011-05-30-19:47:00: 122 141
2011-05-30-19:47:01: 122 143
2011-05-30-19:47:02: 122 143
2011-05-30-19:47:03: 120 141
2011-05-30-19:47:04: 120 132
2011-05-30-19:47:05: 122 142
2011-05-30-19:47:06: 122 142
2011-05-30-19:47:07: 121 142
2011-05-30-19:47:08: 122 142
2011-05-30-19:47:09: 122 143
2011-05-30-19:47:10: 121 142
2011-05-30-19:47:11: 122 143
2011-05-30-19:47:12: 122 143
2011-05-30-19:47:13: 122 143
2011-05-30-19:47:14: 121 143
2011-05-30-19:47:15: 122 141
2011-05-30-19:47:16: 122 143
2011-05-30-19:47:17: 122 143
2011-05-30-19:47:18: 122 143
2011-05-30-19:47:19: 122 142
2011-05-30-19:47:20: 121 143
2011-05-30-19:47:21: 122 142
2011-05-30-19:47:22: 121 143
2011-05-30-19:47:23: 122 143
2011-05-30-19:47:24: 122 143
2011-05-30-19:47:25: 122 143
2011-05-30-19:47:26: 122 143
2011-05-30-19:47:27: 122 143
2011-05-30-19:47:28: 122 143
2011-05-30-19:47:29: 122 143
2011-05-30-19:47:30: 122 143
2011-05-30-19:47:31: 121 143
2011-05-30-19:47:32: 122 143
2011-05-30-19:47:33: 122 143
2011-05-30-19:47:34: 122 143
2011-05-30-19:47:35: 122 143
2011-05-30-19:47:36: 121 143
2011-05-30-19:47:37: 122 143
2011-05-30-19:47:38: 122 143
2011-05-30-19:47:39: 122 143
2011-05-30-19:47:40: 122 143
2011-05-30-19:47:41: 122 143
2011-05-30-19:47:42: 122 143
2011-05-30-19:47:43: 122 143
2011-05-30-19:47:44: 122 124
2011-05-30-19:47:45: 122 143
2011-05-30-19:47:46: 122 143
2011-05-30-19:47:47: 122 143
2011-05-30-19:47:48: 122 141
2011-05-30-19:47:49: 121 143
2011-05-30-19:47:50: 122 133
2011-05-30-19:47:51: 122 143
2011-05-30-19:47:52: 122 147
2011-05-30-19:47:53: 122 143
2011-05-30-19:47:54: 122 143
2011-05-30-19:47:55: 122 143
2011-05-30-19:47:56: 122 145
2011-05-30-19:47:57: 122 143
2011-05-30-19:47:58: 122 143
2011-05-30-19:47:59: 122 143
2011-05-30-19:48:00: 122 143
2011-05-30-19:48:01: 122 143
2011-05-30-19:48:02: 122 143
2011-05-30-19:48:03: 122 143
2011-05-30-19:48:04: 122 143
2011-05-30-19:48:05: 122 143
2011-05-30-19:48:06: 122 143
2011-05-30-19:48:07: 122 143
2011-05-30-19:48:08: 122 143
2011-05-30-19:48:09: 122 143
2011-05-30-19:48:10: 122 143
2011-05-30-19:48:11: 122 143
2011-05-30-19:48:12: 122 143
2011-05-30-19:48:13: 122 143
2011-05-30-19:48:14: 122 143
2011-05-30-19:48:15: 122 143
2011-05-30-19:48:16: 122 143
2011-05-30-19:48:17: 122 143
2011-05-30-19:48:18: 122 143
2011-05-30-19:48:19: 122 143
2011-05-30-19:48:20: 122 143
2011-05-30-19:48:21: 122 143
2011-05-30-19:48:22: 122 143
2011-05-30-19:48:23: 122 143
2011-05-30-19:48:24: 122 143
2011-05-30-19:48:28: 120 143
2011-05-30-19:48:36: 121 143
2011-05-30-19:48:38: 118 143
2011-05-30-19:48:39: 119 143
2011-05-30-19:48:40: 119 143
2011-05-30-19:48:41: 119 143
2011-05-30-19:48:42: 120 142
2011-05-30-19:48:43: 121 143
2011-05-30-19:48:44: 121 143
2011-05-30-19:48:45: 121 143
2011-05-30-19:48:46: 121 143
2011-05-30-19:48:47: 121 143
2011-05-30-19:48:48: 121 143
2011-05-30-19:48:49: 121 143
2011-05-30-19:48:50: 121 143
2011-05-30-19:48:51: 121 143
2011-05-30-19:48:52: 121 143
2011-05-30-19:48:53: 121 143
2011-05-30-19:48:54: 121 143
2011-05-30-19:48:54: 121 143
2011-05-30-19:48:55: 121 143
2011-05-30-19:48:56: 121 143
2011-05-30-19:48:57: 121 143
2011-05-30-19:48:58: 121 143
2011-05-30-19:48:59: 122 143
2011-05-30-19:49:00: 121 133
2011-05-30-19:49:01: 121 143
2011-05-30-19:49:02: 121 141
2011-05-30-19:49:03: 121 143
2011-05-30-19:49:04: 121 143
2011-05-30-19:49:05: 121 143
2011-05-30-19:49:06: 121 142
2011-05-30-19:49:07: 121 143
2011-05-30-19:49:08: 121 142
2011-05-30-19:49:09: 121 143
2011-05-30-19:49:10: 121 142
2011-05-30-19:49:11: 121 143
2011-05-30-19:49:12: 121 145
2011-05-30-19:49:13: 121 143
2011-05-30-19:49:14: 122 144
2011-05-30-19:49:15: 121 143
2011-05-30-19:49:16: 121 143
2011-05-30-19:49:17: 121 143
2011-05-30-19:49:18: 120 144
2011-05-30-19:49:19: 121 140
2011-05-30-19:49:20: 121 142
2011-05-30-19:49:21: 120 142
2011-05-30-19:49:22: 120 143
2011-05-30-19:49:23: 121 143
2011-05-30-19:49:24: 120 143
2011-05-30-19:49:25: 121 143
2011-05-30-19:49:26: 121 143
2011-05-30-19:49:27: 121 143
2011-05-30-19:49:28: 121 143
2011-05-30-19:49:29: 121 143
2011-05-30-19:49:30: 121 143
2011-05-30-19:49:31: 121 143
2011-05-30-19:49:32: 120 142
2011-05-30-19:49:33: 120 143
2011-05-30-19:49:34: 121 143
2011-05-30-19:49:35: 120 143
2011-05-30-19:49:36: 121 143
2011-05-30-19:49:37: 121 143
2011-05-30-19:49:38: 121 143
2011-05-30-19:49:39: 121 143
2011-05-30-19:49:40: 121 143
2011-05-30-19:49:41: 121 143
2011-05-30-19:49:42: 121 143
2011-05-30-19:49:43: 121 141
2011-05-30-19:49:44: 121 142
2011-05-30-19:49:45: 121 142
2011-05-30-19:49:46: 121 140
2011-05-30-19:49:47: 121 144
2011-05-30-19:49:48: 121 143
2011-05-30-19:49:49: 120 143
2011-05-30-19:49:50: 121 143
2011-05-30-19:49:51: 121 143
2011-05-30-19:49:52: 120 143
2011-05-30-19:49:53: 120 143
2011-05-30-19:49:54: 121 143
2011-05-30-19:49:55: 120 143
2011-05-30-19:49:56: 120 143
2011-05-30-19:49:57: 121 143
2011-05-30-19:49:58: 121 142
2011-05-30-19:49:59: 121 142
2011-05-30-19:50:00: 121 143
2011-05-30-19:50:01: 121 143
2011-05-30-19:50:02: 121 143
2011-05-30-19:50:03: 121 143
2011-05-30-19:50:04: 121 143
2011-05-30-19:50:05: 121 143
2011-05-30-19:50:06: 121 143
2011-05-30-19:50:07: 121 143
2011-05-30-19:50:08: 121 141
2011-05-30-19:50:09: 121 143
2011-05-30-19:50:10: 121 141
2011-05-30-19:50:11: 121 143
2011-05-30-19:50:12: 121 141
2011-05-30-19:50:13: 121 143
2011-05-30-19:50:14: 121 141
2011-05-30-19:50:15: 121 142
2011-05-30-19:50:16: 121 141
2011-05-30-19:50:17: 121 142
2011-05-30-19:50:18: 121 148
2011-05-30-19:50:19: 121 142
2011-05-30-19:50:20: 121 144
2011-05-30-19:50:21: 121 141
2011-05-30-19:50:22: 120 129
2011-05-30-19:50:23: 122 142
2011-05-30-19:50:24: 121 142
2011-05-30-19:50:25: 121 142
2011-05-30-19:50:26: 121 142
2011-05-30-19:50:27: 121 143
2011-05-30-19:50:28: 121 143
2011-05-30-19:50:29: 121 143
2011-05-30-19:50:30: 120 143
2011-05-30-19:50:31: 120 142
2011-05-30-19:50:32: 121 142
2011-05-30-19:50:33: 121 142
2011-05-30-19:50:34: 121 143
2011-05-30-19:50:35: 121 141
2011-05-30-19:50:36: 121 142
2011-05-30-19:50:37: 121 143
2011-05-30-19:50:37: 121 142
2011-05-30-19:50:38: 121 143
2011-05-30-19:50:39: 121 143
2011-05-30-19:50:40: 121 143
2011-05-30-19:50:41: 121 143
2011-05-30-19:50:42: 121 143
2011-05-30-19:50:43: 121 143
2011-05-30-19:50:44: 121 143
2011-05-30-19:50:45: 121 143
2011-05-30-19:50:46: 121 143
2011-05-30-19:50:47: 121 143
2011-05-30-19:50:48: 121 143
2011-05-30-19:50:49: 121 143
2011-05-30-19:50:50: 121 143
2011-05-30-19:50:51: 121 143
2011-05-30-19:50:52: 121 143
2011-05-30-19:50:53: 121 143
2011-05-30-19:50:54: 121 143
2011-05-30-19:50:55: 121 143
2011-05-30-19:50:56: 121 143
2011-05-30-19:50:57: 121 143
2011-05-30-19:50:58: 121 143
2011-05-30-19:50:59: 121 143
2011-05-30-19:51:00: 121 143
2011-05-30-19:51:01: 121 143
2011-05-30-19:51:02: 121 143
2011-05-30-19:51:03: 121 143
2011-05-30-19:51:04: 121 143
2011-05-30-19:51:05: 121 143
2011-05-30-19:51:06: 121 143
2011-05-30-19:51:07: 121 143
2011-05-30-19:51:08: 121 143
2011-05-30-19:51:09: 121 143
2011-05-30-19:51:10: 121 143
2011-05-30-19:51:11: 121 143
2011-05-30-19:51:12: 121 143
2011-05-30-19:51:13: 121 143
2011-05-30-19:51:14: 121 143
2011-05-30-19:51:15: 121 143
2011-05-30-19:51:16: 121 143
2011-05-30-19:51:17: 121 142
2011-05-30-19:51:18: 121 143
2011-05-30-19:51:19: 121 142
2011-05-30-19:51:20: 121 143
2011-05-30-19:51:21: 121 144
2011-05-30-19:51:22: 121 143
2011-05-30-19:51:23: 121 143
2011-05-30-19:51:24: 121 143
2011-05-30-19:51:25: 121 143
2011-05-30-19:51:26: 121 143
2011-05-30-19:51:27: 121 143
2011-05-30-19:51:28: 121 143
2011-05-30-19:51:28: 121 143
2011-05-30-19:51:29: 121 143
2011-05-30-19:51:30: 121 143
2011-05-30-19:51:31: 121 143
2011-05-30-19:51:32: 121 143
2011-05-30-19:51:33: 121 143
2011-05-30-19:51:34: 121 143
2011-05-30-19:51:35: 121 143
2011-05-30-19:51:36: 121 143
2011-05-30-19:51:37: 121 143
2011-05-30-19:51:38: 121 143
2011-05-30-19:51:39: 121 143
2011-05-30-19:51:40: 121 143
2011-05-30-19:51:41: 121 143
2011-05-30-19:51:42: 121 143
2011-05-30-19:51:43: 121 143
2011-05-30-19:51:44: 121 143
2011-05-30-19:51:45: 121 143
2011-05-30-19:51:46: 121 143
2011-05-30-19:51:47: 121 143
2011-05-30-19:51:48: 121 143
2011-05-30-19:51:49: 121 142
2011-05-30-19:51:50: 121 143
2011-05-30-19:51:51: 121 142
2011-05-30-19:51:52: 121 143
2011-05-30-19:51:53: 121 144
2011-05-30-19:51:54: 121 143
2011-05-30-19:51:55: 120 143
2011-05-30-19:51:56: 121 143
2011-05-30-19:51:57: 121 143
2011-05-30-19:51:58: 121 143
2011-05-30-19:51:59: 121 143
2011-05-30-19:52:00: 121 143
2011-05-30-19:52:01: 121 143
2011-05-30-19:52:02: 121 143
2011-05-30-19:52:03: 121 143
2011-05-30-19:52:04: 121 143
2011-05-30-19:52:05: 121 143
2011-05-30-19:52:06: 121 143
2011-05-30-19:52:07: 121 143
2011-05-30-19:52:08: 121 143
2011-05-30-19:52:09: 121 143
2011-05-30-19:52:10: 121 143
2011-05-30-19:52:11: 121 143
2011-05-30-19:52:12: 121 143
2011-05-30-19:52:13: 121 143
2011-05-30-19:52:14: 121 143
2011-05-30-19:52:15: 121 143
2011-05-30-19:52:16: 121 143
2011-05-30-19:52:17: 121 143
2011-05-30-19:52:18: 121 143
2011-05-30-19:52:19: 121 143
2011-05-30-19:52:19: 121 143
2011-05-30-19:52:20: 121 143
2011-05-30-19:52:21: 121 143
2011-05-30-19:52:22: 121 142
2011-05-30-19:52:23: 121 142
2011-05-30-19:52:24: 121 143
2011-05-30-19:52:25: 121 144
2011-05-30-19:52:26: 121 143
2011-05-30-19:52:27: 121 143
2011-05-30-19:52:28: 121 143
2011-05-30-19:52:29: 121 143
2011-05-30-19:52:30: 121 143
2011-05-30-19:52:31: 121 143
2011-05-30-19:52:32: 121 143
2011-05-30-19:52:33: 121 143
2011-05-30-19:52:34: 120 143
2011-05-30-19:52:35: 121 143
2011-05-30-19:52:36: 121 143
2011-05-30-19:52:37: 121 143
2011-05-30-19:52:38: 121 143
2011-05-30-19:52:39: 121 143
2011-05-30-19:52:40: 121 143
2011-05-30-19:52:41: 121 143
2011-05-30-19:52:42: 121 143
2011-05-30-19:52:43: 121 143
2011-05-30-19:52:44: 121 143
2011-05-30-19:52:45: 121 143
2011-05-30-19:52:46: 121 143
2011-05-30-19:52:47: 121 142
2011-05-30-19:52:48: 121 142
2011-05-30-19:52:49: 121 143
2011-05-30-19:52:50: 121 142
2011-05-30-19:52:51: 121 143
2011-05-30-19:52:52: 121 142
2011-05-30-19:52:53: 121 143
2011-05-30-19:52:54: 121 142
2011-05-30-19:52:55: 121 143
2011-05-30-19:52:56: 121 144
2011-05-30-19:52:57: 121 143
2011-05-30-19:52:58: 121 143
2011-05-30-19:52:59: 121 143
2011-05-30-19:53:00: 121 143
2011-05-30-19:53:01: 121 143
2011-05-30-19:53:02: 121 143
2011-05-30-19:53:03: 121 143
2011-05-30-19:53:04: 121 143
2011-05-30-19:53:05: 121 143
2011-05-30-19:53:06: 121 143
2011-05-30-19:53:07: 121 143
2011-05-30-19:53:08: 121 143
2011-05-30-19:53:09: 121 143
2011-05-30-19:53:10: 121 143
2011-05-30-19:53:11: 121 143
2011-05-30-19:53:12: 121 143
2011-05-30-19:53:13: 121 143
2011-05-30-19:53:14: 121 143
2011-05-30-19:53:15: 121 143
2011-05-30-19:53:16: 121 143
2011-05-30-19:53:17: 121 143
2011-05-30-19:53:18: 121 143
2011-05-30-19:53:19: 121 142
2011-05-30-19:53:20: 121 143
2011-05-30-19:53:21: 121 143
2011-05-30-19:53:22: 121 143
2011-05-30-19:53:23: 121 143
2011-05-30-19:53:24: 121 143
2011-05-30-19:53:25: 121 143
2011-05-30-19:53:26: 121 143
2011-05-30-19:53:27: 121 143
2011-05-30-19:53:28: 121 143
2011-05-30-19:53:29: 121 143
2011-05-30-19:53:30: 121 143
2011-05-30-19:53:31: 121 143
2011-05-30-19:53:32: 121 143
2011-05-30-19:53:33: 121 143
2011-05-30-19:53:34: 121 143
2011-05-30-19:53:35: 121 143
2011-05-30-19:53:36: 121 143
2011-05-30-19:53:37: 121 143
2011-05-30-19:53:38: 121 143
2011-05-30-19:53:39: 121 143
2011-05-30-19:53:40: 120 140
2011-05-30-19:53:41: 120 149
2011-05-30-19:53:42: 121 142
2011-05-30-19:53:43: 121 142
2011-05-30-19:53:44: 121 142
2011-05-30-19:53:45: 121 143
2011-05-30-19:53:46: 121 143
2011-05-30-19:53:47: 121 143
2011-05-30-19:53:48: 121 143
2011-05-30-19:53:49: 121 143
2011-05-30-19:53:50: 120 143
2011-05-30-19:53:51: 121 143
2011-05-30-19:53:52: 121 143
2011-05-30-19:53:53: 121 143
2011-05-30-19:53:54: 121 141
2011-05-30-19:53:55: 121 143
2011-05-30-19:53:56: 121 142
2011-05-30-19:53:57: 121 143
2011-05-30-19:53:58: 121 142
2011-05-30-19:53:59: 121 142
2011-05-30-19:54:00: 121 142
2011-05-30-19:54:01: 121 143
2011-05-30-19:54:02: 121 143
2011-05-30-19:54:02: 121 143
2011-05-30-19:54:03: 121 143
2011-05-30-19:54:04: 121 143
2011-05-30-19:54:05: 121 143
2011-05-30-19:54:06: 121 143
2011-05-30-19:54:07: 121 143
2011-05-30-19:54:08: 121 143
2011-05-30-19:54:09: 121 143
2011-05-30-19:54:10: 121 143
2011-05-30-19:54:11: 121 143
2011-05-30-19:54:12: 121 143
2011-05-30-19:54:13: 121 143
2011-05-30-19:54:14: 121 143
2011-05-30-19:54:15: 121 143
2011-05-30-19:54:16: 121 143
2011-05-30-19:54:17: 121 143
2011-05-30-19:54:18: 121 143
2011-05-30-19:54:19: 121 143
2011-05-30-19:54:20: 121 143
2011-05-30-19:54:21: 121 143
2011-05-30-19:54:22: 121 145
2011-05-30-19:54:23: 121 143
2011-05-30-19:54:24: 121 142
2011-05-30-19:54:25: 121 143
2011-05-30-19:54:26: 121 142
2011-05-30-19:54:27: 121 143
2011-05-30-19:54:28: 121 143
2011-05-30-19:54:29: 121 143
2011-05-30-19:54:30: 121 143
2011-05-30-19:54:31: 121 143
2011-05-30-19:54:32: 121 143
2011-05-30-19:54:33: 121 143
2011-05-30-19:54:34: 121 143
2011-05-30-19:54:35: 121 143
2011-05-30-19:54:36: 121 143
2011-05-30-19:54:37: 121 143
2011-05-30-19:54:38: 121 143
2011-05-30-19:54:39: 121 143
2011-05-30-19:54:40: 121 143
2011-05-30-19:54:41: 121 143
2011-05-30-19:54:42: 121 143
2011-05-30-19:54:43: 121 143
2011-05-30-19:54:44: 121 143
2011-05-30-19:54:45: 121 143
2011-05-30-19:54:46: 121 143
2011-05-30-19:54:47: 121 143
2011-05-30-19:54:48: 121 143
2011-05-30-19:54:49: 121 143
2011-05-30-19:54:50: 121 143
2011-05-30-19:54:51: 121 143
2011-05-30-19:54:52: 121 143
2011-05-30-19:54:53: 121 134
2011-05-30-19:54:53: 121 143
2011-05-30-19:54:54: 121 141
2011-05-30-19:54:55: 121 143
2011-05-30-19:54:56: 121 142
2011-05-30-19:54:57: 121 143
2011-05-30-19:54:58: 121 143
2011-05-30-19:54:59: 121 143
2011-05-30-19:55:00: 121 143
2011-05-30-19:55:01: 121 143
2011-05-30-19:55:02: 121 143
2011-05-30-19:55:03: 121 143
2011-05-30-19:55:04: 121 140
2011-05-30-19:55:05: 121 143
2011-05-30-19:55:06: 121 143
2011-05-30-19:55:07: 121 143
2011-05-30-19:55:08: 121 143
2011-05-30-19:55:09: 121 143
2011-05-30-19:55:10: 121 143
2011-05-30-19:55:11: 121 143
2011-05-30-19:55:12: 121 143
2011-05-30-19:55:13: 121 143
2011-05-30-19:55:14: 121 143
2011-05-30-19:55:15: 121 143
2011-05-30-19:55:16: 121 143
2011-05-30-19:55:17: 121 143
2011-05-30-19:55:18: 121 143
2011-05-30-19:55:19: 121 143
2011-05-30-19:55:20: 121 143
2011-05-30-19:55:21: 121 143
2011-05-30-19:55:22: 121 143
2011-05-30-19:55:23: 121 143
2011-05-30-19:55:24: 121 143
2011-05-30-19:55:25: 121 140
2011-05-30-19:55:26: 121 143
2011-05-30-19:55:27: 121 143
2011-05-30-19:55:28: 121 143
2011-05-30-19:55:29: 121 142
2011-05-30-19:55:30: 121 143
2011-05-30-19:55:31: 121 142
2011-05-30-19:55:32: 121 143
2011-05-30-19:55:33: 121 141
2011-05-30-19:55:34: 121 143
2011-05-30-19:55:35: 121 142
2011-05-30-19:55:36: 121 143
2011-05-30-19:55:37: 121 143
2011-05-30-19:55:38: 121 143
2011-05-30-19:55:39: 121 143
2011-05-30-19:55:40: 121 143
2011-05-30-19:55:41: 121 143
2011-05-30-19:55:42: 121 143
2011-05-30-19:55:43: 121 143
2011-05-30-19:55:44: 121 143
2011-05-30-19:55:44: 121 143
2011-05-30-19:55:45: 121 143
2011-05-30-19:55:46: 121 143
2011-05-30-19:55:47: 121 143
2011-05-30-19:55:48: 121 143
2011-05-30-19:55:49: 121 143
2011-05-30-19:55:50: 121 143
2011-05-30-19:55:51: 121 143
2011-05-30-19:55:52: 121 143
2011-05-30-19:55:53: 121 143
2011-05-30-19:55:54: 121 143
2011-05-30-19:55:55: 121 143
2011-05-30-19:55:56: 121 143
2011-05-30-19:55:57: 121 143
2011-05-30-19:55:58: 121 143
2011-05-30-19:55:59: 121 137
2011-05-30-19:56:00: 121 143
2011-05-30-19:56:01: 121 142
2011-05-30-19:56:02: 121 143
2011-05-30-19:56:03: 121 142
2011-05-30-19:56:04: 121 143
2011-05-30-19:56:05: 121 142
2011-05-30-19:56:06: 121 143
2011-05-30-19:56:07: 121 141
2011-05-30-19:56:08: 121 143
2011-05-30-19:56:09: 121 145
2011-05-30-19:56:10: 121 143
2011-05-30-19:56:11: 121 143
2011-05-30-19:56:12: 121 143
2011-05-30-19:56:13: 121 143
2011-05-30-19:56:14: 121 143
2011-05-30-19:56:15: 121 143
2011-05-30-19:56:16: 121 143
2011-05-30-19:56:17: 121 143
2011-05-30-19:56:18: 121 143
2011-05-30-19:56:19: 121 143
2011-05-30-19:56:20: 121 142
2011-05-30-19:56:21: 121 143
2011-05-30-19:56:22: 121 143
2011-05-30-19:56:23: 121 143
2011-05-30-19:56:24: 121 143
2011-05-30-19:56:25: 121 143
2011-05-30-19:56:26: 121 143
2011-05-30-19:56:27: 121 143
2011-05-30-19:56:28: 121 129
2011-05-30-19:56:29: 121 143
2011-05-30-19:56:30: 121 141
2011-05-30-19:56:31: 121 143
2011-05-30-19:56:32: 121 142
2011-05-30-19:56:33: 121 143
2011-05-30-19:56:34: 121 142
2011-05-30-19:56:35: 121 143
2011-05-30-19:56:36: 121 142
2011-05-30-19:56:37: 121 143
2011-05-30-19:56:38: 121 143
2011-05-30-19:56:39: 121 143
2011-05-30-19:56:40: 121 143
2011-05-30-19:56:41: 121 143
2011-05-30-19:56:42: 121 143
2011-05-30-19:56:43: 121 143
2011-05-30-19:56:44: 121 143
2011-05-30-19:56:45: 121 143
2011-05-30-19:56:46: 121 143
2011-05-30-19:56:47: 121 143
2011-05-30-19:56:48: 121 143
2011-05-30-19:56:49: 121 143
2011-05-30-19:56:50: 121 143
2011-05-30-19:56:51: 121 143
2011-05-30-19:56:52: 121 143
2011-05-30-19:56:53: 121 143
2011-05-30-19:56:54: 121 143
2011-05-30-19:56:55: 121 143
2011-05-30-19:56:56: 121 143
2011-05-30-19:56:57: 121 142
2011-05-30-19:56:58: 121 143
2011-05-30-19:56:59: 121 143
2011-05-30-19:57:00: 121 143
2011-05-30-19:57:01: 121 142
2011-05-30-19:57:02: 121 143
2011-05-30-19:57:03: 121 141
2011-05-30-19:57:04: 121 143
2011-05-30-19:57:05: 121 142
2011-05-30-19:57:06: 121 143
2011-05-30-19:57:07: 121 142
2011-05-30-19:57:08: 121 143
2011-05-30-19:57:09: 121 142
2011-05-30-19:57:10: 121 143
2011-05-30-19:57:11: 121 142
2011-05-30-19:57:12: 121 143
2011-05-30-19:57:13: 121 143
2011-05-30-19:57:14: 121 143
2011-05-30-19:57:15: 121 143
2011-05-30-19:57:16: 121 143
2011-05-30-19:57:17: 121 143
2011-05-30-19:57:18: 121 143
2011-05-30-19:57:19: 121 143
2011-05-30-19:57:20: 121 143
2011-05-30-19:57:21: 120 143
2011-05-30-19:57:22: 121 143
2011-05-30-19:57:23: 121 143
2011-05-30-19:57:24: 120 143
2011-05-30-19:57:25: 121 143
2011-05-30-19:57:26: 121 143
2011-05-30-19:57:27: 120 142
2011-05-30-19:57:27: 121 143
2011-05-30-19:57:28: 121 143
2011-05-30-19:57:29: 120 143
2011-05-30-19:57:30: 121 143
2011-05-30-19:57:31: 121 143
2011-05-30-19:57:32: 121 143
2011-05-30-19:57:33: 121 138
2011-05-30-19:57:34: 120 143
2011-05-30-19:57:35: 121 144
2011-05-30-19:57:36: 121 143
2011-05-30-19:57:37: 121 142
2011-05-30-19:57:38: 121 143
2011-05-30-19:57:39: 121 142
2011-05-30-19:57:40: 121 143
2011-05-30-19:57:41: 121 143
2011-05-30-19:57:42: 121 143
2011-05-30-19:57:43: 121 143
2011-05-30-19:57:44: 121 143
2011-05-30-19:57:45: 121 143
2011-05-30-19:57:46: 121 143
2011-05-30-19:57:47: 121 143
2011-05-30-19:57:48: 121 143
2011-05-30-19:57:49: 120 143
2011-05-30-19:57:50: 121 143
2011-05-30-19:57:51: 120 143
2011-05-30-19:57:52: 121 143
2011-05-30-19:57:53: 121 143
2011-05-30-19:57:54: 120 143
2011-05-30-19:57:55: 121 143
2011-05-30-19:57:56: 121 143
2011-05-30-19:57:57: 120 142
2011-05-30-19:57:58: 121 143
2011-05-30-19:57:59: 121 143
2011-05-30-19:58:00: 121 143
2011-05-30-19:58:01: 120 143
2011-05-30-19:58:02: 121 143
2011-05-30-19:58:03: 121 143
2011-05-30-19:58:04: 121 143
2011-05-30-19:58:05: 121 143
2011-05-30-19:58:06: 121 143
2011-05-30-19:58:07: 121 143
2011-05-30-19:58:08: 120 141
2011-05-30-19:58:09: 120 143
2011-05-30-19:58:10: 121 141
2011-05-30-19:58:11: 121 143
2011-05-30-19:58:12: 120 143
2011-05-30-19:58:13: 121 143
2011-05-30-19:58:14: 121 143
2011-05-30-19:58:15: 121 143
2011-05-30-19:58:16: 121 143
2011-05-30-19:58:17: 121 143
2011-05-30-19:58:18: 120 155
2011-05-30-19:58:18: 120 142
2011-05-30-19:58:19: 120 143
2011-05-30-19:58:20: 120 143
2011-05-30-19:58:21: 120 143
2011-05-30-19:58:22: 120 143
2011-05-30-19:58:23: 120 143
2011-05-30-19:58:24: 121 143
2011-05-30-19:58:25: 120 143
2011-05-30-19:58:26: 121 143
2011-05-30-19:58:27: 120 143
2011-05-30-19:58:28: 121 143
2011-05-30-19:58:29: 121 143
2011-05-30-19:58:30: 120 143
2011-05-30-19:58:31: 120 143
2011-05-30-19:58:32: 121 143
2011-05-30-19:58:33: 121 143
2011-05-30-19:58:34: 120 129
2011-05-30-19:58:35: 120 143
2011-05-30-19:58:36: 121 143
2011-05-30-19:58:37: 121 143
2011-05-30-19:58:38: 120 142
2011-05-30-19:58:39: 120 143
2011-05-30-19:58:40: 120 142
2011-05-30-19:58:41: 121 143
2011-05-30-19:58:42: 120 142
2011-05-30-19:58:43: 121 143
2011-05-30-19:58:44: 120 142
2011-05-30-19:58:45: 121 143
2011-05-30-19:58:46: 120 142
2011-05-30-19:58:47: 120 143
2011-05-30-19:58:48: 120 145
2011-05-30-19:58:49: 120 143
2011-05-30-19:58:50: 121 143
2011-05-30-19:58:51: 120 143
2011-05-30-19:58:52: 120 143
2011-05-30-19:58:53: 121 143
2011-05-30-19:58:54: 121 143
2011-05-30-19:58:55: 120 143
2011-05-30-19:58:56: 121 143
2011-05-30-19:58:57: 120 143
2011-05-30-19:58:58: 120 143
2011-05-30-19:58:59: 120 143
2011-05-30-19:59:00: 121 143
2011-05-30-19:59:01: 120 143
2011-05-30-19:59:02: 120 143
2011-05-30-19:59:03: 121 143
2011-05-30-19:59:04: 120 143
2011-05-30-19:59:05: 121 143
2011-05-30-19:59:06: 120 143
2011-05-30-19:59:07: 120 143
2011-05-30-19:59:08: 121 143
2011-05-30-19:59:09: 121 138
2011-05-30-19:59:09: 121 143
2011-05-30-19:59:10: 121 143
2011-05-30-19:59:11: 121 143
2011-05-30-19:59:12: 120 143
2011-05-30-19:59:13: 121 143
2011-05-30-19:59:14: 121 143
2011-05-30-19:59:15: 121 143
2011-05-30-19:59:16: 120 143
2011-05-30-19:59:17: 121 143
2011-05-30-19:59:18: 121 143
2011-05-30-19:59:19: 121 143
2011-05-30-19:59:20: 121 143
2011-05-30-19:59:22: 120 143
2011-05-30-19:59:22: 120 143
2011-05-30-19:59:23: 121 143
2011-05-30-19:59:24: 120 143
2011-05-30-19:59:25: 120 143
2011-05-30-19:59:26: 120 143
2011-05-30-19:59:27: 121 143
2011-05-30-19:59:28: 121 143
2011-05-30-19:59:29: 120 143
2011-05-30-19:59:30: 121 143
2011-05-30-19:59:31: 120 143
2011-05-30-19:59:32: 120 143
2011-05-30-19:59:33: 121 143
2011-05-30-19:59:34: 120 143
2011-05-30-19:59:35: 120 143
2011-05-30-19:59:36: 120 143
2011-05-30-19:59:37: 120 143
2011-05-30-19:59:38: 120 143
2011-05-30-19:59:39: 120 143
2011-05-30-19:59:40: 120 143
2011-05-30-19:59:41: 120 140
2011-05-30-19:59:42: 120 143
2011-05-30-19:59:43: 120 143
2011-05-30-19:59:44: 120 143
2011-05-30-19:59:45: 120 143
2011-05-30-19:59:46: 121 143
2011-05-30-19:59:47: 120 143
2011-05-30-19:59:48: 120 143
2011-05-30-19:59:49: 120 143
2011-05-30-19:59:50: 120 143
2011-05-30-19:59:52: 120 143
2011-05-30-19:59:52: 120 143
2011-05-30-19:59:53: 120 143
2011-05-30-19:59:54: 121 143
2011-05-30-19:59:55: 120 143
2011-05-30-19:59:56: 120 143
2011-05-30-19:59:57: 120 143
2011-05-30-19:59:58: 120 143
2011-05-30-19:59:59: 120 143
2011-05-30-20:00:00: 120 143
2011-05-30-20:00:01: 120 143
2011-05-30-20:00:02: 120 143
2011-05-30-20:00:03: 120 143
2011-05-30-20:00:04: 120 143
2011-05-30-20:00:05: 120 143
2011-05-30-20:00:05: 120 143
2011-05-30-20:00:06: 120 143
2011-05-30-20:00:07: 120 143
2011-05-30-20:00:08: 120 143
2011-05-30-20:00:09: 120 145
2011-05-30-20:00:10: 120 143
2011-05-30-20:00:11: 120 143
2011-05-30-20:00:12: 120 143
2011-05-30-20:00:13: 120 143
2011-05-30-20:00:14: 120 143
2011-05-30-20:00:15: 120 143
2011-05-30-20:00:16: 120 143
2011-05-30-20:00:17: 121 143
2011-05-30-20:00:18: 120 143
2011-05-30-20:00:19: 120 143
2011-05-30-20:00:20: 120 143
2011-05-30-20:00:21: 120 143
2011-05-30-20:00:22: 120 143
2011-05-30-20:00:24: 120 143
2011-05-30-20:00:25: 121 143
2011-05-30-20:00:26: 120 143
2011-05-30-20:00:27: 120 143
2011-05-30-20:00:28: 120 143
2011-05-30-20:00:29: 120 143
2011-05-30-20:00:30: 120 143
2011-05-30-20:00:31: 120 143
2011-05-30-20:00:32: 120 143
2011-05-30-20:00:33: 120 143
2011-05-30-20:00:34: 120 143
2011-05-30-20:00:35: 120 143
2011-05-30-20:00:36: 120 143
2011-05-30-20:00:37: 120 143
2011-05-30-20:00:37: 120 143
2011-05-30-20:00:38: 120 143
2011-05-30-20:00:39: 120 143
2011-05-30-20:00:41: 120 143
2011-05-30-20:00:41: 120 143
2011-05-30-20:00:42: 120 143
2011-05-30-20:00:43: 120 143
2011-05-30-20:00:45: 120 143
2011-05-30-20:00:46: 120 143
2011-05-30-20:00:47: 120 146
2011-05-30-20:00:48: 120 143
2011-05-30-20:00:49: 120 143
2011-05-30-20:00:50: 120 143
2011-05-30-20:00:51: 120 143
2011-05-30-20:00:52: 120 143
2011-05-30-20:00:52: 120 143
2011-05-30-20:00:53: 120 143
2011-05-30-20:00:54: 120 142
2011-05-30-20:00:55: 120 143
2011-05-30-20:00:56: 120 145
2011-05-30-20:00:57: 120 143
2011-05-30-20:00:58: 120 143
2011-05-30-20:00:59: 120 143
2011-05-30-20:01:00: 120 143
2011-05-30-20:01:01: 120 143
2011-05-30-20:01:02: 120 143
2011-05-30-20:01:03: 119 142
2011-05-30-20:01:04: 120 154
2011-05-30-20:01:05: 120 143
2011-05-30-20:01:06: 120 143
2011-05-30-20:01:07: 120 143
2011-05-30-20:01:08: 120 143
2011-05-30-20:01:09: 119 143
2011-05-30-20:01:10: 120 143
2011-05-30-20:01:16: 118 143
2011-05-30-20:01:17: 118 143
2011-05-30-20:01:18: 118 143
2011-05-30-20:01:19: 119 143
2011-05-30-20:01:20: 119 143
2011-05-30-20:01:21: 119 143
2011-05-30-20:01:22: 120 143
2011-05-30-20:01:23: 120 143
2011-05-30-20:01:24: 120 143
2011-05-30-20:01:25: 120 142
2011-05-30-20:01:26: 119 133
2011-05-30-20:01:27: 119 109
2011-05-30-20:01:28: 120 142
2011-05-30-20:01:29: 120 142
2011-05-30-20:01:30: 120 142
2011-05-30-20:01:31: 120 142
2011-05-30-20:01:32: 120 142
2011-05-30-20:01:33: 120 142
2011-05-30-20:01:34: 120 142
2011-05-30-20:01:35: 120 142
2011-05-30-20:01:36: 120 142
2011-05-30-20:01:37: 120 143
2011-05-30-20:01:38: 120 143
2011-05-30-20:01:39: 120 148
2011-05-30-20:01:40: 120 142
2011-05-30-20:01:41: 120 141
2011-05-30-20:01:42: 120 142
2011-05-30-20:01:43: 120 141
2011-05-30-20:01:44: 120 142
2011-05-30-20:01:45: 120 143
2011-05-30-20:01:46: 120 143
2011-05-30-20:01:47: 120 143
2011-05-30-20:01:48: 120 143
2011-05-30-20:01:48: 120 143
2011-05-30-20:01:49: 120 143
2011-05-30-20:01:50: 120 143
2011-05-30-20:01:51: 120 143
2011-05-30-20:01:52: 120 144
2011-05-30-20:01:53: 120 143
2011-05-30-20:01:54: 119 143
2011-05-30-20:01:55: 120 142
2011-05-30-20:01:56: 120 144
2011-05-30-20:01:57: 120 143
2011-05-30-20:01:58: 120 143
2011-05-30-20:01:59: 120 142
2011-05-30-20:02:00: 120 143
2011-05-30-20:02:01: 120 143
2011-05-30-20:02:02: 120 143
2011-05-30-20:02:03: 120 143
2011-05-30-20:02:04: 120 143
2011-05-30-20:02:05: 120 143
2011-05-30-20:02:06: 120 143
2011-05-30-20:02:07: 120 143
2011-05-30-20:02:08: 120 143
2011-05-30-20:02:09: 120 143
2011-05-30-20:02:10: 120 143
2011-05-30-20:02:11: 120 140
2011-05-30-20:02:12: 120 142
2011-05-30-20:02:13: 120 140
2011-05-30-20:02:14: 120 142
2011-05-30-20:02:15: 120 139
2011-05-30-20:02:16: 120 142
2011-05-30-20:02:17: 120 140
2011-05-30-20:02:18: 120 142
2011-05-30-20:02:19: 120 140
2011-05-30-20:02:20: 120 142
2011-05-30-20:02:21: 119 134
2011-05-30-20:02:22: 120 139
2011-05-30-20:02:23: 120 142
2011-05-30-20:02:24: 119 141
2011-05-30-20:02:25: 120 150
2011-05-30-20:02:26: 120 142
2011-05-30-20:02:27: 120 144
2011-05-30-20:02:28: 120 128
2011-05-30-20:02:29: 120 144
2011-05-30-20:02:30: 120 142
2011-05-30-20:02:31: 120 142
2011-05-30-20:02:32: 120 142
2011-05-30-20:02:33: 120 142
2011-05-30-20:02:34: 120 142
2011-05-30-20:02:35: 120 142
2011-05-30-20:02:36: 120 142
2011-05-30-20:02:37: 120 142
2011-05-30-20:02:38: 120 142
2011-05-30-20:02:39: 120 142
2011-05-30-20:02:39: 120 127
2011-05-30-20:02:40: 120 142
2011-05-30-20:02:41: 120 142
2011-05-30-20:02:42: 120 142
2011-05-30-20:02:43: 120 142
2011-05-30-20:02:44: 120 142
2011-05-30-20:02:45: 120 142
2011-05-30-20:02:46: 120 142
2011-05-30-20:02:47: 120 145
2011-05-30-20:02:48: 120 142
2011-05-30-20:02:49: 120 142
2011-05-30-20:02:50: 120 142
2011-05-30-20:02:51: 120 142
2011-05-30-20:02:52: 120 142
2011-05-30-20:02:53: 120 142
2011-05-30-20:02:54: 120 142
2011-05-30-20:02:55: 120 142
2011-05-30-20:02:56: 120 142
2011-05-30-20:02:57: 120 142
2011-05-30-20:02:58: 120 142
2011-05-30-20:02:59: 120 142
2011-05-30-20:03:00: 120 142
2011-05-30-20:03:01: 120 142
2011-05-30-20:03:02: 120 142
2011-05-30-20:03:03: 120 143
2011-05-30-20:03:04: 120 143
2011-05-30-20:03:05: 120 143
2011-05-30-20:03:06: 120 142
2011-05-30-20:03:07: 120 143
2011-05-30-20:03:08: 120 143
2011-05-30-20:03:09: 120 143
2011-05-30-20:03:10: 120 143
2011-05-30-20:03:11: 120 142
2011-05-30-20:03:13: 120 143
2011-05-30-20:03:13: 120 142
2011-05-30-20:03:14: 120 143
2011-05-30-20:03:15: 120 143
2011-05-30-20:03:16: 120 142
2011-05-30-20:03:17: 120 143
2011-05-30-20:03:18: 120 142
2011-05-30-20:03:19: 120 142
2011-05-30-20:03:20: 120 142
2011-05-30-20:03:21: 120 142
2011-05-30-20:03:22: 120 142
2011-05-30-20:03:23: 120 142
2011-05-30-20:03:24: 120 142
2011-05-30-20:03:25: 120 142
2011-05-30-20:03:26: 120 144
2011-05-30-20:03:27: 120 142
2011-05-30-20:03:28: 120 143
2011-05-30-20:03:29: 120 143
2011-05-30-20:03:30: 120 142
2011-05-30-20:03:30: 120 143
2011-05-30-20:03:31: 120 143
2011-05-30-20:03:32: 120 143
2011-05-30-20:03:33: 120 143
2011-05-30-20:03:34: 120 143
2011-05-30-20:03:35: 120 143
2011-05-30-20:03:36: 120 143
2011-05-30-20:03:37: 120 142
2011-05-30-20:03:38: 120 142
2011-05-30-20:03:39: 120 143
2011-05-30-20:03:40: 120 142
2011-05-30-20:03:41: 120 142
2011-05-30-20:03:42: 120 142
2011-05-30-20:03:43: 120 142
2011-05-30-20:03:44: 120 136
2011-05-30-20:03:45: 120 142
2011-05-30-20:03:46: 120 141
2011-05-30-20:03:47: 120 142
2011-05-30-20:03:48: 120 142
2011-05-30-20:03:49: 120 142
2011-05-30-20:03:50: 120 143
2011-05-30-20:03:51: 120 143
2011-05-30-20:03:52: 120 142
2011-05-30-20:03:53: 120 143
2011-05-30-20:03:54: 120 143
2011-05-30-20:03:55: 120 143
2011-05-30-20:03:56: 120 141
2011-05-30-20:03:57: 120 142
2011-05-30-20:03:58: 120 141
2011-05-30-20:03:59: 120 142
2011-05-30-20:04:00: 120 143
2011-05-30-20:04:01: 120 142
2011-05-30-20:04:02: 120 143
2011-05-30-20:04:03: 120 143
2011-05-30-20:04:04: 120 143
2011-05-30-20:04:05: 120 143
2011-05-30-20:04:07: 120 143
2011-05-30-20:04:07: 120 143
2011-05-30-20:04:08: 120 143
2011-05-30-20:04:09: 119 143
2011-05-30-20:04:10: 120 143
2011-05-30-20:04:11: 120 143
2011-05-30-20:04:12: 120 143
2011-05-30-20:04:13: 120 143
2011-05-30-20:04:15: 119 143
2011-05-30-20:04:15: 120 142
2011-05-30-20:04:16: 120 143
2011-05-30-20:04:17: 120 143
2011-05-30-20:04:18: 120 143
2011-05-30-20:04:19: 120 141
2011-05-30-20:04:20: 120 143
2011-05-30-20:04:21: 120 143
2011-05-30-20:04:21: 120 143
2011-05-30-20:04:23: 120 144
2011-05-30-20:04:24: 120 143
2011-05-30-20:04:25: 120 142
2011-05-30-20:04:26: 120 143
2011-05-30-20:04:27: 120 143
2011-05-30-20:04:28: 120 143
2011-05-30-20:04:29: 120 143
2011-05-30-20:04:30: 120 143
2011-05-30-20:04:31: 120 143
2011-05-30-20:04:32: 120 143
2011-05-30-20:04:33: 120 143
2011-05-30-20:04:34: 120 143
2011-05-30-20:04:35: 120 143
2011-05-30-20:04:35: 119 142
2011-05-30-20:04:36: 120 143
2011-05-30-20:04:37: 120 143
2011-05-30-20:04:38: 120 143
2011-05-30-20:04:39: 120 143
2011-05-30-20:04:40: 120 143
2011-05-30-20:04:41: 120 143
2011-05-30-20:04:42: 120 143
2011-05-30-20:04:43: 120 143
2011-05-30-20:04:44: 119 143
2011-05-30-20:04:45: 120 143
2011-05-30-20:04:46: 120 143
2011-05-30-20:04:47: 120 143
2011-05-30-20:04:48: 120 143
2011-05-30-20:04:49: 120 143
2011-05-30-20:04:50: 120 143
2011-05-30-20:04:51: 120 145
2011-05-30-20:04:52: 120 143
2011-05-30-20:04:53: 119 142
2011-05-30-20:04:54: 120 143
2011-05-30-20:04:55: 120 142
2011-05-30-20:04:56: 120 143
2011-05-30-20:04:57: 120 141
2011-05-30-20:04:58: 120 143
2011-05-30-20:04:59: 119 142
2011-05-30-20:05:00: 119 143
2011-05-30-20:05:01: 120 145
2011-05-30-20:05:03: 120 143
2011-05-30-20:05:04: 119 144
2011-05-30-20:05:05: 120 143
2011-05-30-20:05:06: 120 143
2011-05-30-20:05:07: 120 142
2011-05-30-20:05:08: 120 143
2011-05-30-20:05:09: 120 143
2011-05-30-20:05:10: 120 142
2011-05-30-20:05:11: 120 143
2011-05-30-20:05:12: 120 143
2011-05-30-20:05:13: 120 143
2011-05-30-20:05:13: 120 143
2011-05-30-20:05:14: 120 142
2011-05-30-20:05:15: 120 142
2011-05-30-20:05:16: 119 142
2011-05-30-20:05:17: 120 142
2011-05-30-20:05:18: 120 142
2011-05-30-20:05:19: 120 142
2011-05-30-20:05:20: 120 141
2011-05-30-20:05:21: 120 142
2011-05-30-20:05:22: 120 139
2011-05-30-20:05:23: 120 142
2011-05-30-20:05:24: 120 140
2011-05-30-20:05:25: 120 142
2011-05-30-20:05:26: 120 142
2011-05-30-20:05:27: 120 142
2011-05-30-20:05:28: 120 143
2011-05-30-20:05:29: 120 143
2011-05-30-20:05:30: 120 143
2011-05-30-20:05:31: 120 143
2011-05-30-20:05:32: 120 143
2011-05-30-20:05:33: 120 143
2011-05-30-20:05:34: 120 143
2011-05-30-20:05:35: 120 143
2011-05-30-20:05:36: 120 143
2011-05-30-20:05:37: 120 143
2011-05-30-20:05:38: 120 143
2011-05-30-20:05:39: 120 143
2011-05-30-20:05:40: 120 143
2011-05-30-20:05:41: 120 143
2011-05-30-20:05:42: 120 143
2011-05-30-20:05:43: 120 143
2011-05-30-20:05:44: 120 142
2011-05-30-20:05:45: 120 142
2011-05-30-20:05:46: 118 142
2011-05-30-20:05:47: 119 127
2011-05-30-20:05:48: 119 145
2011-05-30-20:05:49: 119 130
2011-05-30-20:05:50: 119 141
2011-05-30-20:05:51: 120 141
2011-05-30-20:05:52: 120 141
2011-05-30-20:05:53: 119 129
2011-05-30-20:05:54: 119 139
2011-05-30-20:05:55: 120 131
2011-05-30-20:05:56: 119 141
2011-05-30-20:05:57: 120 141
2011-05-30-20:05:58: 119 141
2011-05-30-20:05:59: 119 141
2011-05-30-20:06:00: 120 142
2011-05-30-20:06:01: 119 141
2011-05-30-20:06:02: 119 142
2011-05-30-20:06:03: 119 141
2011-05-30-20:06:04: 120 142
2011-05-30-20:06:04: 120 141
2011-05-30-20:06:05: 119 142
2011-05-30-20:06:06: 119 144
2011-05-30-20:06:07: 119 141
2011-05-30-20:06:08: 119 148
2011-05-30-20:06:09: 120 142
2011-05-30-20:06:10: 120 143
2011-05-30-20:06:11: 119 142
2011-05-30-20:06:12: 120 142
2011-05-30-20:06:13: 119 141
2011-05-30-20:06:14: 119 142
2011-05-30-20:06:15: 119 142
2011-05-30-20:06:16: 119 142
2011-05-30-20:06:17: 120 142
2011-05-30-20:06:18: 120 142
2011-05-30-20:06:19: 119 142
2011-05-30-20:06:20: 120 142
2011-05-30-20:06:21: 119 142
2011-05-30-20:06:22: 120 142
2011-05-30-20:06:23: 119 142
2011-05-30-20:06:24: 120 142
2011-05-30-20:06:25: 119 142
2011-05-30-20:06:26: 120 142
2011-05-30-20:06:27: 119 143
2011-05-30-20:06:28: 120 142
2011-05-30-20:06:29: 119 142
2011-05-30-20:06:30: 120 142
2011-05-30-20:06:31: 119 141
2011-05-30-20:06:32: 120 142
2011-05-30-20:06:33: 120 141
2011-05-30-20:06:34: 120 142
2011-05-30-20:06:35: 120 142
2011-05-30-20:06:36: 119 142
2011-05-30-20:06:37: 119 143
2011-05-30-20:06:38: 119 142
2011-05-30-20:06:39: 120 143
2011-05-30-20:06:40: 120 142
2011-05-30-20:06:41: 119 142
2011-05-30-20:06:42: 119 142
2011-05-30-20:06:43: 119 142
2011-05-30-20:06:44: 119 142
2011-05-30-20:06:45: 119 142
2011-05-30-20:06:46: 120 142
2011-05-30-20:06:47: 119 142
2011-05-30-20:06:48: 120 142
2011-05-30-20:06:49: 120 142
2011-05-30-20:06:50: 120 142
2011-05-30-20:06:51: 120 142
2011-05-30-20:06:52: 120 142
2011-05-30-20:06:53: 120 142
2011-05-30-20:06:54: 119 142
2011-05-30-20:06:55: 119 142
2011-05-30-20:06:55: 119 142
2011-05-30-20:06:56: 119 142
2011-05-30-20:06:57: 119 132
2011-05-30-20:06:58: 119 142
2011-05-30-20:06:59: 119 139
2011-05-30-20:07:00: 120 142
2011-05-30-20:07:01: 119 140
2011-05-30-20:07:02: 119 142
2011-05-30-20:07:03: 119 141
2011-05-30-20:07:04: 119 142
2011-05-30-20:07:05: 119 140
2011-05-30-20:07:06: 119 142
2011-05-30-20:07:07: 119 141
2011-05-30-20:07:08: 119 142
2011-05-30-20:07:09: 119 141
2011-05-30-20:07:10: 119 142
2011-05-30-20:07:11: 119 157
2011-05-30-20:07:12: 119 140
2011-05-30-20:07:13: 119 135
2011-05-30-20:07:14: 119 142
2011-05-30-20:07:15: 119 142
2011-05-30-20:07:16: 119 142
2011-05-30-20:07:17: 119 142
2011-05-30-20:07:18: 119 142
2011-05-30-20:07:19: 119 142
2011-05-30-20:07:20: 119 142
2011-05-30-20:07:21: 119 142
2011-05-30-20:07:22: 119 142
2011-05-30-20:07:23: 119 142
2011-05-30-20:07:24: 119 142
2011-05-30-20:07:25: 119 142
2011-05-30-20:07:26: 119 142
2011-05-30-20:07:27: 119 142
2011-05-30-20:07:28: 119 133
2011-05-30-20:07:29: 119 141
2011-05-30-20:07:30: 119 140
2011-05-30-20:07:31: 119 142
2011-05-30-20:07:32: 119 142
2011-05-30-20:07:33: 119 142
2011-05-30-20:07:34: 119 142
2011-05-30-20:07:35: 119 142
2011-05-30-20:07:36: 119 141
2011-05-30-20:07:37: 119 142
2011-05-30-20:07:38: 119 136
2011-05-30-20:07:39: 119 139
2011-05-30-20:07:40: 118 141
2011-05-30-20:07:41: 119 142
2011-05-30-20:07:42: 119 143
2011-05-30-20:07:43: 119 142
2011-05-30-20:07:44: 119 143
2011-05-30-20:07:45: 119 142
2011-05-30-20:07:46: 119 142
2011-05-30-20:07:46: 119 142
2011-05-30-20:07:47: 119 142
2011-05-30-20:07:48: 119 142
2011-05-30-20:07:49: 119 142
2011-05-30-20:07:50: 119 142
2011-05-30-20:07:51: 119 142
2011-05-30-20:07:52: 119 142
2011-05-30-20:07:53: 119 142
2011-05-30-20:07:54: 119 142
2011-05-30-20:07:55: 119 142
2011-05-30-20:07:56: 119 142
2011-05-30-20:07:57: 119 142
2011-05-30-20:07:58: 119 142
2011-05-30-20:07:59: 119 142
2011-05-30-20:08:00: 119 142
2011-05-30-20:08:01: 119 142
2011-05-30-20:08:02: 119 141
2011-05-30-20:08:03: 119 142
2011-05-30-20:08:04: 119 143
2011-05-30-20:08:05: 119 142
2011-05-30-20:08:07: 119 142
2011-05-30-20:08:08: 119 142
2011-05-30-20:08:08: 119 142
2011-05-30-20:08:09: 119 142
2011-05-30-20:08:10: 119 142
2011-05-30-20:08:11: 119 142
2011-05-30-20:08:12: 119 142
2011-05-30-20:08:13: 119 142
2011-05-30-20:08:14: 119 142
2011-05-30-20:08:15: 119 142
2011-05-30-20:08:16: 119 142
2011-05-30-20:08:17: 119 142
2011-05-30-20:08:18: 119 142
2011-05-30-20:08:19: 118 142
2011-05-30-20:08:20: 118 142
2011-05-30-20:08:21: 119 142
2011-05-30-20:08:22: 119 142
2011-05-30-20:08:23: 118 142
2011-05-30-20:08:24: 119 142
2011-05-30-20:08:25: 118 142
2011-05-30-20:08:26: 118 142
2011-05-30-20:08:27: 118 142
2011-05-30-20:08:28: 118 142
2011-05-30-20:08:29: 119 142
2011-05-30-20:08:30: 119 142
2011-05-30-20:08:31: 119 142
2011-05-30-20:08:32: 119 142
2011-05-30-20:08:33: 119 142
2011-05-30-20:08:34: 119 142
2011-05-30-20:08:35: 119 141
2011-05-30-20:08:36: 119 142
2011-05-30-20:08:37: 118 141
2011-05-30-20:08:38: 119 142
2011-05-30-20:08:39: 119 142
2011-05-30-20:08:40: 119 142
2011-05-30-20:08:41: 119 142
2011-05-30-20:08:42: 119 142
2011-05-30-20:08:43: 119 142
2011-05-30-20:08:44: 119 142
2011-05-30-20:08:45: 119 142
2011-05-30-20:08:46: 119 142
2011-05-30-20:08:47: 119 143
2011-05-30-20:08:48: 119 142
2011-05-30-20:08:49: 119 144
2011-05-30-20:08:50: 119 142
2011-05-30-20:08:51: 118 142
2011-05-30-20:08:52: 119 142
2011-05-30-20:08:53: 119 142
2011-05-30-20:08:54: 119 142
2011-05-30-20:08:55: 119 142
2011-05-30-20:08:56: 119 142
2011-05-30-20:08:57: 119 142
2011-05-30-20:08:58: 119 142
2011-05-30-20:08:59: 119 142
2011-05-30-20:09:00: 119 142
2011-05-30-20:09:01: 119 142
2011-05-30-20:09:02: 119 142
2011-05-30-20:09:03: 119 142
2011-05-30-20:09:04: 119 142
2011-05-30-20:09:05: 119 142
2011-05-30-20:09:06: 119 142
2011-05-30-20:09:07: 119 142
2011-05-30-20:09:08: 119 142
2011-05-30-20:09:09: 119 142
2011-05-30-20:09:10: 119 142
2011-05-30-20:09:11: 119 142
2011-05-30-20:09:12: 119 142
2011-05-30-20:09:13: 119 142
2011-05-30-20:09:14: 119 141
2011-05-30-20:09:15: 119 142
2011-05-30-20:09:16: 119 142
2011-05-30-20:09:17: 119 142
2011-05-30-20:09:18: 119 144
2011-05-30-20:09:19: 119 142
2011-05-30-20:09:20: 119 142
2011-05-30-20:09:21: 118 142
2011-05-30-20:09:22: 119 142
2011-05-30-20:09:23: 119 142
2011-05-30-20:09:24: 119 142
2011-05-30-20:09:25: 119 142
2011-05-30-20:09:26: 119 142
2011-05-30-20:09:27: 119 142
2011-05-30-20:09:28: 119 142
2011-05-30-20:09:29: 119 142
2011-05-30-20:09:29: 119 142
2011-05-30-20:09:30: 119 142
2011-05-30-20:09:31: 119 142
2011-05-30-20:09:32: 119 142
2011-05-30-20:09:33: 119 142
2011-05-30-20:09:34: 119 142
2011-05-30-20:09:35: 119 142
2011-05-30-20:09:36: 119 142
2011-05-30-20:09:37: 119 142
2011-05-30-20:09:38: 119 142
2011-05-30-20:09:39: 119 142
2011-05-30-20:09:40: 119 142
2011-05-30-20:09:41: 119 142
2011-05-30-20:09:42: 119 142
2011-05-30-20:09:43: 119 142
2011-05-30-20:09:44: 119 142
2011-05-30-20:09:45: 119 142
2011-05-30-20:09:46: 119 142
2011-05-30-20:09:47: 119 142
2011-05-30-20:09:48: 119 141
2011-05-30-20:09:49: 119 142
2011-05-30-20:09:50: 119 144
2011-05-30-20:09:51: 119 142
2011-05-30-20:09:52: 119 142
2011-05-30-20:09:53: 119 142
2011-05-30-20:09:54: 119 142
2011-05-30-20:09:55: 119 142
2011-05-30-20:09:57: 119 142
2011-05-30-20:09:57: 118 142
2011-05-30-20:09:58: 119 142
2011-05-30-20:09:59: 119 142
2011-05-30-20:10:00: 119 142
2011-05-30-20:10:01: 119 141
2011-05-30-20:10:02: 119 141
2011-05-30-20:10:03: 119 141
2011-05-30-20:10:04: 119 141
2011-05-30-20:10:05: 119 134
2011-05-30-20:10:06: 119 141
2011-05-30-20:10:07: 119 139
2011-05-30-20:10:08: 119 142
2011-05-30-20:10:09: 119 137
2011-05-30-20:10:10: 119 141
2011-05-30-20:10:11: 119 140
2011-05-30-20:10:12: 119 142
2011-05-30-20:10:13: 119 141
2011-05-30-20:10:14: 119 142
2011-05-30-20:10:15: 119 139
2011-05-30-20:10:16: 119 141
2011-05-30-20:10:17: 119 139
2011-05-30-20:10:18: 119 141
2011-05-30-20:10:19: 119 139
2011-05-30-20:10:20: 119 141
2011-05-30-20:10:20: 119 140
2011-05-30-20:10:21: 119 141
2011-05-30-20:10:22: 119 149
2011-05-30-20:10:23: 119 141
2011-05-30-20:10:24: 119 143
2011-05-30-20:10:25: 119 142
2011-05-30-20:10:26: 119 142
2011-05-30-20:10:27: 119 142
2011-05-30-20:10:28: 119 142
2011-05-30-20:10:29: 118 142
2011-05-30-20:10:30: 118 142
2011-05-30-20:10:31: 119 142
2011-05-30-20:10:32: 119 142
2011-05-30-20:10:33: 119 127
2011-05-30-20:10:34: 119 141
2011-05-30-20:10:35: 119 133
2011-05-30-20:10:36: 119 141
2011-05-30-20:10:37: 119 142
2011-05-30-20:10:38: 118 142
2011-05-30-20:10:39: 118 138
2011-05-30-20:10:40: 119 142
2011-05-30-20:10:41: 119 139
2011-05-30-20:10:42: 119 142
2011-05-30-20:10:43: 119 134
2011-05-30-20:10:44: 117 141
2011-05-30-20:10:45: 119 142
2011-05-30-20:10:46: 119 141
2011-05-30-20:10:47: 119 140
2011-05-30-20:10:48: 119 141
2011-05-30-20:10:49: 119 138
2011-05-30-20:10:50: 119 141
2011-05-30-20:10:51: 118 142
2011-05-30-20:10:52: 119 141
2011-05-30-20:10:53: 119 141
2011-05-30-20:10:54: 119 141
2011-05-30-20:10:55: 119 144
2011-05-30-20:10:56: 119 141
2011-05-30-20:10:57: 119 142
2011-05-30-20:10:58: 119 141
2011-05-30-20:10:59: 119 142
2011-05-30-20:11:00: 119 141
2011-05-30-20:11:01: 119 142
2011-05-30-20:11:02: 119 141
2011-05-30-20:11:03: 119 142
2011-05-30-20:11:04: 119 142
2011-05-30-20:11:05: 119 142
2011-05-30-20:11:06: 119 141
2011-05-30-20:11:07: 119 142
2011-05-30-20:11:08: 119 141
2011-05-30-20:11:09: 119 142
2011-05-30-20:11:10: 119 142
2011-05-30-20:11:11: 119 142
2011-05-30-20:11:11: 119 127
2011-05-30-20:11:12: 119 142
2011-05-30-20:11:13: 119 142
2011-05-30-20:11:14: 119 142
2011-05-30-20:11:15: 119 141
2011-05-30-20:11:16: 119 142
2011-05-30-20:11:17: 119 142
2011-05-30-20:11:18: 119 142
2011-05-30-20:11:19: 119 142
2011-05-30-20:11:20: 119 142
2011-05-30-20:11:22: 119 142
2011-05-30-20:11:22: 119 141
2011-05-30-20:11:23: 119 140
2011-05-30-20:11:24: 119 141
2011-05-30-20:11:25: 119 138
2011-05-30-20:11:26: 118 141
2011-05-30-20:11:27: 119 153
2011-05-30-20:11:28: 119 141
2011-05-30-20:11:29: 119 143
2011-05-30-20:11:30: 119 141
2011-05-30-20:11:31: 119 142
2011-05-30-20:11:32: 119 141
2011-05-30-20:11:33: 119 141
2011-05-30-20:11:34: 119 142
2011-05-30-20:11:35: 119 142
2011-05-30-20:11:36: 119 142
2011-05-30-20:11:37: 119 142
2011-05-30-20:11:38: 119 141
2011-05-30-20:11:39: 119 142
2011-05-30-20:11:40: 119 141
2011-05-30-20:11:41: 119 141
2011-05-30-20:11:42: 118 142
2011-05-30-20:11:43: 118 141
2011-05-30-20:11:44: 119 140
2011-05-30-20:11:45: 119 141
2011-05-30-20:11:46: 119 139
2011-05-30-20:11:47: 119 142
2011-05-30-20:11:48: 119 142
2011-05-30-20:11:49: 119 142
2011-05-30-20:11:50: 119 142
2011-05-30-20:11:51: 117 142
2011-05-30-20:11:52: 119 142
2011-05-30-20:11:53: 118 142
2011-05-30-20:11:54: 119 142
2011-05-30-20:11:55: 119 142
2011-05-30-20:11:56: 119 142
2011-05-30-20:11:58: 119 142
2011-05-30-20:11:58: 119 136
2011-05-30-20:11:59: 119 140
2011-05-30-20:12:00: 118 144
2011-05-30-20:12:01: 119 141
2011-05-30-20:12:02: 119 142
2011-05-30-20:12:03: 118 141
2011-05-30-20:12:04: 118 141
2011-05-30-20:12:05: 119 141
2011-05-30-20:12:06: 118 141
2011-05-30-20:12:07: 119 141
2011-05-30-20:12:08: 119 141
2011-05-30-20:12:09: 119 141
2011-05-30-20:12:10: 118 141
2011-05-30-20:12:11: 118 141
2011-05-30-20:12:12: 118 141
2011-05-30-20:12:13: 118 141
2011-05-30-20:12:14: 118 141
2011-05-30-20:12:15: 118 135
2011-05-30-20:12:16: 119 141
2011-05-30-20:12:17: 118 138
2011-05-30-20:12:18: 119 141
2011-05-30-20:12:19: 119 139
2011-05-30-20:12:20: 119 141
2011-05-30-20:12:21: 119 138
2011-05-30-20:12:22: 118 141
2011-05-30-20:12:23: 118 138
2011-05-30-20:12:24: 118 141
2011-05-30-20:12:25: 118 140
2011-05-30-20:12:26: 118 141
2011-05-30-20:12:27: 119 141
2011-05-30-20:12:28: 119 142
2011-05-30-20:12:29: 118 142
2011-05-30-20:12:30: 119 142
2011-05-30-20:12:31: 118 142
2011-05-30-20:12:32: 118 142
2011-05-30-20:12:33: 119 142
2011-05-30-20:12:34: 118 141
2011-05-30-20:12:35: 118 142
2011-05-30-20:12:36: 118 140
2011-05-30-20:12:37: 118 143
2011-05-30-20:12:38: 119 140
2011-05-30-20:13:04: 118 25
2011-05-30-20:13:05: 116 25
2011-05-30-20:13:06: 117 25
2011-05-30-20:13:07: 118 25
2011-05-30-20:13:08: 118 25
2011-05-30-20:13:09: 118 25
2011-05-30-20:13:10: 118 25
2011-05-30-20:13:11: 118 25
2011-05-30-20:13:12: 118 25
2011-05-30-20:13:13: 118 25
2011-05-30-20:13:14: 118 25
2011-05-30-20:13:15: 118 25
2011-05-30-20:13:16: 118 141
2011-05-30-20:13:17: 118 141
2011-05-30-20:13:18: 118 141
2011-05-30-20:13:20: 118 129
2011-05-30-20:13:21: 118 142
2011-05-30-20:13:21: 118 139
2011-05-30-20:13:22: 118 141
2011-05-30-20:13:23: 118 141
2011-05-30-20:13:24: 118 141
2011-05-30-20:13:25: 118 139
2011-05-30-20:13:26: 118 141
2011-05-30-20:13:27: 118 140
2011-05-30-20:13:28: 118 141
2011-05-30-20:13:29: 118 141
2011-05-30-20:13:30: 118 141
2011-05-30-20:13:31: 118 140
2011-05-30-20:13:32: 118 141
2011-05-30-20:13:33: 118 139
2011-05-30-20:13:34: 118 141
2011-05-30-20:13:35: 118 139
2011-05-30-20:13:36: 118 141
2011-05-30-20:13:37: 117 141
2011-05-30-20:13:38: 118 141
2011-05-30-20:13:39: 118 140
2011-05-30-20:13:40: 118 141
2011-05-30-20:13:41: 118 141
2011-05-30-20:13:42: 118 141
2011-05-30-20:13:43: 118 139
2011-05-30-20:13:44: 118 141
2011-05-30-20:13:45: 118 142
2011-05-30-20:13:46: 118 141
2011-05-30-20:13:47: 118 141
2011-05-30-20:13:48: 118 141
2011-05-30-20:13:49: 118 141
2011-05-30-20:13:50: 118 141
2011-05-30-20:13:51: 118 141
2011-05-30-20:13:52: 118 141
2011-05-30-20:13:53: 118 141
2011-05-30-20:13:54: 118 142
2011-05-30-20:13:55: 118 141
2011-05-30-20:13:56: 118 145
2011-05-30-20:13:57: 118 142
2011-05-30-20:13:58: 118 143
2011-05-30-20:13:59: 118 142
2011-05-30-20:14:00: 118 139
2011-05-30-20:14:01: 118 141
2011-05-30-20:14:02: 118 140
2011-05-30-20:14:03: 118 141
2011-05-30-20:14:04: 118 139
2011-05-30-20:14:05: 118 141
2011-05-30-20:14:06: 118 140
2011-05-30-20:14:07: 118 141
2011-05-30-20:14:08: 118 140
2011-05-30-20:14:09: 118 141
2011-05-30-20:14:10: 118 140
2011-05-30-20:14:11: 118 141
2011-05-30-20:14:11: 117 140
2011-05-30-20:14:12: 118 141
2011-05-30-20:14:13: 118 140
2011-05-30-20:14:14: 118 141
2011-05-30-20:14:15: 118 140
2011-05-30-20:14:16: 118 141
2011-05-30-20:14:17: 118 142
2011-05-30-20:14:18: 118 141
2011-05-30-20:14:19: 118 142
2011-05-30-20:14:20: 118 141
2011-05-30-20:14:21: 118 142
2011-05-30-20:14:22: 118 142
2011-05-30-20:14:23: 118 142
2011-05-30-20:14:24: 118 142
2011-05-30-20:14:25: 118 142
2011-05-30-20:14:26: 118 142
2011-05-30-20:14:27: 118 142
2011-05-30-20:14:28: 118 142
2011-05-30-20:14:29: 118 142
2011-05-30-20:14:30: 118 142
2011-05-30-20:14:31: 118 142
2011-05-30-20:14:32: 118 142
2011-05-30-20:14:33: 118 142
2011-05-30-20:14:34: 118 142
2011-05-30-20:14:35: 118 142
2011-05-30-20:14:36: 118 142
2011-05-30-20:14:37: 118 140
2011-05-30-20:14:38: 118 141
2011-05-30-20:14:39: 118 141
2011-05-30-20:14:40: 118 140
2011-05-30-20:14:41: 118 141
2011-05-30-20:14:42: 118 140
2011-05-30-20:14:43: 118 141
2011-05-30-20:14:44: 118 144
2011-05-30-20:14:45: 118 142
2011-05-30-20:14:46: 118 142
2011-05-30-20:14:47: 118 142
2011-05-30-20:14:48: 118 142
2011-05-30-20:14:49: 118 142
2011-05-30-20:14:50: 118 142
2011-05-30-20:14:51: 117 140
2011-05-30-20:14:52: 118 143
2011-05-30-20:14:53: 118 142
2011-05-30-20:14:54: 118 142
2011-05-30-20:14:55: 118 141
2011-05-30-20:14:56: 118 142
2011-05-30-20:14:57: 118 141
2011-05-30-20:14:58: 117 141
2011-05-30-20:14:59: 118 141
2011-05-30-20:15:00: 118 141
2011-05-30-20:15:01: 118 140
2011-05-30-20:15:02: 118 141
2011-05-30-20:15:02: 118 140
2011-05-30-20:15:03: 118 141
2011-05-30-20:15:04: 118 140
2011-05-30-20:15:05: 118 141
2011-05-30-20:15:06: 118 140
2011-05-30-20:15:07: 118 141
2011-05-30-20:15:08: 118 140
2011-05-30-20:15:09: 118 137
2011-05-30-20:15:10: 118 141
2011-05-30-20:15:11: 118 140
2011-05-30-20:15:12: 118 141
2011-05-30-20:15:13: 117 140
2011-05-30-20:15:14: 118 141
2011-05-30-20:15:15: 118 141
2011-05-30-20:15:16: 118 141
2011-05-30-20:15:17: 118 140
2011-05-30-20:15:18: 118 141
2011-05-30-20:15:19: 118 141
2011-05-30-20:15:20: 118 141
2011-05-30-20:15:21: 118 140
2011-05-30-20:15:22: 117 141
2011-05-30-20:15:23: 117 140
2011-05-30-20:15:24: 118 141
2011-05-30-20:15:25: 118 139
2011-05-30-20:15:26: 118 141
2011-05-30-20:15:27: 118 141
2011-05-30-20:15:28: 118 141
2011-05-30-20:15:29: 118 142
2011-05-30-20:15:30: 117 141
2011-05-30-20:15:31: 118 145
2011-05-30-20:15:32: 118 141
2011-05-30-20:15:33: 118 142
2011-05-30-20:15:34: 118 139
2011-05-30-20:15:35: 118 141
2011-05-30-20:15:36: 118 141
2011-05-30-20:15:37: 118 141
2011-05-30-20:15:38: 118 140
2011-05-30-20:15:39: 118 141
2011-05-30-20:15:40: 118 140
2011-05-30-20:15:41: 118 141
2011-05-30-20:15:42: 118 140
2011-05-30-20:15:43: 118 141
2011-05-30-20:15:44: 118 140
2011-05-30-20:15:45: 118 141
2011-05-30-20:15:46: 118 140
2011-05-30-20:15:47: 118 141
2011-05-30-20:15:48: 118 140
2011-05-30-20:15:49: 118 141
2011-05-30-20:15:50: 118 140
2011-05-30-20:15:51: 118 141
2011-05-30-20:15:52: 118 140
2011-05-30-20:15:53: 117 141
2011-05-30-20:15:53: 118 140
2011-05-30-20:15:54: 118 141
2011-05-30-20:15:55: 118 139
2011-05-30-20:15:56: 118 141
2011-05-30-20:15:57: 118 140
2011-05-30-20:15:58: 117 141
2011-05-30-20:15:59: 118 140
2011-05-30-20:16:00: 118 141
2011-05-30-20:16:01: 117 140
2011-05-30-20:16:02: 117 141
2011-05-30-20:16:03: 118 142
2011-05-30-20:16:04: 118 141
2011-05-30-20:16:05: 118 141
2011-05-30-20:16:06: 118 144
2011-05-30-20:16:07: 117 141
2011-05-30-20:16:08: 118 140
2011-05-30-20:16:09: 118 141
2011-05-30-20:16:10: 118 140
2011-05-30-20:16:11: 118 141
2011-05-30-20:16:12: 118 140
2011-05-30-20:16:13: 118 141
2011-05-30-20:16:14: 118 140
2011-05-30-20:16:15: 118 141
2011-05-30-20:16:16: 118 140
2011-05-30-20:16:17: 118 141
2011-05-30-20:16:18: 117 140
2011-05-30-20:16:19: 118 141
2011-05-30-20:16:20: 118 140
2011-05-30-20:16:21: 118 141
2011-05-30-20:16:22: 118 141
2011-05-30-20:16:23: 118 141
2011-05-30-20:16:24: 117 140
2011-05-30-20:16:25: 118 141
2011-05-30-20:16:26: 118 139
2011-05-30-20:16:27: 118 141
2011-05-30-20:16:28: 118 140
2011-05-30-20:16:29: 118 141
2011-05-30-20:16:30: 118 140
2011-05-30-20:16:31: 118 141
2011-05-30-20:16:32: 118 140
2011-05-30-20:16:33: 118 141
2011-05-30-20:16:34: 118 146
2011-05-30-20:16:35: 118 141
2011-05-30-20:16:36: 118 142
2011-05-30-20:16:37: 117 141
2011-05-30-20:16:38: 118 141
2011-05-30-20:16:39: 118 141
2011-05-30-20:16:40: 118 141
2011-05-30-20:16:41: 118 139
2011-05-30-20:16:42: 118 141
2011-05-30-20:16:43: 118 140
2011-05-30-20:16:44: 118 141
2011-05-30-20:16:45: 118 140
2011-05-30-20:16:46: 118 141
2011-05-30-20:16:47: 117 140
2011-05-30-20:16:48: 117 141
2011-05-30-20:16:49: 118 140
2011-05-30-20:16:50: 118 141
2011-05-30-20:16:51: 118 139
2011-05-30-20:16:52: 117 141
2011-05-30-20:16:53: 117 136
2011-05-30-20:16:54: 118 141
2011-05-30-20:16:55: 117 141
2011-05-30-20:16:56: 118 141
2011-05-30-20:16:57: 118 140
2011-05-30-20:16:58: 118 141
2011-05-30-20:16:59: 118 140
2011-05-30-20:17:00: 118 141
2011-05-30-20:17:01: 118 140
2011-05-30-20:17:02: 118 141
2011-05-30-20:17:03: 117 140
2011-05-30-20:17:04: 117 141
2011-05-30-20:17:05: 117 140
2011-05-30-20:17:06: 118 141
2011-05-30-20:17:07: 117 142
2011-05-30-20:17:08: 118 141
2011-05-30-20:17:09: 117 141
2011-05-30-20:17:10: 118 141
2011-05-30-20:17:11: 117 141
2011-05-30-20:17:12: 117 139
2011-05-30-20:17:13: 118 141
2011-05-30-20:17:14: 118 139
2011-05-30-20:17:15: 118 141
2011-05-30-20:17:16: 117 141
2011-05-30-20:17:17: 118 140
2011-05-30-20:17:18: 118 141
2011-05-30-20:17:19: 117 140
2011-05-30-20:17:20: 118 141
2011-05-30-20:17:21: 118 140
2011-05-30-20:17:22: 117 141
2011-05-30-20:17:23: 117 140
2011-05-30-20:17:24: 117 141
2011-05-30-20:17:25: 117 126
2011-05-30-20:17:26: 118 141
2011-05-30-20:17:27: 117 141
2011-05-30-20:17:28: 117 141
2011-05-30-20:17:29: 117 140
2011-05-30-20:17:30: 117 141
2011-05-30-20:17:31: 118 140
2011-05-30-20:17:32: 118 141
2011-05-30-20:17:33: 117 140
2011-05-30-20:17:34: 117 141
2011-05-30-20:17:35: 117 140
2011-05-30-20:17:36: 117 141
2011-05-30-20:17:36: 117 140
2011-05-30-20:17:37: 117 141
2011-05-30-20:17:38: 117 140
2011-05-30-20:17:39: 118 141
2011-05-30-20:17:40: 117 140
2011-05-30-20:17:41: 117 141
2011-05-30-20:17:42: 117 140
2011-05-30-20:17:43: 117 141
2011-05-30-20:17:44: 117 140
2011-05-30-20:17:45: 117 141
2011-05-30-20:17:46: 117 140
2011-05-30-20:17:47: 117 141
2011-05-30-20:17:48: 117 140
2011-05-30-20:17:49: 117 141
2011-05-30-20:17:50: 117 143
2011-05-30-20:17:51: 117 141
2011-05-30-20:17:52: 117 141
2011-05-30-20:17:53: 117 141
2011-05-30-20:17:54: 117 141
2011-05-30-20:17:55: 117 141
2011-05-30-20:17:56: 117 141
2011-05-30-20:17:57: 117 141
2011-05-30-20:17:58: 118 141
2011-05-30-20:17:59: 117 142
2011-05-30-20:18:00: 117 142
2011-05-30-20:18:01: 117 141
2011-05-30-20:18:02: 117 142
