2011-05-30-19:23:16: 124 143
2011-05-30-19:23:16: 124 143
2011-05-30-19:23:16: 124 143
2011-05-30-19:23:16: 124 143
2011-05-30-19:23:17: 124 143
2011-05-30-19:23:17: 124 143
2011-05-30-19:23:18: 124 143
2011-05-30-19:23:19: 124 143
2011-05-30-19:23:20: 124 143
2011-05-30-19:23:21: 124 143
2011-05-30-19:23:22: 124 143
2011-05-30-19:23:23: 124 143
2011-05-30-19:23:24: 124 143
2011-05-30-19:23:25: 124 143
2011-05-30-19:23:26: 124 143
2011-05-30-19:23:27: 124 143
2011-05-30-19:23:36: 124 143
2011-05-30-19:23:36: 124 143
2011-05-30-19:23:37: 124 143
2011-05-30-19:23:37: 124 143
2011-05-30-19:23:37: 124 143
2011-05-30-19:23:37: 123 143
2011-05-30-19:23:37: 124 143
2011-05-30-19:23:37: 124 143
2011-05-30-19:23:37: 123 143
2011-05-30-19:23:37: 124 143
2011-05-30-19:23:38: 123 143
2011-05-30-19:23:39: 123 143
2011-05-30-19:23:40: 123 143
2011-05-30-19:23:41: 124 143
2011-05-30-19:23:42: 124 143
2011-05-30-19:23:43: 124 143
2011-05-30-19:23:44: 124 143
2011-05-30-19:23:45: 124 143
2011-05-30-19:23:46: 123 143
2011-05-30-19:23:47: 124 143
2011-05-30-19:23:48: 124 143
2011-05-30-19:23:49: 124 143
2011-05-30-19:23:50: 124 143
2011-05-30-19:23:51: 124 143
2011-05-30-19:23:52: 124 143
2011-05-30-19:23:53: 123 143
2011-05-30-19:23:54: 123 143
2011-05-30-19:23:55: 123 143
2011-05-30-19:23:56: 124 143
2011-05-30-19:23:57: 124 143
2011-05-30-19:23:58: 124 143
2011-05-30-19:23:59: 123 143
2011-05-30-19:24:00: 124 143
2011-05-30-19:24:01: 123 143
2011-05-30-19:24:02: 124 143
2011-05-30-19:24:03: 123 143
2011-05-30-19:24:03: 124 143
2011-05-30-19:24:04: 124 143
2011-05-30-19:24:05: 123 143
2011-05-30-19:24:06: 124 143
2011-05-30-19:24:12: 124 143
2011-05-30-19:24:12: 124 143
2011-05-30-19:24:12: 123 143
2011-05-30-19:24:13: 124 143
2011-05-30-19:24:13: 124 143
2011-05-30-19:24:13: 123 143
2011-05-30-19:24:13: 124 143
2011-05-30-19:24:14: 124 143
2011-05-30-19:24:15: 124 143
2011-05-30-19:24:16: 124 143
2011-05-30-19:24:18: 124 143
2011-05-30-19:24:18: 123 143
