C -2.541543
O -0.000000 -0.000000 0.000000
G 35.300537 -120.661867
C -2.541543
O -0.000000 -0.000000 0.000000
C -2.565217
O -0.000000 -0.000000 0.000000
C -2.565217
O -0.000000 -0.000000 0.000000
C -2.541543
O -0.000000 -0.000000 0.000000
C -2.565217
O -0.000000 -0.000000 0.000000
G 35.300537 -120.661867
C -2.565217
O -0.000000 -0.000000 0.000000
C -2.530867
O -0.000000 -0.000000 0.000000
C -2.506566
O -0.000000 -0.000000 0.000000
C -2.578276
O -0.000000 -0.000000 0.000000
C -2.553590
O -0.000000 -0.000000 0.000000
G 35.300537 -120.661867
C -2.506566
O -0.000000 -0.000000 0.000000
C -2.565217
O -0.000000 -0.000000 0.000000
C -2.506566
O -0.000000 -0.000000 0.000000
C -2.516108
O -0.000000 -0.000000 0.000000
C -2.565217
O -0.000000 -0.000000 0.000000
C -2.541543
O -0.000000 -0.000000 0.000000
C -2.553590
G 35.300537 -120.661867
O -0.000000 -0.000000 0.000000
C -2.516108
G 35.300537 -120.661867
O -0.000000 -0.000000 0.000000
C -2.541543
O -0.000000 -0.000000 0.000000
C -2.541543
O -0.000000 -0.000000 0.000000
G 35.300537 -120.661867
C -2.541543
O -0.000000 -0.000000 0.000000
C -2.578276
O -0.000000 -0.000000 0.000000
C -2.541543
O -0.000000 -0.000000 0.000000
C -2.565217
O -0.000000 -0.000000 0.000000
C -2.565217
O -0.000000 -0.000000 0.000000
G 35.300537 -120.661867
C -2.516108
O -0.000000 -0.000000 0.000000
C -2.541543
O -0.000000 -0.000000 0.000000
C -2.565217
O -0.000000 -0.000000 0.000000
C -2.530867
O -0.000000 -0.000000 0.000000
C -2.601173
O -0.000000 -0.000000 0.000000
G 35.300537 -120.661867
C -2.578276
O -0.000000 -0.000000 0.000000
C -2.593043
O -0.000000 -0.000000 0.000000
C -2.480550
O -0.000000 -0.000000 0.000000
C -2.567288
O -0.000000 -0.000000 0.000000
C -2.516108
O -0.000000 -0.000000 0.000000
G 35.300537 -120.661867
C -2.516108
O -0.000000 -0.000000 0.000000
C -2.587285
O -0.000000 -0.000000 0.000000
C -2.647651
O -0.498756 -0.712841 0.000000
C -2.480550
O -0.665542 -0.950081 0.000000
C -2.498091
O -0.499670 -0.712201 0.000000
C -2.388441
O -0.670247 -0.946767 0.000000
C -2.437099
G 35.300537 -120.661867
O -0.505191 -0.708295 0.000000
C -2.553590
G 35.300537 -120.661867
O -0.504153 -0.709034 0.000000
C -2.536048
O -0.503689 -0.709364 0.000000
C -2.418613
O -0.507977 -0.706300 0.000000
G 35.300537 -120.661867
C -2.437099
O -0.338651 -0.470866 0.000000
C -2.514850
O -0.511438 -0.703798 0.000000
C -2.446854
O -0.343051 -0.467671 0.000000
C -2.525296
O -0.342522 -0.468058 0.000000
C -2.388441
O -0.346423 -0.465178 0.000000
G 35.300537 -120.661867
C -2.462179
C -2.498091
C -2.533791
C -2.563691
O -0.346423 -0.465178 0.000000
O -0.519635 -0.697767 0.000000
O -0.346423 -0.465178 0.000000
O -0.346423 -0.465178 0.000000
O -0.519635 -0.697767 0.000000
C -2.414950
G 35.300537 -120.661867
C -2.485897
O -0.347743 -0.464193 0.000000
C -2.601173
O -0.516999 -0.699723 0.000000
C -2.506566
O -0.344620 -0.466516 0.000000
C -2.451146
O -0.519776 -0.697663 0.000000
C -2.411693
O -0.524598 -0.694044 0.000000
G 35.300537 -120.661867
C -2.491722
O -0.349732 -0.462696 0.000000
C -2.517570
O -0.523468 -0.694897 0.000000
C -2.356194
O -0.708286 -0.918657 0.000000
C -2.411693
O -0.535434 -0.685719 0.000000
C -2.490516
O -0.534744 -0.686257 0.000000
C -2.491722
O -0.534035 -0.686809 0.000000
C -2.403778
G 35.300537 -120.661867
O -0.538572 -0.683257 0.000000
C -2.466852
G 35.300537 -120.661867
O -0.538998 -0.682921 0.000000
C -2.473303
O -0.359338 -0.455276 0.000000
C -2.446854
O -0.720728 -0.908928 0.000000
C -2.455863
G 35.300537 -120.661867
O -0.540546 -0.681696 0.000000
C -2.498091
O -0.539765 -0.682315 0.000000
C -2.574863
O -0.355708 -0.458118 0.000000
C -2.517570
O -0.531419 -0.688835 0.000000
C -2.461071
O -0.532814 -0.687757 0.000000
G 35.300537 -120.661867
C -2.574863
O -0.527270 -0.692016 0.000000
C -2.562518
O -0.522909 -0.695318 0.000000
C -2.437099
O -0.522909 -0.695318 0.000000
C -2.411693
O -0.531382 -0.688863 0.000000
C -2.543174
O -0.351880 -0.461065 0.000000
G 35.300537 -120.661867
C -2.525296
O -0.703759 -0.922129 0.000000
C -2.432966
O -0.529376 -0.690406 0.000000
C -2.543174
O -0.525954 -0.693017 0.000000
C -2.512796
O -0.525954 -0.693017 0.000000
C -2.491722
O -0.524697 -0.693969 0.000000
G 35.300537 -120.661867
C -2.491722
O -0.524990 -0.693747 0.000000
C -2.490516
O -0.700256 -0.924792 0.000000
C -2.390664
O -0.531683 -0.688631 0.000000
C -2.356194
O -0.539657 -0.682400 0.000000
C -2.510513
O -0.537302 -0.684256 0.000000
C -2.442933
O -0.719118 -0.910203 0.000000
C -2.331809
G 35.300537 -120.661867
O -0.548205 -0.675553 0.000000
G 35.300537 -120.661867
C -2.451146
O -0.730940 -0.900737 0.000000
C -2.388441
O -0.553208 -0.671461 0.000000
C -2.223643
O -0.567366 -0.659542 0.000000
G 35.300537 -120.661867
C -2.425849
O -0.756488 -0.879390 0.000000
C -2.579671
O -0.558392 -0.667157 0.000000
C -2.446854
O -0.744522 -0.889543 0.000000
C -2.498091
O -0.554884 -0.670077 0.000000
C -2.411693
O -0.557287 -0.668080 0.000000
G 35.300537 -120.661867
C -2.284887
O -0.743050 -0.890773 0.000000
C -2.381830
O -0.570346 -0.656967 0.000000
C -2.446854
O -0.758802 -0.877394 0.000000
C -2.471954
O -0.566375 -0.660393 0.000000
C -2.450256
O -0.753708 -0.881773 0.000000
G 35.300537 -120.661867
C -2.521343
O -0.753708 -0.881773 0.000000
C -2.356194
O -0.565316 -0.661300 0.000000
C -2.356194
O -0.760309 -0.876088 0.000000
C -2.490516
O -0.754898 -0.880755 0.000000
C -2.319174
O -0.573487 -0.654227 0.000000
G 35.300537 -120.661867
C -2.414950
O -0.765229 -0.871794 0.000000
C -2.613518
O -0.561585 -0.664471 0.000000
C -2.662073
O -0.547309 -0.676278 0.000000
C -2.626044
O -0.536691 -0.684735 0.000000
C -2.694073
O -0.522646 -0.695515 0.000000
C -2.857799
O -0.499063 -0.712626 0.000000
C -2.880990
G 35.300537 -120.661867
O -0.475788 -0.728372 0.000000
G 35.300537 -120.661867
C -2.896614
O -0.475788 -0.728372 0.000000
C 3.141593
O -0.415627 -0.764300 0.000000
C 2.964884
O -0.368033 -0.788322 0.000000
G 35.300537 -120.661867
C 3.056087
O -0.368033 -0.788322 0.000000
C 2.919511
O -0.285456 -0.821836 0.000000
C 2.553590
O -0.144195 -0.561790 0.000000
C 2.704966
O -0.165231 -0.854166 0.000000
C 2.690140
O -0.077896 -0.574745 0.000000
G 35.300537 -120.661867
O -0.116845 -0.862118 0.000000
O -0.077896 -0.574745 0.000000
O -0.077896 -0.574745 0.000000
C 2.425849
C 2.553590
C 2.310771
O 0.070139 -0.867168 0.000000
C 2.457883
C 2.376600
O 0.105067 -0.570404 0.000000
G 35.300537 -120.661867
C 2.007423
O 0.220649 -0.841555 0.000000
C 2.335789
O 0.257315 -0.831077 0.000000
C 2.335789
O 0.194163 -0.546535 0.000000
C 2.135366
O 0.334480 -0.803133 0.000000
C 2.181522
O 0.371156 -0.786857 0.000000
G 35.300537 -120.661867
C 2.297439
O 0.371156 -0.786857 0.000000
C 2.191046
O 0.427812 -0.757547 0.000000
C 2.086345
O 0.462071 -0.737150 0.000000
C 2.174546
O 0.487420 -0.720640 0.000000
C 2.316216
O 0.501623 -0.710826 0.000000
C 2.135366
O 0.525421 -0.693421 0.000000
C 1.972025
G 35.300537 -120.661867
O 0.556290 -0.668910 0.000000
C 2.197539
G 35.300537 -120.661867
O 0.570773 -0.656596 0.000000
C 2.241318
O 0.581319 -0.647277 0.000000
C 1.972025
O 0.605773 -0.624451 0.000000
G 35.300537 -120.661867
C 2.010639
O 0.625294 -0.604902 0.000000
C 2.236766
O 0.630756 -0.599205 0.000000
C 2.143763
O 0.640557 -0.588716 0.000000
C 1.935998
O 0.659883 -0.566970 0.000000
C 1.901094
O 0.904747 -0.725970 0.000000
G 35.300537 -120.661867
C 2.126290
O 0.684503 -0.536988 0.000000
C 2.241318
O 0.684244 -0.537318 0.000000
C 2.166206
O 0.687644 -0.532959 0.000000
C 2.116451
O 0.924095 -0.701176 0.000000
C 2.021458
O 0.702593 -0.513091 0.000000
G 35.300537 -120.661867
C 1.961403
O 0.702593 -0.513091 0.000000
C 2.150799
O 0.715034 -0.495607 0.000000
C 2.236766
O 0.949768 -0.665989 0.000000
C 2.010639
O 0.720209 -0.488056 0.000000
C 1.837048
O 0.734710 -0.465941 0.000000
G 35.300537 -120.661867
C 1.979704
O 0.734710 -0.465941 0.000000
C 2.083186
O 0.742907 -0.452757 0.000000
C 1.910089
O 0.751334 -0.438630 0.000000
C 1.712693
O 0.510817 -0.274711 0.000000
C 1.837048
O 0.774300 -0.396686 0.000000
C 1.768192
O 0.783716 -0.377742 0.000000
C 1.546411
G 35.300537 -120.661867
O 0.798812 -0.344673 0.000000
G 35.300537 -120.661867
C 1.705118
O 0.532541 -0.229782 0.000000
C 1.681454
O 0.814304 -0.306283 0.000000
C 1.446441
O 0.814304 -0.306283 0.000000
G 35.300537 -120.661867
C 1.425486
O 0.836701 -0.238392 0.000000
C 1.494024
O 0.843676 -0.212393 0.000000
C 1.383817
O 1.134845 -0.240262 0.000000
C 1.281821
O 0.572244 -0.094534 0.000000
C 1.226149
O 0.863830 -0.103430 0.000000
G 35.300537 -120.661867
C 1.232918
O 0.863830 -0.103430 0.000000
C 1.155304
O 0.869453 -0.030839 0.000000
C 1.039072
O 0.869907 0.012691 0.000000
C 1.022247
O 0.868341 0.053707 0.000000
C 1.107149
G 35.300537 -120.661867
O 0.865883 0.084542 0.000000
C 1.044730
O 0.862049 0.117354 0.000000
C 0.927295
O 0.855889 0.156057 0.000000
C 1.002272
O 0.850009 0.185432 0.000000
C 0.990040
O 0.843538 0.212942 0.000000
C 0.933248
O 1.114203 0.322727 0.000000
G 35.300537 -120.661867
C 0.953605
O 0.827858 0.267492 0.000000
C 0.888480
O 1.091205 0.393537 0.000000
C 0.768451
O 0.805157 0.329579 0.000000
C 0.802940
O 1.057509 0.476734 0.000000
C 0.854255
O 0.782974 0.379279 0.000000
C 0.825377
O 1.029700 0.534151 0.000000
G 35.300537 -120.661867
C 0.876058
O 0.772275 0.400613 0.000000
G 35.300537 -120.661867
C 0.865228
O 1.018529 0.555157 0.000000
C 0.785398
O 0.744461 0.450197 0.000000
C 0.691337
G 35.300537 -120.661867
O 0.973131 0.631360 0.000000
C 0.785398
O 0.720187 0.488088 0.000000
C 0.730907
O 0.944962 0.672790 0.000000
C 0.632749
O 0.692927 0.526073 0.000000
C 0.805004
O 0.916108 0.711580 0.000000
C 0.855053
G 35.300537 -120.661867
O 0.684232 0.537333 0.000000
C 0.715744
O 0.684232 0.537333 0.000000
C 0.674741
O 0.899292 0.732717 0.000000
C 0.714091
O 0.663381 0.562872 0.000000
C 0.620250
O 0.642393 0.586712 0.000000
C 0.743756
O 0.850148 0.789207 0.000000
G 35.300537 -120.661867
C 0.868539
O 0.640191 0.589115 0.000000
C 0.809784
O 0.852322 0.786860 0.000000
C 0.743756
O 0.852322 0.786860 0.000000
C 0.785398
O 0.632774 0.597074 0.000000
C 0.683709
O 0.843699 0.796098 0.000000
G 35.300537 -120.661867
C 0.716542
O 0.827025 0.813406 0.000000
C 0.785398
O 0.619774 0.610557 0.000000
C 0.765793
O 0.826365 0.814077 0.000000
C 0.785398
O 0.823854 0.816618 0.000000
C 0.803578
O 0.618718 0.611628 0.000000
C 0.785398
O 0.824503 0.815962 0.000000
C 0.868539
G 35.300537 -120.661867
O 0.830686 0.809668 0.000000
G 35.300537 -120.661867
C 0.927295
O 0.623014 0.607251 0.000000
C 0.832981
O 0.842612 0.797249 0.000000
C 0.807617
G 35.300537 -120.661867
O 0.842188 0.797697 0.000000
C 0.887087
O 0.848029 0.791484 0.000000
C 0.741947
O 0.841882 0.798019 0.000000
C 0.804264
O 0.841255 0.798681 0.000000
C 0.785398
O 0.629381 0.600650 0.000000
C 0.670522
G 35.300537 -120.661867
O 0.828223 0.812187 0.000000
C 0.734594
O 0.823339 0.817137 0.000000
C 0.694738
O 0.815620 0.824842 0.000000
C 0.711459
O 0.809964 0.830397 0.000000
C 0.736257
O 0.806899 0.833375 0.000000
C 0.638320
G 35.300537 -120.661867
O 0.795836 0.843946 0.000000
C 0.638320
O 0.785744 0.853350 0.000000
C 0.663203
O 0.778725 0.859760 0.000000
C 0.654083
O 0.771561 0.866195 0.000000
C 0.697903
O 0.576705 0.651392 0.000000
C 0.658806
G 35.300537 -120.661867
O 0.763246 0.873530 0.000000
C 0.620250
O 0.566008 0.660708 0.000000
C 0.743756
O 0.757726 0.878323 0.000000
C 0.741947
O 0.570250 0.657050 0.000000
C 0.680521
O 0.757418 0.878588 0.000000
C 0.613207
O 0.561697 0.664377 0.000000
C 0.602287
O 0.555297 0.669735 0.000000
G 35.300537 -120.661867
C 0.572966
O 0.740397 0.892980 0.000000
G 35.300537 -120.661867
C 0.476467
O 0.547667 0.675989 0.000000
C 0.555494
O 0.703081 0.922647 0.000000
C 0.514451
G 35.300537 -120.661867
O 0.518145 0.698874 0.000000
C 0.354706
O 0.665507 0.950105 0.000000
C 0.362544
O 0.481916 0.724332 0.000000
C 0.310998
O 0.616974 0.982315 0.000000
C 0.186979
O 0.435877 0.752935 0.000000
C 0.156602
G 35.300537 -120.661867
O 0.409245 0.767736 0.000000
C 0.255182
O 0.392208 0.776578 0.000000
C 0.147078
O 0.368835 0.787947 0.000000
C 0.104877
O 0.344408 0.798926 0.000000
C 0.062419
O 0.318947 0.809428 0.000000
C 0.000000
G 35.300537 -120.661867
O 0.291001 0.819889 0.000000
C 0.037020
O 0.268214 0.827624 0.000000
C -0.058756
O 0.240149 0.836199 0.000000
C -0.062419
O 0.285586 1.124296 0.000000
C -0.114877
O 0.185702 0.849950 0.000000
C -0.211093
G 35.300537 -120.661867
O 0.203025 1.142095 0.000000
C -0.463648
O 0.100631 0.864160 0.000000
C -0.348771
O 0.063210 0.867701 0.000000
C -0.354706
O 0.038586 1.159358 0.000000
C -0.510488
O -0.015579 0.869861 0.000000
C -0.463648
O -0.068938 1.157950 0.000000
C -0.533708
O -0.090718 0.865257 0.000000
G 35.300537 -120.661867
C -0.919720
O -0.120957 1.153676 0.000000
G 35.300537 -120.661867
C -1.124691
O -0.156599 0.855790 0.000000
C -1.088283
O -0.395660 1.090437 0.000000
C -1.170556
G 35.300537 -120.661867
O -0.360163 0.791949 0.000000
C -1.030377
O -0.404755 0.770113 0.000000
C -1.016489
O -0.590170 0.998649 0.000000
C -1.490966
O -0.508942 0.705605 0.000000
C -1.570796
O -0.569659 0.657563 0.000000
C -1.570796
G 35.300537 -120.661867
O -0.620317 0.610006 0.000000
C -1.717875
O -0.620317 0.610006 0.000000
C -1.753907
O -0.950020 0.665629 0.000000
C -1.789465
O -0.749174 0.442311 0.000000
C -2.048142
O -0.787366 0.370074 0.000000
C -2.166996
G 35.300537 -120.661867
O -1.092114 0.391007 0.000000
C -2.148698
O -0.841411 0.221196 0.000000
C -2.148698
O -0.856063 0.155099 0.000000
C -2.356194
O -0.866478 0.078202 0.000000
C -2.553590
O -0.289989 -0.002487 0.000000
C -2.498091
G 35.300537 -120.661867
O -0.288875 -0.025524 0.000000
C -2.418613
O -0.000000 -0.000000 0.000000
C -2.356194
O -0.000000 -0.000000 0.000000
C -2.446854
O -0.000000 -0.000000 0.000000
C -2.473303
O -0.000000 -0.000000 0.000000
C -2.446854
O -0.000000 -0.000000 0.000000
C -2.446854
O -0.000000 -0.000000 0.000000
G 35.300537 -120.661867
C -2.459276
O -0.000000 -0.000000 0.000000
G 35.300537 -120.661867
C -2.446854
O -0.000000 -0.000000 0.000000
C -2.506566
O -0.000000 -0.000000 0.000000
C -2.498091
G 35.300537 -120.661867
O -0.259637 -0.129185 0.000000
C -2.505085
O -0.000000 -0.000000 0.000000
C -2.570255
O -0.506834 -0.281991 0.000000
C -2.356194
O -0.502963 -0.288840 0.000000
C -2.455863
O -0.497429 -0.298269 0.000000
C -2.441700
G 35.300537 -120.661867
O -0.491974 -0.307183 0.000000
C -2.505085
O -0.242647 -0.158816 0.000000
C -2.510513
O -0.239372 -0.163711 0.000000
C -2.477546
O -0.000000 -0.000000 0.000000
C -2.512796
O -0.000000 -0.000000 0.000000
C -2.498091
G 35.300537 -120.661867
O -0.000000 -0.000000 0.000000
C -2.455863
O -0.000000 -0.000000 0.000000
C -2.543174
O -0.000000 -0.000000 0.000000
C -2.483704
O -0.000000 -0.000000 0.000000
C -2.432966
O -0.000000 -0.000000 0.000000
C -2.455863
G 35.300537 -120.661867
O -0.000000 -0.000000 0.000000
C -2.406153
O -0.000000 -0.000000 0.000000
C -2.498091
O -0.000000 -0.000000 0.000000
C -2.451146
O -0.000000 -0.000000 0.000000
C -2.455863
O -0.000000 -0.000000 0.000000
C -2.477546
O -0.000000 -0.000000 0.000000
C -2.477546
O -0.000000 -0.000000 0.000000
G 35.300537 -120.661867
C -2.477546
O -0.000000 -0.000000 0.000000
G 35.300537 -120.661867
C -2.455863
O -0.000000 -0.000000 0.000000
C -2.406153
O -0.000000 -0.000000 0.000000
C -2.498091
G 35.300537 -120.661867
O -0.000000 -0.000000 0.000000
C -2.455863
O -0.000000 -0.000000 0.000000
C -2.451146
O -0.000000 -0.000000 0.000000
C -2.432966
O -0.000000 -0.000000 0.000000
C -2.455863
O -0.000000 -0.000000 0.000000
C -2.429235
G 35.300537 -120.661867
O -0.000000 -0.000000 0.000000
C -2.451146
O -0.000000 -0.000000 0.000000
C -2.455863
O -0.000000 -0.000000 0.000000
C -2.451146
O -0.000000 -0.000000 0.000000
C -2.429235
O -0.000000 -0.000000 0.000000
C -2.471954
G 35.300537 -120.661867
O -0.000000 -0.000000 0.000000
C -2.505085
O -0.000000 -0.000000 0.000000
C -2.544416
O -0.000000 -0.000000 0.000000
C -2.451146
O -0.000000 -0.000000 0.000000
C -2.505085
O -0.000000 -0.000000 0.000000
C -2.477546
G 35.300537 -120.661867
O -0.000000 -0.000000 0.000000
C -2.403778
O -0.000000 -0.000000 0.000000
C -2.477546
O -0.000000 -0.000000 0.000000
C -2.525296
O -0.000000 -0.000000 0.000000
C -2.498091
O -0.000000 -0.000000 0.000000
C -2.483704
