O 0.000000 0.000000 0.000000
C 0.637549
O 0.000000 0.000000 0.000000
C 0.683709
O 0.000000 0.000000 0.000000
C 0.702257
O 0.000000 0.000000 0.000000
C 0.643501
O 0.000000 0.000000 0.000000
C 0.626743
O 0.000000 0.000000 0.000000
C 0.643501
O 0.000000 0.000000 0.000000
C 0.643501
O 0.000000 0.000000 0.000000
C 0.661043
O 0.000000 0.000000 0.000000
C 0.679414
O 0.000000 0.000000 0.000000
C 0.620250
O 0.000000 0.000000 0.000000
C 0.661043
O 0.000000 0.000000 0.000000
C 0.661043
O 0.000000 0.000000 0.000000
C 0.620250
O 0.000000 0.000000 0.000000
C 0.665969
O 0.000000 0.000000 0.000000
C 0.637549
O 0.000000 0.000000 0.000000
C 0.683709
O 0.000000 0.000000 0.000000
C 0.679414
O 0.000000 0.000000 0.000000
C 0.661043
O 0.000000 0.000000 0.000000
C 0.665969
O 0.000000 0.000000 0.000000
C 0.679414
O 0.000000 0.000000 0.000000
C 0.643501
O 0.000000 0.000000 0.000000
C 0.637549
O 0.000000 0.000000 0.000000
C 0.661043
O 0.000000 0.000000 0.000000
C 0.603749
O 0.000000 0.000000 0.000000
C 0.665969
O 0.000000 0.000000 0.000000
C 0.661043
O 0.000000 0.000000 0.000000
C 0.626743
O 0.000000 0.000000 0.000000
C 0.637549
O 0.000000 0.000000 0.000000
C 0.643501
O 0.000000 0.000000 0.000000
C 0.665969
O 0.000000 0.000000 0.000000
C 0.661043
O 0.000000 0.000000 0.000000
C 0.705568
O 0.000000 0.000000 0.000000
C 0.637549
O 0.000000 0.000000 0.000000
O 0.000000 0.000000 0.000000
O 0.000000 0.000000 0.000000
C 0.679414
C 0.637549
C 0.643501
O 0.000000 0.000000 0.000000
C 0.643501
O 0.000000 0.000000 0.000000
C 0.661043
O 0.000000 0.000000 0.000000
C 0.643501
O 0.000000 0.000000 0.000000
C 0.643501
O 0.000000 0.000000 0.000000
C 0.643501
O 0.000000 0.000000 0.000000
C 0.643501
O 0.000000 0.000000 0.000000
C 0.665969
O 0.000000 0.000000 0.000000
C 0.661043
O 0.000000 0.000000 0.000000
C 0.665969
O 0.000000 0.000000 0.000000
C 0.665969
O 0.000000 0.000000 0.000000
C 0.665969
O 0.000000 0.000000 0.000000
C 0.643501
O 0.000000 0.000000 0.000000
C 0.665969
O 0.000000 0.000000 0.000000
C 0.620250
O 0.000000 0.000000 0.000000
C 0.679414
O 0.000000 0.000000 0.000000
C 0.626743
O 0.000000 0.000000 0.000000
C 0.648996
O 0.000000 0.000000 0.000000
C 0.665969
O 0.000000 0.000000 0.000000
C 0.632749
O 0.000000 0.000000 0.000000
C 0.643501
O 0.000000 0.000000 0.000000
C 0.603749
O 0.000000 0.000000 0.000000
C 0.626743
O 0.000000 0.000000 0.000000
C 0.665969
O 0.000000 0.000000 0.000000
C 0.603749
O 0.000000 0.000000 0.000000
C 0.665969
O 0.000000 0.000000 0.000000
C 0.610726
O 0.000000 0.000000 0.000000
C 0.620250
O 0.000000 0.000000 0.000000
C 0.643501
O 0.000000 0.000000 0.000000
C 0.665969
O 0.000000 0.000000 0.000000
C 0.643501
O 0.000000 0.000000 0.000000
C 0.626743
O 0.000000 0.000000 0.000000
C 0.643501
O 0.000000 0.000000 0.000000
C 0.626743
O 0.000000 0.000000 0.000000
C 0.665969
O 0.000000 0.000000 0.000000
C 0.632749
O 0.000000 0.000000 0.000000
C 0.661043
O 0.000000 0.000000 0.000000
C 0.665969
O 0.000000 0.000000 0.000000
C 0.626743
O 0.000000 0.000000 0.000000
C 0.603749
O 0.000000 0.000000 0.000000
C 0.648996
O 0.000000 0.000000 0.000000
C 0.588003
O 0.000000 0.000000 0.000000
C 0.643501
O 0.000000 0.000000 0.000000
C 0.643501
O 0.000000 0.000000 0.000000
C 0.665969
O 0.000000 0.000000 0.000000
C 0.643501
O 0.000000 0.000000 0.000000
C 0.643501
O 0.000000 0.000000 0.000000
C 0.626743
O 0.000000 0.000000 0.000000
C 0.643501
O 0.000000 0.000000 0.000000
C 0.648996
O 0.000000 0.000000 0.000000
C 0.643501
O 0.000000 0.000000 0.000000
C 0.643501
O 0.000000 0.000000 0.000000
C 0.626743
O 0.000000 0.000000 0.000000
C 0.648996
O 0.000000 0.000000 0.000000
C 0.626743
O 0.000000 0.000000 0.000000
C 0.643501
O 0.000000 0.000000 0.000000
C 0.626743
O 0.000000 0.000000 0.000000
C 0.665969
O 0.000000 0.000000 0.000000
C 0.626743
O 0.000000 0.000000 0.000000
C 0.643501
O 0.000000 0.000000 0.000000
C 0.665969
O 0.000000 0.000000 0.000000
C 0.626743
O 0.000000 0.000000 0.000000
C 0.661043
O 0.000000 0.000000 0.000000
C 0.648996
O 0.000000 0.000000 0.000000
C 0.643501
O 0.000000 0.000000 0.000000
C 0.643501
O 0.000000 0.000000 0.000000
C 0.648996
O 0.000000 0.000000 0.000000
C 0.661043
O 0.000000 0.000000 0.000000
C 0.626743
O 0.000000 0.000000 0.000000
C 0.665969
O 0.000233 0.290000 0.001606
C 0.670522
O 0.000000 0.000000 0.000000
C 0.602287
O 0.000233 0.290000 0.001606
C 0.601074
O 0.001082 0.579999 0.003732
C 0.745420
O 0.003842 0.869989 0.008833
O 0.012134 1.159915 0.020921
C 0.785398
C 0.809784
O 0.018428 1.159805 0.031775
C 0.865228
O 0.024236 1.159662 0.041792
C 0.900275
O 0.016779 0.869784 0.038576
C 0.921801
O 0.033619 1.159350 0.057979
C 1.054566
O 0.034001 1.159335 0.058639
C 1.152572
O 0.054313 1.448643 0.074949
C 1.543026
O 0.036687 1.159226 0.063275
C 1.597817
O 0.036687 1.159226 0.063275
C 1.757776
O 0.036687 1.159226 0.063275
C 1.901094
O 0.020640 0.869673 0.047456
C 1.779819
O 0.008982 0.579907 0.030973
C 2.174546
O 0.001771 0.289993 0.012211
C 1.919567
O 0.003899 0.579983 0.013445
C 2.203545
O 0.001236 0.579998 0.004261
C 2.034444
O 0.001275 0.869999 0.002931
C 2.377468
O 0.005310 0.869978 0.012208
C 2.312744
O 0.004786 0.579974 0.016505
C 2.208345
O 0.007176 0.579941 0.024744
C 2.457883
O 0.020423 0.869680 0.046958
C 2.356194
O 0.009078 0.579905 0.031305
C 2.761086
O 0.008120 0.579924 0.028003
C 2.562518
O 0.007269 0.579939 0.025068
C 2.766322
O 0.005693 0.579963 0.019630
C 2.627141
O 0.008575 0.869944 0.019714
C 2.711830
O 0.013162 1.159900 0.022694
C 2.838708
O 0.016298 1.159847 0.028103
C 2.912361
O 0.012192 0.869886 0.028029
C 3.084512
O 0.014883 0.869830 0.034217
C 3.082837
O 0.015302 0.869821 0.035181
C -3.108272
O 0.012602 0.869878 0.028972
C -2.976444
O 0.008575 0.869944 0.019714
C -3.020969
O 0.010107 1.159941 0.017426
C -2.819842
O 0.006831 1.159973 0.011777
C -2.903757
O 0.003428 1.159993 0.005910
C -2.875341
O 0.002669 1.449997 0.003682
C -2.798569
O 0.002840 1.159995 0.004897
C -2.936197
O 0.005252 1.159984 0.009056
C -2.872425
O 0.003842 0.869989 0.008833
C -2.720173
O 0.007152 1.159971 0.012331
C -2.829551
O 0.003484 0.869991 0.008010
C -2.690140
O 0.004635 1.159988 0.007991
C -2.626044
O 0.001435 0.869998 0.003300
C -2.746802
O 0.000659 1.160000 0.001136
C -2.647651
O 0.000910 1.160000 0.001570
C -2.562518
O 0.004026 1.159991 0.006942
C -2.677945
O 0.004754 0.869983 0.010928
C -2.582993
O 0.007987 0.869951 0.018362
C -2.582993
O 0.010567 0.869914 0.024294
C -2.561590
O 0.004340 0.579978 0.014966
C -2.521343
O 0.002779 0.579991 0.009582
C -2.514850
O 0.003130 0.869992 0.007195
C -2.356194
O 0.000857 0.579999 0.002955
C -2.439336
O 0.003132 1.159994 0.005401
C -2.471071
O 0.002780 0.869994 0.006391
C -2.419938
O 0.004939 0.869981 0.011353
C -2.261243
O 0.005497 0.869977 0.012638
C -2.256526
O 0.006194 1.159978 0.010679
C -2.240435
O 0.000638 0.580000 0.002200
C -2.253113
O 0.000658 0.870000 0.001513
C -2.292451
O -0.000108 0.870000 -0.000248
C -2.312744
O -0.000512 0.870000 -0.001177
C -2.276365
O 0.000371 0.870000 0.000852
C -2.209116
O 0.001313 0.579998 0.004528
C -2.174546
O 0.003899 0.579983 0.013445
C -2.284887
O 0.007741 0.579931 0.026695
C -1.992216
O 0.009174 0.579903 0.031638
C -2.034444
O 0.009174 0.579903 0.031638
C -1.910089
O 0.002294 0.289988 0.015819
C -1.823351
O 0.002294 0.289988 0.015819
C -1.965587
O 0.008789 0.579911 0.030310
C -1.808632
O 0.017842 0.869756 0.041022
C -1.809406
O 0.007930 0.579928 0.027348
C -1.446441
O 0.018484 0.869738 0.042498
C -1.438245
O 0.018270 0.869744 0.042005
C -1.597817
O 0.015512 0.869816 0.035664
C -1.432790
O 0.008575 0.869944 0.019714
C -1.249046
O 0.004635 1.159988 0.007991
C -1.201463
O 0.001985 1.159998 0.003423
C -1.249046
O 0.002840 1.159995 0.004897
C -1.161888
O 0.003130 0.869992 0.007195
C -1.249046
O 0.012134 1.159915 0.020921
C -1.346085
O 0.011174 0.869904 0.025688
C -1.446441
O 0.006152 0.579956 0.021214
C -1.019141
O 0.016144 0.869800 0.037117
C -1.025141
O 0.007646 0.579933 0.026368
C -1.229817
O 0.013634 0.869858 0.031344
C -0.946773
O 0.007792 0.869953 0.017914
C -0.762147
O 0.000931 0.579999 0.003212
C -0.934288
O -0.003725 1.159992 -0.006423
C -0.885067
O -0.004204 0.869986 -0.009665
C -0.890275
O -0.003132 1.159994 -0.005401
C -0.741947
O 0.000658 0.870000 0.001513
C -0.763180
O 0.006194 1.159978 0.010679
C -0.811034
O 0.009965 0.869924 0.022909
C -0.785398
O 0.018270 0.869744 0.042005
C -0.598419
O 0.020640 0.869673 0.047456
C -0.310998
O 0.009174 0.579903 0.031638
C -0.600050
O 0.007363 0.579938 0.025393
C -0.258771
O 0.004966 0.579972 0.017125
C -0.298499
O 0.003899 0.579983 0.013445
C -0.029403
O 0.008773 0.869941 0.020167
C -0.034469
O 0.012602 0.869878 0.028972
C -0.119429
O 0.020640 0.869673 0.047456
C 0.147078
O 0.036687 1.159226 0.063275
C 0.386876
O 0.020640 0.869673 0.047456
C 0.412410
O 0.017629 0.869762 0.040532
C 0.515549
O 0.013220 0.869866 0.030393
C 0.761013
O 0.004163 0.579980 0.014356
C 0.614663
O 0.006063 0.869972 0.013937
C 0.623199
O 0.006634 0.869966 0.015250
C 0.972377
O 0.004518 0.579977 0.015580
C 0.865228
O 0.005693 0.579963 0.019630
C 0.933248
O 0.016355 0.869795 0.037602
C 0.921801
O 0.008693 0.579913 0.029980
C 0.932477
O 0.008311 0.579921 0.028661
C 1.229817
O 0.005601 0.579964 0.019315
C 1.107149
O 0.001628 0.579997 0.005613
C 1.238737
O -0.001598 0.869998 -0.003673
C 1.009633
O -0.001788 0.579996 -0.006165
C 1.155304
O -0.004387 0.869985 -0.010084
C 1.184914
O -0.000931 0.579999 -0.003212
C 1.048393
O 0.000235 0.870000 0.000540
C 1.120135
O 0.000165 0.580000 0.000568
C 1.004067
O 0.000000 0.580000 0.000000
C 1.107149
O 0.000108 0.870000 0.000248
C 1.107149
O -0.000041 0.290000 -0.000284
C 1.107149
O -0.001391 0.579998 -0.004797
C 0.968509
O -0.006634 0.869966 -0.015250
C 1.025932
O -0.003899 0.579983 -0.013445
C 1.120135
O -0.003637 0.579985 -0.012541
C 0.997830
O -0.002277 0.579994 -0.007853
C 1.055247
O -0.000233 0.290000 -0.001606
C 0.927295
O -0.000427 0.580000 -0.001473
C 0.836202
O -0.000567 0.580000 -0.001954
C 1.012197
O -0.000710 0.579999 -0.002449
C 0.936774
O -0.001082 0.579999 -0.003732
C 1.149377
O -0.000487 0.289999 -0.003361
C 0.927295
O -0.002948 0.579990 -0.010167
C 0.975386
O -0.003724 0.579984 -0.012842
C 0.867183
O -0.004252 0.579979 -0.014661
C 0.836202
O -0.001130 0.289997 -0.007790
C 0.947597
O -0.004340 0.579978 -0.014966
C 0.802346
O -0.003899 0.579983 -0.013445
C 0.823841
O -0.002443 0.579993 -0.008425
C 0.605545
O 0.000228 0.580000 0.000785
C 0.643501
O 0.005237 0.579968 0.018060
C 0.565149
O 0.001309 0.289996 0.009030
C 0.716542
O 0.001378 0.289996 0.009500
C 0.805803
O 0.001174 0.289997 0.008098
C 0.748378
O 0.000467 0.289999 0.003222
C 0.753151
O -0.000196 0.290000 -0.001350
C 0.805803
O -0.000674 0.289999 -0.004646
C 0.711459
O -0.000674 0.289999 -0.004646
C 0.643501
O -0.003377 0.579987 -0.011644
C 0.643501
O -0.000737 0.289999 -0.005083
C 0.687671
O -0.000271 0.290000 -0.001866
C 0.601074
O 0.000178 0.290000 0.001224
C 0.654083
O 0.000387 0.290000 0.002670
C 0.648996
O 0.000000 0.000000 0.000000
C 0.670522
O 0.000000 0.000000 0.000000
C 0.708626
O 0.000000 0.000000 0.000000
C 0.691337
O 0.000000 0.000000 0.000000
C 0.654083
O 0.000000 0.000000 0.000000
C 0.670522
O 0.000000 0.000000 0.000000
C 0.691337
O 0.000000 0.000000 0.000000
C 0.708626
O 0.000000 0.000000 0.000000
C 0.765793
O 0.000000 0.000000 0.000000
C 0.708626
O 0.000000 0.000000 0.000000
C 0.708626
O 0.000000 0.000000 0.000000
C 0.674741
O 0.000000 0.000000 0.000000
C 0.670522
O 0.000000 0.000000 0.000000
C 0.691337
O 0.000000 0.000000 0.000000
C 0.705568
O 0.000000 0.000000 0.000000
C 0.670522
O 0.000000 0.000000 0.000000
C 0.687671
O 0.000000 0.000000 0.000000
C 0.670522
O 0.000000 0.000000 0.000000
C 0.691337
O 0.000000 0.000000 0.000000
C 0.726642
O 0.000000 0.000000 0.000000
C 0.708626
O 0.000000 0.000000 0.000000
C 0.746956
O 0.000000 0.000000 0.000000
C 0.726642
O 0.000000 0.000000 0.000000
C 0.691337
O 0.000000 0.000000 0.000000
C 0.708626
O 0.000000 0.000000 0.000000
C 0.726642
O 0.000000 0.000000 0.000000
C 0.765793
O 0.000000 0.000000 0.000000
C 0.708626
O 0.000000 0.000000 0.000000
C 0.726642
O 0.000000 0.000000 0.000000
C 0.708626
O 0.000000 0.000000 0.000000
C 0.711459
O 0.000000 0.000000 0.000000
C 0.691337
O 0.000000 0.000000 0.000000
C 0.691337
O 0.000000 0.000000 0.000000
C 0.670522
O 0.000000 0.000000 0.000000
C 0.674741
O 0.000000 0.000000 0.000000
C 0.726642
O 0.000000 0.000000 0.000000
C 0.705568
O 0.000000 0.000000 0.000000
C 0.691337
O 0.000000 0.000000 0.000000
C 0.728855
O 0.000000 0.000000 0.000000
C 0.708626
O 0.000000 0.000000 0.000000
C 0.691337
O 0.000000 0.000000 0.000000
C 0.670522
O 0.000000 0.000000 0.000000
C 0.728855
O 0.000000 0.000000 0.000000
C 0.726642
O 0.000000 0.000000 0.000000
C 0.670522
O 0.000000 0.000000 0.000000
C 0.708626
O 0.000000 0.000000 0.000000
C 0.705568
O 0.000000 0.000000 0.000000
C 0.711459
O 0.000000 0.000000 0.000000
C 0.708626
O 0.000000 0.000000 0.000000
