O 0.000000 0.000000 0.000000
C 0.648332
O 0.000000 0.000000 0.000000
C 0.736257
G 0.000000 0.000000
O 0.000000 0.000000 0.000000
C 0.703614
O 0.000000 0.000000 0.000000
C 0.657075
O 0.000000 0.000000 0.000000
C 0.703614
O 0.000000 0.000000 0.000000
C 0.700854
O 0.000000 0.000000 0.000000
C 0.652847
G 0.000000 0.000000
O 0.000000 0.000000 0.000000
C 0.703614
O 0.000000 0.000000 0.000000
C 0.667306
O 0.000000 0.000000 0.000000
C 0.652847
O 0.000000 0.000000 0.000000
C 0.703614
O 0.000000 0.000000 0.000000
C 0.734594
G 0.000000 0.000000
O 0.000000 0.000000 0.000000
C 0.720971
O 0.000000 0.000000 0.000000
C 0.685730
O 0.000000 0.000000 0.000000
C 0.671144
O 0.000000 0.000000 0.000000
C 0.703614
O 0.000000 0.000000 0.000000
C 0.652847
G 0.000000 0.000000
O 0.000000 0.000000 0.000000
C 0.703614
O 0.000000 0.000000 0.000000
C 0.685730
O 0.000000 0.000000 0.000000
C 0.703614
O 0.000000 0.000000 0.000000
C 0.648332
O 0.000000 0.000000 0.000000
C 0.657075
O 0.000000 0.000000 0.000000
C 0.703614
O 0.000000 0.000000 0.000000
G 0.000000 0.000000
C 0.703614
O 0.000000 0.000000 0.000000
G 35.261780 -120.695542
C 0.667306
O 0.000000 0.000000 0.000000
C 0.718830
O 0.000000 0.000000 0.000000
C 0.685730
O 0.000000 0.000000 0.000000
G 35.261703 -120.695610
C 0.671144
O 0.000000 0.000000 0.000000
C 0.671144
O 0.000000 0.000000 0.000000
C 0.685730
O 0.000000 0.000000 0.000000
C 0.703614
O 0.000000 0.000000 -0.000000
C 0.716542
G 35.261703 -120.695610
O 0.000000 0.000000 -0.000000
C 0.716542
O 0.000000 0.000000 0.000000
C 0.671144
O 0.000000 0.000000 0.000000
C 0.718830
O 0.000000 0.000000 0.000000
C 0.685730
O 0.000000 0.000000 0.000000
C 0.716542
O 0.000000 0.000000 0.000000
G 35.261703 -120.695610
C 0.734594
O 0.000000 0.000000 0.000000
C 0.671144
O 0.000000 0.000000 -0.000000
C 0.703614
O 0.000000 0.000000 -0.000000
C 0.685730
O 0.000000 0.000000 -0.000000
C 0.685730
G 35.261703 -120.695610
O 0.000000 0.000000 -0.000000
C 0.685730
O 0.000000 0.000000 -0.000000
C 0.634023
O 0.000000 0.000000 -0.000000
C 0.736257
O 0.000000 0.000000 -0.000000
C 0.685730
O 0.000000 0.000000 -0.000000
C 0.667306
O 0.000000 0.000000 -0.000000
C 0.667306
O 0.000000 0.000000 -0.000000
G 35.261703 -120.695610
C 0.703614
G 35.261713 -120.695535
O 0.000000 0.000000 -0.000000
C 0.700854
O 0.000000 0.000000 -0.000000
C 0.667306
O 0.000000 0.000000 -0.000000
C 0.634023
O 0.000000 0.000000 -0.000000
G 35.261688 -120.695543
C 0.657075
O 0.000000 0.000000 0.000000
C 0.703614
O 0.000000 0.000000 -0.000000
C 0.700854
O 0.000000 0.000000 -0.000000
C 0.667306
O 0.000000 0.000000 0.000000
C 0.703614
O 0.000000 0.000000 0.000000
G 35.261643 -120.695548
C 0.685730
O 0.000000 0.000000 0.000000
C 0.685730
O 0.000000 0.000000 0.000000
C 0.685730
O 0.000000 0.000000 0.000000
C 0.685730
O 0.000000 0.000000 0.000000
C 0.736257
G 35.261612 -120.695545
O 0.000000 0.000000 0.000000
C 0.703614
O 0.000000 0.000000 0.000000
C 0.703614
O 0.000000 0.000000 0.000000
C 0.638914
O 0.000000 0.000000 0.000000
C 0.671144
O 0.000000 0.000000 0.000000
C 0.671144
G 35.261612 -120.695545
O 0.000000 0.000000 0.000000
C 0.674741
O 0.000000 0.000000 0.000000
O 0.000000 0.000000 0.000000
O 0.000000 0.000000 0.000000
O 0.000000 0.000000 0.000000
C 0.703614
C 0.718830
C 0.700854
C 0.734594
O 0.000000 0.000000 0.000000
C 0.767856
O 0.000000 0.000000 0.000000
G 35.261612 -120.695545
C 0.734594
O 0.000000 0.000000 0.000000
G 35.261612 -120.695545
C 0.697903
O 0.000000 0.000000 0.000000
C 0.767218
O 0.000000 0.000000 0.000000
C 0.734594
G 35.261612 -120.695545
O 0.000000 0.000000 0.000000
C 0.802346
O 0.377641 0.440213 0.003732
C 0.834539
O 0.951810 1.093867 0.008677
C 0.752077
O 0.766890 0.870333 0.002477
C 0.844154
O 0.579151 0.649218 0.002209
C 0.822418
G 35.261612 -120.695545
O 0.389447 0.429802 0.006165
C 0.862170
O 0.197072 0.212750 0.005378
C 0.865228
O 0.400169 0.419834 0.013143
C 0.749699
O 0.612255 0.618059 0.027090
C 1.015303
O 0.423480 0.396291 0.025393
C 1.161888
G 35.261612 -120.695545
O 0.894744 0.737959 0.063275
C 1.017502
O 0.704074 0.510919 0.047456
C 1.185639
O 0.984000 0.613919 0.063275
C 1.319106
O 1.294579 0.652280 0.079094
C 1.418147
O 0.536559 0.220173 0.031638
C 1.455037
G 35.261612 -120.695545
O 0.823131 0.281450 0.047456
C 1.801887
O 0.562429 0.141584 0.031638
C 1.716809
O 0.570081 0.106677 0.031638
C 2.083186
O 0.577094 0.057746 0.031638
C 1.975688
O 0.869706 0.019234 0.047456
C 1.910089
O 0.868731 -0.045435 0.047456
C 2.292451
O 0.859869 -0.131844 0.047456
G 35.261612 -120.695545
C 2.539305
O 1.134925 -0.238949 0.063275
G 35.261612 -120.695545
C 2.677945
O 1.094885 -0.382594 0.063275
C 2.749253
O 0.998685 -0.589752 0.061283
C 2.912361
G 35.261612 -120.695545
O 0.692292 -0.526851 0.030868
C 3.141593
O 0.843687 -0.796092 0.016277
C 3.070285
O 0.781453 -0.857281 -0.002477
C 3.141593
O 0.728744 -0.902494 -0.018003
C -3.104573
O 0.339010 -0.470605 -0.011347
C 3.082837
G 35.261612 -120.695545
O 0.478052 -0.726884 -0.009248
C 3.115283
O 0.591501 -0.997861 -0.000330
C -3.039386
O 0.529239 -1.032233 0.003423
C 3.068552
O 0.363641 -0.790356 0.005598
C 2.889038
O 0.343046 -0.799505 0.013069
C 2.981679
G 35.261612 -120.695545
O 0.312962 -0.811749 0.017021
C 3.141593
O 0.183139 -0.550325 0.009874
C 2.937575
O 0.171890 -0.553941 0.010755
C 3.030936
O 0.156036 -0.558612 0.014051
C 2.994514
O 0.142012 -0.562339 0.015888
C -3.113029
G 35.261612 -120.695545
O 0.177274 -0.851726 0.023831
C -3.087591
O 0.139873 -0.858665 0.021991
C 3.108272
O 0.114133 -0.862469 0.017914
C -3.064821
O 0.085422 -0.865789 0.014373
C -2.889903
O 0.047879 -0.868675 0.013069
C -2.902983
O 0.013350 -0.869888 0.016576
C -2.878598
O -0.023090 -0.869679 0.020167
G 35.261612 -120.695545
C -2.753274
G 35.261612 -120.695545
O -0.041415 -0.868996 0.021991
C -2.726100
O -0.112471 -0.862679 0.023370
C -2.740364
O -0.151423 -0.856704 0.021533
C -2.587285
G 35.261612 -120.695545
O -0.195348 -0.847775 0.016576
C -2.480550
O -0.318643 -1.115370 0.011777
C -2.586099
O -0.264402 -0.828849 0.000000
C -2.524401
O -0.285127 -0.821949 -0.005598
C -2.451146
O -0.307856 -0.813710 -0.003673
C -2.536048
G 35.261612 -120.695545
O -0.325188 -0.806940 0.002209
C -2.561590
O -0.228238 -0.533204 0.005340
C -2.568626
O -0.360859 -0.791626 0.012208
C -2.483704
O -0.386042 -0.779655 0.012638
C -2.480550
O -0.406829 -0.769017 0.006792
C -2.518393
G 35.261612 -120.695545
O -0.418738 -0.762600 0.000852
C -2.417343
O -0.433686 -0.754199 -0.000540
C -2.403778
O -0.597440 -0.994316 0.000720
C -2.442933
O -0.459772 -0.738586 0.002209
C -2.378413
O -0.316685 -0.485912 0.002200
C -2.410686
G 35.261612 -120.695545
O -0.487266 -0.720743 0.004817
C -2.425849
O -0.491586 -0.717802 0.007195
C -2.450256
O -0.339078 -0.470559 0.006165
C -2.391894
O -0.521096 -0.696674 0.008420
C -2.194819
O -0.544883 -0.678231 0.008833
C -2.394637
O -0.369961 -0.446684 0.009582
C -2.319174
O -0.380248 -0.437955 0.015580
G 35.261612 -120.695545
C -2.241318
O -0.388100 -0.431006 0.020579
G 35.261612 -120.695545
C -2.151553
O -0.411623 -0.408595 0.024098
C -2.074962
O -0.430391 -0.388771 0.027348
C -2.096863
G 35.261612 -120.695545
O -0.675324 -0.548360 0.046958
C -2.005466
O -0.709679 -0.503104 0.047456
C -1.834760
O -0.745167 -0.448870 0.047456
C -1.884417
O -0.512944 -0.270666 0.031638
C -1.601090
O -0.797816 -0.346767 0.047456
C -1.480136
G 35.261612 -120.695545
O -0.547665 -0.190915 0.022491
C -1.623379
O -0.833120 -0.250573 0.019714
C -1.424784
O -0.845087 -0.206679 0.013937
C -1.332960
O -0.569663 -0.109003 0.008713
C -1.428899
O -0.860308 -0.129428 0.017021
C -1.222025
G 35.261612 -120.695545
O -0.866641 -0.076120 0.024758
C -1.424784
O -0.869184 -0.037014 0.028029
C -1.460139
O -0.579974 -0.004718 0.017125
C -1.094329
O -0.868869 0.044033 0.021077
C -1.132460
O -0.577237 0.056521 0.009292
C -1.510264
G 35.261612 -120.695545
O -0.865441 0.088933 0.007195
C -1.201463
O -0.862630 0.113000 0.004432
C -1.055247
O -0.857711 0.145700 0.006792
C -1.288241
O -0.569859 0.107966 0.012241
C -1.122073
O -0.846493 0.200667 0.036147
C -0.957589
O -0.830585 0.258695 0.041022
C -1.063698
O -0.816138 0.301261 0.030868
G 35.261612 -120.695545
C -0.761013
G 35.261612 -120.695545
O -0.539687 0.212447 0.011942
C -0.785398
O -0.522022 0.252771 0.002700
C -0.919720
O -0.776911 0.391545 -0.003673
C -0.669639
G 35.261612 -120.695545
O -0.763922 0.416319 -0.004817
C -0.732815
O -0.752853 0.436018 -0.000852
C -0.970746
O -0.749734 0.441359 0.002209
C -0.972377
O -0.745328 0.448758 0.006391
C -0.624023
O -0.724668 0.481400 0.013069
C -0.447520
G 35.261612 -120.695545
O -0.693338 0.525508 0.019262
C -0.812419
O -0.678233 0.544862 0.019714
C -0.554308
O -0.435880 0.382630 0.009874
C -0.374334
O -0.623567 0.606675 0.012208
C -0.446106
O -0.596285 0.633504 0.016133
C -0.394791
G 35.261612 -120.695545
O -0.377544 0.440288 0.015580
C -0.332059
O -0.355628 0.458168 0.019630
C -0.410127
O -0.335191 0.473312 0.028332
C -0.197396
O -0.154335 0.245518 0.015819
C 0.000000
O -0.275229 0.510511 0.031638
C -0.076772
G 35.261612 -120.695545
O -0.242743 0.526733 0.031638
C 0.049958
O -0.206768 0.541866 0.031638
C 0.114877
O -0.170077 0.554478 0.031638
C 0.312901
O -0.127120 0.565873 0.031638
C 0.404892
O -0.082868 0.574025 0.031638
C 0.463648
O -0.039039 0.578660 0.031638
C 0.478352
O 0.002270 0.579971 0.031638
G 35.261612 -120.695545
C 0.528074
G 35.261612 -120.695545
O 0.042477 0.578419 0.031305
C 0.807617
O 0.143883 0.857937 0.047456
C 0.920926
O 0.149740 0.560314 0.030310
C 0.849141
G 35.261612 -120.695545
O 0.186714 0.549119 0.015580
C 1.063698
O 0.220260 0.536550 -0.002449
C 0.975386
O 0.358179 0.792837 -0.016576
C 1.078987
O 0.388636 0.778368 -0.008833
C 0.906750
O 0.275240 0.510532 0.000360
C 0.849141
G 35.261612 -120.695545
O 0.290851 0.501801 0.005613
C 0.933248
O 0.312173 0.488815 0.017436
C 0.927295
O 0.336783 0.472176 0.030973
C 1.051650
O 0.554201 0.670536 0.047456
C 0.953605
O 0.393056 0.426488 0.022811
C 1.348714
G 35.261612 -120.695545
O 0.419697 0.400312 0.013748
C 1.209067
O 0.436028 0.382462 0.009002
C 1.319106
O 0.452061 0.363373 0.005889
C 1.118018
O 0.689527 0.530520 0.002931
C 1.155304
O 0.699770 0.516935 -0.001177
C 1.420425
G 35.261612 -120.695545
O 0.718425 0.490679 -0.002567
C 1.292497
C 1.039072
O 0.729119 0.474641 -0.005598
O 0.485585 0.317183 -0.008713
C 1.267911
O 0.732766 0.468977 -0.015250
C 1.332960
O 0.738887 0.459275 -0.014373
C 1.063698
O 0.489799 0.310632 -0.013143
C 1.239700
O 0.491275 0.308288 -0.016815
G 35.261612 -120.695545
C 0.989416
G 35.261612 -120.695545
O 0.485848 0.316772 -0.015888
C 1.238737
O 0.244244 0.156347 -0.007790
C 1.012197
O 0.484757 0.318435 -0.018060
C 1.173717
G 35.261612 -120.695545
O 0.483162 0.320846 -0.021214
C 1.022247
O 0.477132 0.329742 -0.023132
C 1.082462
O 0.237382 0.166580 -0.010448
C 1.055247
O 0.472713 0.336058 -0.016505
C 0.885067
O 0.233678 0.171739 -0.006421
C 0.960070
G 35.261612 -120.695545
O 0.465482 0.346012 -0.008139
C 0.830144
O 0.230738 0.175670 -0.001100
C 0.813962
O 0.229372 0.177450 0.000083
C 0.859887
O 0.228750 0.178251 -0.000083
C 0.851966
O 0.000000 0.000000 -0.000000
C 0.816638
G 35.261612 -120.695545
O 0.454195 0.360703 -0.000165
C 0.715092
O 0.224976 0.182991 -0.000083
C 0.714091
O 0.445932 0.370871 -0.000360
C 0.581380
O 0.438807 0.379273 -0.000360
C 0.553294
O 0.431179 0.387923 -0.000165
C 0.574305
G 35.261612 -120.695545
O 0.212166 0.197701 -0.000180
C 0.608689
O 0.418771 0.401287 -0.000568
C 0.702257
O 0.415710 0.404456 -0.001009
C 0.574305
O 0.204589 0.205531 -0.001224
C 0.664046
O 0.404591 0.415578 -0.005613
C 0.509592
O 0.394005 0.425625 -0.010461
C 0.620250
G 35.261612 -120.695545
O 0.385181 0.433624 -0.014356
C 0.617191
G 35.261612 -120.695545
O 0.375395 0.442121 -0.016505
C 0.616297
O 0.365391 0.450423 -0.017436
C 0.530216
O 0.352811 0.460342 -0.018060
C 0.463648
G 35.261612 -120.695545
O 0.338804 0.470749 -0.016815
C 0.330297
O 0.321527 0.482715 -0.015580
C 0.351445
O 0.306280 0.492531 -0.014661
C 0.294235
O 0.290962 0.501735 -0.010755
C 0.266252
O 0.278778 0.508608 -0.001238
C 0.222082
G 35.261612 -120.695545
O 0.271775 0.512380 0.013748
C 0.209023
O 0.134329 0.257010 0.015155
C 0.218669
O 0.000000 0.000000 0.000000
C 0.252554
O 0.129810 0.259322 0.015819
C 0.258771
O 0.000000 0.000000 0.000000
C 0.258771
G 35.261612 -120.695545
O 0.000000 0.000000 0.000000
C 0.329624
O 0.125568 0.261402 0.015819
C 0.355636
O 0.128230 0.260106 0.015819
C 0.514451
O 0.270109 0.513238 0.031638
C 0.526066
O 0.286878 0.504057 0.031305
C 0.579074
G 35.261612 -120.695545
O 0.149538 0.248470 0.011888
C 0.637549
O 0.307010 0.492079 0.009582
C 0.580756
O 0.000000 0.000000 0.000000
C 0.588003
O 0.000000 0.000000 0.000000
C 0.544864
O 0.000000 0.000000 0.000000
C 0.588003
O 0.000000 0.000000 0.000000
C 0.553294
G 35.261612 -120.695545
O 0.000000 0.000000 0.000000
C 0.531724
G 35.261612 -120.695545
O 0.000000 0.000000 0.000000
C 0.566729
O 0.000000 0.000000 0.000000
C 0.531724
O 0.000000 0.000000 0.000000
C 0.553294
G 35.261612 -120.695545
O 0.000000 0.000000 0.000000
C 0.588003
O 0.000000 0.000000 0.000000
C 0.574305
O 0.000000 0.000000 0.000000
C 0.531724
O 0.000000 0.000000 0.000000
C 0.549853
O 0.000000 0.000000 0.000000
C 0.616297
G 35.261612 -120.695545
O -0.309595 -0.490460 -0.000568
C 0.626743
O -0.310228 -0.490060 -0.000360
C 0.655696
O -0.311088 -0.489514 0.000000
C 0.602287
O -0.155700 -0.244658 0.000180
C 0.588003
O -0.155889 -0.244537 0.000856
C 0.607802
G 35.261612 -120.695545
O -0.156343 -0.244248 0.002130
C 0.569313
O 0.000000 0.000000 -0.000000
C 0.519146
O -0.156935 -0.243868 0.003361
C 0.545655
O 0.000000 0.000000 -0.000000
C 0.549853
O -0.157765 -0.243331 0.003784
C 0.489957
G 35.261612 -120.695545
O -0.158678 -0.242737 0.003784
C 0.636508
C 0.732815
C 0.626743
C 0.617191
O -0.159561 -0.242157 0.003502
O -0.159561 -0.242157 0.003502
O -0.159613 -0.242123 0.003927
O -0.159717 -0.242054 0.004791
C 0.741947
O -0.162955 -0.239887 0.005230
C 0.718830
O -0.163157 -0.239749 0.005230
G 35.261612 -120.695545
C 0.658806
G 35.261612 -120.695545
O -0.164092 -0.239110 0.005083
C 0.608689
O 0.000000 0.000000 -0.000000
C 0.665969
O -0.164952 -0.238518 0.005525
C 0.679414
G 0.000000 0.000000
O 0.000000 0.000000 -0.000000
C 0.712358
O 0.000000 0.000000 -0.000000
C 0.712358
O -0.164189 -0.239044 0.005525
C 0.785398
O 0.000000 0.000000 -0.000000
C 0.712358
O 0.000000 0.000000 -0.000000
C 0.785398
G 0.000000 0.000000
O 0.000000 0.000000 -0.000000
C 0.737815
O 0.000000 0.000000 -0.000000
C 0.762147
O 0.000000 0.000000 -0.000000
C 0.785398
O -0.155889 -0.244537 0.006121
C 0.698660
O 0.000000 0.000000 -0.000000
C 0.683709
G 0.000000 0.000000
O -0.154370 -0.245499 0.005674
C 0.746956
O -0.307817 -0.491574 0.011051
C 0.946773
O -0.149705 -0.248371 0.005230
C 0.785398
O -0.293540 -0.500233 0.006723
C 0.856706
O -0.281306 -0.507215 0.000568
C 0.750929
G 0.000000 0.000000
O -0.399082 -0.773063 -0.010505
C 0.887087
O -0.232352 -0.531419 -0.014966
C 0.801270
O -0.096796 -0.273368 -0.010289
C 0.879459
O 0.000000 0.000000 0.000000
C 0.916714
O 0.000000 0.000000 0.000000
C 0.916714
O 0.000000 0.000000 0.000000
C 0.876058
G 0.000000 0.000000
O 0.000000 0.000000 0.000000
C 0.916714
G 35.261612 -120.695545
O 0.000000 0.000000 0.000000
C 0.900275
O 0.000000 0.000000 0.000000
C 0.879459
O 0.000000 0.000000 0.000000
C 0.916714
G 35.261612 -120.695545
O 0.000000 0.000000 0.000000
C 0.916714
O 0.000000 0.000000 0.000000
C 0.921801
O 0.000000 0.000000 0.000000
C 0.879459
O -0.233478 -0.172011 -0.005525
C 0.921801
O 0.000000 0.000000 0.000000
C 0.879459
G 35.261612 -120.695545
O 0.000000 0.000000 0.000000
C 0.938047
O 0.000000 0.000000 0.000000
C 0.883125
O 0.000000 0.000000 0.000000
C 0.916714
O 0.000000 0.000000 0.000000
C 0.907593
O -0.230059 -0.176558 -0.004791
C 0.785398
G 35.261612 -120.695545
O -0.227279 -0.180122 -0.004646
C 0.737815
O -0.447598 -0.368854 -0.009292
C 0.746956
O -0.441140 -0.376555 -0.008425
C 0.671144
O -0.217543 -0.191768 -0.002264
C 0.711459
O 0.000000 0.000000 0.000000
C 0.745420
G 35.261612 -120.695545
O 0.000000 0.000000 -0.000000
C 0.724250
O 0.000000 0.000000 -0.000000
C 0.764993
O 0.000000 0.000000 -0.000000
C 0.745420
O 0.000000 0.000000 0.000000
C 0.765793
O 0.000000 0.000000 0.000000
C 0.705568
O 0.000000 0.000000 0.000000
C 0.705568
G 35.261612 -120.695545
O 0.000000 0.000000 0.000000
C 0.728855
G 35.261612 -120.695545
O 0.000000 0.000000 0.000000
C 0.714091
O 0.000000 0.000000 0.000000
C 0.588003
O 0.000000 0.000000 0.000000
C 0.606988
G 35.261612 -120.695545
O 0.206851 0.203255 0.001735
C 0.694738
O 0.206456 0.203657 0.001224
C 0.711459
O 0.412228 0.408005 0.001238
C 0.681298
O 0.410691 0.409552 0.000000
C 0.765793
O 0.410108 0.410135 -0.001009
G 35.261612 -120.695545
C 0.700854
O 0.409550 0.410693 -0.001711
C 0.763180
O 0.406980 0.413240 -0.001238
C 0.620250
O 0.201614 0.208451 -0.000180
C 0.711459
O 0.000000 0.000000 0.000000
C 0.746956
O 0.000000 0.000000 0.000000
G 35.261612 -120.695545
C 0.694738
O 0.000000 0.000000 0.000000
C 0.643501
O -0.397736 -0.422144 -0.000568
C 0.763180
O -0.198853 -0.211087 -0.000180
C 0.694738
O -0.198364 -0.211546 -0.000284
C 0.700854
O 0.000000 0.000000 0.000000
G 35.261612 -120.695545
C 0.685730
O 0.000000 0.000000 0.000000
C 0.682317
O 0.000000 0.000000 0.000000
C 0.703614
O 0.000000 0.000000 0.000000
C 0.714091
O 0.000000 0.000000 0.000000
C 0.724250
O 0.393527 0.426071 0.001473
C 0.726642
O 0.393891 0.425735 0.001473
C 0.678662
G 35.261612 -120.695545
O 0.196659 0.213132 0.000736
C 0.785398
G 35.261612 -120.695545
O 0.197130 0.212696 0.000736
C 0.749699
O 0.000000 0.000000 0.000000
C 0.767856
O 0.000000 0.000000 0.000000
G 35.261612 -120.695545
C 0.682317
O 0.000000 0.000000 0.000000
C 0.734594
O 0.000000 0.000000 0.000000
C 0.767856
O 0.000000 0.000000 0.000000
C 0.749699
O 0.000000 0.000000 0.000000
C 0.750929
O 0.000000 0.000000 0.000000
G 35.261612 -120.695545
C 0.749699
O 0.000000 0.000000 0.000000
C 0.714091
O 0.000000 0.000000 0.000000
C 0.732815
O 0.000000 0.000000 0.000000
C 0.714091
O 0.000000 0.000000 0.000000
C 0.749699
O 0.000000 0.000000 0.000000
G 35.261612 -120.695545
C 0.732815
O 0.000000 0.000000 0.000000
C 0.750929
O 0.000000 0.000000 0.000000
C 0.750929
O 0.000000 0.000000 0.000000
C 0.785398
O 0.000000 0.000000 0.000000
C 0.785398
O 0.000000 0.000000 0.000000
G 35.261612 -120.695545
C 0.804264
O 0.000000 0.000000 0.000000
C 0.805004
O 0.000000 0.000000 0.000000
C 0.785398
O 0.000000 0.000000 0.000000
C 0.764993
O 0.000000 0.000000 0.000000
C 0.745420
O 0.000000 0.000000 0.000000
C 0.728855
O -0.197562 -0.212295 -0.000977
C 0.711459
G 35.261612 -120.695545
O 0.000000 0.000000 0.000000
G 35.261612 -120.695545
C 0.658806
O 0.000000 0.000000 0.000000
C 0.730907
O 0.000000 0.000000 0.000000
C 0.714091
O 0.000000 0.000000 0.000000
G 35.261612 -120.695545
C 0.714091
O 0.000000 0.000000 0.000000
C 0.711459
O 0.000000 0.000000 0.000000
C 0.694738
O 0.000000 0.000000 0.000000
C 0.674741
O 0.000000 0.000000 0.000000
C 0.674741
O 0.000000 0.000000 0.000000
G 35.261612 -120.695545
C 0.678662
O 0.000000 0.000000 0.000000
C 0.620250
O -0.195260 -0.214415 -0.000977
C 0.594214
O 0.000000 0.000000 0.000000
C 0.575425
O 0.000000 0.000000 0.000000
C 0.588003
O 0.000000 0.000000 0.000000
G 35.261612 -120.695545
C 0.575425
O 0.000000 0.000000 0.000000
C 0.588003
O 0.000000 0.000000 0.000000
C 0.606988
O 0.000000 0.000000 0.000000
C 0.667306
O 0.000000 0.000000 0.000000
C 0.634023
O 0.000000 0.000000 0.000000
G 35.261612 -120.695545
C 0.568525
O 0.000000 0.000000 0.000000
C 0.620250
O 0.000000 0.000000 0.000000
C 0.628796
O 0.000000 0.000000 0.000000
C 0.658806
O 0.000000 0.000000 0.000000
C 0.638320
O -0.191303 -0.217952 -0.001100
C 0.711459
O 0.000000 0.000000 0.000000
C 0.632749
G 35.261612 -120.695545
O 0.000000 0.000000 0.000000
G 35.261612 -120.695545
C 0.632749
O 0.000000 0.000000 0.000000
C 0.654083
O 0.000000 0.000000 0.000000
C 0.648996
O 0.000000 0.000000 0.000000
G 35.261612 -120.695545
C 0.632749
O 0.000000 0.000000 0.000000
C 0.698660
O 0.000000 0.000000 0.000000
C 0.763180
O -0.190453 -0.218696 -0.001224
C 0.743756
O -0.190210 -0.218906 -0.001224
C 0.682317
O -0.189933 -0.219147 -0.001224
G 35.261612 -120.695545
C 0.697903
O -0.189664 -0.219380 -0.001224
C 0.766532
O 0.000000 0.000000 0.000000
C 0.748378
O 0.000000 0.000000 0.000000
C 0.746956
O 0.000000 0.000000 0.000000
C 0.766532
O 0.000000 0.000000 0.000000
C 0.766532
G 35.261612 -120.695545
O 0.000000 0.000000 0.000000
C 0.746956
O 0.000000 0.000000 0.000000
C 0.728855
O 0.000000 0.000000 0.000000
C 0.694738
O 0.000000 0.000000 0.000000
C 0.682317
O 0.000000 0.000000 0.000000
G 35.261612 -120.695545
C 0.667306
O 0.189426 0.219586 0.001224
C 0.711459
O 0.189740 0.219314 0.001224
C 0.741947
O 0.379748 0.438396 0.002449
C 0.575425
O 0.190386 0.218754 0.001350
C 0.643501
O 0.000000 0.000000 0.000000
C 0.643501
O 0.000000 0.000000 0.000000
C 0.628796
G 35.261612 -120.695545
O 0.000000 0.000000 0.000000
G 35.261612 -120.695545
C 0.652847
O 0.000000 0.000000 0.000000
C 0.601074
O -0.378797 -0.439218 -0.002700
C 0.763180
O -0.565962 -0.660747 -0.004432
G 35.261612 -120.695545
C 0.694738
O -0.563154 -0.663141 -0.004051
C 0.630401
O -0.561306 -0.664707 -0.003673
C 0.575425
O -0.374135 -0.443196 -0.002449
C 0.724250
O -0.372723 -0.444384 -0.002449
C 0.720971
O -0.371286 -0.445585 -0.002200
C 0.734594
G 35.261612 -120.695545
O 0.000000 0.000000 0.000000
C 0.823841
O -0.183497 -0.224564 -0.000856
C 0.785398
O 0.000000 0.000000 0.000000
C 0.803578
O 0.000000 0.000000 0.000000
C 0.785398
O 0.000000 0.000000 0.000000
C 0.822418
G 35.261612 -120.695545
O 0.000000 0.000000 0.000000
C 0.822418
O 0.000000 0.000000 0.000000
C 0.768451
O 0.172367 0.233216 0.000736
C 0.706199
O 0.171361 0.233956 0.000856
C 0.746956
O 0.169521 0.235293 0.000856
C 0.724250
G 35.261612 -120.695545
O 0.167856 0.236484 0.000736
C 0.648996
O 0.000000 0.000000 0.000000
C 0.588003
O 0.167993 0.236386 0.000736
C 0.601074
O 0.168552 0.235988 0.000736
C 0.711459
O 0.166544 0.237409 0.000736
C 0.658806
O 0.165505 0.238135 0.000736
C 0.617756
G 35.261612 -120.695545
O 0.165396 0.238211 0.000736
C 0.674741
G 35.261612 -120.695545
O 0.163452 0.239549 0.000736
C 0.748378
O 0.158314 0.242975 0.000736
C 0.764993
O 0.150724 0.247754 0.000736
G 35.261612 -120.695545
C 0.746956
O 0.000000 0.000000 0.000000
C 0.716542
O 0.127487 0.260475 0.000736
C 0.648332
O 0.111033 0.267902 0.000736
C 0.665969
O 0.000000 0.000000 0.000000
C 0.661043
O 0.000000 0.000000 0.000000
C 0.741947
G 35.261612 -120.695545
O -0.029865 0.288458 0.000856
C 0.718830
O 0.000000 0.000000 0.000000
C 0.610726
O 0.000000 0.000000 0.000000
C 0.603749
O 0.000000 0.000000 0.000000
C 0.648996
O 0.000000 0.000000 0.000000
G 35.261612 -120.695545
C 0.632749
O 0.000000 0.000000 0.000000
C 0.637549
O 0.000000 0.000000 0.000000
C 0.655696
O 0.000000 0.000000 0.000000
C 0.603749
O 0.000000 0.000000 0.000000
C 0.626743
O 0.000000 0.000000 0.000000
G 35.261612 -120.695545
C 0.620250
O 0.000000 0.000000 0.000000
C 0.661043
O 0.000000 0.000000 0.000000
C 0.643501
O 0.000000 0.000000 0.000000
C 0.665969
O 0.000000 0.000000 0.000000
C 0.665969
O 0.000000 0.000000 0.000000
C 0.603749
O 0.000000 0.000000 0.000000
C 0.620250
G 35.261612 -120.695545
O 0.000000 0.000000 0.000000
G 35.261612 -120.695545
C 0.626743
O 0.000000 0.000000 0.000000
C 0.643501
O 0.000000 0.000000 0.000000
C 0.626743
O 0.000000 0.000000 0.000000
G 0.000000 0.000000
C 0.643501
O 0.000000 0.000000 0.000000
C 0.620250
O 0.000000 0.000000 0.000000
C 0.620250
O 0.000000 0.000000 0.000000
C 0.679414
O 0.000000 0.000000 0.000000
C 0.655696
O 0.000000 0.000000 0.000000
G 0.000000 0.000000
C 0.643501
O 0.000000 0.000000 0.000000
C 0.603749
O 0.000000 0.000000 0.000000
C 0.643501
O 0.000000 0.000000 0.000000
C 0.643501
O 0.000000 0.000000 0.000000
C 0.626743
O 0.000000 0.000000 0.000000
G 0.000000 0.000000
C 0.643501
O 0.000000 0.000000 0.000000
C 0.683709
O 0.000000 0.000000 0.000000
C 0.620250
O 0.000000 0.000000 0.000000
C 0.665969
O 0.000000 0.000000 0.000000
C 0.661043
O 0.000000 0.000000 0.000000
G 0.000000 0.000000
C 0.643501
O 0.000000 0.000000 0.000000
C 0.665969
C 0.643501
C 0.626743
C 0.626743
O 0.000000 0.000000 0.000000
O 0.000000 0.000000 0.000000
O 0.000000 0.000000 0.000000
C 0.665969
O 0.000000 0.000000 0.000000
O 0.000000 0.000000 0.000000
G 0.000000 0.000000
C 0.683709
O 0.000000 0.000000 0.000000
G 35.261612 -120.695545
C 0.661043
O 0.000000 0.000000 0.000000
C 0.626743
O 0.000000 0.000000 0.000000
C 0.661043
O 0.000000 0.000000 0.000000
G 35.261612 -120.695545
C 0.643501
O 0.000000 0.000000 0.000000
C 0.620250
O 0.000000 0.000000 0.000000
C 0.610726
O 0.000000 0.000000 0.000000
C 0.620250
O 0.000000 0.000000 0.000000
C 0.683709
O 0.000000 0.000000 0.000000
G 35.261612 -120.695545
C 0.648996
O 0.000000 0.000000 0.000000
C 0.665969
O 0.000000 0.000000 0.000000
C 0.665969
O 0.000000 0.000000 0.000000
C 0.626743
O 0.000000 0.000000 0.000000
C 0.665969
O 0.000000 0.000000 0.000000
C 0.603749
G 35.261612 -120.695545
O 0.000000 0.000000 0.000000
C 0.643501
O 0.000000 0.000000 0.000000
C 0.683709
O 0.000000 0.000000 0.000000
C 0.643501
O 0.000000 0.000000 0.000000
C 0.626743
O 0.000000 0.000000 0.000000
C 0.626743
G 35.261612 -120.695545
O 0.000000 0.000000 0.000000
C 0.643501
O 0.000000 0.000000 0.000000
C 0.603749
O 0.000000 0.000000 0.000000
C 0.643501
O 0.000000 0.000000 0.000000
C 0.626743
O 0.000000 0.000000 0.000000
C 0.643501
O 0.000000 0.000000 0.000000
C 0.683709
G 35.261612 -120.695545
O 0.000000 0.000000 0.000000
G 35.261612 -120.695545
C 0.637549
O 0.000000 0.000000 0.000000
C 0.643501
O 0.000000 0.000000 0.000000
C 0.643501
O 0.000000 0.000000 0.000000
G 35.261612 -120.695545
C 0.665969
O 0.000000 0.000000 0.000000
C 0.661043
O 0.000000 0.000000 0.000000
C 0.665969
O 0.000000 0.000000 0.000000
C 0.626743
O 0.000000 0.000000 0.000000
C 0.643501
O 0.000000 0.000000 0.000000
G 35.261612 -120.695545
C 0.643501
O 0.000000 0.000000 0.000000
C 0.620250
O 0.000000 0.000000 0.000000
C 0.626743
O 0.000000 0.000000 0.000000
C 0.643501
O 0.000000 0.000000 0.000000
C 0.665969
