O 0.000000 0.000000 0.000000
C 2.295046
O 0.000000 0.000000 0.000000
C 2.254506
O 0.000000 0.000000 0.000000
C 2.258468
O 0.000000 0.000000 0.000000
C 2.214298
O 0.000000 0.000000 0.000000
C 2.208345
O 0.000000 0.000000 0.000000
C 2.254506
O 0.000000 0.000000 0.000000
C 2.214298
O 0.000000 0.000000 0.000000
C 2.269456
O 0.000000 0.000000 0.000000
C 2.214298
O 0.000000 0.000000 0.000000
C 2.231839
O 0.000000 0.000000 0.000000
C 2.269456
O 0.000000 0.000000 0.000000
C 2.273053
O 0.000000 0.000000 0.000000
C 2.231839
O 0.000000 0.000000 0.000000
C 2.231839
O 0.000000 0.000000 0.000000
C 2.254506
O 0.000000 0.000000 0.000000
C 2.276365
O 0.000000 0.000000 0.000000
C 2.226492
O 0.000000 0.000000 0.000000
C 2.250210
O 0.000000 0.000000 0.000000
C 2.258468
O 0.000000 0.000000 0.000000
C 2.254506
O 0.000000 0.000000 0.000000
C 2.231839
O 0.000000 0.000000 0.000000
C 2.231839
O 0.000000 0.000000 0.000000
C 2.254506
O 0.000000 0.000000 0.000000
C 2.214298
O 0.000000 0.000000 0.000000
C 2.219792
O 0.000000 0.000000 0.000000
C 2.254506
O 0.000000 0.000000 0.000000
C 2.254506
O 0.000000 0.000000 0.000000
C 2.254506
O 0.000000 0.000000 0.000000
C 2.231839
O 0.000000 0.000000 0.000000
C 2.231839
O 0.000000 0.000000 0.000000
C 2.231839
O 0.000000 0.000000 0.000000
C 2.191046
O 0.000000 0.000000 0.000000
C 2.214298
O 0.000000 0.000000 0.000000
C 2.236766
O 0.000000 0.000000 0.000000
C 2.208345
O 0.000000 0.000000 0.000000
C 2.269456
O 0.000000 0.000000 0.000000
C 2.254506
O 0.000000 0.000000 0.000000
C 2.297439
O 0.000000 0.000000 0.000000
C 2.231839
O 0.000000 0.000000 0.000000
C 2.219792
O 0.000000 0.000000 0.000000
C 2.236766
O 0.000000 0.000000 0.000000
C 2.191046
O 0.000000 0.000000 0.000000
C 2.231839
O 0.000000 0.000000 0.000000
C 2.269456
O 0.000000 0.000000 0.000000
C 2.236766
O 0.000000 0.000000 0.000000
C 2.254506
O 0.000000 0.000000 0.000000
C 2.254506
O 0.000000 0.000000 0.000000
C 2.236766
O 0.000000 0.000000 0.000000
C 2.254506
O 0.000000 0.000000 0.000000
C 2.236766
O 0.000000 0.000000 0.000000
C 2.231839
O 0.000000 0.000000 0.000000
C 2.254506
O 0.000000 0.000000 0.000000
C 2.236766
O 0.000000 0.000000 0.000000
C 2.214298
O 0.000000 0.000000 0.000000
C 2.231839
O 0.000000 0.000000 0.000000
C 2.236766
O 0.000000 0.000000 0.000000
C 2.236766
O 0.000000 0.000000 0.000000
C 2.214298
O 0.000000 0.000000 0.000000
C 2.231839
O 0.000000 0.000000 0.000000
C 2.231839
O 0.000000 0.000000 0.000000
C 2.236766
O 0.000000 0.000000 0.000000
C 2.250210
O 0.000000 0.000000 0.000000
C 2.250210
O 0.000000 0.000000 0.000000
C 2.250210
O 0.000000 0.000000 0.000000
C 2.214298
O 0.000000 0.000000 0.000000
C 2.208345
O 0.000000 0.000000 0.000000
C 2.219792
O 0.000000 0.000000 0.000000
C 2.254506
O 0.000000 0.000000 0.000000
C 2.250210
O 0.000000 0.000000 0.000000
C 2.208345
O 0.000000 0.000000 0.000000
C 2.208345
O 0.000000 0.000000 0.000000
C 2.254506
O 0.000000 0.000000 -0.000000
C 2.273053
O 0.000000 0.000000 -0.000000
C 2.231839
O 0.000000 0.000000 -0.000000
C 2.231839
O 0.000000 0.000000 -0.000000
C 2.231839
O 0.000000 0.000000 -0.000000
C 2.208345
O 0.000000 0.000000 -0.000000
C 2.214298
O 0.000000 0.000000 -0.000000
C 2.208345
O 0.000000 0.000000 -0.000000
C 2.231839
O 0.000000 0.000000 -0.000000
C 2.254506
O 0.000000 0.000000 -0.000000
C 2.254506
O 0.000000 0.000000 -0.000000
C 2.236766
O 0.000000 0.000000 0.000000
C 2.250210
O 0.000000 0.000000 -0.000000
C 2.231839
O 0.000000 0.000000 -0.000000
C 2.254506
O 0.000000 0.000000 -0.000000
C 2.231839
O 0.000000 0.000000 -0.000000
C 2.214298
O 0.000000 0.000000 -0.000000
C 2.214298
O 0.000000 0.000000 -0.000000
C 2.208345
O 0.000000 0.000000 -0.000000
C 2.214298
O 0.000000 0.000000 -0.000000
C 2.236766
O 0.000000 0.000000 -0.000000
C 2.231839
O 0.000000 0.000000 0.000000
C 2.236766
O 0.000000 0.000000 -0.000000
C 2.236766
O 0.000000 0.000000 0.000000
C 2.273053
O 0.000000 0.000000 0.000000
C 2.276365
O 0.000000 0.000000 0.000000
C 2.276365
O 0.000000 0.000000 -0.000000
C 2.258468
O 0.000000 0.000000 0.000000
C 2.231839
O 0.000000 0.000000 -0.000000
C 2.273053
O 0.000000 0.000000 -0.000000
C 2.236766
O 0.000000 0.000000 0.000000
C 2.250210
O 0.000000 0.000000 0.000000
C 2.250210
O 0.000000 0.000000 0.000000
C 2.236766
O 0.000000 0.000000 0.000000
C 2.214298
O 0.000000 0.000000 0.000000
C 2.214298
O 0.000000 0.000000 0.000000
C 2.231839
O 0.000000 0.000000 0.000000
C 2.231839
O 0.000000 0.000000 0.000000
C 2.273053
O 0.000000 0.000000 -0.000000
C 2.273053
O 0.000000 0.000000 -0.000000
C 2.250210
O 0.000000 0.000000 -0.000000
C 2.226492
O 0.000000 0.000000 -0.000000
C 2.292451
O 0.000000 0.000000 -0.000000
C 2.214298
O 0.000000 0.000000 -0.000000
C 2.226492
O 0.000000 0.000000 -0.000000
C 2.208345
O 0.000000 0.000000 -0.000000
C 2.231839
O 0.000000 0.000000 0.000000
C 2.250210
O 0.000000 0.000000 0.000000
C 2.166996
O 0.000000 0.000000 0.000000
C 1.940130
O 0.000359 0.580000 0.001238
C 2.034444
O 0.003725 1.159992 0.006423
C 2.282255
O 0.012134 1.159915 0.020921
C 2.269456
O 0.041916 1.449192 0.057831
C 2.048142
O 0.053715 1.448673 0.074123
C 2.446854
O 0.053715 1.448673 0.074123
C 2.690140
O 0.034383 1.159320 0.059299
C 2.916882
O 0.032856 1.159379 0.056664
C 3.089010
O 0.015946 1.159854 0.027495
C 3.086094
O 0.003844 1.739994 0.004418
C -3.050933
O -0.007723 1.449973 -0.010652
C -3.079174
O -0.015270 1.449893 -0.021063
C -3.113029
O -0.006194 1.159978 -0.010679
C 3.087591
O 0.000857 0.579999 0.002955
C 3.038511
O 0.000801 0.289999 0.005525
C 2.999696
O 0.000975 0.289998 0.006722
C 3.045119
O 0.000000 0.000000 0.000000
C 3.141593
O 0.000997 0.289998 0.006874
C 3.113822
O 0.000000 0.000000 0.000000
C -3.113029
O 0.000000 0.000000 0.000000
C -3.112189
O 0.000142 0.290000 0.000977
C 3.072736
O 0.000309 0.290000 0.002130
C 3.141593
O 0.005124 0.869980 0.011780
C 3.141593
O 0.004163 0.579980 0.014356
C -3.082837
O 0.006615 0.579950 0.022811
C 3.141593
O 0.016567 0.869790 0.038089
C -2.956245
O 0.013634 0.869858 0.031344
C -2.916882
O 0.010769 0.869911 0.024758
C -2.798569
O 0.003119 0.579989 0.010755
C -2.706923
O 0.003130 0.869992 0.007195
C -2.677945
O 0.000512 0.870000 0.001177
C -2.704966
O 0.001985 1.159998 0.003423
C -2.601173
O 0.003130 0.869992 0.007195
C -2.553590
O 0.004570 0.869984 0.010505
C -2.651635
O 0.007598 0.869956 0.017466
C -2.567288
O 0.018786 1.159797 0.032392
C -2.471071
O 0.015946 1.159854 0.027495
C -2.356194
O 0.002954 0.869993 0.006792
C -2.226492
O -0.001928 0.869997 -0.004432
C -2.197539
O -0.005685 0.869975 -0.013069
C -2.412738
O -0.006634 0.869966 -0.015250
C -2.436024
O -0.005497 0.869977 -0.012638
C -2.292451
O -0.003130 0.869992 -0.007195
C -2.397837
O 0.000512 0.870000 0.001177
C -2.466852
O 0.001788 0.579996 0.006165
C -2.442933
O 0.002780 0.869994 0.006391
C -2.292451
O 0.000000 0.870000 0.000000
C -2.374374
O -0.001082 0.579999 -0.003732
C -2.256526
O -0.002113 0.579995 -0.007286
C -2.375800
O -0.006252 0.869970 -0.014373
C -2.375060
O -0.001117 0.869999 -0.002567
C -2.201876
O 0.003724 0.579984 0.012842
C -2.462930
O 0.000997 0.289998 0.006874
C -2.331809
O 0.000026 0.290000 0.000180
C -2.356194
O 0.000012 0.290000 0.000083
C -2.430134
O 0.002527 0.579993 0.008713
C -2.254506
O 0.001313 0.579998 0.004528
C -2.282255
O 0.000041 0.290000 0.000284
C -2.274410
O 0.001391 0.579998 0.004797
C -2.101012
O 0.000632 0.289999 0.004356
C -2.268699
O 0.002527 0.579993 0.008713
C -2.184004
O 0.001019 0.289998 0.007026
C -2.150799
O 0.006152 0.579956 0.021214
C -2.165555
O 0.006988 0.579944 0.024098
C -1.911775
O 0.007741 0.579931 0.026695
C -2.066348
O 0.002078 0.289990 0.014330
C -1.849096
O 0.007836 0.579929 0.027021
C -1.935998
O 0.000000 0.000000 0.000000
C -2.022950
O 0.001423 0.289995 0.009815
C -1.941688
O 0.001130 0.289997 0.007790
C -1.633215
O 0.010165 0.869921 0.023370
C -1.852568
O 0.005237 0.579968 0.018060
C -1.678486
O 0.005876 0.579960 0.020262
C -1.855527
O 0.015722 0.869811 0.036147
C -1.708802
O 0.008598 0.579915 0.029649
C -1.357858
O 0.034383 1.159320 0.059299
C -1.487655
O 0.008598 0.579915 0.029649
C -1.597817
O 0.019343 0.869713 0.044474
C -1.249046
O 0.014674 0.869835 0.033736
C -1.094329
O 0.008575 0.869944 0.019714
C -1.229817
O 0.004387 0.869985 0.010084
C -1.161888
O 0.001275 0.869999 0.002931
C -0.975386
O -0.000961 0.869999 -0.002209
C -1.121037
O -0.000496 0.580000 -0.001711
C -1.122073
O 0.000658 0.870000 0.001513
C -0.944053
O 0.002607 0.869995 0.005993
C -1.025141
O 0.002954 0.869993 0.006792
C -1.019141
O 0.003130 0.869992 0.007195
C -1.051650
O 0.002435 0.869995 0.005598
C -0.841942
O 0.000165 0.580000 0.000568
C -1.152572
O -0.001275 0.869999 -0.002931
C -0.919720
O -0.001117 0.869999 -0.002567
C -0.764125
O 0.000000 0.580000 0.000000
C -1.078987
O 0.000496 0.580000 0.001711
C -0.896055
O 0.003842 0.869989 0.008833
C -0.858439
O 0.007598 0.869956 0.017466
C -0.862170
O 0.008575 0.869944 0.019714
C -0.669639
O 0.001628 0.579997 0.005613
C -0.643501
O -0.001159 0.579998 -0.003995
C -0.674741
O -0.000758 0.289999 -0.005230
C -0.735440
O -0.000569 0.289999 -0.003927
C -0.449760
O -0.000271 0.290000 -0.001866
C -0.523278
O -0.000012 0.290000 -0.000083
C -0.616297
O 0.000000 0.000000 0.000000
C -0.759763
O 0.000290 0.290000 0.001998
C -0.685730
O 0.000142 0.290000 0.000977
C -0.616297
O 0.000000 0.000000 0.000000
C -0.669639
O 0.000000 0.000000 0.000000
C -0.694738
O 0.000000 0.000000 0.000000
C -0.631079
O 0.000000 0.000000 0.000000
C -0.669639
O 0.000000 0.000000 0.000000
C -0.649870
O 0.000000 0.000000 0.000000
C -0.636508
O 0.000000 0.000000 0.000000
C -0.643501
O 0.000000 0.000000 0.000000
C -0.690446
O 0.000000 0.000000 0.000000
C -0.649870
O 0.000000 0.000000 0.000000
C -0.669639
O 0.000000 0.000000 0.000000
C -0.637549
O 0.000000 0.000000 0.000000
C -0.679414
O 0.000000 0.000000 0.000000
C -0.690446
O 0.000000 0.000000 0.000000
C -0.669639
O 0.000000 0.000000 0.000000
C -0.685730
O 0.000000 0.000000 0.000000
C -0.643501
O 0.000000 0.000000 0.000000
C -0.624023
O 0.000000 0.000000 0.000000
C -0.690446
O 0.000000 0.000000 0.000000
C -0.694738
O 0.000000 0.000000 0.000000
C -0.624023
O 0.000000 0.000000 0.000000
C -0.690446
O 0.000000 0.000000 0.000000
C -0.715744
O 0.000000 0.000000 0.000000
C -0.718830
O 0.000000 0.000000 0.000000
C -0.655696
O 0.000000 0.000000 0.000000
C -0.718830
O 0.000000 0.000000 0.000000
C -0.690446
O 0.000000 0.000000 0.000000
C -0.698660
O 0.000000 0.000000 0.000000
C -0.694738
O 0.000000 0.000000 0.000000
C -0.674741
O 0.000000 0.000000 0.000000
C -0.694738
O 0.000000 0.000000 0.000000
C -0.694738
O 0.000000 0.000000 0.000000
C -0.694738
O 0.000000 0.000000 0.000000
C -0.649870
O 0.000000 0.000000 0.000000
C -0.643501
O 0.000000 0.000000 0.000000
C -0.694738
O 0.000000 0.000000 0.000000
C -0.669639
O 0.000000 0.000000 0.000000
C -0.649870
O 0.000000 0.000000 0.000000
C -0.649870
O 0.000000 0.000000 0.000000
C -0.669639
O 0.000000 0.000000 0.000000
C -0.674741
O 0.000000 0.000000 0.000000
C -0.718830
O 0.000000 0.000000 0.000000
C -0.694738
O 0.000000 0.000000 0.000000
C -0.737815
O 0.000000 0.000000 0.000000
C -0.694738
O 0.000000 0.000000 0.000000
C -0.785398
O 0.000000 0.000000 0.000000
C -0.694738
O 0.000000 0.000000 0.000000
C -0.664046
O 0.000000 0.000000 0.000000
C -0.694738
O 0.000000 0.000000 0.000000
C -0.698660
O 0.000000 0.000000 0.000000
C -0.694738
O 0.000000 0.000000 0.000000
C -0.694738
O 0.000000 0.000000 0.000000
C -0.674741
O 0.000000 0.000000 0.000000
C -0.674741
O 0.000000 0.000000 0.000000
C -0.669639
O 0.000000 0.000000 0.000000
C -0.649870
O 0.000000 0.000000 0.000000
C -0.637549
O 0.000000 0.000000 0.000000
C -0.624023
O 0.000000 0.000000 0.000000
C -0.631079
O 0.000000 0.000000 0.000000
C -0.571337
O 0.002150 0.289989 0.014825
C -0.489957
O 0.002150 0.289989 0.014825
C -0.758378
O 0.019343 0.869713 0.044474
C -0.374334
O 0.019343 0.869713 0.044474
C -0.191184
O 0.008598 0.579915 0.029649
C -0.093477
O 0.008598 0.579915 0.029649
C 0.000000
O 0.002150 0.289989 0.014825
C 0.055499
O 0.002150 0.289989 0.014825
C 0.132552
O 0.000000 0.000000 0.000000
C 0.189988
O 0.000000 0.000000 0.000000
C 0.158655
O 0.000000 0.000000 0.000000
C 0.205395
O 0.002150 0.289989 0.014825
C 0.152649
O 0.008598 0.579915 0.029649
C 0.231091
O 0.008598 0.579915 0.029649
C 0.269167
O 0.019343 0.869713 0.044474
C 0.463648
O 0.002150 0.289989 0.014825
C 0.596199
O 0.008598 0.579915 0.029649
C 0.614663
O 0.002150 0.289989 0.014825
C 0.617191
O 0.000000 0.000000 0.000000
C 0.643501
O 0.000000 0.000000 0.000000
C 0.721655
O 0.001584 0.289994 0.010926
C 0.715744
O 0.001242 0.289996 0.008563
C 0.632749
O 0.004966 0.579972 0.017125
C 0.862170
O 0.011174 0.869904 0.025688
C 0.785398
O 0.001085 0.289997 0.007483
C 0.982794
O 0.000909 0.289998 0.006271
C 0.973620
O 0.000000 0.000000 0.000000
C 0.909753
O 0.001236 0.579998 0.004261
C 0.802346
O 0.000233 0.290000 0.001606
C 0.909753
O 0.001159 0.579998 0.003995
C 0.915101
O 0.000387 0.290000 0.002670
C 0.974597
O 0.002443 0.579993 0.008425
C 1.047518
O 0.003034 0.579989 0.010461
C 0.916714
O 0.002195 0.579994 0.007569
C 0.944053
O 0.000931 0.579999 0.003212
C 0.879459
O 0.000359 0.580000 0.001238
C 1.078987
O -0.000048 0.580000 -0.000165
C 0.938047
O -0.000328 0.290000 -0.002264
C 1.208252
O -0.002277 0.579994 -0.007853
C 0.975386
O -0.002195 0.579994 -0.007569
C 0.982794
O -0.000467 0.289999 -0.003222
C 0.967047
O -0.001470 0.579998 -0.005067
C 0.818719
O -0.000196 0.290000 -0.001350
C 1.015303
O -0.000359 0.580000 -0.001238
C 1.040581
O -0.000359 0.580000 -0.001238
C 1.078987
O -0.001928 0.869997 -0.004432
C 0.818719
O -0.001391 0.579998 -0.004797
C 0.859337
O -0.004204 0.869986 -0.009665
C 0.950547
O -0.000590 0.289999 -0.004069
C 1.008875
O -0.002948 0.579990 -0.010167
C 0.916714
O -0.007987 0.869951 -0.018362
C 0.879459
O -0.003899 0.579983 -0.013445
C 0.764993
O -0.003205 0.579988 -0.011051
C 0.674741
O -0.001708 0.579997 -0.005889
C 0.876058
O -0.000057 0.290000 -0.000392
C 0.868539
O 0.000090 0.290000 0.000619
C 0.767856
O 0.000124 0.290000 0.000856
C 0.769006
O 0.000026 0.290000 0.000180
C 0.822418
O -0.000427 0.580000 -0.001473
C 0.716542
O -0.001082 0.579999 -0.003732
C 0.746956
O -0.001313 0.579998 -0.004528
C 0.764993
O -0.000367 0.290000 -0.002534
C 0.732815
O -0.000508 0.289999 -0.003502
C 0.891383
O -0.002113 0.579995 -0.007286
C 0.785398
O -0.000309 0.290000 -0.002130
C 0.674741
O -0.000196 0.290000 -0.001350
C 0.708626
O -0.000427 0.290000 -0.002944
C 0.711459
O -0.000467 0.289999 -0.003222
C 0.588003
O -0.000041 0.290000 -0.000284
C 0.575425
O 0.000073 0.290000 0.000504
C 0.632749
O -0.000057 0.290000 -0.000392
C 0.705568
O -0.000057 0.290000 -0.000392
C 0.700854
O 0.000000 0.290000 0.000000
C 0.750929
O -0.000026 0.290000 -0.000180
C 0.766532
O 0.000000 0.000000 -0.000000
C 0.804264
O 0.000000 0.000000 -0.000000
C 0.804264
O 0.000000 0.000000 -0.000000
C 0.746956
O 0.000000 0.000000 0.000000
C 0.785398
O 0.000000 0.000000 0.000000
C 0.841942
O 0.000057 0.290000 0.000392
C 0.805004
O 0.000000 0.000000 0.000000
C 0.785398
O -0.000427 0.580000 -0.001473
C 0.681298
O 0.000000 0.000000 -0.000000
C 0.661043
O 0.000159 0.290000 0.001100
C 0.700854
O 0.000107 0.290000 0.000736
C 0.694738
O 0.000000 0.000000 0.000000
C 0.748378
O 0.000000 0.000000 0.000000
C 0.697903
O 0.000124 0.290000 0.000856
C 0.703614
O 0.000012 0.290000 0.000083
C 0.734594
O 0.000048 0.580000 0.000165
C 0.865228
O 0.000104 0.580000 0.000360
C 0.785398
O 0.000048 0.580000 0.000165
C 0.879459
O 0.000048 0.580000 0.000165
C 0.768451
O 0.000000 0.580000 0.000000
C 0.806672
O 0.000104 0.580000 0.000360
C 0.745420
O 0.000214 0.290000 0.001477
C 0.982794
O 0.000569 0.289999 0.003927
C 0.896055
O 0.001041 0.289998 0.007178
C 0.865228
O 0.000000 0.000000 0.000000
C 0.805803
O 0.000000 0.000000 0.000000
C 0.825377
O 0.000000 0.000000 0.000000
C 0.785398
O 0.000000 0.000000 0.000000
C 0.822418
O 0.001538 0.289995 0.010607
C 0.785398
O 0.000000 0.000000 0.000000
C 0.822418
O 0.001935 0.289991 0.013347
C 0.915101
O 0.002150 0.289989 0.014825
C 0.825377
O 0.008598 0.579915 0.029649
C 0.750929
O 0.000000 0.000000 0.000000
C 0.856706
O 0.000000 0.000000 0.000000
C 0.879459
O 0.002150 0.289989 0.014825
C 0.944053
O 0.000000 0.000000 0.000000
C 1.006227
O 0.000000 0.000000 0.000000
C 1.040581
O 0.000000 0.000000 0.000000
C 1.107149
O 0.002150 0.289989 0.014825
C 1.136126
O 0.002150 0.289989 0.014825
C 1.020943
O 0.002150 0.289989 0.014825
C 1.155304
O 0.008598 0.579915 0.029649
C 1.239700
O 0.002150 0.289989 0.014825
C 1.051650
O 0.008598 0.579915 0.029649
C 1.274251
O 0.002150 0.289989 0.014825
C 1.339706
O 0.002150 0.289989 0.014825
C 1.281821
O 0.002150 0.289989 0.014825
C 1.226149
O 0.000000 0.000000 0.000000
C 1.338239
O 0.002150 0.289989 0.014825
C 1.518213
O 0.002150 0.289989 0.014825
C 1.656302
O 0.000000 0.000000 0.000000
C 1.597106
O 0.002150 0.289989 0.014825
C 1.489892
O 0.002150 0.289989 0.014825
C 1.439969
O 0.002150 0.289989 0.014825
C 1.599360
O 0.000000 0.000000 0.000000
C 1.792878
O 0.008598 0.579915 0.029649
C 1.687905
O 0.002150 0.289989 0.014825
C 1.598567
O 0.002150 0.289989 0.014825
C 1.822486
O 0.002150 0.289989 0.014825
C 1.935998
O 0.002150 0.289989 0.014825
C 1.789465
O 0.002150 0.289989 0.014825
C 1.684588
O 0.002150 0.289989 0.014825
C 1.910089
O 0.002150 0.289989 0.014825
C 1.994991
O 0.001888 0.289992 0.013021
C 1.862253
O 0.006152 0.579956 0.021214
C 2.116451
O 0.000866 0.289998 0.005971
C 2.376600
O 0.000107 0.290000 0.000736
C 2.184004
O -0.000271 0.290000 -0.001866
C 2.166996
O -0.001549 0.579997 -0.005340
C 2.276365
O -0.000290 0.290000 -0.001998
C 1.992216
O -0.000142 0.290000 -0.000977
C 1.902856
O 0.000000 0.000000 -0.000000
C 1.800028
O 0.000000 0.000000 0.000000
C 1.871717
O 0.000000 0.000000 0.000000
C 1.892547
O 0.000000 0.000000 0.000000
C 1.831399
O 0.000000 0.000000 0.000000
C 1.871717
O 0.000000 0.000000 0.000000
C 1.831399
O 0.000000 0.000000 0.000000
C 1.871717
O 0.000000 0.000000 0.000000
C 1.831399
O 0.000000 0.000000 0.000000
C 1.862253
O 0.000000 0.000000 0.000000
C 1.892547
O 0.000000 0.000000 0.000000
C 1.800028
O 0.000000 0.000000 0.000000
C 1.892547
O 0.000000 0.000000 0.000000
C 1.839964
O 0.000000 0.000000 0.000000
C 1.831399
O 0.000000 0.000000 0.000000
C 1.913820
O 0.000000 0.000000 0.000000
C 1.839964
O 0.000000 0.000000 0.000000
C 1.871717
O 0.000000 0.000000 0.000000
C 1.902856
O 0.000000 0.000000 0.000000
C 1.881795
O 0.000000 0.000000 0.000000
C 1.892547
O 0.000000 0.000000 0.000000
C 1.892547
O 0.000000 0.000000 0.000000
C 1.933341
O 0.000000 0.000000 0.000000
C 1.892547
O 0.000000 0.000000 0.000000
C 1.871717
O 0.000000 0.000000 0.000000
C 1.892547
O 0.000000 0.000000 0.000000
C 1.963136
O 0.000000 0.000000 0.000000
C 1.862253
O 0.000000 0.000000 0.000000
C 1.913820
O 0.000000 0.000000 0.000000
C 1.913820
O 0.000000 0.000000 0.000000
C 1.892547
O 0.000000 0.000000 0.000000
C 1.892547
O 0.000000 0.000000 0.000000
C 1.922241
O 0.000000 0.000000 0.000000
C 1.902856
O 0.000000 0.000000 0.000000
C 1.913820
O 0.000000 0.000000 0.000000
C 1.902856
O 0.000000 0.000000 0.000000
C 1.882838
O 0.000000 0.000000 0.000000
C 1.902856
O 0.000000 0.000000 0.000000
