C 0.818719
O 0.000000 0.000000 0.000000
C 0.802346
O 0.000000 0.000000 0.000000
C 0.802346
G 0.000000 0.000000
O 0.000000 0.000000 0.000000
C 0.802346
O 0.000000 0.000000 0.000000
C 0.785398
O 0.000000 0.000000 0.000000
C 0.801790
O 0.000000 0.000000 0.000000
C 0.785398
O 0.000000 0.000000 0.000000
C 0.785398
O 0.000000 0.000000 0.000000
G 0.000000 0.000000
C 0.836202
O 0.000000 0.000000 0.000000
C 0.818719
O 0.000000 0.000000 0.000000
C 0.785398
O 0.000000 0.000000 0.000000
C 0.836202
O 0.000000 0.000000 0.000000
C 0.801790
O 0.000000 0.000000 0.000000
G 0.000000 0.000000
C 0.819867
O 0.000000 0.000000 0.000000
C 0.768451
O 0.000000 0.000000 0.000000
G 0.000000 0.000000
C 0.836202
O 0.000000 0.000000 0.000000
C 0.802346
O 0.000000 0.000000 0.000000
C 0.769006
G 0.000000 0.000000
O 0.000000 0.000000 0.000000
C 0.819867
O 0.000000 0.000000 0.000000
C 0.801790
O 0.000000 0.000000 0.000000
C 0.834539
O 0.000000 0.000000 0.000000
C 0.836202
O 0.000000 0.000000 0.000000
C 0.837981
G 0.000000 0.000000
O 0.000000 0.000000 0.000000
C 0.785398
O 0.000000 0.000000 0.000000
C 0.802346
O 0.000000 0.000000 0.000000
C 0.785398
O 0.000000 0.000000 0.000000
C 0.819867
O 0.208816 0.201236 0.000000
C 0.817645
G 0.000000 0.000000
O 0.000000 0.000000 0.000000
C 0.819867
O 0.417774 0.402325 0.000000
C 0.921801
O 0.209295 0.200738 0.000000
C 0.724866
O 0.417943 0.402149 0.000000
C 0.736257
O 0.417257 0.402861 0.000000
C 0.736257
G 0.000000 0.000000
O 0.208227 0.201845 0.000000
C 0.769006
O 0.624069 0.606167 0.000000
C 0.859337
O 0.416976 0.403151 0.000000
C 0.785398
O 0.416686 0.403451 0.000000
C 0.694738
O 0.622031 0.608258 0.000000
C 0.846546
G 0.000000 0.000000
O 0.415741 0.404424 0.000000
C 0.767856
O 0.415047 0.405137 0.000000
C 0.939717
O 0.418322 0.401754 0.000000
C 0.859337
O 0.419597 0.400422 0.000000
C 0.805004
O 0.629258 0.600778 0.000000
C 0.896055
G 0.000000 0.000000
O 0.421782 0.398121 0.000000
C 0.968509
O 0.638743 0.590684 0.000000
C 1.134169
O 0.651348 0.576754 0.000000
C 1.132460
O 0.663219 0.563064 0.000000
C 1.217806
O 0.903817 0.727128 0.000000
C 1.194835
G 0.000000 0.000000
O 0.690810 0.528849 0.000000
C 1.401018
O 0.711094 0.501243 0.000000
C 1.773842
O 0.495537 0.301401 0.000000
C 1.597817
O 0.763565 0.416975 0.000000
C 1.725793
O 0.523320 0.250072 0.000000
C 1.992216
G 0.000000 0.000000
O 0.539615 0.212640 0.000000
C 2.074962
O 0.553233 0.174165 0.000000
C 2.254506
O 0.847711 0.195668 0.000000
C 1.957672
O 0.856355 0.153480 0.000000
C 2.105752
O 1.151809 0.137612 0.000000
C 2.399645
O 0.869380 0.032851 0.000000
G 0.000000 0.000000
C 2.504044
O 0.869083 -0.039936 0.000000
C 2.439336
O 0.864031 -0.101740 0.000000
C 2.379446
O 0.856345 -0.153536 0.000000
C 2.800614
O 0.559083 -0.154358 0.000000
C 2.938547
G 0.000000 0.000000
O 0.542202 -0.205954 0.000000
C 2.786887
O 0.789269 -0.365998 0.000000
C 2.954613
O 0.504962 -0.285330 0.000000
G 0.000000 0.000000
C 2.950408
O 0.724897 -0.481065 0.000000
C 2.976444
O 0.920246 -0.706220 0.000000
C 2.971814
G 0.000000 0.000000
O 0.436221 -0.382245 0.000000
C 2.944197
O 0.621485 -0.608816 0.000000
C 2.930499
O 0.590236 -0.639157 0.000000
C 3.112189
O 0.366447 -0.449574 0.000000
C 3.115283
O 0.340988 -0.469177 0.000000
C 3.048116
G 0.000000 0.000000
O 0.159962 -0.241893 0.000000
C 3.038511
O 0.301359 -0.495563 0.000000
C -3.111299
O 0.418164 -0.762915 0.000000
C -3.033903
O 0.380618 -0.782324 0.000000
C -3.110353
O 0.349552 -0.796689 0.000000
C 3.141593
G 0.000000 0.000000
O 0.214774 -0.538769 0.000000
C -3.075025
O 0.195135 -0.546189 0.000000
C -3.022164
O 0.262185 -0.829554 0.000000
C -2.902983
O 0.150077 -0.560247 0.000000
C -2.896614
O 0.127168 -0.565887 0.000000
C -2.717398
G 0.000000 0.000000
O 0.098074 -0.571648 0.000000
C -2.578276
O 0.097609 -0.864507 0.000000
C -2.677945
O 0.057621 -0.868090 0.000000
C -2.665125
O 0.019145 -0.869789 0.000000
C -2.605781
O -0.021032 -0.869746 0.000000
C -2.543174
G 0.000000 0.000000
O -0.041905 -0.578484 0.000000
C -2.626044
O -0.094444 -0.864859 0.000000
C -2.586099
O -0.084388 -0.573828 0.000000
C -2.512796
O -0.160496 -0.855068 0.000000
C -2.480550
O -0.129419 -0.565377 0.000000
C -2.461071
G 0.000000 0.000000
O -0.225507 -0.840266 0.000000
C -2.504044
O -0.167677 -0.555234 0.000000
C -2.482787
O -0.368243 -1.099999 0.000000
C -2.378413
O -0.306879 -0.814079 0.000000
C -2.451146
O -0.329786 -0.805072 0.000000
C -2.457883
G 0.000000 0.000000
O -0.350168 -0.796419 0.000000
C -2.414950
O -0.495496 -1.048849 0.000000
C -2.475623
O -0.516492 -1.038670 0.000000
C -2.408777
O -0.406665 -0.769106 0.000000
C -2.356194
O -0.427523 -0.757710 0.000000
C -2.286540
G 0.000000 0.000000
O -0.450841 -0.744071 0.000000
C -2.401618
O -0.463935 -0.735978 0.000000
C -2.437979
O -0.315523 -0.486667 0.000000
C -2.234843
O -0.164771 -0.238643 0.000000
C -2.335789
O -0.000000 -0.000000 0.000000
C -2.374374
O -0.171378 -0.233943 0.000000
G 0.000000 0.000000
C -2.397837
O -0.346592 -0.465052 0.000000
C -2.251318
O -0.177547 -0.229297 0.000000
C -2.396173
O -0.357910 -0.456400 0.000000
C -2.356194
O -0.361821 -0.453305 0.000000
C -2.301703
O -0.367199 -0.448960 0.000000
G 0.000000 0.000000
C -2.174546
O -0.376213 -0.441434 0.000000
C -2.279423
O -0.381168 -0.437163 0.000000
G 0.000000 0.000000
C -2.208345
O -0.193976 -0.215577 0.000000
C -2.077895
O -0.000000 -0.000000 0.000000
C -2.132718
G 0.000000 0.000000
O -0.202376 -0.207711 0.000000
C -2.166996
O -0.000000 -0.000000 0.000000
C -2.145101
O -0.415255 -0.404924 0.000000
C -1.986288
O -0.424093 -0.395658 0.000000
C -1.875307
O -0.217550 -0.191760 0.000000
C -1.900421
O -0.444326 -0.372793 0.000000
G 0.000000 0.000000
C -1.829567
O -0.681846 -0.540357 0.000000
C -1.661456
O -0.468286 -0.342211 0.000000
C -1.653938
O -0.480747 -0.324472 0.000000
C -1.457004
O -0.743985 -0.450984 0.000000
C -1.701624
O -0.504736 -0.285730 0.000000
G 0.000000 0.000000
C -1.332960
O -0.519517 -0.257881 0.000000
C -1.516795
O -0.528760 -0.238355 0.000000
C -1.313473
O -0.809813 -0.317967 0.000000
C -1.325818
O -0.823716 -0.279985 0.000000
C -1.570796
O -0.830544 -0.259029 0.000000
G 0.000000 0.000000
C -1.332187
O -0.560584 -0.148812 0.000000
C -1.231504
O -0.566946 -0.122361 0.000000
C -1.446441
O -0.569952 -0.107495 0.000000
C -1.428899
O -0.572486 -0.093056 0.000000
C -1.482789
G 0.000000 0.000000
O -0.287078 -0.041067 0.000000
C -1.494024
O -0.575402 -0.072884 0.000000
C -1.144169
O -0.577887 -0.049460 0.000000
G 0.000000 0.000000
C -1.339706
O -0.578881 -0.036011 0.000000
C -0.982794
O -0.579940 -0.008338 0.000000
C -1.249046
O -0.579969 0.005976 0.000000
G 0.000000 0.000000
C -1.035841
O -0.579309 0.028305 0.000000
C -1.222025
O -0.578545 0.041051 0.000000
C -0.872136
O -0.864061 0.101480 0.000000
C -0.927295
O -0.572879 0.090604 0.000000
C -0.982794
O -0.569627 0.109200 0.000000
G 0.000000 0.000000
C -1.001483
O -0.566276 0.125423 0.000000
C -1.035841
O -0.563139 0.138834 0.000000
C -0.901157
O -0.558415 0.156758 0.000000
C -0.837981
O -0.276364 0.087881 0.000000
C -0.890275
O -0.547825 0.190492 0.000000
G 0.000000 0.000000
C -0.605545
C -1.037088
C -0.785398
O -0.273913 0.095246 0.000000
O -0.821738 0.285738 0.000000
O -0.547825 0.190492 0.000000
C -0.934288
O -0.524814 0.246921 0.000000
C -0.690446
O -0.516818 0.263248 0.000000
G 0.000000 0.000000
C -0.785398
O -0.510777 0.274786 0.000000
C -0.669639
O -0.502528 0.289595 0.000000
C -0.962994
O -0.250374 0.146331 0.000000
C -0.588003
O -0.491251 0.308338 0.000000
C -0.628796
O -0.241413 0.160685 0.000000
G 0.000000 0.000000
C -0.625485
O -0.474852 0.333040 0.000000
C -0.321751
O -0.459799 0.353532 0.000000
C -0.429762
O -0.447626 0.368823 0.000000
C -0.231091
O -0.430387 0.388802 0.000000
C -0.394791
O -0.418099 0.401987 0.000000
G 0.000000 0.000000
C -0.165149
O -0.399460 0.420513 0.000000
C -0.266252
O -0.192225 0.217140 0.000000
C 0.000000
O -0.362280 0.452939 0.000000
C 0.000000
O -0.340634 0.469434 0.000000
C 0.088007
O -0.158336 0.242961 0.000000
G 0.000000 0.000000
C 0.231091
O -0.144741 0.251297 0.000000
C 0.273009
O -0.131307 0.258570 0.000000
C 0.367174
O -0.234259 0.530587 0.000000
C 0.331096
O -0.207907 0.541456 0.000000
C 0.429762
O -0.089405 0.275874 0.000000
G 0.000000 0.000000
C 0.428778
O -0.151920 0.559750 0.000000
C 0.624023
O -0.178039 0.851588 0.000000
C 0.648332
O -0.084669 0.573787 0.000000
C 0.785398
O -0.046956 0.578096 0.000000
C 0.691337
O -0.015347 0.579797 0.000000
G 0.000000 0.000000
C 0.906750
O 0.023094 0.579540 0.000000
C 0.841942
O 0.028103 0.288635 0.000000
C 0.982794
O 0.045711 0.286375 0.000000
C 1.055247
O 0.125748 0.566204 0.000000
C 0.872894
O 0.075408 0.280024 0.000000
G 0.000000 0.000000
C 1.078987
O 0.271263 0.826629 0.000000
C 0.975386
O 0.205929 0.542212 0.000000
C 1.216091
O 0.238013 0.528914 0.000000
C 1.082462
O 0.262387 0.517255 0.000000
C 1.044730
G 0.000000 0.000000
O 0.424937 0.759163 0.000000
C 1.094329
O 0.304841 0.493428 0.000000
C 1.080839
O 0.323799 0.481201 0.000000
C 1.238737
O 0.519517 0.697855 0.000000
C 0.962107
O 0.357648 0.456605 0.000000
C 0.982794
O 0.368548 0.447853 0.000000
G 0.000000 0.000000
C 0.844154
O 0.373775 0.443500 0.000000
C 1.001483
O 0.373775 0.443500 0.000000
C 0.862170
O 0.194109 0.215457 0.000000
C 0.927295
O 0.197104 0.212720 0.000000
C 1.040581
G 0.000000 0.000000
O 0.201416 0.208642 0.000000
C 0.960070
O 0.000000 0.000000 0.000000
C 0.927295
O 0.206024 0.204094 0.000000
C 0.834539
O 0.206587 0.203523 0.000000
C 0.933248
O 0.416653 0.403485 0.000000
C 0.805004
G 0.000000 0.000000
O 0.416743 0.403392 0.000000
C 0.946773
O 0.420479 0.399496 0.000000
C 0.904827
O 0.422922 0.396909 0.000000
C 0.967047
O 0.426856 0.392676 0.000000
C 0.932477
O 0.429633 0.389635 0.000000
C 0.839890
G 0.000000 0.000000
O 0.214892 0.194734 0.000000
C 0.982794
O 0.429785 0.389467 0.000000
C 0.821097
O 0.432991 0.385900 0.000000
C 1.051650
O 0.438437 0.379702 0.000000
C 0.917950
O 0.220012 0.188930 0.000000
C 1.030377
G 0.000000 0.000000
O 0.444274 0.372855 0.000000
C 0.834539
O 0.443310 0.374000 0.000000
C 0.891383
O 0.443858 0.373350 0.000000
C 0.834539
O 0.442903 0.374483 0.000000
C 0.883125
O 0.443274 0.374043 0.000000
C 0.819867
G 0.000000 0.000000
O 0.220978 0.187800 0.000000
C 0.769526
O 0.000000 0.000000 0.000000
C 0.755104
O 0.000000 0.000000 0.000000
C 0.800782
O 0.000000 0.000000 0.000000
C 0.770015
O 0.000000 0.000000 0.000000
C 0.800782
G 0.000000 0.000000
O 0.000000 0.000000 0.000000
C 0.785398
O 0.000000 0.000000 0.000000
C 0.785398
O 0.000000 0.000000 0.000000
C 0.754158
O 0.000000 0.000000 0.000000
C 0.740652
O 0.000000 0.000000 0.000000
C 0.740652
G 0.000000 0.000000
O 0.000000 0.000000 0.000000
C 0.770474
O 0.000000 0.000000 0.000000
C 0.770474
O 0.000000 0.000000 0.000000
C 0.755995
O 0.000000 0.000000 0.000000
C 0.800782
O 0.000000 0.000000 0.000000
C 0.785398
G 0.000000 0.000000
O 0.000000 0.000000 0.000000
C 0.770015
O 0.000000 0.000000 0.000000
C 0.770015
O 0.000000 0.000000 0.000000
C 0.785398
O 0.000000 0.000000 0.000000
C 0.739277
O 0.000000 0.000000 0.000000
C 0.739277
G 0.000000 0.000000
O 0.000000 0.000000 0.000000
C 0.770906
O 0.000000 0.000000 0.000000
C 0.785398
O 0.000000 0.000000 0.000000
C 0.754158
O 0.000000 0.000000 0.000000
C 0.785398
O 0.000000 0.000000 0.000000
C 0.800322
G 0.000000 0.000000
O 0.000000 0.000000 0.000000
C 0.785398
O 0.000000 0.000000 0.000000
C 0.785398
O 0.000000 0.000000 0.000000
C 0.739277
O 0.000000 0.000000 0.000000
C 0.755104
O 0.000000 0.000000 0.000000
C 0.755995
G 0.000000 0.000000
O 0.000000 0.000000 0.000000
C 0.770015
O 0.000000 0.000000 0.000000
C 0.785398
O 0.000000 0.000000 0.000000
C 0.755104
O 0.000000 0.000000 0.000000
C 0.755104
O 0.000000 0.000000 0.000000
C 0.755995
G 0.000000 0.000000
O 0.000000 0.000000 0.000000
C 0.800322
O 0.000000 0.000000 0.000000
C 0.755104
O 0.000000 0.000000 0.000000
C 0.770015
O 0.000000 0.000000 0.000000
C 0.739277
O 0.000000 0.000000 0.000000
C 0.755104
G 0.000000 0.000000
O 0.000000 0.000000 0.000000
C 0.740652
O 0.000000 0.000000 0.000000
C 0.770474
O 0.000000 0.000000 0.000000
C 0.741947
O 0.000000 0.000000 0.000000
C 0.770015
O 0.000000 0.000000 0.000000
C 0.770906
G 0.000000 0.000000
O 0.000000 0.000000 0.000000
C 0.770474
O 0.000000 0.000000 0.000000
C 0.740652
O 0.000000 0.000000 0.000000
C 0.756835
O 0.000000 0.000000 0.000000
C 0.755995
O 0.000000 0.000000 0.000000
C 0.755995
G 0.000000 0.000000
O 0.000000 0.000000 0.000000
C 0.785398
