O 0.000000 0.000000 0.000000
C -0.927295
O 0.000000 0.000000 0.000000
C -0.927295
O 0.000000 0.000000 0.000000
C -0.927295
O 0.000000 0.000000 0.000000
C -0.939717
O 0.000000 0.000000 0.000000
C -0.876058
O 0.000000 0.000000 0.000000
C -0.851966
O 0.000000 0.000000 0.000000
C -0.906750
O 0.000000 0.000000 0.000000
C -0.920926
O 0.000000 0.000000 0.000000
C -0.920926
O 0.000000 0.000000 0.000000
C -0.939717
O 0.000000 0.000000 0.000000
C -0.880350
O 0.000000 0.000000 0.000000
C -0.927295
O 0.000000 0.000000 0.000000
C -0.862170
O 0.000000 0.000000 0.000000
C -0.920926
O 0.000000 0.000000 0.000000
C -0.880350
O 0.000000 0.000000 0.000000
C -0.920926
O 0.000000 0.000000 0.000000
C -0.876058
O 0.000000 0.000000 0.000000
C -0.906750
O 0.000000 0.000000 0.000000
C -0.939717
O 0.000000 0.000000 0.000000
C -0.920926
O 0.000000 0.000000 0.000000
C -0.927295
O 0.000000 0.000000 0.000000
C -0.876058
O 0.000000 0.000000 0.000000
C -0.901157
O 0.000000 0.000000 0.000000
C -0.880350
O 0.000000 0.000000 0.000000
C -0.901157
O 0.000000 0.000000 0.000000
C -0.982794
O 0.000000 0.000000 0.000000
C -0.901157
O 0.000000 0.000000 0.000000
C -0.872136
O 0.000000 0.000000 0.000000
C -0.920926
O 0.000000 0.000000 0.000000
C -0.927295
O 0.000000 0.000000 0.000000
C -0.927295
O 0.000000 0.000000 0.000000
C -0.927295
O 0.000000 0.000000 0.000000
C -0.880350
O 0.000000 0.000000 0.000000
C -0.927295
O 0.000000 0.000000 0.000000
C -0.973620
O 0.000000 0.000000 0.000000
C -0.927295
O 0.000000 0.000000 0.000000
C -0.885067
O 0.000000 0.000000 0.000000
C -0.885067
O 0.000000 0.000000 0.000000
C -0.927295
O 0.000000 0.000000 0.000000
C -0.912908
O 0.000000 0.000000 0.000000
C -0.920926
O 0.000000 0.000000 0.000000
C -0.885067
O 0.000000 0.000000 0.000000
C -0.901157
O 0.000000 0.000000 0.000000
C -0.855053
O 0.000000 0.000000 0.000000
C -0.876058
O 0.000000 0.000000 0.000000
C -0.901157
O 0.000000 0.000000 0.000000
C -0.876058
O 0.000000 0.000000 0.000000
C -0.939717
O 0.000000 0.000000 0.000000
C -0.891383
O 0.000000 0.000000 0.000000
C -0.901157
O 0.000000 0.000000 0.000000
C -0.939717
O 0.000000 0.000000 0.000000
C -0.901157
O 0.000000 0.000000 0.000000
C -0.927295
O 0.000000 0.000000 0.000000
C -0.880350
O 0.000000 0.000000 -0.000000
C -0.832981
O 0.000000 0.000000 -0.000000
C -0.851966
O 0.000000 0.000000 -0.000000
C -0.906750
O 0.000000 0.000000 -0.000000
C -0.880350
O 0.000000 0.000000 -0.000000
C -0.880350
O 0.000000 0.000000 -0.000000
C -0.901157
O 0.000000 0.000000 -0.000000
C -0.896055
O 0.000000 0.000000 -0.000000
O 0.000000 0.000000 0.000000
O 0.000000 0.000000 0.000000
O 0.000000 0.000000 0.000000
C -0.876058
C -0.946773
C -0.901157
C -0.855053
O 0.000000 0.000000 -0.000000
C -0.906750
O 0.000000 0.000000 0.000000
C -0.876058
O 0.000000 0.000000 0.000000
C -0.906750
O 0.000000 0.000000 0.000000
C -0.920926
O 0.000000 0.000000 -0.000000
C -0.901157
O 0.000000 0.000000 -0.000000
C -0.946773
O 0.000000 0.000000 -0.000000
C -0.982794
O 0.000000 0.000000 -0.000000
C -0.942000
O 0.000000 0.000000 -0.000000
C -1.056345
O 0.000000 0.000000 -0.000000
C -1.170556
O -0.000857 0.579999 -0.002955
C -0.942000
O -0.002954 0.869993 -0.006792
C -0.973620
O -0.015270 1.449893 -0.021063
C -1.030377
O -0.042263 1.739315 -0.048588
C -1.152572
O -0.047775 1.448950 -0.065921
C -1.474323
O -0.075615 1.737807 -0.086969
C -1.603043
O -0.075615 1.737807 -0.086969
C -1.768192
O -0.075615 1.737807 -0.086969
C -1.946067
O -0.047775 1.448950 -0.065921
C -2.075658
O -0.015245 1.159866 -0.026286
C -2.356194
O -0.000961 0.869999 -0.002209
C -2.374374
O 0.002113 0.579995 0.007286
C -2.480550
O 0.000000 0.000000 0.000000
C -2.449671
O 0.000000 0.000000 0.000000
C -2.403778
O 0.000000 0.000000 0.000000
C -2.418613
O 0.000000 0.000000 -0.000000
C -2.405335
O -0.000367 0.290000 -0.002534
C -2.356194
O -0.001313 0.579998 -0.004528
C -2.470449
O -0.000783 0.579999 -0.002700
C -2.492597
O 0.000808 0.869999 0.001857
C -2.536048
O 0.002443 0.579993 0.008425
C -2.422763
O 0.003463 0.579986 0.011942
C -2.410686
O 0.002277 0.579994 0.007853
C -2.297439
O 0.002096 0.869997 0.004817
C -2.440738
O 0.000293 0.580000 0.001009
C -2.470449
O -0.000235 0.870000 -0.000540
C -2.261243
O -0.001117 0.869999 -0.002567
C -2.334921
O 0.000371 0.870000 0.000852
C -2.437979
O 0.002954 0.869993 0.006792
C -2.432966
O 0.001313 0.579998 0.004528
C -2.334921
O 0.001082 0.579999 0.003732
C -2.295046
O 0.000710 0.579999 0.002449
C -2.269456
O -0.000496 0.580000 -0.001711
C -2.373142
O -0.001159 0.579998 -0.003995
C -2.312744
O -0.000228 0.580000 -0.000785
C -2.356194
O 0.000048 0.580000 0.000165
C -2.312744
O 0.000041 0.290000 0.000284
C -2.214298
O 0.000000 0.000000 0.000000
C -2.283154
O 0.000000 0.000000 0.000000
C -2.286540
O -0.000090 0.290000 -0.000619
C -2.312744
O 0.000000 0.000000 -0.000000
C -2.335789
O 0.000012 0.290000 0.000083
C -2.356194
O -0.000142 0.290000 -0.000977
C -2.314552
O -0.000142 0.290000 -0.000977
C -2.397837
O 0.000104 0.580000 0.000360
C -2.478390
O 0.000159 0.290000 0.001100
C -2.332943
O 0.000783 0.579999 0.002700
C -2.261243
O 0.000252 0.290000 0.001735
C -2.292451
O 0.001159 0.579998 0.003995
C -2.220667
O 0.001159 0.579998 0.003995
C -2.375060
O 0.001007 0.579999 0.003471
C -2.292451
O 0.000427 0.580000 0.001473
C -2.314552
O 0.000000 0.870000 0.000000
C -2.289626
O 0.000512 0.870000 0.001177
C -2.098871
O 0.000783 0.579999 0.002700
C -2.299651
O 0.000783 0.579999 0.002700
C -2.194819
O 0.001082 0.579999 0.003732
C -2.194819
O 0.001628 0.579997 0.005613
C -2.140110
O 0.001928 0.869997 0.004432
C -2.292451
O 0.000000 0.580000 0.000000
C -2.320495
O -0.000048 0.580000 -0.000165
C -2.231839
O -0.000026 0.290000 -0.000180
O 0.000000 0.000000 -0.000000
C -2.111216
C -2.187093
O 0.000000 0.000000 -0.000000
C -2.158799
O 0.000000 0.000000 -0.000000
C -2.158799
O 0.000000 0.000000 -0.000000
C -2.140110
O 0.000000 0.000000 -0.000000
C -2.158799
O 0.000000 0.000000 -0.000000
C -2.077895
O 0.000000 0.000000 -0.000000
C -2.111216
O 0.000000 0.000000 -0.000000
C -2.081285
O 0.000000 0.000000 -0.000000
C -2.081285
O 0.000000 0.000000 -0.000000
C -2.158799
O 0.000000 0.000000 -0.000000
C -2.094075
O 0.000000 0.000000 -0.000000
C -2.140110
O -0.000716 0.289999 -0.004937
C -2.220667
O -0.001332 0.289996 -0.009186
C -2.226492
O -0.015512 0.869816 -0.035664
C -2.312744
O -0.001724 0.289993 -0.011888
C -2.462930
O -0.001817 0.289992 -0.012534
C -2.491722
O -0.002102 0.289990 -0.014495
C -2.422763
O 0.000000 0.000000 -0.000000
C -2.446854
O 0.000000 0.000000 -0.000000
C -2.401618
O 0.000000 0.000000 -0.000000
C -2.403778
O 0.000000 0.000000 -0.000000
C -2.401618
O 0.000000 0.000000 -0.000000
C -2.466852
O 0.000000 0.000000 -0.000000
C -2.429235
O 0.000000 0.000000 -0.000000
C -2.510513
O 0.000000 0.000000 -0.000000
C -2.466852
O 0.000000 0.000000 -0.000000
C -2.510513
O -0.002102 0.289990 -0.014495
C -2.530867
O -0.002102 0.289990 -0.014495
C -2.588298
O -0.008406 0.579919 -0.028990
C -2.607884
O -0.008406 0.579919 -0.028990
C -2.690931
O -0.018913 0.869726 -0.043485
C -2.776391
O -0.018913 0.869726 -0.043485
C -2.988943
O -0.008406 0.579919 -0.028990
C -3.081061
O -0.008406 0.579919 -0.028990
C 3.034857
O -0.008406 0.579919 -0.028990
C 3.141593
O -0.002102 0.289990 -0.014495
C 2.937575
O -0.002102 0.289990 -0.014495
C 2.878598
O -0.002102 0.289990 -0.014495
C 2.896614
O -0.018913 0.869726 -0.043485
C 2.543174
O -0.008406 0.579919 -0.028990
C 2.690140
O -0.008406 0.579919 -0.028990
C 2.480550
O -0.005056 0.579971 -0.017436
C 2.312744
O -0.011377 0.869901 -0.026154
C 2.269456
O -0.001950 0.579996 -0.006723
C 2.117585
O 0.000000 0.580000 0.000000
C 2.226492
O 0.000252 0.290000 0.001735
C 2.396173
O 0.000000 0.000000 -0.000000
C 2.295046
O -0.000638 0.580000 -0.002200
C 2.048142
O -0.002863 0.579991 -0.009874
C 2.201876
O -0.008183 0.869949 -0.018812
C 2.122451
O -0.007404 0.869958 -0.017021
C 1.979704
O -0.005124 0.869980 -0.011780
C 1.946067
O -0.001275 0.869999 -0.002931
C 2.047264
O 0.001598 0.869998 0.003673
C 2.142134
O 0.002780 0.869994 0.006391
C 1.983207
O 0.002265 0.869996 0.005206
C 1.910089
O -0.000048 0.580000 -0.000165
C 2.111216
O -0.000108 0.870000 -0.000248
C 1.911775
O -0.002096 0.869997 -0.004817
C 2.072400
O -0.002265 0.869996 -0.005206
C 2.106608
O -0.002265 0.869996 -0.005206
C 2.316216
O -0.001762 0.869998 -0.004051
C 2.231839
O -0.001762 0.869998 -0.004051
C 2.096863
O -0.002954 0.869993 -0.006792
C 2.249459
O -0.003205 0.579988 -0.011051
C 2.048142
O -0.001423 0.289995 -0.009815
C 2.254506
O -0.002006 0.289991 -0.013838
C 2.279423
O -0.002102 0.289990 -0.014495
C 2.135366
O 0.000000 0.000000 -0.000000
C 1.994991
O -0.002102 0.289990 -0.014495
C 1.946067
O -0.002102 0.289990 -0.014495
C 2.083186
O -0.008406 0.579919 -0.028990
C 1.910089
O -0.008406 0.579919 -0.028990
C 1.876675
O -0.008406 0.579919 -0.028990
C 1.705118
O -0.018913 0.869726 -0.043485
C 1.829567
O -0.008406 0.579919 -0.028990
C 1.414194
O -0.008406 0.579919 -0.028990
C 1.570796
O -0.018913 0.869726 -0.043485
C 1.414194
O -0.018913 0.869726 -0.043485
C 1.138389
O -0.008406 0.579919 -0.028990
C 1.118018
O -0.018913 0.869726 -0.043485
C 0.975386
O -0.003987 0.579982 -0.013748
C 0.960070
O -0.000997 0.289998 -0.006874
C 0.907593
O -0.000124 0.290000 -0.000856
C 1.020943
O 0.000041 0.290000 0.000284
C 1.055247
O 0.000000 0.000000 -0.000000
C 1.080839
O 0.000000 0.000000 -0.000000
C 1.040581
O 0.000000 0.000000 -0.000000
C 0.990794
O -0.001515 0.289995 -0.010448
C 0.854255
O -0.005419 0.579966 -0.018686
C 0.927295
O -0.006825 0.869964 -0.015691
C 0.748378
O 0.000048 0.580000 0.000165
C 0.849141
O 0.000108 0.870000 0.000248
C 0.804264
O 0.000107 0.290000 0.000736
C 0.805803
O 0.000427 0.580000 0.001473
C 0.734594
O 0.000427 0.580000 0.001473
C 0.761013
O 0.000512 0.870000 0.001177
C 0.763180
O 0.000108 0.870000 0.000248
C 0.732815
O -0.000108 0.870000 -0.000248
C 0.767218
O -0.001708 1.159998 -0.002946
C 0.764125
O -0.000658 0.870000 -0.001513
C 0.846546
O -0.000658 0.870000 -0.001513
C 0.851966
O -0.001435 0.869998 -0.003300
C 0.785398
O -0.003484 0.869991 -0.008010
C 0.764125
O -0.002863 0.579991 -0.009874
C 0.906750
O -0.006443 0.869968 -0.014811
C 0.726642
O -0.004387 0.869985 -0.010084
C 0.580003
O -0.004387 0.869985 -0.010084
C 0.735440
O -0.000235 0.870000 -0.000540
C 0.702257
O -0.000104 0.580000 -0.000360
C 0.648996
O -0.000235 0.870000 -0.000540
C 0.651077
O -0.001928 0.869997 -0.004432
C 0.664046
O -0.001928 0.869997 -0.004432
C 0.617191
O -0.002113 0.579995 -0.007286
C 0.596199
O -0.012818 1.159906 -0.022101
C 0.554308
O -0.005310 0.869978 -0.012208
C 0.519146
O -0.002360 0.579994 -0.008139
C 0.535811
O -0.003663 0.869990 -0.008420
C 0.514451
O -0.000710 0.579999 -0.002449
C 0.380506
O 0.000235 0.870000 0.000540
C 0.463648
O 0.000235 0.870000 0.000540
C 0.534955
O -0.001275 0.869999 -0.002931
C 0.507098
O -0.006443 0.869968 -0.014811
C 0.390607
O -0.008379 0.869946 -0.019262
C 0.401229
O -0.004163 0.579980 -0.014356
C 0.463648
O -0.009367 0.869933 -0.021533
C 0.312901
O -0.006443 0.869968 -0.014811
C 0.282555
O -0.002863 0.579991 -0.009874
C 0.260602
O -0.009367 0.869933 -0.021533
C 0.321751
O -0.012602 0.869878 -0.028972
C 0.170735
O -0.005601 0.579964 -0.019315
C 0.064427
O -0.008406 0.579919 -0.028990
C 0.060532
O -0.008406 0.579919 -0.028990
C 0.029403
O -0.008406 0.579919 -0.028990
C -0.062419
O -0.008406 0.579919 -0.028990
C -0.244979
O -0.007176 0.579941 -0.024744
C -0.309703
O -0.007176 0.579941 -0.024744
C -0.244979
O -0.004163 0.579980 -0.014356
C -0.229232
O 0.000427 0.580000 0.001473
C -0.429762
O 0.000857 0.579999 0.002955
C -0.432408
O -0.000496 0.580000 -0.001711
C -0.394791
O -0.000758 0.289999 -0.005230
C -0.576375
O -0.000758 0.289999 -0.005230
C -0.260602
O -0.007363 0.579938 -0.025393
C -0.362544
O -0.007741 0.579931 -0.026695
C -0.534955
O -0.006708 0.579948 -0.023132
C -1.042722
O -0.013014 0.869870 -0.029919
C -0.762147
O -0.004429 0.579977 -0.015273
C -0.919720
O -0.002607 0.869995 -0.005993
C -1.030377
O 0.002113 0.579995 0.007286
C -1.078987
O 0.003550 0.579986 0.012241
C -1.066630
O 0.000780 0.289999 0.005378
C -1.092444
O 0.000758 0.289999 0.005230
C -0.762147
O 0.001950 0.579996 0.006723
C -0.811034
O 0.000012 0.290000 0.000083
C -1.071450
O 0.000000 0.000000 -0.000000
C -1.107149
O 0.000000 0.000000 -0.000000
C -1.056345
O 0.000000 0.000000 0.000000
C -1.074374
O 0.000000 0.000000 0.000000
C -1.089909
O 0.000000 0.000000 0.000000
C -1.042722
O 0.000000 0.000000 0.000000
C -1.123276
O 0.000000 0.000000 0.000000
C -1.071450
O 0.000000 0.000000 0.000000
C -1.037088
O 0.000000 0.000000 0.000000
C -1.056345
O 0.000000 0.000000 0.000000
C -1.042722
O 0.000000 0.000000 0.000000
C -1.124691
O 0.000000 0.000000 0.000000
C -1.124691
O 0.000000 0.000000 0.000000
C -1.060308
O 0.000000 0.000000 0.000000
C -1.141034
O 0.000000 0.000000 0.000000
C -1.074374
O 0.000000 0.000000 0.000000
C -1.089909
O 0.000000 0.000000 0.000000
C -1.089909
O 0.000000 0.000000 0.000000
C -1.138389
O 0.000000 0.000000 0.000000
C -1.071450
O 0.000000 0.000000 0.000000
C -1.107149
O 0.000000 0.000000 0.000000
C -1.089909
O 0.000000 0.000000 0.000000
C -1.004067
O 0.000000 0.000000 0.000000
C -1.107149
O 0.000000 0.000000 0.000000
C -1.123276
O 0.000000 0.000000 0.000000
C -1.074374
O 0.000000 0.000000 0.000000
C -1.107149
O 0.000000 0.000000 0.000000
C -1.123276
O 0.000000 0.000000 0.000000
C -1.107149
O 0.000000 0.000000 0.000000
C -1.089909
O 0.000000 0.000000 0.000000
C -1.107149
O 0.000000 0.000000 0.000000
C -1.123276
O 0.000000 0.000000 0.000000
